<?xml version="1.0" encoding="UTF-8"?>
<testsuite name="bdbe.bdbd.bay.BayRestControllerTest" tests="2" skipped="0" failures="1" errors="0" timestamp="2023-11-10T12:23:50" hostname="MacBook-Pro.local" time="0.359">
  <properties/>
  <testcase name="베이 활성화/비활성화" classname="bdbe.bdbd.bay.BayRestControllerTest" time="0.228"/>
  <testcase name="베이 추가" classname="bdbe.bdbd.bay.BayRestControllerTest" time="0.13">
    <failure message="java.lang.AssertionError: Status expected:&lt;200&gt; but was:&lt;400&gt;" type="java.lang.AssertionError">java.lang.AssertionError: Status expected:&lt;200&gt; but was:&lt;400&gt;
	at org.springframework.test.util.AssertionErrors.fail(AssertionErrors.java:59)
	at org.springframework.test.util.AssertionErrors.assertEquals(AssertionErrors.java:122)
	at org.springframework.test.web.servlet.result.StatusResultMatchers.lambda$matcher$9(StatusResultMatchers.java:627)
	at org.springframework.test.web.servlet.MockMvc$1.andExpect(MockMvc.java:214)
	at bdbe.bdbd.bay.BayRestControllerTest.createBayTest(BayRestControllerTest.java:65)
	at java.base/jdk.internal.reflect.NativeMethodAccessorImpl.invoke0(Native Method)
	at java.base/jdk.internal.reflect.NativeMethodAccessorImpl.invoke(NativeMethodAccessorImpl.java:62)
	at java.base/jdk.internal.reflect.DelegatingMethodAccessorImpl.invoke(DelegatingMethodAccessorImpl.java:43)
	at java.base/java.lang.reflect.Method.invoke(Method.java:566)
	at org.junit.platform.commons.util.ReflectionUtils.invokeMethod(ReflectionUtils.java:725)
	at org.junit.jupiter.engine.execution.MethodInvocation.proceed(MethodInvocation.java:60)
	at org.junit.jupiter.engine.execution.InvocationInterceptorChain$ValidatingInvocation.proceed(InvocationInterceptorChain.java:131)
	at org.junit.jupiter.engine.extension.TimeoutExtension.intercept(TimeoutExtension.java:149)
	at org.junit.jupiter.engine.extension.TimeoutExtension.interceptTestableMethod(TimeoutExtension.java:140)
	at org.junit.jupiter.engine.extension.TimeoutExtension.interceptTestMethod(TimeoutExtension.java:84)
	at org.junit.jupiter.engine.execution.ExecutableInvoker$ReflectiveInterceptorCall.lambda$ofVoidMethod$0(ExecutableInvoker.java:115)
	at org.junit.jupiter.engine.execution.ExecutableInvoker.lambda$invoke$0(ExecutableInvoker.java:105)
	at org.junit.jupiter.engine.execution.InvocationInterceptorChain$InterceptedInvocation.proceed(InvocationInterceptorChain.java:106)
	at org.junit.jupiter.engine.execution.InvocationInterceptorChain.proceed(InvocationInterceptorChain.java:64)
	at org.junit.jupiter.engine.execution.InvocationInterceptorChain.chainAndInvoke(InvocationInterceptorChain.java:45)
	at org.junit.jupiter.engine.execution.InvocationInterceptorChain.invoke(InvocationInterceptorChain.java:37)
	at org.junit.jupiter.engine.execution.ExecutableInvoker.invoke(ExecutableInvoker.java:104)
	at org.junit.jupiter.engine.execution.ExecutableInvoker.invoke(ExecutableInvoker.java:98)
	at org.junit.jupiter.engine.descriptor.TestMethodTestDescriptor.lambda$invokeTestMethod$7(TestMethodTestDescriptor.java:214)
	at org.junit.platform.engine.support.hierarchical.ThrowableCollector.execute(ThrowableCollector.java:73)
	at org.junit.jupiter.engine.descriptor.TestMethodTestDescriptor.invokeTestMethod(TestMethodTestDescriptor.java:210)
	at org.junit.jupiter.engine.descriptor.TestMethodTestDescriptor.execute(TestMethodTestDescriptor.java:135)
	at org.junit.jupiter.engine.descriptor.TestMethodTestDescriptor.execute(TestMethodTestDescriptor.java:66)
	at org.junit.platform.engine.support.hierarchical.NodeTestTask.lambda$executeRecursively$6(NodeTestTask.java:151)
	at org.junit.platform.engine.support.hierarchical.ThrowableCollector.execute(ThrowableCollector.java:73)
	at org.junit.platform.engine.support.hierarchical.NodeTestTask.lambda$executeRecursively$8(NodeTestTask.java:141)
	at org.junit.platform.engine.support.hierarchical.Node.around(Node.java:137)
	at org.junit.platform.engine.support.hierarchical.NodeTestTask.lambda$executeRecursively$9(NodeTestTask.java:139)
	at org.junit.platform.engine.support.hierarchical.ThrowableCollector.execute(ThrowableCollector.java:73)
	at org.junit.platform.engine.support.hierarchical.NodeTestTask.executeRecursively(NodeTestTask.java:138)
	at org.junit.platform.engine.support.hierarchical.NodeTestTask.execute(NodeTestTask.java:95)
	at java.base/java.util.ArrayList.forEach(ArrayList.java:1541)
	at org.junit.platform.engine.support.hierarchical.SameThreadHierarchicalTestExecutorService.invokeAll(SameThreadHierarchicalTestExecutorService.java:41)
	at org.junit.platform.engine.support.hierarchical.NodeTestTask.lambda$executeRecursively$6(NodeTestTask.java:155)
	at org.junit.platform.engine.support.hierarchical.ThrowableCollector.execute(ThrowableCollector.java:73)
	at org.junit.platform.engine.support.hierarchical.NodeTestTask.lambda$executeRecursively$8(NodeTestTask.java:141)
	at org.junit.platform.engine.support.hierarchical.Node.around(Node.java:137)
	at org.junit.platform.engine.support.hierarchical.NodeTestTask.lambda$executeRecursively$9(NodeTestTask.java:139)
	at org.junit.platform.engine.support.hierarchical.ThrowableCollector.execute(ThrowableCollector.java:73)
	at org.junit.platform.engine.support.hierarchical.NodeTestTask.executeRecursively(NodeTestTask.java:138)
	at org.junit.platform.engine.support.hierarchical.NodeTestTask.execute(NodeTestTask.java:95)
	at java.base/java.util.ArrayList.forEach(ArrayList.java:1541)
	at org.junit.platform.engine.support.hierarchical.SameThreadHierarchicalTestExecutorService.invokeAll(SameThreadHierarchicalTestExecutorService.java:41)
	at org.junit.platform.engine.support.hierarchical.NodeTestTask.lambda$executeRecursively$6(NodeTestTask.java:155)
	at org.junit.platform.engine.support.hierarchical.ThrowableCollector.execute(ThrowableCollector.java:73)
	at org.junit.platform.engine.support.hierarchical.NodeTestTask.lambda$executeRecursively$8(NodeTestTask.java:141)
	at org.junit.platform.engine.support.hierarchical.Node.around(Node.java:137)
	at org.junit.platform.engine.support.hierarchical.NodeTestTask.lambda$executeRecursively$9(NodeTestTask.java:139)
	at org.junit.platform.engine.support.hierarchical.ThrowableCollector.execute(ThrowableCollector.java:73)
	at org.junit.platform.engine.support.hierarchical.NodeTestTask.executeRecursively(NodeTestTask.java:138)
	at org.junit.platform.engine.support.hierarchical.NodeTestTask.execute(NodeTestTask.java:95)
	at org.junit.platform.engine.support.hierarchical.SameThreadHierarchicalTestExecutorService.submit(SameThreadHierarchicalTestExecutorService.java:35)
	at org.junit.platform.engine.support.hierarchical.HierarchicalTestExecutor.execute(HierarchicalTestExecutor.java:57)
	at org.junit.platform.engine.support.hierarchical.HierarchicalTestEngine.execute(HierarchicalTestEngine.java:54)
	at org.junit.platform.launcher.core.EngineExecutionOrchestrator.execute(EngineExecutionOrchestrator.java:107)
	at org.junit.platform.launcher.core.EngineExecutionOrchestrator.execute(EngineExecutionOrchestrator.java:88)
	at org.junit.platform.launcher.core.EngineExecutionOrchestrator.lambda$execute$0(EngineExecutionOrchestrator.java:54)
	at org.junit.platform.launcher.core.EngineExecutionOrchestrator.withInterceptedStreams(EngineExecutionOrchestrator.java:67)
	at org.junit.platform.launcher.core.EngineExecutionOrchestrator.execute(EngineExecutionOrchestrator.java:52)
	at org.junit.platform.launcher.core.DefaultLauncher.execute(DefaultLauncher.java:114)
	at org.junit.platform.launcher.core.DefaultLauncher.execute(DefaultLauncher.java:86)
	at org.junit.platform.launcher.core.DefaultLauncherSession$DelegatingLauncher.execute(DefaultLauncherSession.java:86)
	at org.gradle.api.internal.tasks.testing.junitplatform.JUnitPlatformTestClassProcessor$CollectAllTestClassesExecutor.processAllTestClasses(JUnitPlatformTestClassProcessor.java:110)
	at org.gradle.api.internal.tasks.testing.junitplatform.JUnitPlatformTestClassProcessor$CollectAllTestClassesExecutor.access$000(JUnitPlatformTestClassProcessor.java:90)
	at org.gradle.api.internal.tasks.testing.junitplatform.JUnitPlatformTestClassProcessor.stop(JUnitPlatformTestClassProcessor.java:85)
	at org.gradle.api.internal.tasks.testing.SuiteTestClassProcessor.stop(SuiteTestClassProcessor.java:62)
	at java.base/jdk.internal.reflect.NativeMethodAccessorImpl.invoke0(Native Method)
	at java.base/jdk.internal.reflect.NativeMethodAccessorImpl.invoke(NativeMethodAccessorImpl.java:62)
	at java.base/jdk.internal.reflect.DelegatingMethodAccessorImpl.invoke(DelegatingMethodAccessorImpl.java:43)
	at java.base/java.lang.reflect.Method.invoke(Method.java:566)
	at org.gradle.internal.dispatch.ReflectionDispatch.dispatch(ReflectionDispatch.java:36)
	at org.gradle.internal.dispatch.ReflectionDispatch.dispatch(ReflectionDispatch.java:24)
	at org.gradle.internal.dispatch.ContextClassLoaderDispatch.dispatch(ContextClassLoaderDispatch.java:33)
	at org.gradle.internal.dispatch.ProxyDispatchAdapter$DispatchingInvocationHandler.invoke(ProxyDispatchAdapter.java:94)
	at com.sun.proxy.$Proxy2.stop(Unknown Source)
	at org.gradle.api.internal.tasks.testing.worker.TestWorker$3.run(TestWorker.java:193)
	at org.gradle.api.internal.tasks.testing.worker.TestWorker.executeAndMaintainThreadName(TestWorker.java:129)
	at org.gradle.api.internal.tasks.testing.worker.TestWorker.execute(TestWorker.java:100)
	at org.gradle.api.internal.tasks.testing.worker.TestWorker.execute(TestWorker.java:60)
	at org.gradle.process.internal.worker.child.ActionExecutionWorker.execute(ActionExecutionWorker.java:56)
	at org.gradle.process.internal.worker.child.SystemApplicationClassLoaderWorker.call(SystemApplicationClassLoaderWorker.java:113)
	at org.gradle.process.internal.worker.child.SystemApplicationClassLoaderWorker.call(SystemApplicationClassLoaderWorker.java:65)
	at worker.org.gradle.process.internal.worker.GradleWorkerMain.run(GradleWorkerMain.java:69)
	at worker.org.gradle.process.internal.worker.GradleWorkerMain.main(GradleWorkerMain.java:74)
</failure>
  </testcase>
  <system-out><![CDATA[2023-11-10 21:23:48.890  INFO 87122 --- [    Test worker] .b.t.c.SpringBootTestContextBootstrapper : Neither @ContextConfiguration nor @ContextHierarchy found for test class [bdbe.bdbd.bay.BayRestControllerTest], using SpringBootContextLoader
2023-11-10 21:23:48.890  INFO 87122 --- [    Test worker] o.s.t.c.support.AbstractContextLoader    : Could not detect default resource locations for test class [bdbe.bdbd.bay.BayRestControllerTest]: no resource found for suffixes {-context.xml, Context.groovy}.
2023-11-10 21:23:48.890  INFO 87122 --- [    Test worker] t.c.s.AnnotationConfigContextLoaderUtils : Could not detect default configuration classes for test class [bdbe.bdbd.bay.BayRestControllerTest]: BayRestControllerTest does not declare any static, non-private, non-final, nested classes annotated with @Configuration.
2023-11-10 21:23:48.896  INFO 87122 --- [    Test worker] .b.t.c.SpringBootTestContextBootstrapper : Found @SpringBootConfiguration bdbe.bdbd.BdbdApplication for test class bdbe.bdbd.bay.BayRestControllerTest
2023-11-10 21:23:48.897  INFO 87122 --- [    Test worker] .b.t.c.SpringBootTestContextBootstrapper : Loaded default TestExecutionListener class names from location [META-INF/spring.factories]: [org.springframework.security.test.context.support.WithSecurityContextTestExecutionListener, org.springframework.security.test.context.support.ReactorContextTestExecutionListener, org.springframework.boot.test.autoconfigure.restdocs.RestDocsTestExecutionListener, org.springframework.boot.test.autoconfigure.web.client.MockRestServiceServerResetTestExecutionListener, org.springframework.boot.test.autoconfigure.web.servlet.MockMvcPrintOnlyOnFailureTestExecutionListener, org.springframework.boot.test.autoconfigure.web.servlet.WebDriverTestExecutionListener, org.springframework.boot.test.autoconfigure.webservices.client.MockWebServiceServerTestExecutionListener, org.springframework.boot.test.mock.mockito.MockitoTestExecutionListener, org.springframework.boot.test.mock.mockito.ResetMocksTestExecutionListener, org.springframework.test.context.web.ServletTestExecutionListener, org.springframework.test.context.support.DirtiesContextBeforeModesTestExecutionListener, org.springframework.test.context.event.ApplicationEventsTestExecutionListener, org.springframework.test.context.support.DependencyInjectionTestExecutionListener, org.springframework.test.context.support.DirtiesContextTestExecutionListener, org.springframework.test.context.transaction.TransactionalTestExecutionListener, org.springframework.test.context.jdbc.SqlScriptsTestExecutionListener, org.springframework.test.context.event.EventPublishingTestExecutionListener]
2023-11-10 21:23:48.897  INFO 87122 --- [    Test worker] .b.t.c.SpringBootTestContextBootstrapper : Using TestExecutionListeners: [org.springframework.test.context.web.ServletTestExecutionListener@7aead7d9, org.springframework.test.context.support.DirtiesContextBeforeModesTestExecutionListener@605790e5, org.springframework.test.context.event.ApplicationEventsTestExecutionListener@c7ec499, org.springframework.boot.test.mock.mockito.MockitoTestExecutionListener@38300447, org.springframework.boot.test.autoconfigure.SpringBootDependencyInjectionTestExecutionListener@14484887, org.springframework.test.context.support.DirtiesContextTestExecutionListener@48c42253, org.springframework.test.context.transaction.TransactionalTestExecutionListener@32647dde, org.springframework.test.context.jdbc.SqlScriptsTestExecutionListener@ace45e9, org.springframework.security.test.context.support.WithSecurityContextTestExecutionListener@5c943847, org.springframework.test.context.event.EventPublishingTestExecutionListener@352b5f3c, org.springframework.security.test.context.support.ReactorContextTestExecutionListener@24305eca, org.springframework.boot.test.autoconfigure.restdocs.RestDocsTestExecutionListener@5ca9a6a8, org.springframework.boot.test.autoconfigure.web.client.MockRestServiceServerResetTestExecutionListener@2102eb7a, org.springframework.boot.test.autoconfigure.web.servlet.MockMvcPrintOnlyOnFailureTestExecutionListener@4ebf82d9, org.springframework.boot.test.autoconfigure.web.servlet.WebDriverTestExecutionListener@685f43ca, org.springframework.boot.test.autoconfigure.webservices.client.MockWebServiceServerTestExecutionListener@7952348f, org.springframework.boot.test.mock.mockito.ResetMocksTestExecutionListener@4f3d49e4]

  .   ____          _            __ _ _
 /\\ / ___'_ __ _ _(_)_ __  __ _ \ \ \ \
( ( )\___ | '_ | '_| | '_ \/ _` | \ \ \ \
 \\/  ___)| |_)| | | | | || (_| |  ) ) ) )
  '  |____| .__|_| |_|_| |_\__, | / / / /
 =========|_|==============|___/=/_/_/_/
 :: Spring Boot ::                (v2.7.6)

2023-11-10 21:23:48.917  INFO 87122 --- [    Test worker] bdbe.bdbd.bay.BayRestControllerTest      : Starting BayRestControllerTest using Java 11.0.17 on MacBook-Pro.local with PID 87122 (started by mae in /Users/mae/Desktop/KTC/3단계/Team10_BE)
2023-11-10 21:23:48.917 DEBUG 87122 --- [    Test worker] bdbe.bdbd.bay.BayRestControllerTest      : Running with Spring Boot v2.7.6, Spring v5.3.24
2023-11-10 21:23:48.917  INFO 87122 --- [    Test worker] bdbe.bdbd.bay.BayRestControllerTest      : The following 1 profile is active: "local"
2023-11-10 21:23:49.023  INFO 87122 --- [    Test worker] .s.d.r.c.RepositoryConfigurationDelegate : Bootstrapping Spring Data JPA repositories in DEFAULT mode.
2023-11-10 21:23:49.042  INFO 87122 --- [    Test worker] .s.d.r.c.RepositoryConfigurationDelegate : Finished Spring Data repository scanning in 18 ms. Found 11 JPA repository interfaces.
2023-11-10 21:23:49.082  INFO 87122 --- [    Test worker] trationDelegate$BeanPostProcessorChecker : Bean '(inner bean)#9c7699e' of type [com.amazonaws.auth.BasicAWSCredentials] is not eligible for getting processed by all BeanPostProcessors (for example: not eligible for auto-proxying)
2023-11-10 21:23:49.083  INFO 87122 --- [    Test worker] trationDelegate$BeanPostProcessorChecker : Bean '(inner bean)#79228440' of type [com.amazonaws.auth.AWSStaticCredentialsProvider] is not eligible for getting processed by all BeanPostProcessors (for example: not eligible for auto-proxying)
2023-11-10 21:23:49.084  INFO 87122 --- [    Test worker] trationDelegate$BeanPostProcessorChecker : Bean '(inner bean)#b729651' of type [com.amazonaws.auth.profile.ProfileCredentialsProvider] is not eligible for getting processed by all BeanPostProcessors (for example: not eligible for auto-proxying)
2023-11-10 21:23:49.086  INFO 87122 --- [    Test worker] trationDelegate$BeanPostProcessorChecker : Bean 'credentialsProvider' of type [org.springframework.cloud.aws.core.credentials.CredentialsProviderFactoryBean] is not eligible for getting processed by all BeanPostProcessors (for example: not eligible for auto-proxying)
2023-11-10 21:23:49.086  INFO 87122 --- [    Test worker] trationDelegate$BeanPostProcessorChecker : Bean 'credentialsProvider' of type [com.amazonaws.auth.AWSCredentialsProviderChain] is not eligible for getting processed by all BeanPostProcessors (for example: not eligible for auto-proxying)
2023-11-10 21:23:49.140  INFO 87122 --- [    Test worker] o.hibernate.jpa.internal.util.LogHelper  : HHH000204: Processing PersistenceUnitInfo [name: default]
2023-11-10 21:23:49.142 DEBUG 87122 --- [    Test worker] org.hibernate.type.BasicTypeRegistry     : Adding type registration boolean -> org.hibernate.type.BooleanType@603d25db
2023-11-10 21:23:49.142 DEBUG 87122 --- [    Test worker] org.hibernate.type.BasicTypeRegistry     : Adding type registration boolean -> org.hibernate.type.BooleanType@603d25db
2023-11-10 21:23:49.142 DEBUG 87122 --- [    Test worker] org.hibernate.type.BasicTypeRegistry     : Adding type registration java.lang.Boolean -> org.hibernate.type.BooleanType@603d25db
2023-11-10 21:23:49.142 DEBUG 87122 --- [    Test worker] org.hibernate.type.BasicTypeRegistry     : Adding type registration numeric_boolean -> org.hibernate.type.NumericBooleanType@29c244e
2023-11-10 21:23:49.142 DEBUG 87122 --- [    Test worker] org.hibernate.type.BasicTypeRegistry     : Adding type registration true_false -> org.hibernate.type.TrueFalseType@671da0f9
2023-11-10 21:23:49.142 DEBUG 87122 --- [    Test worker] org.hibernate.type.BasicTypeRegistry     : Adding type registration yes_no -> org.hibernate.type.YesNoType@646e6d07
2023-11-10 21:23:49.142 DEBUG 87122 --- [    Test worker] org.hibernate.type.BasicTypeRegistry     : Adding type registration byte -> org.hibernate.type.ByteType@16df9bde
2023-11-10 21:23:49.142 DEBUG 87122 --- [    Test worker] org.hibernate.type.BasicTypeRegistry     : Adding type registration byte -> org.hibernate.type.ByteType@16df9bde
2023-11-10 21:23:49.142 DEBUG 87122 --- [    Test worker] org.hibernate.type.BasicTypeRegistry     : Adding type registration java.lang.Byte -> org.hibernate.type.ByteType@16df9bde
2023-11-10 21:23:49.142 DEBUG 87122 --- [    Test worker] org.hibernate.type.BasicTypeRegistry     : Adding type registration character -> org.hibernate.type.CharacterType@177ddd24
2023-11-10 21:23:49.142 DEBUG 87122 --- [    Test worker] org.hibernate.type.BasicTypeRegistry     : Adding type registration char -> org.hibernate.type.CharacterType@177ddd24
2023-11-10 21:23:49.142 DEBUG 87122 --- [    Test worker] org.hibernate.type.BasicTypeRegistry     : Adding type registration java.lang.Character -> org.hibernate.type.CharacterType@177ddd24
2023-11-10 21:23:49.142 DEBUG 87122 --- [    Test worker] org.hibernate.type.BasicTypeRegistry     : Adding type registration short -> org.hibernate.type.ShortType@61ad30f6
2023-11-10 21:23:49.142 DEBUG 87122 --- [    Test worker] org.hibernate.type.BasicTypeRegistry     : Adding type registration short -> org.hibernate.type.ShortType@61ad30f6
2023-11-10 21:23:49.143 DEBUG 87122 --- [    Test worker] org.hibernate.type.BasicTypeRegistry     : Adding type registration java.lang.Short -> org.hibernate.type.ShortType@61ad30f6
2023-11-10 21:23:49.143 DEBUG 87122 --- [    Test worker] org.hibernate.type.BasicTypeRegistry     : Adding type registration integer -> org.hibernate.type.IntegerType@574ebdaf
2023-11-10 21:23:49.143 DEBUG 87122 --- [    Test worker] org.hibernate.type.BasicTypeRegistry     : Adding type registration int -> org.hibernate.type.IntegerType@574ebdaf
2023-11-10 21:23:49.143 DEBUG 87122 --- [    Test worker] org.hibernate.type.BasicTypeRegistry     : Adding type registration java.lang.Integer -> org.hibernate.type.IntegerType@574ebdaf
2023-11-10 21:23:49.143 DEBUG 87122 --- [    Test worker] org.hibernate.type.BasicTypeRegistry     : Adding type registration long -> org.hibernate.type.LongType@123ca460
2023-11-10 21:23:49.143 DEBUG 87122 --- [    Test worker] org.hibernate.type.BasicTypeRegistry     : Adding type registration long -> org.hibernate.type.LongType@123ca460
2023-11-10 21:23:49.143 DEBUG 87122 --- [    Test worker] org.hibernate.type.BasicTypeRegistry     : Adding type registration java.lang.Long -> org.hibernate.type.LongType@123ca460
2023-11-10 21:23:49.143 DEBUG 87122 --- [    Test worker] org.hibernate.type.BasicTypeRegistry     : Adding type registration float -> org.hibernate.type.FloatType@3c9f4376
2023-11-10 21:23:49.143 DEBUG 87122 --- [    Test worker] org.hibernate.type.BasicTypeRegistry     : Adding type registration float -> org.hibernate.type.FloatType@3c9f4376
2023-11-10 21:23:49.143 DEBUG 87122 --- [    Test worker] org.hibernate.type.BasicTypeRegistry     : Adding type registration java.lang.Float -> org.hibernate.type.FloatType@3c9f4376
2023-11-10 21:23:49.143 DEBUG 87122 --- [    Test worker] org.hibernate.type.BasicTypeRegistry     : Adding type registration double -> org.hibernate.type.DoubleType@1958c0d9
2023-11-10 21:23:49.143 DEBUG 87122 --- [    Test worker] org.hibernate.type.BasicTypeRegistry     : Adding type registration double -> org.hibernate.type.DoubleType@1958c0d9
2023-11-10 21:23:49.143 DEBUG 87122 --- [    Test worker] org.hibernate.type.BasicTypeRegistry     : Adding type registration java.lang.Double -> org.hibernate.type.DoubleType@1958c0d9
2023-11-10 21:23:49.143 DEBUG 87122 --- [    Test worker] org.hibernate.type.BasicTypeRegistry     : Adding type registration big_decimal -> org.hibernate.type.BigDecimalType@43ab9ae9
2023-11-10 21:23:49.143 DEBUG 87122 --- [    Test worker] org.hibernate.type.BasicTypeRegistry     : Adding type registration java.math.BigDecimal -> org.hibernate.type.BigDecimalType@43ab9ae9
2023-11-10 21:23:49.143 DEBUG 87122 --- [    Test worker] org.hibernate.type.BasicTypeRegistry     : Adding type registration big_integer -> org.hibernate.type.BigIntegerType@61993d18
2023-11-10 21:23:49.143 DEBUG 87122 --- [    Test worker] org.hibernate.type.BasicTypeRegistry     : Adding type registration java.math.BigInteger -> org.hibernate.type.BigIntegerType@61993d18
2023-11-10 21:23:49.143 DEBUG 87122 --- [    Test worker] org.hibernate.type.BasicTypeRegistry     : Adding type registration string -> org.hibernate.type.StringType@727453a3
2023-11-10 21:23:49.143 DEBUG 87122 --- [    Test worker] org.hibernate.type.BasicTypeRegistry     : Adding type registration java.lang.String -> org.hibernate.type.StringType@727453a3
2023-11-10 21:23:49.143 DEBUG 87122 --- [    Test worker] org.hibernate.type.BasicTypeRegistry     : Adding type registration nstring -> org.hibernate.type.StringNVarcharType@154864f8
2023-11-10 21:23:49.143 DEBUG 87122 --- [    Test worker] org.hibernate.type.BasicTypeRegistry     : Adding type registration ncharacter -> org.hibernate.type.CharacterNCharType@704c3bdf
2023-11-10 21:23:49.143 DEBUG 87122 --- [    Test worker] org.hibernate.type.BasicTypeRegistry     : Adding type registration url -> org.hibernate.type.UrlType@1fa9692b
2023-11-10 21:23:49.143 DEBUG 87122 --- [    Test worker] org.hibernate.type.BasicTypeRegistry     : Adding type registration java.net.URL -> org.hibernate.type.UrlType@1fa9692b
2023-11-10 21:23:49.143 DEBUG 87122 --- [    Test worker] org.hibernate.type.BasicTypeRegistry     : Adding type registration Duration -> org.hibernate.type.DurationType@5432dca2
2023-11-10 21:23:49.146 DEBUG 87122 --- [    Test worker] org.hibernate.type.BasicTypeRegistry     : Adding type registration java.time.Duration -> org.hibernate.type.DurationType@5432dca2
2023-11-10 21:23:49.146 DEBUG 87122 --- [    Test worker] org.hibernate.type.BasicTypeRegistry     : Adding type registration Instant -> org.hibernate.type.InstantType@47797401
2023-11-10 21:23:49.146 DEBUG 87122 --- [    Test worker] org.hibernate.type.BasicTypeRegistry     : Adding type registration java.time.Instant -> org.hibernate.type.InstantType@47797401
2023-11-10 21:23:49.146 DEBUG 87122 --- [    Test worker] org.hibernate.type.BasicTypeRegistry     : Adding type registration LocalDateTime -> org.hibernate.type.LocalDateTimeType@356341c9
2023-11-10 21:23:49.146 DEBUG 87122 --- [    Test worker] org.hibernate.type.BasicTypeRegistry     : Adding type registration java.time.LocalDateTime -> org.hibernate.type.LocalDateTimeType@356341c9
2023-11-10 21:23:49.146 DEBUG 87122 --- [    Test worker] org.hibernate.type.BasicTypeRegistry     : Adding type registration LocalDate -> org.hibernate.type.LocalDateType@3e2c4d4b
2023-11-10 21:23:49.146 DEBUG 87122 --- [    Test worker] org.hibernate.type.BasicTypeRegistry     : Adding type registration java.time.LocalDate -> org.hibernate.type.LocalDateType@3e2c4d4b
2023-11-10 21:23:49.146 DEBUG 87122 --- [    Test worker] org.hibernate.type.BasicTypeRegistry     : Adding type registration LocalTime -> org.hibernate.type.LocalTimeType@3cb195dd
2023-11-10 21:23:49.146 DEBUG 87122 --- [    Test worker] org.hibernate.type.BasicTypeRegistry     : Adding type registration java.time.LocalTime -> org.hibernate.type.LocalTimeType@3cb195dd
2023-11-10 21:23:49.146 DEBUG 87122 --- [    Test worker] org.hibernate.type.BasicTypeRegistry     : Adding type registration OffsetDateTime -> org.hibernate.type.OffsetDateTimeType@1ad1b737
2023-11-10 21:23:49.146 DEBUG 87122 --- [    Test worker] org.hibernate.type.BasicTypeRegistry     : Adding type registration java.time.OffsetDateTime -> org.hibernate.type.OffsetDateTimeType@1ad1b737
2023-11-10 21:23:49.146 DEBUG 87122 --- [    Test worker] org.hibernate.type.BasicTypeRegistry     : Adding type registration OffsetTime -> org.hibernate.type.OffsetTimeType@e7b0bec
2023-11-10 21:23:49.146 DEBUG 87122 --- [    Test worker] org.hibernate.type.BasicTypeRegistry     : Adding type registration java.time.OffsetTime -> org.hibernate.type.OffsetTimeType@e7b0bec
2023-11-10 21:23:49.146 DEBUG 87122 --- [    Test worker] org.hibernate.type.BasicTypeRegistry     : Adding type registration ZonedDateTime -> org.hibernate.type.ZonedDateTimeType@28bd5015
2023-11-10 21:23:49.146 DEBUG 87122 --- [    Test worker] org.hibernate.type.BasicTypeRegistry     : Adding type registration java.time.ZonedDateTime -> org.hibernate.type.ZonedDateTimeType@28bd5015
2023-11-10 21:23:49.146 DEBUG 87122 --- [    Test worker] org.hibernate.type.BasicTypeRegistry     : Adding type registration date -> org.hibernate.type.DateType@39e3ea78
2023-11-10 21:23:49.146 DEBUG 87122 --- [    Test worker] org.hibernate.type.BasicTypeRegistry     : Adding type registration java.sql.Date -> org.hibernate.type.DateType@39e3ea78
2023-11-10 21:23:49.146 DEBUG 87122 --- [    Test worker] org.hibernate.type.BasicTypeRegistry     : Adding type registration time -> org.hibernate.type.TimeType@7b3feb26
2023-11-10 21:23:49.146 DEBUG 87122 --- [    Test worker] org.hibernate.type.BasicTypeRegistry     : Adding type registration java.sql.Time -> org.hibernate.type.TimeType@7b3feb26
2023-11-10 21:23:49.146 DEBUG 87122 --- [    Test worker] org.hibernate.type.BasicTypeRegistry     : Adding type registration timestamp -> org.hibernate.type.TimestampType@273293c8
2023-11-10 21:23:49.146 DEBUG 87122 --- [    Test worker] org.hibernate.type.BasicTypeRegistry     : Adding type registration java.sql.Timestamp -> org.hibernate.type.TimestampType@273293c8
2023-11-10 21:23:49.146 DEBUG 87122 --- [    Test worker] org.hibernate.type.BasicTypeRegistry     : Adding type registration java.util.Date -> org.hibernate.type.TimestampType@273293c8
2023-11-10 21:23:49.146 DEBUG 87122 --- [    Test worker] org.hibernate.type.BasicTypeRegistry     : Adding type registration dbtimestamp -> org.hibernate.type.DbTimestampType@333e5fb6
2023-11-10 21:23:49.146 DEBUG 87122 --- [    Test worker] org.hibernate.type.BasicTypeRegistry     : Adding type registration calendar -> org.hibernate.type.CalendarType@3451fc88
2023-11-10 21:23:49.146 DEBUG 87122 --- [    Test worker] org.hibernate.type.BasicTypeRegistry     : Adding type registration java.util.Calendar -> org.hibernate.type.CalendarType@3451fc88
2023-11-10 21:23:49.147 DEBUG 87122 --- [    Test worker] org.hibernate.type.BasicTypeRegistry     : Adding type registration java.util.GregorianCalendar -> org.hibernate.type.CalendarType@3451fc88
2023-11-10 21:23:49.147 DEBUG 87122 --- [    Test worker] org.hibernate.type.BasicTypeRegistry     : Adding type registration calendar_date -> org.hibernate.type.CalendarDateType@246de37e
2023-11-10 21:23:49.147 DEBUG 87122 --- [    Test worker] org.hibernate.type.BasicTypeRegistry     : Adding type registration calendar_time -> org.hibernate.type.CalendarTimeType@2f038d3c
2023-11-10 21:23:49.147 DEBUG 87122 --- [    Test worker] org.hibernate.type.BasicTypeRegistry     : Adding type registration locale -> org.hibernate.type.LocaleType@83ebdc5
2023-11-10 21:23:49.147 DEBUG 87122 --- [    Test worker] org.hibernate.type.BasicTypeRegistry     : Adding type registration java.util.Locale -> org.hibernate.type.LocaleType@83ebdc5
2023-11-10 21:23:49.147 DEBUG 87122 --- [    Test worker] org.hibernate.type.BasicTypeRegistry     : Adding type registration currency -> org.hibernate.type.CurrencyType@284c4f02
2023-11-10 21:23:49.147 DEBUG 87122 --- [    Test worker] org.hibernate.type.BasicTypeRegistry     : Adding type registration java.util.Currency -> org.hibernate.type.CurrencyType@284c4f02
2023-11-10 21:23:49.147 DEBUG 87122 --- [    Test worker] org.hibernate.type.BasicTypeRegistry     : Adding type registration timezone -> org.hibernate.type.TimeZoneType@4c50cd7d
2023-11-10 21:23:49.147 DEBUG 87122 --- [    Test worker] org.hibernate.type.BasicTypeRegistry     : Adding type registration java.util.TimeZone -> org.hibernate.type.TimeZoneType@4c50cd7d
2023-11-10 21:23:49.147 DEBUG 87122 --- [    Test worker] org.hibernate.type.BasicTypeRegistry     : Adding type registration class -> org.hibernate.type.ClassType@7c956dda
2023-11-10 21:23:49.147 DEBUG 87122 --- [    Test worker] org.hibernate.type.BasicTypeRegistry     : Adding type registration java.lang.Class -> org.hibernate.type.ClassType@7c956dda
2023-11-10 21:23:49.147 DEBUG 87122 --- [    Test worker] org.hibernate.type.BasicTypeRegistry     : Adding type registration uuid-binary -> org.hibernate.type.UUIDBinaryType@6de610c6
2023-11-10 21:23:49.147 DEBUG 87122 --- [    Test worker] org.hibernate.type.BasicTypeRegistry     : Adding type registration java.util.UUID -> org.hibernate.type.UUIDBinaryType@6de610c6
2023-11-10 21:23:49.147 DEBUG 87122 --- [    Test worker] org.hibernate.type.BasicTypeRegistry     : Adding type registration uuid-char -> org.hibernate.type.UUIDCharType@60ae7cf2
2023-11-10 21:23:49.147 DEBUG 87122 --- [    Test worker] org.hibernate.type.BasicTypeRegistry     : Adding type registration binary -> org.hibernate.type.BinaryType@6591f8ea
2023-11-10 21:23:49.147 DEBUG 87122 --- [    Test worker] org.hibernate.type.BasicTypeRegistry     : Adding type registration byte[] -> org.hibernate.type.BinaryType@6591f8ea
2023-11-10 21:23:49.147 DEBUG 87122 --- [    Test worker] org.hibernate.type.BasicTypeRegistry     : Adding type registration [B -> org.hibernate.type.BinaryType@6591f8ea
2023-11-10 21:23:49.147 DEBUG 87122 --- [    Test worker] org.hibernate.type.BasicTypeRegistry     : Adding type registration wrapper-binary -> org.hibernate.type.WrapperBinaryType@3caf5c96
2023-11-10 21:23:49.147 DEBUG 87122 --- [    Test worker] org.hibernate.type.BasicTypeRegistry     : Adding type registration Byte[] -> org.hibernate.type.WrapperBinaryType@3caf5c96
2023-11-10 21:23:49.147 DEBUG 87122 --- [    Test worker] org.hibernate.type.BasicTypeRegistry     : Adding type registration [Ljava.lang.Byte; -> org.hibernate.type.WrapperBinaryType@3caf5c96
2023-11-10 21:23:49.147 DEBUG 87122 --- [    Test worker] org.hibernate.type.BasicTypeRegistry     : Adding type registration row_version -> org.hibernate.type.RowVersionType@37806be6
2023-11-10 21:23:49.147 DEBUG 87122 --- [    Test worker] org.hibernate.type.BasicTypeRegistry     : Adding type registration image -> org.hibernate.type.ImageType@fd87c22
2023-11-10 21:23:49.147 DEBUG 87122 --- [    Test worker] org.hibernate.type.BasicTypeRegistry     : Adding type registration characters -> org.hibernate.type.CharArrayType@636e4bf8
2023-11-10 21:23:49.147 DEBUG 87122 --- [    Test worker] org.hibernate.type.BasicTypeRegistry     : Adding type registration char[] -> org.hibernate.type.CharArrayType@636e4bf8
2023-11-10 21:23:49.147 DEBUG 87122 --- [    Test worker] org.hibernate.type.BasicTypeRegistry     : Adding type registration [C -> org.hibernate.type.CharArrayType@636e4bf8
2023-11-10 21:23:49.147 DEBUG 87122 --- [    Test worker] org.hibernate.type.BasicTypeRegistry     : Adding type registration wrapper-characters -> org.hibernate.type.CharacterArrayType@7878bbdb
2023-11-10 21:23:49.147 DEBUG 87122 --- [    Test worker] org.hibernate.type.BasicTypeRegistry     : Adding type registration [Ljava.lang.Character; -> org.hibernate.type.CharacterArrayType@7878bbdb
2023-11-10 21:23:49.147 DEBUG 87122 --- [    Test worker] org.hibernate.type.BasicTypeRegistry     : Adding type registration Character[] -> org.hibernate.type.CharacterArrayType@7878bbdb
2023-11-10 21:23:49.147 DEBUG 87122 --- [    Test worker] org.hibernate.type.BasicTypeRegistry     : Adding type registration text -> org.hibernate.type.TextType@6e794f53
2023-11-10 21:23:49.147 DEBUG 87122 --- [    Test worker] org.hibernate.type.BasicTypeRegistry     : Adding type registration ntext -> org.hibernate.type.NTextType@abc7005
2023-11-10 21:23:49.147 DEBUG 87122 --- [    Test worker] org.hibernate.type.BasicTypeRegistry     : Adding type registration blob -> org.hibernate.type.BlobType@173b1af1
2023-11-10 21:23:49.147 DEBUG 87122 --- [    Test worker] org.hibernate.type.BasicTypeRegistry     : Adding type registration java.sql.Blob -> org.hibernate.type.BlobType@173b1af1
2023-11-10 21:23:49.147 DEBUG 87122 --- [    Test worker] org.hibernate.type.BasicTypeRegistry     : Adding type registration materialized_blob -> org.hibernate.type.MaterializedBlobType@6f68756d
2023-11-10 21:23:49.147 DEBUG 87122 --- [    Test worker] org.hibernate.type.BasicTypeRegistry     : Adding type registration clob -> org.hibernate.type.ClobType@571d0925
2023-11-10 21:23:49.147 DEBUG 87122 --- [    Test worker] org.hibernate.type.BasicTypeRegistry     : Adding type registration java.sql.Clob -> org.hibernate.type.ClobType@571d0925
2023-11-10 21:23:49.147 DEBUG 87122 --- [    Test worker] org.hibernate.type.BasicTypeRegistry     : Adding type registration nclob -> org.hibernate.type.NClobType@22cd8ec2
2023-11-10 21:23:49.147 DEBUG 87122 --- [    Test worker] org.hibernate.type.BasicTypeRegistry     : Adding type registration java.sql.NClob -> org.hibernate.type.NClobType@22cd8ec2
2023-11-10 21:23:49.147 DEBUG 87122 --- [    Test worker] org.hibernate.type.BasicTypeRegistry     : Adding type registration materialized_clob -> org.hibernate.type.MaterializedClobType@38667005
2023-11-10 21:23:49.147 DEBUG 87122 --- [    Test worker] org.hibernate.type.BasicTypeRegistry     : Adding type registration materialized_nclob -> org.hibernate.type.MaterializedNClobType@76ffc17c
2023-11-10 21:23:49.147 DEBUG 87122 --- [    Test worker] org.hibernate.type.BasicTypeRegistry     : Adding type registration serializable -> org.hibernate.type.SerializableType@6d617b07
2023-11-10 21:23:49.147 DEBUG 87122 --- [    Test worker] org.hibernate.type.BasicTypeRegistry     : Adding type registration object -> org.hibernate.type.ObjectType@3a4f8e8a
2023-11-10 21:23:49.147 DEBUG 87122 --- [    Test worker] org.hibernate.type.BasicTypeRegistry     : Adding type registration java.lang.Object -> org.hibernate.type.ObjectType@3a4f8e8a
2023-11-10 21:23:49.147 DEBUG 87122 --- [    Test worker] org.hibernate.type.BasicTypeRegistry     : Adding type registration imm_date -> org.hibernate.type.AdaptedImmutableType@2991524
2023-11-10 21:23:49.147 DEBUG 87122 --- [    Test worker] org.hibernate.type.BasicTypeRegistry     : Adding type registration imm_time -> org.hibernate.type.AdaptedImmutableType@4cc5c43b
2023-11-10 21:23:49.147 DEBUG 87122 --- [    Test worker] org.hibernate.type.BasicTypeRegistry     : Adding type registration imm_timestamp -> org.hibernate.type.AdaptedImmutableType@3d1f809
2023-11-10 21:23:49.147 DEBUG 87122 --- [    Test worker] org.hibernate.type.BasicTypeRegistry     : Adding type registration imm_dbtimestamp -> org.hibernate.type.AdaptedImmutableType@2290186e
2023-11-10 21:23:49.147 DEBUG 87122 --- [    Test worker] org.hibernate.type.BasicTypeRegistry     : Adding type registration imm_calendar -> org.hibernate.type.AdaptedImmutableType@686a192d
2023-11-10 21:23:49.147 DEBUG 87122 --- [    Test worker] org.hibernate.type.BasicTypeRegistry     : Adding type registration imm_calendar_date -> org.hibernate.type.AdaptedImmutableType@aecfc07
2023-11-10 21:23:49.147 DEBUG 87122 --- [    Test worker] org.hibernate.type.BasicTypeRegistry     : Adding type registration imm_binary -> org.hibernate.type.AdaptedImmutableType@6f14ce3
2023-11-10 21:23:49.147 DEBUG 87122 --- [    Test worker] org.hibernate.type.BasicTypeRegistry     : Adding type registration imm_serializable -> org.hibernate.type.AdaptedImmutableType@2400673b
2023-11-10 21:23:49.150  INFO 87122 --- [    Test worker] com.zaxxer.hikari.HikariDataSource       : HikariPool-2 - Starting...
2023-11-10 21:23:49.290  INFO 87122 --- [    Test worker] com.zaxxer.hikari.HikariDataSource       : HikariPool-2 - Start completed.
2023-11-10 21:23:49.291  INFO 87122 --- [    Test worker] org.hibernate.dialect.Dialect            : HHH000400: Using dialect: org.hibernate.dialect.MySQL8Dialect
2023-11-10 21:23:49.292 DEBUG 87122 --- [    Test worker] o.h.type.spi.TypeConfiguration$Scope     : Scoping TypeConfiguration [org.hibernate.type.spi.TypeConfiguration@1bab3926] to MetadataBuildingContext [org.hibernate.boot.internal.MetadataBuildingContextRootImpl@39a6c7a6]
2023-11-10 21:23:49.301 DEBUG 87122 --- [    Test worker] o.h.t.d.j.s.JavaTypeDescriptorRegistry   : Could not find matching scoped JavaTypeDescriptor for requested Java class [bdbe.bdbd._core.utils.KeywordTypeConverter]; falling back to static registry
2023-11-10 21:23:49.301 DEBUG 87122 --- [    Test worker] o.h.t.d.j.s.JavaTypeDescriptorRegistry   : Could not find matching scoped JavaTypeDescriptor for requested Java class [java.lang.Integer]; falling back to static registry
2023-11-10 21:23:49.301 DEBUG 87122 --- [    Test worker] o.h.t.d.c.AttributeConverterTypeAdapter  : Created AttributeConverterTypeAdapter -> converted::bdbe.bdbd._core.utils.KeywordTypeConverter
2023-11-10 21:23:49.323 DEBUG 87122 --- [    Test worker] org.hibernate.type.EnumType              : Using NAMED-based conversion for Enum bdbe.bdbd.model.Code$DayType
2023-11-10 21:23:49.323 DEBUG 87122 --- [    Test worker] org.hibernate.type.EnumType              : Using NAMED-based conversion for Enum bdbe.bdbd.model.Code$MemberRole
2023-11-10 21:23:49.324 DEBUG 87122 --- [    Test worker] o.h.type.spi.TypeConfiguration$Scope     : Scoping TypeConfiguration [org.hibernate.type.spi.TypeConfiguration@1bab3926] to SessionFactoryImpl [org.hibernate.internal.SessionFactoryImpl@3eb814dd]
2023-11-10 21:23:49.892  INFO 87122 --- [    Test worker] o.h.e.t.j.p.i.JtaPlatformInitiator       : HHH000490: Using JtaPlatform implementation: [org.hibernate.engine.transaction.jta.platform.internal.NoJtaPlatform]
2023-11-10 21:23:49.893 TRACE 87122 --- [    Test worker] o.h.type.spi.TypeConfiguration$Scope     : Handling #sessionFactoryCreated from [org.hibernate.internal.SessionFactoryImpl@3eb814dd] for TypeConfiguration
2023-11-10 21:23:49.893  INFO 87122 --- [    Test worker] j.LocalContainerEntityManagerFactoryBean : Initialized JPA EntityManagerFactory for persistence unit 'default'
2023-11-10 21:23:49.932  INFO 87122 --- [    Test worker] bdbe.bdbd._core.utils.FileUploadUtil     : accessKey:AKIA4FE625NS7OTMNH57
2023-11-10 21:23:50.092  INFO 87122 --- [    Test worker] bdbe.bdbd._core.config.AWSConfig         : Initializing AmazonS3 client for not 'prod' profile.
2023-11-10 21:23:50.139  INFO 87122 --- [    Test worker] o.s.s.web.DefaultSecurityFilterChain     : Will secure any request with [org.springframework.security.web.session.DisableEncodeUrlFilter@12a065c5, org.springframework.security.web.context.request.async.WebAsyncManagerIntegrationFilter@6385af63, org.springframework.security.web.context.SecurityContextPersistenceFilter@7569efdd, org.springframework.security.web.header.HeaderWriterFilter@67387eba, org.springframework.web.filter.CorsFilter@53ed864c, org.springframework.security.web.authentication.logout.LogoutFilter@591e3e5e, bdbe.bdbd._core.security.JwtAuthenticationFilter@29514616, org.springframework.security.web.savedrequest.RequestCacheAwareFilter@68076f57, org.springframework.security.web.servletapi.SecurityContextHolderAwareRequestFilter@4c6e0143, org.springframework.security.web.authentication.AnonymousAuthenticationFilter@38ce90b4, org.springframework.security.web.session.SessionManagementFilter@20b1f874, org.springframework.security.web.access.ExceptionTranslationFilter@741d2dda, org.springframework.security.web.access.intercept.FilterSecurityInterceptor@64e3d4ab]
2023-11-10 21:23:50.382  INFO 87122 --- [    Test worker] o.s.b.t.m.w.SpringBootMockServletContext : Initializing Spring TestDispatcherServlet ''
2023-11-10 21:23:50.382  INFO 87122 --- [    Test worker] o.s.t.web.servlet.TestDispatcherServlet  : Initializing Servlet ''
2023-11-10 21:23:50.383  INFO 87122 --- [    Test worker] o.s.t.web.servlet.TestDispatcherServlet  : Completed initialization in 1 ms
2023-11-10 21:23:50.399  INFO 87122 --- [    Test worker] bdbe.bdbd.bay.BayRestControllerTest      : Started BayRestControllerTest in 1.496 seconds (JVM running for 7.142)
2023-11-10 21:23:50.429  INFO 87122 --- [    Test worker] o.s.t.c.transaction.TransactionContext   : Began transaction (1) for test context [DefaultTestContext@2dc199d4 testClass = BayRestControllerTest, testInstance = bdbe.bdbd.bay.BayRestControllerTest@84f0686, testMethod = changeStatusTest@BayRestControllerTest, testException = [null], mergedContextConfiguration = [WebMergedContextConfiguration@7b6846c6 testClass = BayRestControllerTest, locations = '{}', classes = '{class bdbe.bdbd.BdbdApplication}', contextInitializerClasses = '[]', activeProfiles = '{}', propertySourceLocations = '{}', propertySourceProperties = '{org.springframework.boot.test.context.SpringBootTestContextBootstrapper=true}', contextCustomizers = set[org.springframework.boot.test.autoconfigure.actuate.metrics.MetricsExportContextCustomizerFactory$DisableMetricExportContextCustomizer@4b3c354a, org.springframework.boot.test.autoconfigure.properties.PropertyMappingContextCustomizer@4b3fa0b3, org.springframework.boot.test.autoconfigure.web.servlet.WebDriverContextCustomizerFactory$Customizer@293d0107, [ImportsContextCustomizer@71103416 key = [org.springframework.boot.test.autoconfigure.web.servlet.MockMvcAutoConfiguration, org.springframework.boot.test.autoconfigure.web.servlet.MockMvcWebClientAutoConfiguration, org.springframework.boot.test.autoconfigure.web.servlet.MockMvcWebDriverAutoConfiguration, org.springframework.boot.autoconfigure.security.oauth2.client.servlet.OAuth2ClientAutoConfiguration, org.springframework.boot.autoconfigure.security.oauth2.resource.servlet.OAuth2ResourceServerAutoConfiguration, org.springframework.boot.autoconfigure.security.servlet.SecurityAutoConfiguration, org.springframework.boot.autoconfigure.security.servlet.SecurityFilterAutoConfiguration, org.springframework.boot.autoconfigure.security.servlet.UserDetailsServiceAutoConfiguration, org.springframework.boot.test.autoconfigure.web.servlet.MockMvcSecurityConfiguration, org.springframework.boot.test.autoconfigure.web.reactive.WebTestClientAutoConfiguration]], org.springframework.boot.test.context.filter.ExcludeFilterContextCustomizer@62fad19, org.springframework.boot.test.json.DuplicateJsonObjectContextCustomizerFactory$DuplicateJsonObjectContextCustomizer@4f2613d1, org.springframework.boot.test.mock.mockito.MockitoContextCustomizer@0, org.springframework.boot.test.web.client.TestRestTemplateContextCustomizer@1c55f277, org.springframework.boot.test.context.SpringBootTestArgs@1, org.springframework.boot.test.context.SpringBootTestWebEnvironment@4ea5b703], resourceBasePath = 'src/main/webapp', contextLoader = 'org.springframework.boot.test.context.SpringBootContextLoader', parent = [null]], attributes = map['org.springframework.test.context.web.ServletTestExecutionListener.activateListener' -> true, 'org.springframework.test.context.web.ServletTestExecutionListener.populatedRequestContextHolder' -> true, 'org.springframework.test.context.web.ServletTestExecutionListener.resetRequestContextHolder' -> true, 'org.springframework.test.context.event.ApplicationEventsTestExecutionListener.recordApplicationEvents' -> false]]; transaction manager [org.springframework.orm.jpa.JpaTransactionManager@17fac5b2]; rollback [true]
Hibernate: 
    select
        member0_.id as id1_6_,
        member0_.email as email2_6_,
        member0_.password as password3_6_,
        member0_.role as role4_6_,
        member0_.tel as tel5_6_,
        member0_.username as username6_6_ 
    from
        member member0_ 
    where
        member0_.email=?
2023-11-10 21:23:50.446 TRACE 87122 --- [    Test worker] o.h.type.descriptor.sql.BasicBinder      : binding parameter [1] as [VARCHAR] - [owner@nate.com]
2023-11-10 21:23:50.457 TRACE 87122 --- [    Test worker] o.h.type.descriptor.sql.BasicExtractor   : extracted value ([id1_6_] : [BIGINT]) - [2]
2023-11-10 21:23:50.462 TRACE 87122 --- [    Test worker] o.h.type.descriptor.sql.BasicExtractor   : extracted value ([email2_6_] : [VARCHAR]) - [owner@nate.com]
2023-11-10 21:23:50.462 TRACE 87122 --- [    Test worker] o.h.type.descriptor.sql.BasicExtractor   : extracted value ([password3_6_] : [VARCHAR]) - [{bcrypt}$2a$10$o6TVGm92x.GENlJ4Mig5qucFqAt/UTnT5lm6rzTY5v.gCk8uSf7h2]
2023-11-10 21:23:50.462 TRACE 87122 --- [    Test worker] o.h.type.descriptor.sql.BasicExtractor   : extracted value ([role4_6_] : [VARCHAR]) - [ROLE_OWNER]
2023-11-10 21:23:50.462 TRACE 87122 --- [    Test worker] o.h.type.descriptor.sql.BasicExtractor   : extracted value ([tel5_6_] : [VARCHAR]) - [010-9876-5432]
2023-11-10 21:23:50.462 TRACE 87122 --- [    Test worker] o.h.type.descriptor.sql.BasicExtractor   : extracted value ([username6_6_] : [VARCHAR]) - [imnewowner]
Hibernate: 
    select
        bay0_.id as id1_0_,
        bay0_.bay_num as bay_num2_0_,
        bay0_.w_id as w_id4_0_,
        bay0_.status as status3_0_ 
    from
        bay bay0_ limit ?
2023-11-10 21:23:50.486 TRACE 87122 --- [    Test worker] o.h.type.descriptor.sql.BasicExtractor   : extracted value ([id1_0_] : [BIGINT]) - [1]
2023-11-10 21:23:50.487 TRACE 87122 --- [    Test worker] o.h.type.descriptor.sql.BasicExtractor   : extracted value ([bay_num2_0_] : [INTEGER]) - [1]
2023-11-10 21:23:50.487 TRACE 87122 --- [    Test worker] o.h.type.descriptor.sql.BasicExtractor   : extracted value ([w_id4_0_] : [BIGINT]) - [1]
2023-11-10 21:23:50.487 TRACE 87122 --- [    Test worker] o.h.type.descriptor.sql.BasicExtractor   : extracted value ([status3_0_] : [INTEGER]) - [1]
bayId = 1
Hibernate: 
    select
        carwash0_.id as id1_1_0_,
        carwash0_.des as des2_1_0_,
        carwash0_.l_id as l_id7_1_0_,
        carwash0_.m_id as m_id8_1_0_,
        carwash0_.name as name3_1_0_,
        carwash0_.price as price4_1_0_,
        carwash0_.rate as rate5_1_0_,
        carwash0_.tel as tel6_1_0_,
        location1_.id as id1_5_1_,
        location1_.address as address2_5_1_,
        location1_.latitude as latitude3_5_1_,
        location1_.longitude as longitud4_5_1_ 
    from
        carwash carwash0_ 
    inner join
        location location1_ 
            on carwash0_.l_id=location1_.id 
    where
        carwash0_.id=?
2023-11-10 21:23:50.543 TRACE 87122 --- [    Test worker] o.h.type.descriptor.sql.BasicBinder      : binding parameter [1] as [BIGINT] - [1]
2023-11-10 21:23:50.555 TRACE 87122 --- [    Test worker] o.h.type.descriptor.sql.BasicExtractor   : extracted value ([id1_5_1_] : [BIGINT]) - [1]
2023-11-10 21:23:50.555 TRACE 87122 --- [    Test worker] o.h.type.descriptor.sql.BasicExtractor   : extracted value ([des2_1_0_] : [VARCHAR]) - [안녕하세요]
2023-11-10 21:23:50.556 TRACE 87122 --- [    Test worker] o.h.type.descriptor.sql.BasicExtractor   : extracted value ([l_id7_1_0_] : [BIGINT]) - [1]
2023-11-10 21:23:50.556 TRACE 87122 --- [    Test worker] o.h.type.descriptor.sql.BasicExtractor   : extracted value ([m_id8_1_0_] : [BIGINT]) - [2]
2023-11-10 21:23:50.556 TRACE 87122 --- [    Test worker] o.h.type.descriptor.sql.BasicExtractor   : extracted value ([name3_1_0_] : [VARCHAR]) - [구름r 세차장]
2023-11-10 21:23:50.556 TRACE 87122 --- [    Test worker] o.h.type.descriptor.sql.BasicExtractor   : extracted value ([price4_1_0_] : [INTEGER]) - [3000]
2023-11-10 21:23:50.557 TRACE 87122 --- [    Test worker] o.h.type.descriptor.sql.BasicExtractor   : extracted value ([rate5_1_0_] : [DOUBLE]) - [3.9966666666666715]
2023-11-10 21:23:50.557 TRACE 87122 --- [    Test worker] o.h.type.descriptor.sql.BasicExtractor   : extracted value ([tel6_1_0_] : [VARCHAR]) - [01022223333]
2023-11-10 21:23:50.557 TRACE 87122 --- [    Test worker] o.h.type.descriptor.sql.BasicExtractor   : extracted value ([address2_5_1_] : [VARCHAR]) - [구름 주소]
2023-11-10 21:23:50.557 TRACE 87122 --- [    Test worker] o.h.type.descriptor.sql.BasicExtractor   : extracted value ([latitude3_5_1_] : [DOUBLE]) - [1.121]
2023-11-10 21:23:50.557 TRACE 87122 --- [    Test worker] o.h.type.descriptor.sql.BasicExtractor   : extracted value ([longitud4_5_1_] : [DOUBLE]) - [2.232]
2023-11-10 21:23:50.563 TRACE 87122 --- [    Test worker] org.hibernate.type.CollectionType        : Created collection wrapper: [bdbe.bdbd.model.carwash.Carwash.carwashKeywords#1]
2023-11-10 21:23:50.563 TRACE 87122 --- [    Test worker] org.hibernate.type.CollectionType        : Created collection wrapper: [bdbe.bdbd.model.carwash.Carwash.fileList#1]
응답 body:{"success":true,"response":null,"error":null}
2023-11-10 21:23:50.629  INFO 87122 --- [    Test worker] o.s.t.c.transaction.TransactionContext   : Rolled back transaction for test: [DefaultTestContext@2dc199d4 testClass = BayRestControllerTest, testInstance = bdbe.bdbd.bay.BayRestControllerTest@84f0686, testMethod = changeStatusTest@BayRestControllerTest, testException = [null], mergedContextConfiguration = [WebMergedContextConfiguration@7b6846c6 testClass = BayRestControllerTest, locations = '{}', classes = '{class bdbe.bdbd.BdbdApplication}', contextInitializerClasses = '[]', activeProfiles = '{}', propertySourceLocations = '{}', propertySourceProperties = '{org.springframework.boot.test.context.SpringBootTestContextBootstrapper=true}', contextCustomizers = set[org.springframework.boot.test.autoconfigure.actuate.metrics.MetricsExportContextCustomizerFactory$DisableMetricExportContextCustomizer@4b3c354a, org.springframework.boot.test.autoconfigure.properties.PropertyMappingContextCustomizer@4b3fa0b3, org.springframework.boot.test.autoconfigure.web.servlet.WebDriverContextCustomizerFactory$Customizer@293d0107, [ImportsContextCustomizer@71103416 key = [org.springframework.boot.test.autoconfigure.web.servlet.MockMvcAutoConfiguration, org.springframework.boot.test.autoconfigure.web.servlet.MockMvcWebClientAutoConfiguration, org.springframework.boot.test.autoconfigure.web.servlet.MockMvcWebDriverAutoConfiguration, org.springframework.boot.autoconfigure.security.oauth2.client.servlet.OAuth2ClientAutoConfiguration, org.springframework.boot.autoconfigure.security.oauth2.resource.servlet.OAuth2ResourceServerAutoConfiguration, org.springframework.boot.autoconfigure.security.servlet.SecurityAutoConfiguration, org.springframework.boot.autoconfigure.security.servlet.SecurityFilterAutoConfiguration, org.springframework.boot.autoconfigure.security.servlet.UserDetailsServiceAutoConfiguration, org.springframework.boot.test.autoconfigure.web.servlet.MockMvcSecurityConfiguration, org.springframework.boot.test.autoconfigure.web.reactive.WebTestClientAutoConfiguration]], org.springframework.boot.test.context.filter.ExcludeFilterContextCustomizer@62fad19, org.springframework.boot.test.json.DuplicateJsonObjectContextCustomizerFactory$DuplicateJsonObjectContextCustomizer@4f2613d1, org.springframework.boot.test.mock.mockito.MockitoContextCustomizer@0, org.springframework.boot.test.web.client.TestRestTemplateContextCustomizer@1c55f277, org.springframework.boot.test.context.SpringBootTestArgs@1, org.springframework.boot.test.context.SpringBootTestWebEnvironment@4ea5b703], resourceBasePath = 'src/main/webapp', contextLoader = 'org.springframework.boot.test.context.SpringBootContextLoader', parent = [null]], attributes = map['org.springframework.test.context.web.ServletTestExecutionListener.activateListener' -> true, 'org.springframework.test.context.web.ServletTestExecutionListener.populatedRequestContextHolder' -> true, 'org.springframework.test.context.web.ServletTestExecutionListener.resetRequestContextHolder' -> true, 'org.springframework.test.context.event.ApplicationEventsTestExecutionListener.recordApplicationEvents' -> false]]
2023-11-10 21:23:50.643  INFO 87122 --- [    Test worker] o.s.t.c.transaction.TransactionContext   : Began transaction (1) for test context [DefaultTestContext@2dc199d4 testClass = BayRestControllerTest, testInstance = bdbe.bdbd.bay.BayRestControllerTest@3b5b6df4, testMethod = createBayTest@BayRestControllerTest, testException = [null], mergedContextConfiguration = [WebMergedContextConfiguration@7b6846c6 testClass = BayRestControllerTest, locations = '{}', classes = '{class bdbe.bdbd.BdbdApplication}', contextInitializerClasses = '[]', activeProfiles = '{}', propertySourceLocations = '{}', propertySourceProperties = '{org.springframework.boot.test.context.SpringBootTestContextBootstrapper=true}', contextCustomizers = set[org.springframework.boot.test.autoconfigure.actuate.metrics.MetricsExportContextCustomizerFactory$DisableMetricExportContextCustomizer@4b3c354a, org.springframework.boot.test.autoconfigure.properties.PropertyMappingContextCustomizer@4b3fa0b3, org.springframework.boot.test.autoconfigure.web.servlet.WebDriverContextCustomizerFactory$Customizer@293d0107, [ImportsContextCustomizer@71103416 key = [org.springframework.boot.test.autoconfigure.web.servlet.MockMvcAutoConfiguration, org.springframework.boot.test.autoconfigure.web.servlet.MockMvcWebClientAutoConfiguration, org.springframework.boot.test.autoconfigure.web.servlet.MockMvcWebDriverAutoConfiguration, org.springframework.boot.autoconfigure.security.oauth2.client.servlet.OAuth2ClientAutoConfiguration, org.springframework.boot.autoconfigure.security.oauth2.resource.servlet.OAuth2ResourceServerAutoConfiguration, org.springframework.boot.autoconfigure.security.servlet.SecurityAutoConfiguration, org.springframework.boot.autoconfigure.security.servlet.SecurityFilterAutoConfiguration, org.springframework.boot.autoconfigure.security.servlet.UserDetailsServiceAutoConfiguration, org.springframework.boot.test.autoconfigure.web.servlet.MockMvcSecurityConfiguration, org.springframework.boot.test.autoconfigure.web.reactive.WebTestClientAutoConfiguration]], org.springframework.boot.test.context.filter.ExcludeFilterContextCustomizer@62fad19, org.springframework.boot.test.json.DuplicateJsonObjectContextCustomizerFactory$DuplicateJsonObjectContextCustomizer@4f2613d1, org.springframework.boot.test.mock.mockito.MockitoContextCustomizer@0, org.springframework.boot.test.web.client.TestRestTemplateContextCustomizer@1c55f277, org.springframework.boot.test.context.SpringBootTestArgs@1, org.springframework.boot.test.context.SpringBootTestWebEnvironment@4ea5b703], resourceBasePath = 'src/main/webapp', contextLoader = 'org.springframework.boot.test.context.SpringBootContextLoader', parent = [null]], attributes = map['org.springframework.test.context.web.ServletTestExecutionListener.activateListener' -> true, 'org.springframework.test.context.web.ServletTestExecutionListener.populatedRequestContextHolder' -> true, 'org.springframework.test.context.web.ServletTestExecutionListener.resetRequestContextHolder' -> true, 'org.springframework.test.context.event.ApplicationEventsTestExecutionListener.recordApplicationEvents' -> false]]; transaction manager [org.springframework.orm.jpa.JpaTransactionManager@17fac5b2]; rollback [true]
Hibernate: 
    select
        member0_.id as id1_6_,
        member0_.email as email2_6_,
        member0_.password as password3_6_,
        member0_.role as role4_6_,
        member0_.tel as tel5_6_,
        member0_.username as username6_6_ 
    from
        member member0_ 
    where
        member0_.email=?
2023-11-10 21:23:50.645 TRACE 87122 --- [    Test worker] o.h.type.descriptor.sql.BasicBinder      : binding parameter [1] as [VARCHAR] - [owner@nate.com]
2023-11-10 21:23:50.654 TRACE 87122 --- [    Test worker] o.h.type.descriptor.sql.BasicExtractor   : extracted value ([id1_6_] : [BIGINT]) - [2]
2023-11-10 21:23:50.655 TRACE 87122 --- [    Test worker] o.h.type.descriptor.sql.BasicExtractor   : extracted value ([email2_6_] : [VARCHAR]) - [owner@nate.com]
2023-11-10 21:23:50.655 TRACE 87122 --- [    Test worker] o.h.type.descriptor.sql.BasicExtractor   : extracted value ([password3_6_] : [VARCHAR]) - [{bcrypt}$2a$10$o6TVGm92x.GENlJ4Mig5qucFqAt/UTnT5lm6rzTY5v.gCk8uSf7h2]
2023-11-10 21:23:50.655 TRACE 87122 --- [    Test worker] o.h.type.descriptor.sql.BasicExtractor   : extracted value ([role4_6_] : [VARCHAR]) - [ROLE_OWNER]
2023-11-10 21:23:50.655 TRACE 87122 --- [    Test worker] o.h.type.descriptor.sql.BasicExtractor   : extracted value ([tel5_6_] : [VARCHAR]) - [010-9876-5432]
2023-11-10 21:23:50.655 TRACE 87122 --- [    Test worker] o.h.type.descriptor.sql.BasicExtractor   : extracted value ([username6_6_] : [VARCHAR]) - [imnewowner]
Hibernate: 
    select
        carwash0_.id as id1_1_,
        carwash0_.des as des2_1_,
        carwash0_.l_id as l_id7_1_,
        carwash0_.m_id as m_id8_1_,
        carwash0_.name as name3_1_,
        carwash0_.price as price4_1_,
        carwash0_.rate as rate5_1_,
        carwash0_.tel as tel6_1_ 
    from
        carwash carwash0_ limit ?
2023-11-10 21:23:50.666 TRACE 87122 --- [    Test worker] o.h.type.descriptor.sql.BasicExtractor   : extracted value ([id1_1_] : [BIGINT]) - [1]
2023-11-10 21:23:50.667 TRACE 87122 --- [    Test worker] o.h.type.descriptor.sql.BasicExtractor   : extracted value ([des2_1_] : [VARCHAR]) - [안녕하세요]
2023-11-10 21:23:50.667 TRACE 87122 --- [    Test worker] o.h.type.descriptor.sql.BasicExtractor   : extracted value ([l_id7_1_] : [BIGINT]) - [1]
2023-11-10 21:23:50.667 TRACE 87122 --- [    Test worker] o.h.type.descriptor.sql.BasicExtractor   : extracted value ([m_id8_1_] : [BIGINT]) - [2]
2023-11-10 21:23:50.667 TRACE 87122 --- [    Test worker] o.h.type.descriptor.sql.BasicExtractor   : extracted value ([name3_1_] : [VARCHAR]) - [구름r 세차장]
2023-11-10 21:23:50.667 TRACE 87122 --- [    Test worker] o.h.type.descriptor.sql.BasicExtractor   : extracted value ([price4_1_] : [INTEGER]) - [3000]
2023-11-10 21:23:50.667 TRACE 87122 --- [    Test worker] o.h.type.descriptor.sql.BasicExtractor   : extracted value ([rate5_1_] : [DOUBLE]) - [3.9966666666666715]
2023-11-10 21:23:50.667 TRACE 87122 --- [    Test worker] o.h.type.descriptor.sql.BasicExtractor   : extracted value ([tel6_1_] : [VARCHAR]) - [01022223333]
2023-11-10 21:23:50.667 TRACE 87122 --- [    Test worker] org.hibernate.type.CollectionType        : Created collection wrapper: [bdbe.bdbd.model.carwash.Carwash.carwashKeywords#1]
2023-11-10 21:23:50.667 TRACE 87122 --- [    Test worker] org.hibernate.type.CollectionType        : Created collection wrapper: [bdbe.bdbd.model.carwash.Carwash.fileList#1]
Hibernate: 
    select
        location0_.id as id1_5_0_,
        location0_.address as address2_5_0_,
        location0_.latitude as latitude3_5_0_,
        location0_.longitude as longitud4_5_0_ 
    from
        location location0_ 
    where
        location0_.id=?
2023-11-10 21:23:50.667 TRACE 87122 --- [    Test worker] o.h.type.descriptor.sql.BasicBinder      : binding parameter [1] as [BIGINT] - [1]
2023-11-10 21:23:50.678 TRACE 87122 --- [    Test worker] o.h.type.descriptor.sql.BasicExtractor   : extracted value ([address2_5_0_] : [VARCHAR]) - [구름 주소]
2023-11-10 21:23:50.678 TRACE 87122 --- [    Test worker] o.h.type.descriptor.sql.BasicExtractor   : extracted value ([latitude3_5_0_] : [DOUBLE]) - [1.121]
2023-11-10 21:23:50.678 TRACE 87122 --- [    Test worker] o.h.type.descriptor.sql.BasicExtractor   : extracted value ([longitud4_5_0_] : [DOUBLE]) - [2.232]
1
Hibernate: 
    select
        bay0_.id as id1_0_,
        bay0_.bay_num as bay_num2_0_,
        bay0_.w_id as w_id4_0_,
        bay0_.status as status3_0_ 
    from
        bay bay0_ 
    left outer join
        carwash carwash1_ 
            on bay0_.w_id=carwash1_.id 
    where
        carwash1_.id=?
2023-11-10 21:23:50.715 TRACE 87122 --- [    Test worker] o.h.type.descriptor.sql.BasicBinder      : binding parameter [1] as [BIGINT] - [1]
2023-11-10 21:23:50.725 TRACE 87122 --- [    Test worker] o.h.type.descriptor.sql.BasicExtractor   : extracted value ([id1_0_] : [BIGINT]) - [1]
2023-11-10 21:23:50.725 TRACE 87122 --- [    Test worker] o.h.type.descriptor.sql.BasicExtractor   : extracted value ([bay_num2_0_] : [INTEGER]) - [1]
2023-11-10 21:23:50.725 TRACE 87122 --- [    Test worker] o.h.type.descriptor.sql.BasicExtractor   : extracted value ([w_id4_0_] : [BIGINT]) - [1]
2023-11-10 21:23:50.725 TRACE 87122 --- [    Test worker] o.h.type.descriptor.sql.BasicExtractor   : extracted value ([status3_0_] : [INTEGER]) - [1]
2023-11-10 21:23:50.725 TRACE 87122 --- [    Test worker] o.h.type.descriptor.sql.BasicExtractor   : extracted value ([id1_0_] : [BIGINT]) - [2]
2023-11-10 21:23:50.726 TRACE 87122 --- [    Test worker] o.h.type.descriptor.sql.BasicExtractor   : extracted value ([bay_num2_0_] : [INTEGER]) - [2]
2023-11-10 21:23:50.726 TRACE 87122 --- [    Test worker] o.h.type.descriptor.sql.BasicExtractor   : extracted value ([w_id4_0_] : [BIGINT]) - [1]
2023-11-10 21:23:50.726 TRACE 87122 --- [    Test worker] o.h.type.descriptor.sql.BasicExtractor   : extracted value ([status3_0_] : [INTEGER]) - [1]
2023-11-10 21:23:50.726 TRACE 87122 --- [    Test worker] o.h.type.descriptor.sql.BasicExtractor   : extracted value ([id1_0_] : [BIGINT]) - [15]
2023-11-10 21:23:50.726 TRACE 87122 --- [    Test worker] o.h.type.descriptor.sql.BasicExtractor   : extracted value ([bay_num2_0_] : [INTEGER]) - [2]
2023-11-10 21:23:50.726 TRACE 87122 --- [    Test worker] o.h.type.descriptor.sql.BasicExtractor   : extracted value ([w_id4_0_] : [BIGINT]) - [1]
2023-11-10 21:23:50.726 TRACE 87122 --- [    Test worker] o.h.type.descriptor.sql.BasicExtractor   : extracted value ([status3_0_] : [INTEGER]) - [1]
2023-11-10 21:23:50.726 TRACE 87122 --- [    Test worker] o.h.type.descriptor.sql.BasicExtractor   : extracted value ([id1_0_] : [BIGINT]) - [16]
2023-11-10 21:23:50.726 TRACE 87122 --- [    Test worker] o.h.type.descriptor.sql.BasicExtractor   : extracted value ([bay_num2_0_] : [INTEGER]) - [2]
2023-11-10 21:23:50.726 TRACE 87122 --- [    Test worker] o.h.type.descriptor.sql.BasicExtractor   : extracted value ([w_id4_0_] : [BIGINT]) - [1]
2023-11-10 21:23:50.726 TRACE 87122 --- [    Test worker] o.h.type.descriptor.sql.BasicExtractor   : extracted value ([status3_0_] : [INTEGER]) - [1]
2023-11-10 21:23:50.726 TRACE 87122 --- [    Test worker] o.h.type.descriptor.sql.BasicExtractor   : extracted value ([id1_0_] : [BIGINT]) - [34]
2023-11-10 21:23:50.726 TRACE 87122 --- [    Test worker] o.h.type.descriptor.sql.BasicExtractor   : extracted value ([bay_num2_0_] : [INTEGER]) - [5]
2023-11-10 21:23:50.726 TRACE 87122 --- [    Test worker] o.h.type.descriptor.sql.BasicExtractor   : extracted value ([w_id4_0_] : [BIGINT]) - [1]
2023-11-10 21:23:50.726 TRACE 87122 --- [    Test worker] o.h.type.descriptor.sql.BasicExtractor   : extracted value ([status3_0_] : [INTEGER]) - [1]
2023-11-10 21:23:50.726 TRACE 87122 --- [    Test worker] o.h.type.descriptor.sql.BasicExtractor   : extracted value ([id1_0_] : [BIGINT]) - [38]
2023-11-10 21:23:50.726 TRACE 87122 --- [    Test worker] o.h.type.descriptor.sql.BasicExtractor   : extracted value ([bay_num2_0_] : [INTEGER]) - [8]
2023-11-10 21:23:50.726 TRACE 87122 --- [    Test worker] o.h.type.descriptor.sql.BasicExtractor   : extracted value ([w_id4_0_] : [BIGINT]) - [1]
2023-11-10 21:23:50.726 TRACE 87122 --- [    Test worker] o.h.type.descriptor.sql.BasicExtractor   : extracted value ([status3_0_] : [INTEGER]) - [1]
2023-11-10 21:23:50.726 TRACE 87122 --- [    Test worker] o.h.type.descriptor.sql.BasicExtractor   : extracted value ([id1_0_] : [BIGINT]) - [39]
2023-11-10 21:23:50.726 TRACE 87122 --- [    Test worker] o.h.type.descriptor.sql.BasicExtractor   : extracted value ([bay_num2_0_] : [INTEGER]) - [9]
2023-11-10 21:23:50.726 TRACE 87122 --- [    Test worker] o.h.type.descriptor.sql.BasicExtractor   : extracted value ([w_id4_0_] : [BIGINT]) - [1]
2023-11-10 21:23:50.726 TRACE 87122 --- [    Test worker] o.h.type.descriptor.sql.BasicExtractor   : extracted value ([status3_0_] : [INTEGER]) - [1]

MockHttpServletRequest:
      HTTP Method = POST
      Request URI = /api/owner/carwashes/1/bays
       Parameters = {}
          Headers = [Content-Type:"application/json;charset=UTF-8", Content-Length:"12"]
             Body = {"bayNum":9}
    Session Attrs = {}

Handler:
             Type = bdbe.bdbd.controller.owner.OwnerBayRestController
           Method = bdbe.bdbd.controller.owner.OwnerBayRestController#createBay(Long, SaveDTO, Errors, CustomUserDetails)

Async:
    Async started = false
     Async result = null

Resolved Exception:
             Type = bdbe.bdbd._core.exception.BadRequestError

ModelAndView:
        View name = null
             View = null
            Model = null

FlashMap:
       Attributes = null

MockHttpServletResponse:
           Status = 400
    Error message = null
          Headers = [Vary:"Origin", "Access-Control-Request-Method", "Access-Control-Request-Headers", Content-Type:"application/json;charset=UTF-8", X-Content-Type-Options:"nosniff", X-XSS-Protection:"1; mode=block", Cache-Control:"no-cache, no-store, max-age=0, must-revalidate", Pragma:"no-cache", Expires:"0", X-Frame-Options:"SAMEORIGIN"]
     Content type = application/json;charset=UTF-8
             Body = {"success":false,"response":null,"error":{"status":"400","code":"1001","message":{"BayNum":"Bay number 9 is already in use."}}}
    Forwarded URL = null
   Redirected URL = null
          Cookies = []
2023-11-10 21:23:50.759  INFO 87122 --- [    Test worker] o.s.t.c.transaction.TransactionContext   : Rolled back transaction for test: [DefaultTestContext@2dc199d4 testClass = BayRestControllerTest, testInstance = bdbe.bdbd.bay.BayRestControllerTest@3b5b6df4, testMethod = createBayTest@BayRestControllerTest, testException = java.lang.AssertionError: Status expected:<200> but was:<400>, mergedContextConfiguration = [WebMergedContextConfiguration@7b6846c6 testClass = BayRestControllerTest, locations = '{}', classes = '{class bdbe.bdbd.BdbdApplication}', contextInitializerClasses = '[]', activeProfiles = '{}', propertySourceLocations = '{}', propertySourceProperties = '{org.springframework.boot.test.context.SpringBootTestContextBootstrapper=true}', contextCustomizers = set[org.springframework.boot.test.autoconfigure.actuate.metrics.MetricsExportContextCustomizerFactory$DisableMetricExportContextCustomizer@4b3c354a, org.springframework.boot.test.autoconfigure.properties.PropertyMappingContextCustomizer@4b3fa0b3, org.springframework.boot.test.autoconfigure.web.servlet.WebDriverContextCustomizerFactory$Customizer@293d0107, [ImportsContextCustomizer@71103416 key = [org.springframework.boot.test.autoconfigure.web.servlet.MockMvcAutoConfiguration, org.springframework.boot.test.autoconfigure.web.servlet.MockMvcWebClientAutoConfiguration, org.springframework.boot.test.autoconfigure.web.servlet.MockMvcWebDriverAutoConfiguration, org.springframework.boot.autoconfigure.security.oauth2.client.servlet.OAuth2ClientAutoConfiguration, org.springframework.boot.autoconfigure.security.oauth2.resource.servlet.OAuth2ResourceServerAutoConfiguration, org.springframework.boot.autoconfigure.security.servlet.SecurityAutoConfiguration, org.springframework.boot.autoconfigure.security.servlet.SecurityFilterAutoConfiguration, org.springframework.boot.autoconfigure.security.servlet.UserDetailsServiceAutoConfiguration, org.springframework.boot.test.autoconfigure.web.servlet.MockMvcSecurityConfiguration, org.springframework.boot.test.autoconfigure.web.reactive.WebTestClientAutoConfiguration]], org.springframework.boot.test.context.filter.ExcludeFilterContextCustomizer@62fad19, org.springframework.boot.test.json.DuplicateJsonObjectContextCustomizerFactory$DuplicateJsonObjectContextCustomizer@4f2613d1, org.springframework.boot.test.mock.mockito.MockitoContextCustomizer@0, org.springframework.boot.test.web.client.TestRestTemplateContextCustomizer@1c55f277, org.springframework.boot.test.context.SpringBootTestArgs@1, org.springframework.boot.test.context.SpringBootTestWebEnvironment@4ea5b703], resourceBasePath = 'src/main/webapp', contextLoader = 'org.springframework.boot.test.context.SpringBootContextLoader', parent = [null]], attributes = map['org.springframework.test.context.web.ServletTestExecutionListener.activateListener' -> true, 'org.springframework.test.context.web.ServletTestExecutionListener.populatedRequestContextHolder' -> true, 'org.springframework.test.context.web.ServletTestExecutionListener.resetRequestContextHolder' -> true, 'org.springframework.test.context.event.ApplicationEventsTestExecutionListener.recordApplicationEvents' -> false]]
]]></system-out>
  <system-err><![CDATA[]]></system-err>
</testsuite>
