<?xml version="1.0" encoding="UTF-8"?>
<testsuite name="bdbe.bdbd.member.owner.OwnerRestControllerTest" tests="9" skipped="0" failures="7" errors="0" timestamp="2023-11-10T12:23:51" hostname="MacBook-Pro.local" time="2.862">
  <properties/>
  <testcase name="loginTest()" classname="bdbe.bdbd.member.owner.OwnerRestControllerTest" time="0.225">
    <failure message="java.lang.AssertionError: Status expected:&lt;200&gt; but was:&lt;401&gt;" type="java.lang.AssertionError">java.lang.AssertionError: Status expected:&lt;200&gt; but was:&lt;401&gt;
	at org.springframework.test.util.AssertionErrors.fail(AssertionErrors.java:59)
	at org.springframework.test.util.AssertionErrors.assertEquals(AssertionErrors.java:122)
	at org.springframework.test.web.servlet.result.StatusResultMatchers.lambda$matcher$9(StatusResultMatchers.java:627)
	at org.springframework.test.web.servlet.MockMvc$1.andExpect(MockMvc.java:214)
	at bdbe.bdbd.member.owner.OwnerRestControllerTest.loginTest(OwnerRestControllerTest.java:126)
	at java.base/jdk.internal.reflect.NativeMethodAccessorImpl.invoke0(Native Method)
	at java.base/jdk.internal.reflect.NativeMethodAccessorImpl.invoke(NativeMethodAccessorImpl.java:62)
	at java.base/jdk.internal.reflect.DelegatingMethodAccessorImpl.invoke(DelegatingMethodAccessorImpl.java:43)
	at java.base/java.lang.reflect.Method.invoke(Method.java:566)
	at org.junit.platform.commons.util.ReflectionUtils.invokeMethod(ReflectionUtils.java:725)
	at org.junit.jupiter.engine.execution.MethodInvocation.proceed(MethodInvocation.java:60)
	at org.junit.jupiter.engine.execution.InvocationInterceptorChain$ValidatingInvocation.proceed(InvocationInterceptorChain.java:131)
	at org.junit.jupiter.engine.extension.TimeoutExtension.intercept(TimeoutExtension.java:149)
	at org.junit.jupiter.engine.extension.TimeoutExtension.interceptTestableMethod(TimeoutExtension.java:140)
	at org.junit.jupiter.engine.extension.TimeoutExtension.interceptTestMethod(TimeoutExtension.java:84)
	at org.junit.jupiter.engine.execution.ExecutableInvoker$ReflectiveInterceptorCall.lambda$ofVoidMethod$0(ExecutableInvoker.java:115)
	at org.junit.jupiter.engine.execution.ExecutableInvoker.lambda$invoke$0(ExecutableInvoker.java:105)
	at org.junit.jupiter.engine.execution.InvocationInterceptorChain$InterceptedInvocation.proceed(InvocationInterceptorChain.java:106)
	at org.junit.jupiter.engine.execution.InvocationInterceptorChain.proceed(InvocationInterceptorChain.java:64)
	at org.junit.jupiter.engine.execution.InvocationInterceptorChain.chainAndInvoke(InvocationInterceptorChain.java:45)
	at org.junit.jupiter.engine.execution.InvocationInterceptorChain.invoke(InvocationInterceptorChain.java:37)
	at org.junit.jupiter.engine.execution.ExecutableInvoker.invoke(ExecutableInvoker.java:104)
	at org.junit.jupiter.engine.execution.ExecutableInvoker.invoke(ExecutableInvoker.java:98)
	at org.junit.jupiter.engine.descriptor.TestMethodTestDescriptor.lambda$invokeTestMethod$7(TestMethodTestDescriptor.java:214)
	at org.junit.platform.engine.support.hierarchical.ThrowableCollector.execute(ThrowableCollector.java:73)
	at org.junit.jupiter.engine.descriptor.TestMethodTestDescriptor.invokeTestMethod(TestMethodTestDescriptor.java:210)
	at org.junit.jupiter.engine.descriptor.TestMethodTestDescriptor.execute(TestMethodTestDescriptor.java:135)
	at org.junit.jupiter.engine.descriptor.TestMethodTestDescriptor.execute(TestMethodTestDescriptor.java:66)
	at org.junit.platform.engine.support.hierarchical.NodeTestTask.lambda$executeRecursively$6(NodeTestTask.java:151)
	at org.junit.platform.engine.support.hierarchical.ThrowableCollector.execute(ThrowableCollector.java:73)
	at org.junit.platform.engine.support.hierarchical.NodeTestTask.lambda$executeRecursively$8(NodeTestTask.java:141)
	at org.junit.platform.engine.support.hierarchical.Node.around(Node.java:137)
	at org.junit.platform.engine.support.hierarchical.NodeTestTask.lambda$executeRecursively$9(NodeTestTask.java:139)
	at org.junit.platform.engine.support.hierarchical.ThrowableCollector.execute(ThrowableCollector.java:73)
	at org.junit.platform.engine.support.hierarchical.NodeTestTask.executeRecursively(NodeTestTask.java:138)
	at org.junit.platform.engine.support.hierarchical.NodeTestTask.execute(NodeTestTask.java:95)
	at java.base/java.util.ArrayList.forEach(ArrayList.java:1541)
	at org.junit.platform.engine.support.hierarchical.SameThreadHierarchicalTestExecutorService.invokeAll(SameThreadHierarchicalTestExecutorService.java:41)
	at org.junit.platform.engine.support.hierarchical.NodeTestTask.lambda$executeRecursively$6(NodeTestTask.java:155)
	at org.junit.platform.engine.support.hierarchical.ThrowableCollector.execute(ThrowableCollector.java:73)
	at org.junit.platform.engine.support.hierarchical.NodeTestTask.lambda$executeRecursively$8(NodeTestTask.java:141)
	at org.junit.platform.engine.support.hierarchical.Node.around(Node.java:137)
	at org.junit.platform.engine.support.hierarchical.NodeTestTask.lambda$executeRecursively$9(NodeTestTask.java:139)
	at org.junit.platform.engine.support.hierarchical.ThrowableCollector.execute(ThrowableCollector.java:73)
	at org.junit.platform.engine.support.hierarchical.NodeTestTask.executeRecursively(NodeTestTask.java:138)
	at org.junit.platform.engine.support.hierarchical.NodeTestTask.execute(NodeTestTask.java:95)
	at java.base/java.util.ArrayList.forEach(ArrayList.java:1541)
	at org.junit.platform.engine.support.hierarchical.SameThreadHierarchicalTestExecutorService.invokeAll(SameThreadHierarchicalTestExecutorService.java:41)
	at org.junit.platform.engine.support.hierarchical.NodeTestTask.lambda$executeRecursively$6(NodeTestTask.java:155)
	at org.junit.platform.engine.support.hierarchical.ThrowableCollector.execute(ThrowableCollector.java:73)
	at org.junit.platform.engine.support.hierarchical.NodeTestTask.lambda$executeRecursively$8(NodeTestTask.java:141)
	at org.junit.platform.engine.support.hierarchical.Node.around(Node.java:137)
	at org.junit.platform.engine.support.hierarchical.NodeTestTask.lambda$executeRecursively$9(NodeTestTask.java:139)
	at org.junit.platform.engine.support.hierarchical.ThrowableCollector.execute(ThrowableCollector.java:73)
	at org.junit.platform.engine.support.hierarchical.NodeTestTask.executeRecursively(NodeTestTask.java:138)
	at org.junit.platform.engine.support.hierarchical.NodeTestTask.execute(NodeTestTask.java:95)
	at org.junit.platform.engine.support.hierarchical.SameThreadHierarchicalTestExecutorService.submit(SameThreadHierarchicalTestExecutorService.java:35)
	at org.junit.platform.engine.support.hierarchical.HierarchicalTestExecutor.execute(HierarchicalTestExecutor.java:57)
	at org.junit.platform.engine.support.hierarchical.HierarchicalTestEngine.execute(HierarchicalTestEngine.java:54)
	at org.junit.platform.launcher.core.EngineExecutionOrchestrator.execute(EngineExecutionOrchestrator.java:107)
	at org.junit.platform.launcher.core.EngineExecutionOrchestrator.execute(EngineExecutionOrchestrator.java:88)
	at org.junit.platform.launcher.core.EngineExecutionOrchestrator.lambda$execute$0(EngineExecutionOrchestrator.java:54)
	at org.junit.platform.launcher.core.EngineExecutionOrchestrator.withInterceptedStreams(EngineExecutionOrchestrator.java:67)
	at org.junit.platform.launcher.core.EngineExecutionOrchestrator.execute(EngineExecutionOrchestrator.java:52)
	at org.junit.platform.launcher.core.DefaultLauncher.execute(DefaultLauncher.java:114)
	at org.junit.platform.launcher.core.DefaultLauncher.execute(DefaultLauncher.java:86)
	at org.junit.platform.launcher.core.DefaultLauncherSession$DelegatingLauncher.execute(DefaultLauncherSession.java:86)
	at org.gradle.api.internal.tasks.testing.junitplatform.JUnitPlatformTestClassProcessor$CollectAllTestClassesExecutor.processAllTestClasses(JUnitPlatformTestClassProcessor.java:110)
	at org.gradle.api.internal.tasks.testing.junitplatform.JUnitPlatformTestClassProcessor$CollectAllTestClassesExecutor.access$000(JUnitPlatformTestClassProcessor.java:90)
	at org.gradle.api.internal.tasks.testing.junitplatform.JUnitPlatformTestClassProcessor.stop(JUnitPlatformTestClassProcessor.java:85)
	at org.gradle.api.internal.tasks.testing.SuiteTestClassProcessor.stop(SuiteTestClassProcessor.java:62)
	at java.base/jdk.internal.reflect.NativeMethodAccessorImpl.invoke0(Native Method)
	at java.base/jdk.internal.reflect.NativeMethodAccessorImpl.invoke(NativeMethodAccessorImpl.java:62)
	at java.base/jdk.internal.reflect.DelegatingMethodAccessorImpl.invoke(DelegatingMethodAccessorImpl.java:43)
	at java.base/java.lang.reflect.Method.invoke(Method.java:566)
	at org.gradle.internal.dispatch.ReflectionDispatch.dispatch(ReflectionDispatch.java:36)
	at org.gradle.internal.dispatch.ReflectionDispatch.dispatch(ReflectionDispatch.java:24)
	at org.gradle.internal.dispatch.ContextClassLoaderDispatch.dispatch(ContextClassLoaderDispatch.java:33)
	at org.gradle.internal.dispatch.ProxyDispatchAdapter$DispatchingInvocationHandler.invoke(ProxyDispatchAdapter.java:94)
	at com.sun.proxy.$Proxy2.stop(Unknown Source)
	at org.gradle.api.internal.tasks.testing.worker.TestWorker$3.run(TestWorker.java:193)
	at org.gradle.api.internal.tasks.testing.worker.TestWorker.executeAndMaintainThreadName(TestWorker.java:129)
	at org.gradle.api.internal.tasks.testing.worker.TestWorker.execute(TestWorker.java:100)
	at org.gradle.api.internal.tasks.testing.worker.TestWorker.execute(TestWorker.java:60)
	at org.gradle.process.internal.worker.child.ActionExecutionWorker.execute(ActionExecutionWorker.java:56)
	at org.gradle.process.internal.worker.child.SystemApplicationClassLoaderWorker.call(SystemApplicationClassLoaderWorker.java:113)
	at org.gradle.process.internal.worker.child.SystemApplicationClassLoaderWorker.call(SystemApplicationClassLoaderWorker.java:65)
	at worker.org.gradle.process.internal.worker.GradleWorkerMain.run(GradleWorkerMain.java:69)
	at worker.org.gradle.process.internal.worker.GradleWorkerMain.main(GradleWorkerMain.java:74)
</failure>
  </testcase>
  <testcase name="joinTest()" classname="bdbe.bdbd.member.owner.OwnerRestControllerTest" time="0.218">
    <failure message="java.lang.AssertionError: JSON path &quot;$.success&quot; expected:&lt;true&gt; but was:&lt;false&gt;" type="java.lang.AssertionError">java.lang.AssertionError: JSON path &quot;$.success&quot; expected:&lt;true&gt; but was:&lt;false&gt;
	at org.springframework.test.util.AssertionErrors.fail(AssertionErrors.java:59)
	at org.springframework.test.util.AssertionErrors.assertEquals(AssertionErrors.java:122)
	at org.springframework.test.util.JsonPathExpectationsHelper.assertValue(JsonPathExpectationsHelper.java:125)
	at org.springframework.test.web.servlet.result.JsonPathResultMatchers.lambda$value$2(JsonPathResultMatchers.java:111)
	at org.springframework.test.web.servlet.MockMvc$1.andExpect(MockMvc.java:214)
	at bdbe.bdbd.member.owner.OwnerRestControllerTest.joinTest(OwnerRestControllerTest.java:109)
	at java.base/jdk.internal.reflect.NativeMethodAccessorImpl.invoke0(Native Method)
	at java.base/jdk.internal.reflect.NativeMethodAccessorImpl.invoke(NativeMethodAccessorImpl.java:62)
	at java.base/jdk.internal.reflect.DelegatingMethodAccessorImpl.invoke(DelegatingMethodAccessorImpl.java:43)
	at java.base/java.lang.reflect.Method.invoke(Method.java:566)
	at org.junit.platform.commons.util.ReflectionUtils.invokeMethod(ReflectionUtils.java:725)
	at org.junit.jupiter.engine.execution.MethodInvocation.proceed(MethodInvocation.java:60)
	at org.junit.jupiter.engine.execution.InvocationInterceptorChain$ValidatingInvocation.proceed(InvocationInterceptorChain.java:131)
	at org.junit.jupiter.engine.extension.TimeoutExtension.intercept(TimeoutExtension.java:149)
	at org.junit.jupiter.engine.extension.TimeoutExtension.interceptTestableMethod(TimeoutExtension.java:140)
	at org.junit.jupiter.engine.extension.TimeoutExtension.interceptTestMethod(TimeoutExtension.java:84)
	at org.junit.jupiter.engine.execution.ExecutableInvoker$ReflectiveInterceptorCall.lambda$ofVoidMethod$0(ExecutableInvoker.java:115)
	at org.junit.jupiter.engine.execution.ExecutableInvoker.lambda$invoke$0(ExecutableInvoker.java:105)
	at org.junit.jupiter.engine.execution.InvocationInterceptorChain$InterceptedInvocation.proceed(InvocationInterceptorChain.java:106)
	at org.junit.jupiter.engine.execution.InvocationInterceptorChain.proceed(InvocationInterceptorChain.java:64)
	at org.junit.jupiter.engine.execution.InvocationInterceptorChain.chainAndInvoke(InvocationInterceptorChain.java:45)
	at org.junit.jupiter.engine.execution.InvocationInterceptorChain.invoke(InvocationInterceptorChain.java:37)
	at org.junit.jupiter.engine.execution.ExecutableInvoker.invoke(ExecutableInvoker.java:104)
	at org.junit.jupiter.engine.execution.ExecutableInvoker.invoke(ExecutableInvoker.java:98)
	at org.junit.jupiter.engine.descriptor.TestMethodTestDescriptor.lambda$invokeTestMethod$7(TestMethodTestDescriptor.java:214)
	at org.junit.platform.engine.support.hierarchical.ThrowableCollector.execute(ThrowableCollector.java:73)
	at org.junit.jupiter.engine.descriptor.TestMethodTestDescriptor.invokeTestMethod(TestMethodTestDescriptor.java:210)
	at org.junit.jupiter.engine.descriptor.TestMethodTestDescriptor.execute(TestMethodTestDescriptor.java:135)
	at org.junit.jupiter.engine.descriptor.TestMethodTestDescriptor.execute(TestMethodTestDescriptor.java:66)
	at org.junit.platform.engine.support.hierarchical.NodeTestTask.lambda$executeRecursively$6(NodeTestTask.java:151)
	at org.junit.platform.engine.support.hierarchical.ThrowableCollector.execute(ThrowableCollector.java:73)
	at org.junit.platform.engine.support.hierarchical.NodeTestTask.lambda$executeRecursively$8(NodeTestTask.java:141)
	at org.junit.platform.engine.support.hierarchical.Node.around(Node.java:137)
	at org.junit.platform.engine.support.hierarchical.NodeTestTask.lambda$executeRecursively$9(NodeTestTask.java:139)
	at org.junit.platform.engine.support.hierarchical.ThrowableCollector.execute(ThrowableCollector.java:73)
	at org.junit.platform.engine.support.hierarchical.NodeTestTask.executeRecursively(NodeTestTask.java:138)
	at org.junit.platform.engine.support.hierarchical.NodeTestTask.execute(NodeTestTask.java:95)
	at java.base/java.util.ArrayList.forEach(ArrayList.java:1541)
	at org.junit.platform.engine.support.hierarchical.SameThreadHierarchicalTestExecutorService.invokeAll(SameThreadHierarchicalTestExecutorService.java:41)
	at org.junit.platform.engine.support.hierarchical.NodeTestTask.lambda$executeRecursively$6(NodeTestTask.java:155)
	at org.junit.platform.engine.support.hierarchical.ThrowableCollector.execute(ThrowableCollector.java:73)
	at org.junit.platform.engine.support.hierarchical.NodeTestTask.lambda$executeRecursively$8(NodeTestTask.java:141)
	at org.junit.platform.engine.support.hierarchical.Node.around(Node.java:137)
	at org.junit.platform.engine.support.hierarchical.NodeTestTask.lambda$executeRecursively$9(NodeTestTask.java:139)
	at org.junit.platform.engine.support.hierarchical.ThrowableCollector.execute(ThrowableCollector.java:73)
	at org.junit.platform.engine.support.hierarchical.NodeTestTask.executeRecursively(NodeTestTask.java:138)
	at org.junit.platform.engine.support.hierarchical.NodeTestTask.execute(NodeTestTask.java:95)
	at java.base/java.util.ArrayList.forEach(ArrayList.java:1541)
	at org.junit.platform.engine.support.hierarchical.SameThreadHierarchicalTestExecutorService.invokeAll(SameThreadHierarchicalTestExecutorService.java:41)
	at org.junit.platform.engine.support.hierarchical.NodeTestTask.lambda$executeRecursively$6(NodeTestTask.java:155)
	at org.junit.platform.engine.support.hierarchical.ThrowableCollector.execute(ThrowableCollector.java:73)
	at org.junit.platform.engine.support.hierarchical.NodeTestTask.lambda$executeRecursively$8(NodeTestTask.java:141)
	at org.junit.platform.engine.support.hierarchical.Node.around(Node.java:137)
	at org.junit.platform.engine.support.hierarchical.NodeTestTask.lambda$executeRecursively$9(NodeTestTask.java:139)
	at org.junit.platform.engine.support.hierarchical.ThrowableCollector.execute(ThrowableCollector.java:73)
	at org.junit.platform.engine.support.hierarchical.NodeTestTask.executeRecursively(NodeTestTask.java:138)
	at org.junit.platform.engine.support.hierarchical.NodeTestTask.execute(NodeTestTask.java:95)
	at org.junit.platform.engine.support.hierarchical.SameThreadHierarchicalTestExecutorService.submit(SameThreadHierarchicalTestExecutorService.java:35)
	at org.junit.platform.engine.support.hierarchical.HierarchicalTestExecutor.execute(HierarchicalTestExecutor.java:57)
	at org.junit.platform.engine.support.hierarchical.HierarchicalTestEngine.execute(HierarchicalTestEngine.java:54)
	at org.junit.platform.launcher.core.EngineExecutionOrchestrator.execute(EngineExecutionOrchestrator.java:107)
	at org.junit.platform.launcher.core.EngineExecutionOrchestrator.execute(EngineExecutionOrchestrator.java:88)
	at org.junit.platform.launcher.core.EngineExecutionOrchestrator.lambda$execute$0(EngineExecutionOrchestrator.java:54)
	at org.junit.platform.launcher.core.EngineExecutionOrchestrator.withInterceptedStreams(EngineExecutionOrchestrator.java:67)
	at org.junit.platform.launcher.core.EngineExecutionOrchestrator.execute(EngineExecutionOrchestrator.java:52)
	at org.junit.platform.launcher.core.DefaultLauncher.execute(DefaultLauncher.java:114)
	at org.junit.platform.launcher.core.DefaultLauncher.execute(DefaultLauncher.java:86)
	at org.junit.platform.launcher.core.DefaultLauncherSession$DelegatingLauncher.execute(DefaultLauncherSession.java:86)
	at org.gradle.api.internal.tasks.testing.junitplatform.JUnitPlatformTestClassProcessor$CollectAllTestClassesExecutor.processAllTestClasses(JUnitPlatformTestClassProcessor.java:110)
	at org.gradle.api.internal.tasks.testing.junitplatform.JUnitPlatformTestClassProcessor$CollectAllTestClassesExecutor.access$000(JUnitPlatformTestClassProcessor.java:90)
	at org.gradle.api.internal.tasks.testing.junitplatform.JUnitPlatformTestClassProcessor.stop(JUnitPlatformTestClassProcessor.java:85)
	at org.gradle.api.internal.tasks.testing.SuiteTestClassProcessor.stop(SuiteTestClassProcessor.java:62)
	at java.base/jdk.internal.reflect.NativeMethodAccessorImpl.invoke0(Native Method)
	at java.base/jdk.internal.reflect.NativeMethodAccessorImpl.invoke(NativeMethodAccessorImpl.java:62)
	at java.base/jdk.internal.reflect.DelegatingMethodAccessorImpl.invoke(DelegatingMethodAccessorImpl.java:43)
	at java.base/java.lang.reflect.Method.invoke(Method.java:566)
	at org.gradle.internal.dispatch.ReflectionDispatch.dispatch(ReflectionDispatch.java:36)
	at org.gradle.internal.dispatch.ReflectionDispatch.dispatch(ReflectionDispatch.java:24)
	at org.gradle.internal.dispatch.ContextClassLoaderDispatch.dispatch(ContextClassLoaderDispatch.java:33)
	at org.gradle.internal.dispatch.ProxyDispatchAdapter$DispatchingInvocationHandler.invoke(ProxyDispatchAdapter.java:94)
	at com.sun.proxy.$Proxy2.stop(Unknown Source)
	at org.gradle.api.internal.tasks.testing.worker.TestWorker$3.run(TestWorker.java:193)
	at org.gradle.api.internal.tasks.testing.worker.TestWorker.executeAndMaintainThreadName(TestWorker.java:129)
	at org.gradle.api.internal.tasks.testing.worker.TestWorker.execute(TestWorker.java:100)
	at org.gradle.api.internal.tasks.testing.worker.TestWorker.execute(TestWorker.java:60)
	at org.gradle.process.internal.worker.child.ActionExecutionWorker.execute(ActionExecutionWorker.java:56)
	at org.gradle.process.internal.worker.child.SystemApplicationClassLoaderWorker.call(SystemApplicationClassLoaderWorker.java:113)
	at org.gradle.process.internal.worker.child.SystemApplicationClassLoaderWorker.call(SystemApplicationClassLoaderWorker.java:65)
	at worker.org.gradle.process.internal.worker.GradleWorkerMain.run(GradleWorkerMain.java:69)
	at worker.org.gradle.process.internal.worker.GradleWorkerMain.main(GradleWorkerMain.java:74)
</failure>
  </testcase>
  <testcase name="매출관리" classname="bdbe.bdbd.member.owner.OwnerRestControllerTest" time="0.36">
    <failure message="java.lang.AssertionError: JSON path &quot;$.success&quot; expected:&lt;true&gt; but was:&lt;false&gt;" type="java.lang.AssertionError">java.lang.AssertionError: JSON path &quot;$.success&quot; expected:&lt;true&gt; but was:&lt;false&gt;
	at org.springframework.test.util.AssertionErrors.fail(AssertionErrors.java:59)
	at org.springframework.test.util.AssertionErrors.assertEquals(AssertionErrors.java:122)
	at org.springframework.test.util.JsonPathExpectationsHelper.assertValue(JsonPathExpectationsHelper.java:125)
	at org.springframework.test.web.servlet.result.JsonPathResultMatchers.lambda$value$2(JsonPathResultMatchers.java:111)
	at org.springframework.test.web.servlet.MockMvc$1.andExpect(MockMvc.java:214)
	at bdbe.bdbd.member.owner.OwnerRestControllerTest.findAllReservationByOwner_test(OwnerRestControllerTest.java:167)
	at java.base/jdk.internal.reflect.NativeMethodAccessorImpl.invoke0(Native Method)
	at java.base/jdk.internal.reflect.NativeMethodAccessorImpl.invoke(NativeMethodAccessorImpl.java:62)
	at java.base/jdk.internal.reflect.DelegatingMethodAccessorImpl.invoke(DelegatingMethodAccessorImpl.java:43)
	at java.base/java.lang.reflect.Method.invoke(Method.java:566)
	at org.junit.platform.commons.util.ReflectionUtils.invokeMethod(ReflectionUtils.java:725)
	at org.junit.jupiter.engine.execution.MethodInvocation.proceed(MethodInvocation.java:60)
	at org.junit.jupiter.engine.execution.InvocationInterceptorChain$ValidatingInvocation.proceed(InvocationInterceptorChain.java:131)
	at org.junit.jupiter.engine.extension.TimeoutExtension.intercept(TimeoutExtension.java:149)
	at org.junit.jupiter.engine.extension.TimeoutExtension.interceptTestableMethod(TimeoutExtension.java:140)
	at org.junit.jupiter.engine.extension.TimeoutExtension.interceptTestMethod(TimeoutExtension.java:84)
	at org.junit.jupiter.engine.execution.ExecutableInvoker$ReflectiveInterceptorCall.lambda$ofVoidMethod$0(ExecutableInvoker.java:115)
	at org.junit.jupiter.engine.execution.ExecutableInvoker.lambda$invoke$0(ExecutableInvoker.java:105)
	at org.junit.jupiter.engine.execution.InvocationInterceptorChain$InterceptedInvocation.proceed(InvocationInterceptorChain.java:106)
	at org.junit.jupiter.engine.execution.InvocationInterceptorChain.proceed(InvocationInterceptorChain.java:64)
	at org.junit.jupiter.engine.execution.InvocationInterceptorChain.chainAndInvoke(InvocationInterceptorChain.java:45)
	at org.junit.jupiter.engine.execution.InvocationInterceptorChain.invoke(InvocationInterceptorChain.java:37)
	at org.junit.jupiter.engine.execution.ExecutableInvoker.invoke(ExecutableInvoker.java:104)
	at org.junit.jupiter.engine.execution.ExecutableInvoker.invoke(ExecutableInvoker.java:98)
	at org.junit.jupiter.engine.descriptor.TestMethodTestDescriptor.lambda$invokeTestMethod$7(TestMethodTestDescriptor.java:214)
	at org.junit.platform.engine.support.hierarchical.ThrowableCollector.execute(ThrowableCollector.java:73)
	at org.junit.jupiter.engine.descriptor.TestMethodTestDescriptor.invokeTestMethod(TestMethodTestDescriptor.java:210)
	at org.junit.jupiter.engine.descriptor.TestMethodTestDescriptor.execute(TestMethodTestDescriptor.java:135)
	at org.junit.jupiter.engine.descriptor.TestMethodTestDescriptor.execute(TestMethodTestDescriptor.java:66)
	at org.junit.platform.engine.support.hierarchical.NodeTestTask.lambda$executeRecursively$6(NodeTestTask.java:151)
	at org.junit.platform.engine.support.hierarchical.ThrowableCollector.execute(ThrowableCollector.java:73)
	at org.junit.platform.engine.support.hierarchical.NodeTestTask.lambda$executeRecursively$8(NodeTestTask.java:141)
	at org.junit.platform.engine.support.hierarchical.Node.around(Node.java:137)
	at org.junit.platform.engine.support.hierarchical.NodeTestTask.lambda$executeRecursively$9(NodeTestTask.java:139)
	at org.junit.platform.engine.support.hierarchical.ThrowableCollector.execute(ThrowableCollector.java:73)
	at org.junit.platform.engine.support.hierarchical.NodeTestTask.executeRecursively(NodeTestTask.java:138)
	at org.junit.platform.engine.support.hierarchical.NodeTestTask.execute(NodeTestTask.java:95)
	at java.base/java.util.ArrayList.forEach(ArrayList.java:1541)
	at org.junit.platform.engine.support.hierarchical.SameThreadHierarchicalTestExecutorService.invokeAll(SameThreadHierarchicalTestExecutorService.java:41)
	at org.junit.platform.engine.support.hierarchical.NodeTestTask.lambda$executeRecursively$6(NodeTestTask.java:155)
	at org.junit.platform.engine.support.hierarchical.ThrowableCollector.execute(ThrowableCollector.java:73)
	at org.junit.platform.engine.support.hierarchical.NodeTestTask.lambda$executeRecursively$8(NodeTestTask.java:141)
	at org.junit.platform.engine.support.hierarchical.Node.around(Node.java:137)
	at org.junit.platform.engine.support.hierarchical.NodeTestTask.lambda$executeRecursively$9(NodeTestTask.java:139)
	at org.junit.platform.engine.support.hierarchical.ThrowableCollector.execute(ThrowableCollector.java:73)
	at org.junit.platform.engine.support.hierarchical.NodeTestTask.executeRecursively(NodeTestTask.java:138)
	at org.junit.platform.engine.support.hierarchical.NodeTestTask.execute(NodeTestTask.java:95)
	at java.base/java.util.ArrayList.forEach(ArrayList.java:1541)
	at org.junit.platform.engine.support.hierarchical.SameThreadHierarchicalTestExecutorService.invokeAll(SameThreadHierarchicalTestExecutorService.java:41)
	at org.junit.platform.engine.support.hierarchical.NodeTestTask.lambda$executeRecursively$6(NodeTestTask.java:155)
	at org.junit.platform.engine.support.hierarchical.ThrowableCollector.execute(ThrowableCollector.java:73)
	at org.junit.platform.engine.support.hierarchical.NodeTestTask.lambda$executeRecursively$8(NodeTestTask.java:141)
	at org.junit.platform.engine.support.hierarchical.Node.around(Node.java:137)
	at org.junit.platform.engine.support.hierarchical.NodeTestTask.lambda$executeRecursively$9(NodeTestTask.java:139)
	at org.junit.platform.engine.support.hierarchical.ThrowableCollector.execute(ThrowableCollector.java:73)
	at org.junit.platform.engine.support.hierarchical.NodeTestTask.executeRecursively(NodeTestTask.java:138)
	at org.junit.platform.engine.support.hierarchical.NodeTestTask.execute(NodeTestTask.java:95)
	at org.junit.platform.engine.support.hierarchical.SameThreadHierarchicalTestExecutorService.submit(SameThreadHierarchicalTestExecutorService.java:35)
	at org.junit.platform.engine.support.hierarchical.HierarchicalTestExecutor.execute(HierarchicalTestExecutor.java:57)
	at org.junit.platform.engine.support.hierarchical.HierarchicalTestEngine.execute(HierarchicalTestEngine.java:54)
	at org.junit.platform.launcher.core.EngineExecutionOrchestrator.execute(EngineExecutionOrchestrator.java:107)
	at org.junit.platform.launcher.core.EngineExecutionOrchestrator.execute(EngineExecutionOrchestrator.java:88)
	at org.junit.platform.launcher.core.EngineExecutionOrchestrator.lambda$execute$0(EngineExecutionOrchestrator.java:54)
	at org.junit.platform.launcher.core.EngineExecutionOrchestrator.withInterceptedStreams(EngineExecutionOrchestrator.java:67)
	at org.junit.platform.launcher.core.EngineExecutionOrchestrator.execute(EngineExecutionOrchestrator.java:52)
	at org.junit.platform.launcher.core.DefaultLauncher.execute(DefaultLauncher.java:114)
	at org.junit.platform.launcher.core.DefaultLauncher.execute(DefaultLauncher.java:86)
	at org.junit.platform.launcher.core.DefaultLauncherSession$DelegatingLauncher.execute(DefaultLauncherSession.java:86)
	at org.gradle.api.internal.tasks.testing.junitplatform.JUnitPlatformTestClassProcessor$CollectAllTestClassesExecutor.processAllTestClasses(JUnitPlatformTestClassProcessor.java:110)
	at org.gradle.api.internal.tasks.testing.junitplatform.JUnitPlatformTestClassProcessor$CollectAllTestClassesExecutor.access$000(JUnitPlatformTestClassProcessor.java:90)
	at org.gradle.api.internal.tasks.testing.junitplatform.JUnitPlatformTestClassProcessor.stop(JUnitPlatformTestClassProcessor.java:85)
	at org.gradle.api.internal.tasks.testing.SuiteTestClassProcessor.stop(SuiteTestClassProcessor.java:62)
	at java.base/jdk.internal.reflect.NativeMethodAccessorImpl.invoke0(Native Method)
	at java.base/jdk.internal.reflect.NativeMethodAccessorImpl.invoke(NativeMethodAccessorImpl.java:62)
	at java.base/jdk.internal.reflect.DelegatingMethodAccessorImpl.invoke(DelegatingMethodAccessorImpl.java:43)
	at java.base/java.lang.reflect.Method.invoke(Method.java:566)
	at org.gradle.internal.dispatch.ReflectionDispatch.dispatch(ReflectionDispatch.java:36)
	at org.gradle.internal.dispatch.ReflectionDispatch.dispatch(ReflectionDispatch.java:24)
	at org.gradle.internal.dispatch.ContextClassLoaderDispatch.dispatch(ContextClassLoaderDispatch.java:33)
	at org.gradle.internal.dispatch.ProxyDispatchAdapter$DispatchingInvocationHandler.invoke(ProxyDispatchAdapter.java:94)
	at com.sun.proxy.$Proxy2.stop(Unknown Source)
	at org.gradle.api.internal.tasks.testing.worker.TestWorker$3.run(TestWorker.java:193)
	at org.gradle.api.internal.tasks.testing.worker.TestWorker.executeAndMaintainThreadName(TestWorker.java:129)
	at org.gradle.api.internal.tasks.testing.worker.TestWorker.execute(TestWorker.java:100)
	at org.gradle.api.internal.tasks.testing.worker.TestWorker.execute(TestWorker.java:60)
	at org.gradle.process.internal.worker.child.ActionExecutionWorker.execute(ActionExecutionWorker.java:56)
	at org.gradle.process.internal.worker.child.SystemApplicationClassLoaderWorker.call(SystemApplicationClassLoaderWorker.java:113)
	at org.gradle.process.internal.worker.child.SystemApplicationClassLoaderWorker.call(SystemApplicationClassLoaderWorker.java:65)
	at worker.org.gradle.process.internal.worker.GradleWorkerMain.run(GradleWorkerMain.java:69)
	at worker.org.gradle.process.internal.worker.GradleWorkerMain.main(GradleWorkerMain.java:74)
</failure>
  </testcase>
  <testcase name="checkTest()" classname="bdbe.bdbd.member.owner.OwnerRestControllerTest" time="0.225">
    <failure message="java.lang.AssertionError: JSON path &quot;$.success&quot; expected:&lt;true&gt; but was:&lt;false&gt;" type="java.lang.AssertionError">java.lang.AssertionError: JSON path &quot;$.success&quot; expected:&lt;true&gt; but was:&lt;false&gt;
	at org.springframework.test.util.AssertionErrors.fail(AssertionErrors.java:59)
	at org.springframework.test.util.AssertionErrors.assertEquals(AssertionErrors.java:122)
	at org.springframework.test.util.JsonPathExpectationsHelper.assertValue(JsonPathExpectationsHelper.java:125)
	at org.springframework.test.web.servlet.result.JsonPathResultMatchers.lambda$value$2(JsonPathResultMatchers.java:111)
	at org.springframework.test.web.servlet.MockMvc$1.andExpect(MockMvc.java:214)
	at bdbe.bdbd.member.owner.OwnerRestControllerTest.checkTest(OwnerRestControllerTest.java:89)
	at java.base/jdk.internal.reflect.NativeMethodAccessorImpl.invoke0(Native Method)
	at java.base/jdk.internal.reflect.NativeMethodAccessorImpl.invoke(NativeMethodAccessorImpl.java:62)
	at java.base/jdk.internal.reflect.DelegatingMethodAccessorImpl.invoke(DelegatingMethodAccessorImpl.java:43)
	at java.base/java.lang.reflect.Method.invoke(Method.java:566)
	at org.junit.platform.commons.util.ReflectionUtils.invokeMethod(ReflectionUtils.java:725)
	at org.junit.jupiter.engine.execution.MethodInvocation.proceed(MethodInvocation.java:60)
	at org.junit.jupiter.engine.execution.InvocationInterceptorChain$ValidatingInvocation.proceed(InvocationInterceptorChain.java:131)
	at org.junit.jupiter.engine.extension.TimeoutExtension.intercept(TimeoutExtension.java:149)
	at org.junit.jupiter.engine.extension.TimeoutExtension.interceptTestableMethod(TimeoutExtension.java:140)
	at org.junit.jupiter.engine.extension.TimeoutExtension.interceptTestMethod(TimeoutExtension.java:84)
	at org.junit.jupiter.engine.execution.ExecutableInvoker$ReflectiveInterceptorCall.lambda$ofVoidMethod$0(ExecutableInvoker.java:115)
	at org.junit.jupiter.engine.execution.ExecutableInvoker.lambda$invoke$0(ExecutableInvoker.java:105)
	at org.junit.jupiter.engine.execution.InvocationInterceptorChain$InterceptedInvocation.proceed(InvocationInterceptorChain.java:106)
	at org.junit.jupiter.engine.execution.InvocationInterceptorChain.proceed(InvocationInterceptorChain.java:64)
	at org.junit.jupiter.engine.execution.InvocationInterceptorChain.chainAndInvoke(InvocationInterceptorChain.java:45)
	at org.junit.jupiter.engine.execution.InvocationInterceptorChain.invoke(InvocationInterceptorChain.java:37)
	at org.junit.jupiter.engine.execution.ExecutableInvoker.invoke(ExecutableInvoker.java:104)
	at org.junit.jupiter.engine.execution.ExecutableInvoker.invoke(ExecutableInvoker.java:98)
	at org.junit.jupiter.engine.descriptor.TestMethodTestDescriptor.lambda$invokeTestMethod$7(TestMethodTestDescriptor.java:214)
	at org.junit.platform.engine.support.hierarchical.ThrowableCollector.execute(ThrowableCollector.java:73)
	at org.junit.jupiter.engine.descriptor.TestMethodTestDescriptor.invokeTestMethod(TestMethodTestDescriptor.java:210)
	at org.junit.jupiter.engine.descriptor.TestMethodTestDescriptor.execute(TestMethodTestDescriptor.java:135)
	at org.junit.jupiter.engine.descriptor.TestMethodTestDescriptor.execute(TestMethodTestDescriptor.java:66)
	at org.junit.platform.engine.support.hierarchical.NodeTestTask.lambda$executeRecursively$6(NodeTestTask.java:151)
	at org.junit.platform.engine.support.hierarchical.ThrowableCollector.execute(ThrowableCollector.java:73)
	at org.junit.platform.engine.support.hierarchical.NodeTestTask.lambda$executeRecursively$8(NodeTestTask.java:141)
	at org.junit.platform.engine.support.hierarchical.Node.around(Node.java:137)
	at org.junit.platform.engine.support.hierarchical.NodeTestTask.lambda$executeRecursively$9(NodeTestTask.java:139)
	at org.junit.platform.engine.support.hierarchical.ThrowableCollector.execute(ThrowableCollector.java:73)
	at org.junit.platform.engine.support.hierarchical.NodeTestTask.executeRecursively(NodeTestTask.java:138)
	at org.junit.platform.engine.support.hierarchical.NodeTestTask.execute(NodeTestTask.java:95)
	at java.base/java.util.ArrayList.forEach(ArrayList.java:1541)
	at org.junit.platform.engine.support.hierarchical.SameThreadHierarchicalTestExecutorService.invokeAll(SameThreadHierarchicalTestExecutorService.java:41)
	at org.junit.platform.engine.support.hierarchical.NodeTestTask.lambda$executeRecursively$6(NodeTestTask.java:155)
	at org.junit.platform.engine.support.hierarchical.ThrowableCollector.execute(ThrowableCollector.java:73)
	at org.junit.platform.engine.support.hierarchical.NodeTestTask.lambda$executeRecursively$8(NodeTestTask.java:141)
	at org.junit.platform.engine.support.hierarchical.Node.around(Node.java:137)
	at org.junit.platform.engine.support.hierarchical.NodeTestTask.lambda$executeRecursively$9(NodeTestTask.java:139)
	at org.junit.platform.engine.support.hierarchical.ThrowableCollector.execute(ThrowableCollector.java:73)
	at org.junit.platform.engine.support.hierarchical.NodeTestTask.executeRecursively(NodeTestTask.java:138)
	at org.junit.platform.engine.support.hierarchical.NodeTestTask.execute(NodeTestTask.java:95)
	at java.base/java.util.ArrayList.forEach(ArrayList.java:1541)
	at org.junit.platform.engine.support.hierarchical.SameThreadHierarchicalTestExecutorService.invokeAll(SameThreadHierarchicalTestExecutorService.java:41)
	at org.junit.platform.engine.support.hierarchical.NodeTestTask.lambda$executeRecursively$6(NodeTestTask.java:155)
	at org.junit.platform.engine.support.hierarchical.ThrowableCollector.execute(ThrowableCollector.java:73)
	at org.junit.platform.engine.support.hierarchical.NodeTestTask.lambda$executeRecursively$8(NodeTestTask.java:141)
	at org.junit.platform.engine.support.hierarchical.Node.around(Node.java:137)
	at org.junit.platform.engine.support.hierarchical.NodeTestTask.lambda$executeRecursively$9(NodeTestTask.java:139)
	at org.junit.platform.engine.support.hierarchical.ThrowableCollector.execute(ThrowableCollector.java:73)
	at org.junit.platform.engine.support.hierarchical.NodeTestTask.executeRecursively(NodeTestTask.java:138)
	at org.junit.platform.engine.support.hierarchical.NodeTestTask.execute(NodeTestTask.java:95)
	at org.junit.platform.engine.support.hierarchical.SameThreadHierarchicalTestExecutorService.submit(SameThreadHierarchicalTestExecutorService.java:35)
	at org.junit.platform.engine.support.hierarchical.HierarchicalTestExecutor.execute(HierarchicalTestExecutor.java:57)
	at org.junit.platform.engine.support.hierarchical.HierarchicalTestEngine.execute(HierarchicalTestEngine.java:54)
	at org.junit.platform.launcher.core.EngineExecutionOrchestrator.execute(EngineExecutionOrchestrator.java:107)
	at org.junit.platform.launcher.core.EngineExecutionOrchestrator.execute(EngineExecutionOrchestrator.java:88)
	at org.junit.platform.launcher.core.EngineExecutionOrchestrator.lambda$execute$0(EngineExecutionOrchestrator.java:54)
	at org.junit.platform.launcher.core.EngineExecutionOrchestrator.withInterceptedStreams(EngineExecutionOrchestrator.java:67)
	at org.junit.platform.launcher.core.EngineExecutionOrchestrator.execute(EngineExecutionOrchestrator.java:52)
	at org.junit.platform.launcher.core.DefaultLauncher.execute(DefaultLauncher.java:114)
	at org.junit.platform.launcher.core.DefaultLauncher.execute(DefaultLauncher.java:86)
	at org.junit.platform.launcher.core.DefaultLauncherSession$DelegatingLauncher.execute(DefaultLauncherSession.java:86)
	at org.gradle.api.internal.tasks.testing.junitplatform.JUnitPlatformTestClassProcessor$CollectAllTestClassesExecutor.processAllTestClasses(JUnitPlatformTestClassProcessor.java:110)
	at org.gradle.api.internal.tasks.testing.junitplatform.JUnitPlatformTestClassProcessor$CollectAllTestClassesExecutor.access$000(JUnitPlatformTestClassProcessor.java:90)
	at org.gradle.api.internal.tasks.testing.junitplatform.JUnitPlatformTestClassProcessor.stop(JUnitPlatformTestClassProcessor.java:85)
	at org.gradle.api.internal.tasks.testing.SuiteTestClassProcessor.stop(SuiteTestClassProcessor.java:62)
	at java.base/jdk.internal.reflect.NativeMethodAccessorImpl.invoke0(Native Method)
	at java.base/jdk.internal.reflect.NativeMethodAccessorImpl.invoke(NativeMethodAccessorImpl.java:62)
	at java.base/jdk.internal.reflect.DelegatingMethodAccessorImpl.invoke(DelegatingMethodAccessorImpl.java:43)
	at java.base/java.lang.reflect.Method.invoke(Method.java:566)
	at org.gradle.internal.dispatch.ReflectionDispatch.dispatch(ReflectionDispatch.java:36)
	at org.gradle.internal.dispatch.ReflectionDispatch.dispatch(ReflectionDispatch.java:24)
	at org.gradle.internal.dispatch.ContextClassLoaderDispatch.dispatch(ContextClassLoaderDispatch.java:33)
	at org.gradle.internal.dispatch.ProxyDispatchAdapter$DispatchingInvocationHandler.invoke(ProxyDispatchAdapter.java:94)
	at com.sun.proxy.$Proxy2.stop(Unknown Source)
	at org.gradle.api.internal.tasks.testing.worker.TestWorker$3.run(TestWorker.java:193)
	at org.gradle.api.internal.tasks.testing.worker.TestWorker.executeAndMaintainThreadName(TestWorker.java:129)
	at org.gradle.api.internal.tasks.testing.worker.TestWorker.execute(TestWorker.java:100)
	at org.gradle.api.internal.tasks.testing.worker.TestWorker.execute(TestWorker.java:60)
	at org.gradle.process.internal.worker.child.ActionExecutionWorker.execute(ActionExecutionWorker.java:56)
	at org.gradle.process.internal.worker.child.SystemApplicationClassLoaderWorker.call(SystemApplicationClassLoaderWorker.java:113)
	at org.gradle.process.internal.worker.child.SystemApplicationClassLoaderWorker.call(SystemApplicationClassLoaderWorker.java:65)
	at worker.org.gradle.process.internal.worker.GradleWorkerMain.run(GradleWorkerMain.java:69)
	at worker.org.gradle.process.internal.worker.GradleWorkerMain.main(GradleWorkerMain.java:74)
</failure>
  </testcase>
  <testcase name="매장 관리 - 세차장별" classname="bdbe.bdbd.member.owner.OwnerRestControllerTest" time="0.368"/>
  <testcase name="세차장들의 한달 매출 조회 기능" classname="bdbe.bdbd.member.owner.OwnerRestControllerTest" time="0.277"/>
  <testcase name="매장 관리 - owner별" classname="bdbe.bdbd.member.owner.OwnerRestControllerTest" time="0.327">
    <failure message="java.lang.AssertionError: JSON path &quot;$.success&quot; expected:&lt;true&gt; but was:&lt;false&gt;" type="java.lang.AssertionError">java.lang.AssertionError: JSON path &quot;$.success&quot; expected:&lt;true&gt; but was:&lt;false&gt;
	at org.springframework.test.util.AssertionErrors.fail(AssertionErrors.java:59)
	at org.springframework.test.util.AssertionErrors.assertEquals(AssertionErrors.java:122)
	at org.springframework.test.util.JsonPathExpectationsHelper.assertValue(JsonPathExpectationsHelper.java:125)
	at org.springframework.test.web.servlet.result.JsonPathResultMatchers.lambda$value$2(JsonPathResultMatchers.java:111)
	at org.springframework.test.web.servlet.MockMvc$1.andExpect(MockMvc.java:214)
	at bdbe.bdbd.member.owner.OwnerRestControllerTest.fetchOwnerReservationOverview_test(OwnerRestControllerTest.java:201)
	at java.base/jdk.internal.reflect.NativeMethodAccessorImpl.invoke0(Native Method)
	at java.base/jdk.internal.reflect.NativeMethodAccessorImpl.invoke(NativeMethodAccessorImpl.java:62)
	at java.base/jdk.internal.reflect.DelegatingMethodAccessorImpl.invoke(DelegatingMethodAccessorImpl.java:43)
	at java.base/java.lang.reflect.Method.invoke(Method.java:566)
	at org.junit.platform.commons.util.ReflectionUtils.invokeMethod(ReflectionUtils.java:725)
	at org.junit.jupiter.engine.execution.MethodInvocation.proceed(MethodInvocation.java:60)
	at org.junit.jupiter.engine.execution.InvocationInterceptorChain$ValidatingInvocation.proceed(InvocationInterceptorChain.java:131)
	at org.junit.jupiter.engine.extension.TimeoutExtension.intercept(TimeoutExtension.java:149)
	at org.junit.jupiter.engine.extension.TimeoutExtension.interceptTestableMethod(TimeoutExtension.java:140)
	at org.junit.jupiter.engine.extension.TimeoutExtension.interceptTestMethod(TimeoutExtension.java:84)
	at org.junit.jupiter.engine.execution.ExecutableInvoker$ReflectiveInterceptorCall.lambda$ofVoidMethod$0(ExecutableInvoker.java:115)
	at org.junit.jupiter.engine.execution.ExecutableInvoker.lambda$invoke$0(ExecutableInvoker.java:105)
	at org.junit.jupiter.engine.execution.InvocationInterceptorChain$InterceptedInvocation.proceed(InvocationInterceptorChain.java:106)
	at org.junit.jupiter.engine.execution.InvocationInterceptorChain.proceed(InvocationInterceptorChain.java:64)
	at org.junit.jupiter.engine.execution.InvocationInterceptorChain.chainAndInvoke(InvocationInterceptorChain.java:45)
	at org.junit.jupiter.engine.execution.InvocationInterceptorChain.invoke(InvocationInterceptorChain.java:37)
	at org.junit.jupiter.engine.execution.ExecutableInvoker.invoke(ExecutableInvoker.java:104)
	at org.junit.jupiter.engine.execution.ExecutableInvoker.invoke(ExecutableInvoker.java:98)
	at org.junit.jupiter.engine.descriptor.TestMethodTestDescriptor.lambda$invokeTestMethod$7(TestMethodTestDescriptor.java:214)
	at org.junit.platform.engine.support.hierarchical.ThrowableCollector.execute(ThrowableCollector.java:73)
	at org.junit.jupiter.engine.descriptor.TestMethodTestDescriptor.invokeTestMethod(TestMethodTestDescriptor.java:210)
	at org.junit.jupiter.engine.descriptor.TestMethodTestDescriptor.execute(TestMethodTestDescriptor.java:135)
	at org.junit.jupiter.engine.descriptor.TestMethodTestDescriptor.execute(TestMethodTestDescriptor.java:66)
	at org.junit.platform.engine.support.hierarchical.NodeTestTask.lambda$executeRecursively$6(NodeTestTask.java:151)
	at org.junit.platform.engine.support.hierarchical.ThrowableCollector.execute(ThrowableCollector.java:73)
	at org.junit.platform.engine.support.hierarchical.NodeTestTask.lambda$executeRecursively$8(NodeTestTask.java:141)
	at org.junit.platform.engine.support.hierarchical.Node.around(Node.java:137)
	at org.junit.platform.engine.support.hierarchical.NodeTestTask.lambda$executeRecursively$9(NodeTestTask.java:139)
	at org.junit.platform.engine.support.hierarchical.ThrowableCollector.execute(ThrowableCollector.java:73)
	at org.junit.platform.engine.support.hierarchical.NodeTestTask.executeRecursively(NodeTestTask.java:138)
	at org.junit.platform.engine.support.hierarchical.NodeTestTask.execute(NodeTestTask.java:95)
	at java.base/java.util.ArrayList.forEach(ArrayList.java:1541)
	at org.junit.platform.engine.support.hierarchical.SameThreadHierarchicalTestExecutorService.invokeAll(SameThreadHierarchicalTestExecutorService.java:41)
	at org.junit.platform.engine.support.hierarchical.NodeTestTask.lambda$executeRecursively$6(NodeTestTask.java:155)
	at org.junit.platform.engine.support.hierarchical.ThrowableCollector.execute(ThrowableCollector.java:73)
	at org.junit.platform.engine.support.hierarchical.NodeTestTask.lambda$executeRecursively$8(NodeTestTask.java:141)
	at org.junit.platform.engine.support.hierarchical.Node.around(Node.java:137)
	at org.junit.platform.engine.support.hierarchical.NodeTestTask.lambda$executeRecursively$9(NodeTestTask.java:139)
	at org.junit.platform.engine.support.hierarchical.ThrowableCollector.execute(ThrowableCollector.java:73)
	at org.junit.platform.engine.support.hierarchical.NodeTestTask.executeRecursively(NodeTestTask.java:138)
	at org.junit.platform.engine.support.hierarchical.NodeTestTask.execute(NodeTestTask.java:95)
	at java.base/java.util.ArrayList.forEach(ArrayList.java:1541)
	at org.junit.platform.engine.support.hierarchical.SameThreadHierarchicalTestExecutorService.invokeAll(SameThreadHierarchicalTestExecutorService.java:41)
	at org.junit.platform.engine.support.hierarchical.NodeTestTask.lambda$executeRecursively$6(NodeTestTask.java:155)
	at org.junit.platform.engine.support.hierarchical.ThrowableCollector.execute(ThrowableCollector.java:73)
	at org.junit.platform.engine.support.hierarchical.NodeTestTask.lambda$executeRecursively$8(NodeTestTask.java:141)
	at org.junit.platform.engine.support.hierarchical.Node.around(Node.java:137)
	at org.junit.platform.engine.support.hierarchical.NodeTestTask.lambda$executeRecursively$9(NodeTestTask.java:139)
	at org.junit.platform.engine.support.hierarchical.ThrowableCollector.execute(ThrowableCollector.java:73)
	at org.junit.platform.engine.support.hierarchical.NodeTestTask.executeRecursively(NodeTestTask.java:138)
	at org.junit.platform.engine.support.hierarchical.NodeTestTask.execute(NodeTestTask.java:95)
	at org.junit.platform.engine.support.hierarchical.SameThreadHierarchicalTestExecutorService.submit(SameThreadHierarchicalTestExecutorService.java:35)
	at org.junit.platform.engine.support.hierarchical.HierarchicalTestExecutor.execute(HierarchicalTestExecutor.java:57)
	at org.junit.platform.engine.support.hierarchical.HierarchicalTestEngine.execute(HierarchicalTestEngine.java:54)
	at org.junit.platform.launcher.core.EngineExecutionOrchestrator.execute(EngineExecutionOrchestrator.java:107)
	at org.junit.platform.launcher.core.EngineExecutionOrchestrator.execute(EngineExecutionOrchestrator.java:88)
	at org.junit.platform.launcher.core.EngineExecutionOrchestrator.lambda$execute$0(EngineExecutionOrchestrator.java:54)
	at org.junit.platform.launcher.core.EngineExecutionOrchestrator.withInterceptedStreams(EngineExecutionOrchestrator.java:67)
	at org.junit.platform.launcher.core.EngineExecutionOrchestrator.execute(EngineExecutionOrchestrator.java:52)
	at org.junit.platform.launcher.core.DefaultLauncher.execute(DefaultLauncher.java:114)
	at org.junit.platform.launcher.core.DefaultLauncher.execute(DefaultLauncher.java:86)
	at org.junit.platform.launcher.core.DefaultLauncherSession$DelegatingLauncher.execute(DefaultLauncherSession.java:86)
	at org.gradle.api.internal.tasks.testing.junitplatform.JUnitPlatformTestClassProcessor$CollectAllTestClassesExecutor.processAllTestClasses(JUnitPlatformTestClassProcessor.java:110)
	at org.gradle.api.internal.tasks.testing.junitplatform.JUnitPlatformTestClassProcessor$CollectAllTestClassesExecutor.access$000(JUnitPlatformTestClassProcessor.java:90)
	at org.gradle.api.internal.tasks.testing.junitplatform.JUnitPlatformTestClassProcessor.stop(JUnitPlatformTestClassProcessor.java:85)
	at org.gradle.api.internal.tasks.testing.SuiteTestClassProcessor.stop(SuiteTestClassProcessor.java:62)
	at java.base/jdk.internal.reflect.NativeMethodAccessorImpl.invoke0(Native Method)
	at java.base/jdk.internal.reflect.NativeMethodAccessorImpl.invoke(NativeMethodAccessorImpl.java:62)
	at java.base/jdk.internal.reflect.DelegatingMethodAccessorImpl.invoke(DelegatingMethodAccessorImpl.java:43)
	at java.base/java.lang.reflect.Method.invoke(Method.java:566)
	at org.gradle.internal.dispatch.ReflectionDispatch.dispatch(ReflectionDispatch.java:36)
	at org.gradle.internal.dispatch.ReflectionDispatch.dispatch(ReflectionDispatch.java:24)
	at org.gradle.internal.dispatch.ContextClassLoaderDispatch.dispatch(ContextClassLoaderDispatch.java:33)
	at org.gradle.internal.dispatch.ProxyDispatchAdapter$DispatchingInvocationHandler.invoke(ProxyDispatchAdapter.java:94)
	at com.sun.proxy.$Proxy2.stop(Unknown Source)
	at org.gradle.api.internal.tasks.testing.worker.TestWorker$3.run(TestWorker.java:193)
	at org.gradle.api.internal.tasks.testing.worker.TestWorker.executeAndMaintainThreadName(TestWorker.java:129)
	at org.gradle.api.internal.tasks.testing.worker.TestWorker.execute(TestWorker.java:100)
	at org.gradle.api.internal.tasks.testing.worker.TestWorker.execute(TestWorker.java:60)
	at org.gradle.process.internal.worker.child.ActionExecutionWorker.execute(ActionExecutionWorker.java:56)
	at org.gradle.process.internal.worker.child.SystemApplicationClassLoaderWorker.call(SystemApplicationClassLoaderWorker.java:113)
	at org.gradle.process.internal.worker.child.SystemApplicationClassLoaderWorker.call(SystemApplicationClassLoaderWorker.java:65)
	at worker.org.gradle.process.internal.worker.GradleWorkerMain.run(GradleWorkerMain.java:69)
	at worker.org.gradle.process.internal.worker.GradleWorkerMain.main(GradleWorkerMain.java:74)
</failure>
  </testcase>
  <testcase name="세차장 홈" classname="bdbe.bdbd.member.owner.OwnerRestControllerTest" time="0.604">
    <failure message="java.lang.AssertionError: JSON path &quot;$.success&quot; expected:&lt;true&gt; but was:&lt;false&gt;" type="java.lang.AssertionError">java.lang.AssertionError: JSON path &quot;$.success&quot; expected:&lt;true&gt; but was:&lt;false&gt;
	at org.springframework.test.util.AssertionErrors.fail(AssertionErrors.java:59)
	at org.springframework.test.util.AssertionErrors.assertEquals(AssertionErrors.java:122)
	at org.springframework.test.util.JsonPathExpectationsHelper.assertValue(JsonPathExpectationsHelper.java:125)
	at org.springframework.test.web.servlet.result.JsonPathResultMatchers.lambda$value$2(JsonPathResultMatchers.java:111)
	at org.springframework.test.web.servlet.MockMvc$1.andExpect(MockMvc.java:214)
	at bdbe.bdbd.member.owner.OwnerRestControllerTest.OwnerHome_test(OwnerRestControllerTest.java:232)
	at java.base/jdk.internal.reflect.NativeMethodAccessorImpl.invoke0(Native Method)
	at java.base/jdk.internal.reflect.NativeMethodAccessorImpl.invoke(NativeMethodAccessorImpl.java:62)
	at java.base/jdk.internal.reflect.DelegatingMethodAccessorImpl.invoke(DelegatingMethodAccessorImpl.java:43)
	at java.base/java.lang.reflect.Method.invoke(Method.java:566)
	at org.junit.platform.commons.util.ReflectionUtils.invokeMethod(ReflectionUtils.java:725)
	at org.junit.jupiter.engine.execution.MethodInvocation.proceed(MethodInvocation.java:60)
	at org.junit.jupiter.engine.execution.InvocationInterceptorChain$ValidatingInvocation.proceed(InvocationInterceptorChain.java:131)
	at org.junit.jupiter.engine.extension.TimeoutExtension.intercept(TimeoutExtension.java:149)
	at org.junit.jupiter.engine.extension.TimeoutExtension.interceptTestableMethod(TimeoutExtension.java:140)
	at org.junit.jupiter.engine.extension.TimeoutExtension.interceptTestMethod(TimeoutExtension.java:84)
	at org.junit.jupiter.engine.execution.ExecutableInvoker$ReflectiveInterceptorCall.lambda$ofVoidMethod$0(ExecutableInvoker.java:115)
	at org.junit.jupiter.engine.execution.ExecutableInvoker.lambda$invoke$0(ExecutableInvoker.java:105)
	at org.junit.jupiter.engine.execution.InvocationInterceptorChain$InterceptedInvocation.proceed(InvocationInterceptorChain.java:106)
	at org.junit.jupiter.engine.execution.InvocationInterceptorChain.proceed(InvocationInterceptorChain.java:64)
	at org.junit.jupiter.engine.execution.InvocationInterceptorChain.chainAndInvoke(InvocationInterceptorChain.java:45)
	at org.junit.jupiter.engine.execution.InvocationInterceptorChain.invoke(InvocationInterceptorChain.java:37)
	at org.junit.jupiter.engine.execution.ExecutableInvoker.invoke(ExecutableInvoker.java:104)
	at org.junit.jupiter.engine.execution.ExecutableInvoker.invoke(ExecutableInvoker.java:98)
	at org.junit.jupiter.engine.descriptor.TestMethodTestDescriptor.lambda$invokeTestMethod$7(TestMethodTestDescriptor.java:214)
	at org.junit.platform.engine.support.hierarchical.ThrowableCollector.execute(ThrowableCollector.java:73)
	at org.junit.jupiter.engine.descriptor.TestMethodTestDescriptor.invokeTestMethod(TestMethodTestDescriptor.java:210)
	at org.junit.jupiter.engine.descriptor.TestMethodTestDescriptor.execute(TestMethodTestDescriptor.java:135)
	at org.junit.jupiter.engine.descriptor.TestMethodTestDescriptor.execute(TestMethodTestDescriptor.java:66)
	at org.junit.platform.engine.support.hierarchical.NodeTestTask.lambda$executeRecursively$6(NodeTestTask.java:151)
	at org.junit.platform.engine.support.hierarchical.ThrowableCollector.execute(ThrowableCollector.java:73)
	at org.junit.platform.engine.support.hierarchical.NodeTestTask.lambda$executeRecursively$8(NodeTestTask.java:141)
	at org.junit.platform.engine.support.hierarchical.Node.around(Node.java:137)
	at org.junit.platform.engine.support.hierarchical.NodeTestTask.lambda$executeRecursively$9(NodeTestTask.java:139)
	at org.junit.platform.engine.support.hierarchical.ThrowableCollector.execute(ThrowableCollector.java:73)
	at org.junit.platform.engine.support.hierarchical.NodeTestTask.executeRecursively(NodeTestTask.java:138)
	at org.junit.platform.engine.support.hierarchical.NodeTestTask.execute(NodeTestTask.java:95)
	at java.base/java.util.ArrayList.forEach(ArrayList.java:1541)
	at org.junit.platform.engine.support.hierarchical.SameThreadHierarchicalTestExecutorService.invokeAll(SameThreadHierarchicalTestExecutorService.java:41)
	at org.junit.platform.engine.support.hierarchical.NodeTestTask.lambda$executeRecursively$6(NodeTestTask.java:155)
	at org.junit.platform.engine.support.hierarchical.ThrowableCollector.execute(ThrowableCollector.java:73)
	at org.junit.platform.engine.support.hierarchical.NodeTestTask.lambda$executeRecursively$8(NodeTestTask.java:141)
	at org.junit.platform.engine.support.hierarchical.Node.around(Node.java:137)
	at org.junit.platform.engine.support.hierarchical.NodeTestTask.lambda$executeRecursively$9(NodeTestTask.java:139)
	at org.junit.platform.engine.support.hierarchical.ThrowableCollector.execute(ThrowableCollector.java:73)
	at org.junit.platform.engine.support.hierarchical.NodeTestTask.executeRecursively(NodeTestTask.java:138)
	at org.junit.platform.engine.support.hierarchical.NodeTestTask.execute(NodeTestTask.java:95)
	at java.base/java.util.ArrayList.forEach(ArrayList.java:1541)
	at org.junit.platform.engine.support.hierarchical.SameThreadHierarchicalTestExecutorService.invokeAll(SameThreadHierarchicalTestExecutorService.java:41)
	at org.junit.platform.engine.support.hierarchical.NodeTestTask.lambda$executeRecursively$6(NodeTestTask.java:155)
	at org.junit.platform.engine.support.hierarchical.ThrowableCollector.execute(ThrowableCollector.java:73)
	at org.junit.platform.engine.support.hierarchical.NodeTestTask.lambda$executeRecursively$8(NodeTestTask.java:141)
	at org.junit.platform.engine.support.hierarchical.Node.around(Node.java:137)
	at org.junit.platform.engine.support.hierarchical.NodeTestTask.lambda$executeRecursively$9(NodeTestTask.java:139)
	at org.junit.platform.engine.support.hierarchical.ThrowableCollector.execute(ThrowableCollector.java:73)
	at org.junit.platform.engine.support.hierarchical.NodeTestTask.executeRecursively(NodeTestTask.java:138)
	at org.junit.platform.engine.support.hierarchical.NodeTestTask.execute(NodeTestTask.java:95)
	at org.junit.platform.engine.support.hierarchical.SameThreadHierarchicalTestExecutorService.submit(SameThreadHierarchicalTestExecutorService.java:35)
	at org.junit.platform.engine.support.hierarchical.HierarchicalTestExecutor.execute(HierarchicalTestExecutor.java:57)
	at org.junit.platform.engine.support.hierarchical.HierarchicalTestEngine.execute(HierarchicalTestEngine.java:54)
	at org.junit.platform.launcher.core.EngineExecutionOrchestrator.execute(EngineExecutionOrchestrator.java:107)
	at org.junit.platform.launcher.core.EngineExecutionOrchestrator.execute(EngineExecutionOrchestrator.java:88)
	at org.junit.platform.launcher.core.EngineExecutionOrchestrator.lambda$execute$0(EngineExecutionOrchestrator.java:54)
	at org.junit.platform.launcher.core.EngineExecutionOrchestrator.withInterceptedStreams(EngineExecutionOrchestrator.java:67)
	at org.junit.platform.launcher.core.EngineExecutionOrchestrator.execute(EngineExecutionOrchestrator.java:52)
	at org.junit.platform.launcher.core.DefaultLauncher.execute(DefaultLauncher.java:114)
	at org.junit.platform.launcher.core.DefaultLauncher.execute(DefaultLauncher.java:86)
	at org.junit.platform.launcher.core.DefaultLauncherSession$DelegatingLauncher.execute(DefaultLauncherSession.java:86)
	at org.gradle.api.internal.tasks.testing.junitplatform.JUnitPlatformTestClassProcessor$CollectAllTestClassesExecutor.processAllTestClasses(JUnitPlatformTestClassProcessor.java:110)
	at org.gradle.api.internal.tasks.testing.junitplatform.JUnitPlatformTestClassProcessor$CollectAllTestClassesExecutor.access$000(JUnitPlatformTestClassProcessor.java:90)
	at org.gradle.api.internal.tasks.testing.junitplatform.JUnitPlatformTestClassProcessor.stop(JUnitPlatformTestClassProcessor.java:85)
	at org.gradle.api.internal.tasks.testing.SuiteTestClassProcessor.stop(SuiteTestClassProcessor.java:62)
	at java.base/jdk.internal.reflect.NativeMethodAccessorImpl.invoke0(Native Method)
	at java.base/jdk.internal.reflect.NativeMethodAccessorImpl.invoke(NativeMethodAccessorImpl.java:62)
	at java.base/jdk.internal.reflect.DelegatingMethodAccessorImpl.invoke(DelegatingMethodAccessorImpl.java:43)
	at java.base/java.lang.reflect.Method.invoke(Method.java:566)
	at org.gradle.internal.dispatch.ReflectionDispatch.dispatch(ReflectionDispatch.java:36)
	at org.gradle.internal.dispatch.ReflectionDispatch.dispatch(ReflectionDispatch.java:24)
	at org.gradle.internal.dispatch.ContextClassLoaderDispatch.dispatch(ContextClassLoaderDispatch.java:33)
	at org.gradle.internal.dispatch.ProxyDispatchAdapter$DispatchingInvocationHandler.invoke(ProxyDispatchAdapter.java:94)
	at com.sun.proxy.$Proxy2.stop(Unknown Source)
	at org.gradle.api.internal.tasks.testing.worker.TestWorker$3.run(TestWorker.java:193)
	at org.gradle.api.internal.tasks.testing.worker.TestWorker.executeAndMaintainThreadName(TestWorker.java:129)
	at org.gradle.api.internal.tasks.testing.worker.TestWorker.execute(TestWorker.java:100)
	at org.gradle.api.internal.tasks.testing.worker.TestWorker.execute(TestWorker.java:60)
	at org.gradle.process.internal.worker.child.ActionExecutionWorker.execute(ActionExecutionWorker.java:56)
	at org.gradle.process.internal.worker.child.SystemApplicationClassLoaderWorker.call(SystemApplicationClassLoaderWorker.java:113)
	at org.gradle.process.internal.worker.child.SystemApplicationClassLoaderWorker.call(SystemApplicationClassLoaderWorker.java:65)
	at worker.org.gradle.process.internal.worker.GradleWorkerMain.run(GradleWorkerMain.java:69)
	at worker.org.gradle.process.internal.worker.GradleWorkerMain.main(GradleWorkerMain.java:74)
</failure>
  </testcase>
  <testcase name="loginAsUserOnOwnerPageTest()" classname="bdbe.bdbd.member.owner.OwnerRestControllerTest" time="0.251">
    <failure message="java.lang.AssertionError: JSON path &quot;$.error.message&quot; expected:&lt;can't access this page&gt; but was:&lt;null&gt;" type="java.lang.AssertionError">java.lang.AssertionError: JSON path &quot;$.error.message&quot; expected:&lt;can't access this page&gt; but was:&lt;null&gt;
	at org.springframework.test.util.AssertionErrors.fail(AssertionErrors.java:59)
	at org.springframework.test.util.AssertionErrors.assertEquals(AssertionErrors.java:122)
	at org.springframework.test.util.JsonPathExpectationsHelper.assertValue(JsonPathExpectationsHelper.java:125)
	at org.springframework.test.web.servlet.result.JsonPathResultMatchers.lambda$value$2(JsonPathResultMatchers.java:111)
	at org.springframework.test.web.servlet.MockMvc$1.andExpect(MockMvc.java:214)
	at bdbe.bdbd.member.owner.OwnerRestControllerTest.loginAsUserOnOwnerPageTest(OwnerRestControllerTest.java:147)
	at java.base/jdk.internal.reflect.NativeMethodAccessorImpl.invoke0(Native Method)
	at java.base/jdk.internal.reflect.NativeMethodAccessorImpl.invoke(NativeMethodAccessorImpl.java:62)
	at java.base/jdk.internal.reflect.DelegatingMethodAccessorImpl.invoke(DelegatingMethodAccessorImpl.java:43)
	at java.base/java.lang.reflect.Method.invoke(Method.java:566)
	at org.junit.platform.commons.util.ReflectionUtils.invokeMethod(ReflectionUtils.java:725)
	at org.junit.jupiter.engine.execution.MethodInvocation.proceed(MethodInvocation.java:60)
	at org.junit.jupiter.engine.execution.InvocationInterceptorChain$ValidatingInvocation.proceed(InvocationInterceptorChain.java:131)
	at org.junit.jupiter.engine.extension.TimeoutExtension.intercept(TimeoutExtension.java:149)
	at org.junit.jupiter.engine.extension.TimeoutExtension.interceptTestableMethod(TimeoutExtension.java:140)
	at org.junit.jupiter.engine.extension.TimeoutExtension.interceptTestMethod(TimeoutExtension.java:84)
	at org.junit.jupiter.engine.execution.ExecutableInvoker$ReflectiveInterceptorCall.lambda$ofVoidMethod$0(ExecutableInvoker.java:115)
	at org.junit.jupiter.engine.execution.ExecutableInvoker.lambda$invoke$0(ExecutableInvoker.java:105)
	at org.junit.jupiter.engine.execution.InvocationInterceptorChain$InterceptedInvocation.proceed(InvocationInterceptorChain.java:106)
	at org.junit.jupiter.engine.execution.InvocationInterceptorChain.proceed(InvocationInterceptorChain.java:64)
	at org.junit.jupiter.engine.execution.InvocationInterceptorChain.chainAndInvoke(InvocationInterceptorChain.java:45)
	at org.junit.jupiter.engine.execution.InvocationInterceptorChain.invoke(InvocationInterceptorChain.java:37)
	at org.junit.jupiter.engine.execution.ExecutableInvoker.invoke(ExecutableInvoker.java:104)
	at org.junit.jupiter.engine.execution.ExecutableInvoker.invoke(ExecutableInvoker.java:98)
	at org.junit.jupiter.engine.descriptor.TestMethodTestDescriptor.lambda$invokeTestMethod$7(TestMethodTestDescriptor.java:214)
	at org.junit.platform.engine.support.hierarchical.ThrowableCollector.execute(ThrowableCollector.java:73)
	at org.junit.jupiter.engine.descriptor.TestMethodTestDescriptor.invokeTestMethod(TestMethodTestDescriptor.java:210)
	at org.junit.jupiter.engine.descriptor.TestMethodTestDescriptor.execute(TestMethodTestDescriptor.java:135)
	at org.junit.jupiter.engine.descriptor.TestMethodTestDescriptor.execute(TestMethodTestDescriptor.java:66)
	at org.junit.platform.engine.support.hierarchical.NodeTestTask.lambda$executeRecursively$6(NodeTestTask.java:151)
	at org.junit.platform.engine.support.hierarchical.ThrowableCollector.execute(ThrowableCollector.java:73)
	at org.junit.platform.engine.support.hierarchical.NodeTestTask.lambda$executeRecursively$8(NodeTestTask.java:141)
	at org.junit.platform.engine.support.hierarchical.Node.around(Node.java:137)
	at org.junit.platform.engine.support.hierarchical.NodeTestTask.lambda$executeRecursively$9(NodeTestTask.java:139)
	at org.junit.platform.engine.support.hierarchical.ThrowableCollector.execute(ThrowableCollector.java:73)
	at org.junit.platform.engine.support.hierarchical.NodeTestTask.executeRecursively(NodeTestTask.java:138)
	at org.junit.platform.engine.support.hierarchical.NodeTestTask.execute(NodeTestTask.java:95)
	at java.base/java.util.ArrayList.forEach(ArrayList.java:1541)
	at org.junit.platform.engine.support.hierarchical.SameThreadHierarchicalTestExecutorService.invokeAll(SameThreadHierarchicalTestExecutorService.java:41)
	at org.junit.platform.engine.support.hierarchical.NodeTestTask.lambda$executeRecursively$6(NodeTestTask.java:155)
	at org.junit.platform.engine.support.hierarchical.ThrowableCollector.execute(ThrowableCollector.java:73)
	at org.junit.platform.engine.support.hierarchical.NodeTestTask.lambda$executeRecursively$8(NodeTestTask.java:141)
	at org.junit.platform.engine.support.hierarchical.Node.around(Node.java:137)
	at org.junit.platform.engine.support.hierarchical.NodeTestTask.lambda$executeRecursively$9(NodeTestTask.java:139)
	at org.junit.platform.engine.support.hierarchical.ThrowableCollector.execute(ThrowableCollector.java:73)
	at org.junit.platform.engine.support.hierarchical.NodeTestTask.executeRecursively(NodeTestTask.java:138)
	at org.junit.platform.engine.support.hierarchical.NodeTestTask.execute(NodeTestTask.java:95)
	at java.base/java.util.ArrayList.forEach(ArrayList.java:1541)
	at org.junit.platform.engine.support.hierarchical.SameThreadHierarchicalTestExecutorService.invokeAll(SameThreadHierarchicalTestExecutorService.java:41)
	at org.junit.platform.engine.support.hierarchical.NodeTestTask.lambda$executeRecursively$6(NodeTestTask.java:155)
	at org.junit.platform.engine.support.hierarchical.ThrowableCollector.execute(ThrowableCollector.java:73)
	at org.junit.platform.engine.support.hierarchical.NodeTestTask.lambda$executeRecursively$8(NodeTestTask.java:141)
	at org.junit.platform.engine.support.hierarchical.Node.around(Node.java:137)
	at org.junit.platform.engine.support.hierarchical.NodeTestTask.lambda$executeRecursively$9(NodeTestTask.java:139)
	at org.junit.platform.engine.support.hierarchical.ThrowableCollector.execute(ThrowableCollector.java:73)
	at org.junit.platform.engine.support.hierarchical.NodeTestTask.executeRecursively(NodeTestTask.java:138)
	at org.junit.platform.engine.support.hierarchical.NodeTestTask.execute(NodeTestTask.java:95)
	at org.junit.platform.engine.support.hierarchical.SameThreadHierarchicalTestExecutorService.submit(SameThreadHierarchicalTestExecutorService.java:35)
	at org.junit.platform.engine.support.hierarchical.HierarchicalTestExecutor.execute(HierarchicalTestExecutor.java:57)
	at org.junit.platform.engine.support.hierarchical.HierarchicalTestEngine.execute(HierarchicalTestEngine.java:54)
	at org.junit.platform.launcher.core.EngineExecutionOrchestrator.execute(EngineExecutionOrchestrator.java:107)
	at org.junit.platform.launcher.core.EngineExecutionOrchestrator.execute(EngineExecutionOrchestrator.java:88)
	at org.junit.platform.launcher.core.EngineExecutionOrchestrator.lambda$execute$0(EngineExecutionOrchestrator.java:54)
	at org.junit.platform.launcher.core.EngineExecutionOrchestrator.withInterceptedStreams(EngineExecutionOrchestrator.java:67)
	at org.junit.platform.launcher.core.EngineExecutionOrchestrator.execute(EngineExecutionOrchestrator.java:52)
	at org.junit.platform.launcher.core.DefaultLauncher.execute(DefaultLauncher.java:114)
	at org.junit.platform.launcher.core.DefaultLauncher.execute(DefaultLauncher.java:86)
	at org.junit.platform.launcher.core.DefaultLauncherSession$DelegatingLauncher.execute(DefaultLauncherSession.java:86)
	at org.gradle.api.internal.tasks.testing.junitplatform.JUnitPlatformTestClassProcessor$CollectAllTestClassesExecutor.processAllTestClasses(JUnitPlatformTestClassProcessor.java:110)
	at org.gradle.api.internal.tasks.testing.junitplatform.JUnitPlatformTestClassProcessor$CollectAllTestClassesExecutor.access$000(JUnitPlatformTestClassProcessor.java:90)
	at org.gradle.api.internal.tasks.testing.junitplatform.JUnitPlatformTestClassProcessor.stop(JUnitPlatformTestClassProcessor.java:85)
	at org.gradle.api.internal.tasks.testing.SuiteTestClassProcessor.stop(SuiteTestClassProcessor.java:62)
	at java.base/jdk.internal.reflect.NativeMethodAccessorImpl.invoke0(Native Method)
	at java.base/jdk.internal.reflect.NativeMethodAccessorImpl.invoke(NativeMethodAccessorImpl.java:62)
	at java.base/jdk.internal.reflect.DelegatingMethodAccessorImpl.invoke(DelegatingMethodAccessorImpl.java:43)
	at java.base/java.lang.reflect.Method.invoke(Method.java:566)
	at org.gradle.internal.dispatch.ReflectionDispatch.dispatch(ReflectionDispatch.java:36)
	at org.gradle.internal.dispatch.ReflectionDispatch.dispatch(ReflectionDispatch.java:24)
	at org.gradle.internal.dispatch.ContextClassLoaderDispatch.dispatch(ContextClassLoaderDispatch.java:33)
	at org.gradle.internal.dispatch.ProxyDispatchAdapter$DispatchingInvocationHandler.invoke(ProxyDispatchAdapter.java:94)
	at com.sun.proxy.$Proxy2.stop(Unknown Source)
	at org.gradle.api.internal.tasks.testing.worker.TestWorker$3.run(TestWorker.java:193)
	at org.gradle.api.internal.tasks.testing.worker.TestWorker.executeAndMaintainThreadName(TestWorker.java:129)
	at org.gradle.api.internal.tasks.testing.worker.TestWorker.execute(TestWorker.java:100)
	at org.gradle.api.internal.tasks.testing.worker.TestWorker.execute(TestWorker.java:60)
	at org.gradle.process.internal.worker.child.ActionExecutionWorker.execute(ActionExecutionWorker.java:56)
	at org.gradle.process.internal.worker.child.SystemApplicationClassLoaderWorker.call(SystemApplicationClassLoaderWorker.java:113)
	at org.gradle.process.internal.worker.child.SystemApplicationClassLoaderWorker.call(SystemApplicationClassLoaderWorker.java:65)
	at worker.org.gradle.process.internal.worker.GradleWorkerMain.run(GradleWorkerMain.java:69)
	at worker.org.gradle.process.internal.worker.GradleWorkerMain.main(GradleWorkerMain.java:74)
</failure>
  </testcase>
  <system-out><![CDATA[2023-11-10 21:23:51.478  INFO 87122 --- [    Test worker] .b.t.c.SpringBootTestContextBootstrapper : Neither @ContextConfiguration nor @ContextHierarchy found for test class [bdbe.bdbd.member.owner.OwnerRestControllerTest], using SpringBootContextLoader
2023-11-10 21:23:51.478  INFO 87122 --- [    Test worker] o.s.t.c.support.AbstractContextLoader    : Could not detect default resource locations for test class [bdbe.bdbd.member.owner.OwnerRestControllerTest]: no resource found for suffixes {-context.xml, Context.groovy}.
2023-11-10 21:23:51.478  INFO 87122 --- [    Test worker] t.c.s.AnnotationConfigContextLoaderUtils : Could not detect default configuration classes for test class [bdbe.bdbd.member.owner.OwnerRestControllerTest]: OwnerRestControllerTest does not declare any static, non-private, non-final, nested classes annotated with @Configuration.
2023-11-10 21:23:51.481  INFO 87122 --- [    Test worker] .b.t.c.SpringBootTestContextBootstrapper : Found @SpringBootConfiguration bdbe.bdbd.BdbdApplication for test class bdbe.bdbd.member.owner.OwnerRestControllerTest
2023-11-10 21:23:51.481  INFO 87122 --- [    Test worker] .b.t.c.SpringBootTestContextBootstrapper : Loaded default TestExecutionListener class names from location [META-INF/spring.factories]: [org.springframework.security.test.context.support.WithSecurityContextTestExecutionListener, org.springframework.security.test.context.support.ReactorContextTestExecutionListener, org.springframework.boot.test.autoconfigure.restdocs.RestDocsTestExecutionListener, org.springframework.boot.test.autoconfigure.web.client.MockRestServiceServerResetTestExecutionListener, org.springframework.boot.test.autoconfigure.web.servlet.MockMvcPrintOnlyOnFailureTestExecutionListener, org.springframework.boot.test.autoconfigure.web.servlet.WebDriverTestExecutionListener, org.springframework.boot.test.autoconfigure.webservices.client.MockWebServiceServerTestExecutionListener, org.springframework.boot.test.mock.mockito.MockitoTestExecutionListener, org.springframework.boot.test.mock.mockito.ResetMocksTestExecutionListener, org.springframework.test.context.web.ServletTestExecutionListener, org.springframework.test.context.support.DirtiesContextBeforeModesTestExecutionListener, org.springframework.test.context.event.ApplicationEventsTestExecutionListener, org.springframework.test.context.support.DependencyInjectionTestExecutionListener, org.springframework.test.context.support.DirtiesContextTestExecutionListener, org.springframework.test.context.transaction.TransactionalTestExecutionListener, org.springframework.test.context.jdbc.SqlScriptsTestExecutionListener, org.springframework.test.context.event.EventPublishingTestExecutionListener]
2023-11-10 21:23:51.482  INFO 87122 --- [    Test worker] .b.t.c.SpringBootTestContextBootstrapper : Using TestExecutionListeners: [org.springframework.test.context.web.ServletTestExecutionListener@54d66499, org.springframework.test.context.support.DirtiesContextBeforeModesTestExecutionListener@502f9271, org.springframework.test.context.event.ApplicationEventsTestExecutionListener@313b6907, org.springframework.boot.test.mock.mockito.MockitoTestExecutionListener@74e14434, org.springframework.boot.test.autoconfigure.SpringBootDependencyInjectionTestExecutionListener@13f4149d, org.springframework.test.context.support.DirtiesContextTestExecutionListener@3f64a088, org.springframework.test.context.transaction.TransactionalTestExecutionListener@557d9532, org.springframework.test.context.jdbc.SqlScriptsTestExecutionListener@2bc3ab4d, org.springframework.security.test.context.support.WithSecurityContextTestExecutionListener@18a01254, org.springframework.test.context.event.EventPublishingTestExecutionListener@25a8128, org.springframework.security.test.context.support.ReactorContextTestExecutionListener@3bb75054, org.springframework.boot.test.autoconfigure.restdocs.RestDocsTestExecutionListener@d980dac, org.springframework.boot.test.autoconfigure.web.client.MockRestServiceServerResetTestExecutionListener@15329cf9, org.springframework.boot.test.autoconfigure.web.servlet.MockMvcPrintOnlyOnFailureTestExecutionListener@43b70cb6, org.springframework.boot.test.autoconfigure.web.servlet.WebDriverTestExecutionListener@4203d164, org.springframework.boot.test.autoconfigure.webservices.client.MockWebServiceServerTestExecutionListener@fbb41e5, org.springframework.boot.test.mock.mockito.ResetMocksTestExecutionListener@eefc1bf]
2023-11-10 21:23:51.494  INFO 87122 --- [    Test worker] o.s.t.c.transaction.TransactionContext   : Began transaction (1) for test context [DefaultTestContext@152705d0 testClass = OwnerRestControllerTest, testInstance = bdbe.bdbd.member.owner.OwnerRestControllerTest@7da43bda, testMethod = loginTest@OwnerRestControllerTest, testException = [null], mergedContextConfiguration = [WebMergedContextConfiguration@1343eae6 testClass = OwnerRestControllerTest, locations = '{}', classes = '{class bdbe.bdbd.BdbdApplication}', contextInitializerClasses = '[]', activeProfiles = '{}', propertySourceLocations = '{}', propertySourceProperties = '{org.springframework.boot.test.context.SpringBootTestContextBootstrapper=true}', contextCustomizers = set[org.springframework.boot.test.autoconfigure.actuate.metrics.MetricsExportContextCustomizerFactory$DisableMetricExportContextCustomizer@4b3c354a, org.springframework.boot.test.autoconfigure.properties.PropertyMappingContextCustomizer@4b3fa0b3, org.springframework.boot.test.autoconfigure.web.servlet.WebDriverContextCustomizerFactory$Customizer@293d0107, [ImportsContextCustomizer@58c7bb01 key = [org.springframework.boot.test.autoconfigure.web.servlet.MockMvcAutoConfiguration, org.springframework.boot.test.autoconfigure.web.servlet.MockMvcWebClientAutoConfiguration, org.springframework.boot.test.autoconfigure.web.servlet.MockMvcWebDriverAutoConfiguration, org.springframework.boot.autoconfigure.security.oauth2.client.servlet.OAuth2ClientAutoConfiguration, org.springframework.boot.autoconfigure.security.oauth2.resource.servlet.OAuth2ResourceServerAutoConfiguration, org.springframework.boot.autoconfigure.security.servlet.SecurityAutoConfiguration, org.springframework.boot.autoconfigure.security.servlet.SecurityFilterAutoConfiguration, org.springframework.boot.autoconfigure.security.servlet.UserDetailsServiceAutoConfiguration, org.springframework.boot.test.autoconfigure.web.servlet.MockMvcSecurityConfiguration, org.springframework.boot.test.autoconfigure.web.reactive.WebTestClientAutoConfiguration]], org.springframework.boot.test.context.filter.ExcludeFilterContextCustomizer@62fad19, org.springframework.boot.test.json.DuplicateJsonObjectContextCustomizerFactory$DuplicateJsonObjectContextCustomizer@4f2613d1, org.springframework.boot.test.mock.mockito.MockitoContextCustomizer@0, org.springframework.boot.test.web.client.TestRestTemplateContextCustomizer@1c55f277, org.springframework.boot.test.context.SpringBootTestArgs@1, org.springframework.boot.test.context.SpringBootTestWebEnvironment@4ea5b703], resourceBasePath = 'src/main/webapp', contextLoader = 'org.springframework.boot.test.context.SpringBootContextLoader', parent = [null]], attributes = map['org.springframework.test.context.web.ServletTestExecutionListener.activateListener' -> true, 'org.springframework.test.context.web.ServletTestExecutionListener.populatedRequestContextHolder' -> true, 'org.springframework.test.context.web.ServletTestExecutionListener.resetRequestContextHolder' -> true, 'org.springframework.test.context.event.ApplicationEventsTestExecutionListener.recordApplicationEvents' -> false]]; transaction manager [org.springframework.orm.jpa.JpaTransactionManager@17fac5b2]; rollback [true]
Hibernate: 
    insert 
    into
        member
        (email, password, role, tel, username) 
    values
        (?, ?, ?, ?, ?)
2023-11-10 21:23:51.579 TRACE 87122 --- [    Test worker] o.h.type.descriptor.sql.BasicBinder      : binding parameter [1] as [VARCHAR] - [aaamockowner@naver.com]
2023-11-10 21:23:51.580 TRACE 87122 --- [    Test worker] o.h.type.descriptor.sql.BasicBinder      : binding parameter [2] as [VARCHAR] - [{bcrypt}$2a$10$2VhNz4iy72iM.Lbn.Mvd3OZEz896aV1cd7zVdc.S6HQ7M1j8nVbX.]
2023-11-10 21:23:51.580 TRACE 87122 --- [    Test worker] o.h.type.descriptor.sql.BasicBinder      : binding parameter [3] as [VARCHAR] - [ROLE_OWNER]
2023-11-10 21:23:51.580 TRACE 87122 --- [    Test worker] o.h.type.descriptor.sql.BasicBinder      : binding parameter [4] as [VARCHAR] - [010-1234-5678]
2023-11-10 21:23:51.581 TRACE 87122 --- [    Test worker] o.h.type.descriptor.sql.BasicBinder      : binding parameter [5] as [VARCHAR] - [aaamockowner]
Hibernate: 
    insert 
    into
        member
        (email, password, role, tel, username) 
    values
        (?, ?, ?, ?, ?)
2023-11-10 21:23:51.670 TRACE 87122 --- [    Test worker] o.h.type.descriptor.sql.BasicBinder      : binding parameter [1] as [VARCHAR] - [aaauserRoleUser@naver.com]
2023-11-10 21:23:51.670 TRACE 87122 --- [    Test worker] o.h.type.descriptor.sql.BasicBinder      : binding parameter [2] as [VARCHAR] - [{bcrypt}$2a$10$Wepa44zPuUgC5u3HQt25d.BI4vBj9S25EkZI0AR48GZVvh27ShmyK]
2023-11-10 21:23:51.670 TRACE 87122 --- [    Test worker] o.h.type.descriptor.sql.BasicBinder      : binding parameter [3] as [VARCHAR] - [ROLE_USER]
2023-11-10 21:23:51.670 TRACE 87122 --- [    Test worker] o.h.type.descriptor.sql.BasicBinder      : binding parameter [4] as [VARCHAR] - [010-1234-5678]
2023-11-10 21:23:51.670 TRACE 87122 --- [    Test worker] o.h.type.descriptor.sql.BasicBinder      : binding parameter [5] as [VARCHAR] - [aaauserRoleUser]

MockHttpServletRequest:
      HTTP Method = POST
      Request URI = /api/owner/login
       Parameters = {}
          Headers = [Content-Type:"application/json;charset=UTF-8", Content-Length:"57"]
             Body = {"email":"aaamockowner@naver.com","password":"asdf1234!"}
    Session Attrs = {}

Handler:
             Type = null

Async:
    Async started = false
     Async result = null

Resolved Exception:
             Type = null

ModelAndView:
        View name = null
             View = null
            Model = null

FlashMap:
       Attributes = null

MockHttpServletResponse:
           Status = 401
    Error message = null
          Headers = [Vary:"Origin", "Access-Control-Request-Method", "Access-Control-Request-Headers", Content-Type:"application/json; charset=utf-8", X-Content-Type-Options:"nosniff", X-XSS-Protection:"1; mode=block", Cache-Control:"no-cache, no-store, max-age=0, must-revalidate", Pragma:"no-cache", Expires:"0", X-Frame-Options:"SAMEORIGIN"]
     Content type = application/json; charset=utf-8
             Body = {"success":false,"response":null,"error":{"status":"401","code":"1201","message":{"auth":"Not authenticated"}}}

    Forwarded URL = null
   Redirected URL = null
          Cookies = []
2023-11-10 21:23:51.708  INFO 87122 --- [    Test worker] o.s.t.c.transaction.TransactionContext   : Rolled back transaction for test: [DefaultTestContext@152705d0 testClass = OwnerRestControllerTest, testInstance = bdbe.bdbd.member.owner.OwnerRestControllerTest@7da43bda, testMethod = loginTest@OwnerRestControllerTest, testException = java.lang.AssertionError: Status expected:<200> but was:<401>, mergedContextConfiguration = [WebMergedContextConfiguration@1343eae6 testClass = OwnerRestControllerTest, locations = '{}', classes = '{class bdbe.bdbd.BdbdApplication}', contextInitializerClasses = '[]', activeProfiles = '{}', propertySourceLocations = '{}', propertySourceProperties = '{org.springframework.boot.test.context.SpringBootTestContextBootstrapper=true}', contextCustomizers = set[org.springframework.boot.test.autoconfigure.actuate.metrics.MetricsExportContextCustomizerFactory$DisableMetricExportContextCustomizer@4b3c354a, org.springframework.boot.test.autoconfigure.properties.PropertyMappingContextCustomizer@4b3fa0b3, org.springframework.boot.test.autoconfigure.web.servlet.WebDriverContextCustomizerFactory$Customizer@293d0107, [ImportsContextCustomizer@58c7bb01 key = [org.springframework.boot.test.autoconfigure.web.servlet.MockMvcAutoConfiguration, org.springframework.boot.test.autoconfigure.web.servlet.MockMvcWebClientAutoConfiguration, org.springframework.boot.test.autoconfigure.web.servlet.MockMvcWebDriverAutoConfiguration, org.springframework.boot.autoconfigure.security.oauth2.client.servlet.OAuth2ClientAutoConfiguration, org.springframework.boot.autoconfigure.security.oauth2.resource.servlet.OAuth2ResourceServerAutoConfiguration, org.springframework.boot.autoconfigure.security.servlet.SecurityAutoConfiguration, org.springframework.boot.autoconfigure.security.servlet.SecurityFilterAutoConfiguration, org.springframework.boot.autoconfigure.security.servlet.UserDetailsServiceAutoConfiguration, org.springframework.boot.test.autoconfigure.web.servlet.MockMvcSecurityConfiguration, org.springframework.boot.test.autoconfigure.web.reactive.WebTestClientAutoConfiguration]], org.springframework.boot.test.context.filter.ExcludeFilterContextCustomizer@62fad19, org.springframework.boot.test.json.DuplicateJsonObjectContextCustomizerFactory$DuplicateJsonObjectContextCustomizer@4f2613d1, org.springframework.boot.test.mock.mockito.MockitoContextCustomizer@0, org.springframework.boot.test.web.client.TestRestTemplateContextCustomizer@1c55f277, org.springframework.boot.test.context.SpringBootTestArgs@1, org.springframework.boot.test.context.SpringBootTestWebEnvironment@4ea5b703], resourceBasePath = 'src/main/webapp', contextLoader = 'org.springframework.boot.test.context.SpringBootContextLoader', parent = [null]], attributes = map['org.springframework.test.context.web.ServletTestExecutionListener.activateListener' -> true, 'org.springframework.test.context.web.ServletTestExecutionListener.populatedRequestContextHolder' -> true, 'org.springframework.test.context.web.ServletTestExecutionListener.resetRequestContextHolder' -> true, 'org.springframework.test.context.event.ApplicationEventsTestExecutionListener.recordApplicationEvents' -> false]]
2023-11-10 21:23:51.720  INFO 87122 --- [    Test worker] o.s.t.c.transaction.TransactionContext   : Began transaction (1) for test context [DefaultTestContext@152705d0 testClass = OwnerRestControllerTest, testInstance = bdbe.bdbd.member.owner.OwnerRestControllerTest@42930a42, testMethod = joinTest@OwnerRestControllerTest, testException = [null], mergedContextConfiguration = [WebMergedContextConfiguration@1343eae6 testClass = OwnerRestControllerTest, locations = '{}', classes = '{class bdbe.bdbd.BdbdApplication}', contextInitializerClasses = '[]', activeProfiles = '{}', propertySourceLocations = '{}', propertySourceProperties = '{org.springframework.boot.test.context.SpringBootTestContextBootstrapper=true}', contextCustomizers = set[org.springframework.boot.test.autoconfigure.actuate.metrics.MetricsExportContextCustomizerFactory$DisableMetricExportContextCustomizer@4b3c354a, org.springframework.boot.test.autoconfigure.properties.PropertyMappingContextCustomizer@4b3fa0b3, org.springframework.boot.test.autoconfigure.web.servlet.WebDriverContextCustomizerFactory$Customizer@293d0107, [ImportsContextCustomizer@58c7bb01 key = [org.springframework.boot.test.autoconfigure.web.servlet.MockMvcAutoConfiguration, org.springframework.boot.test.autoconfigure.web.servlet.MockMvcWebClientAutoConfiguration, org.springframework.boot.test.autoconfigure.web.servlet.MockMvcWebDriverAutoConfiguration, org.springframework.boot.autoconfigure.security.oauth2.client.servlet.OAuth2ClientAutoConfiguration, org.springframework.boot.autoconfigure.security.oauth2.resource.servlet.OAuth2ResourceServerAutoConfiguration, org.springframework.boot.autoconfigure.security.servlet.SecurityAutoConfiguration, org.springframework.boot.autoconfigure.security.servlet.SecurityFilterAutoConfiguration, org.springframework.boot.autoconfigure.security.servlet.UserDetailsServiceAutoConfiguration, org.springframework.boot.test.autoconfigure.web.servlet.MockMvcSecurityConfiguration, org.springframework.boot.test.autoconfigure.web.reactive.WebTestClientAutoConfiguration]], org.springframework.boot.test.context.filter.ExcludeFilterContextCustomizer@62fad19, org.springframework.boot.test.json.DuplicateJsonObjectContextCustomizerFactory$DuplicateJsonObjectContextCustomizer@4f2613d1, org.springframework.boot.test.mock.mockito.MockitoContextCustomizer@0, org.springframework.boot.test.web.client.TestRestTemplateContextCustomizer@1c55f277, org.springframework.boot.test.context.SpringBootTestArgs@1, org.springframework.boot.test.context.SpringBootTestWebEnvironment@4ea5b703], resourceBasePath = 'src/main/webapp', contextLoader = 'org.springframework.boot.test.context.SpringBootContextLoader', parent = [null]], attributes = map['org.springframework.test.context.web.ServletTestExecutionListener.activateListener' -> true, 'org.springframework.test.context.web.ServletTestExecutionListener.populatedRequestContextHolder' -> true, 'org.springframework.test.context.web.ServletTestExecutionListener.resetRequestContextHolder' -> true, 'org.springframework.test.context.event.ApplicationEventsTestExecutionListener.recordApplicationEvents' -> false]]; transaction manager [org.springframework.orm.jpa.JpaTransactionManager@17fac5b2]; rollback [true]
Hibernate: 
    insert 
    into
        member
        (email, password, role, tel, username) 
    values
        (?, ?, ?, ?, ?)
2023-11-10 21:23:51.800 TRACE 87122 --- [    Test worker] o.h.type.descriptor.sql.BasicBinder      : binding parameter [1] as [VARCHAR] - [aaamockowner@naver.com]
2023-11-10 21:23:51.800 TRACE 87122 --- [    Test worker] o.h.type.descriptor.sql.BasicBinder      : binding parameter [2] as [VARCHAR] - [{bcrypt}$2a$10$glhB9j3pq9dbojmdmHwurOVowtQF53ujy3.hUyINddSELNzz.kWY.]
2023-11-10 21:23:51.800 TRACE 87122 --- [    Test worker] o.h.type.descriptor.sql.BasicBinder      : binding parameter [3] as [VARCHAR] - [ROLE_OWNER]
2023-11-10 21:23:51.800 TRACE 87122 --- [    Test worker] o.h.type.descriptor.sql.BasicBinder      : binding parameter [4] as [VARCHAR] - [010-1234-5678]
2023-11-10 21:23:51.801 TRACE 87122 --- [    Test worker] o.h.type.descriptor.sql.BasicBinder      : binding parameter [5] as [VARCHAR] - [aaamockowner]
Hibernate: 
    insert 
    into
        member
        (email, password, role, tel, username) 
    values
        (?, ?, ?, ?, ?)
2023-11-10 21:23:51.889 TRACE 87122 --- [    Test worker] o.h.type.descriptor.sql.BasicBinder      : binding parameter [1] as [VARCHAR] - [aaauserRoleUser@naver.com]
2023-11-10 21:23:51.889 TRACE 87122 --- [    Test worker] o.h.type.descriptor.sql.BasicBinder      : binding parameter [2] as [VARCHAR] - [{bcrypt}$2a$10$Cveh4AUog8zZ7UNmRyRf0./BXpiMpx0mOf20Y8aOo16wxkO0QSbgq]
2023-11-10 21:23:51.889 TRACE 87122 --- [    Test worker] o.h.type.descriptor.sql.BasicBinder      : binding parameter [3] as [VARCHAR] - [ROLE_USER]
2023-11-10 21:23:51.889 TRACE 87122 --- [    Test worker] o.h.type.descriptor.sql.BasicBinder      : binding parameter [4] as [VARCHAR] - [010-1234-5678]
2023-11-10 21:23:51.889 TRACE 87122 --- [    Test worker] o.h.type.descriptor.sql.BasicBinder      : binding parameter [5] as [VARCHAR] - [aaauserRoleUser]

MockHttpServletRequest:
      HTTP Method = POST
      Request URI = /api/owner/join
       Parameters = {}
          Headers = [Content-Type:"application/json;charset=UTF-8", Content-Length:"104"]
             Body = {"email":"aaamockowner@nate.com","password":"asdf1234!","username":"aaamockowner","tel":"010-1234-5678"}
    Session Attrs = {}

Handler:
             Type = null

Async:
    Async started = false
     Async result = null

Resolved Exception:
             Type = null

ModelAndView:
        View name = null
             View = null
            Model = null

FlashMap:
       Attributes = null

MockHttpServletResponse:
           Status = 401
    Error message = null
          Headers = [Vary:"Origin", "Access-Control-Request-Method", "Access-Control-Request-Headers", Content-Type:"application/json; charset=utf-8", X-Content-Type-Options:"nosniff", X-XSS-Protection:"1; mode=block", Cache-Control:"no-cache, no-store, max-age=0, must-revalidate", Pragma:"no-cache", Expires:"0", X-Frame-Options:"SAMEORIGIN"]
     Content type = application/json; charset=utf-8
             Body = {"success":false,"response":null,"error":{"status":"401","code":"1201","message":{"auth":"Not authenticated"}}}

    Forwarded URL = null
   Redirected URL = null
          Cookies = []
2023-11-10 21:23:51.927  INFO 87122 --- [    Test worker] o.s.t.c.transaction.TransactionContext   : Rolled back transaction for test: [DefaultTestContext@152705d0 testClass = OwnerRestControllerTest, testInstance = bdbe.bdbd.member.owner.OwnerRestControllerTest@42930a42, testMethod = joinTest@OwnerRestControllerTest, testException = java.lang.AssertionError: JSON path "$.success" expected:<true> but was:<false>, mergedContextConfiguration = [WebMergedContextConfiguration@1343eae6 testClass = OwnerRestControllerTest, locations = '{}', classes = '{class bdbe.bdbd.BdbdApplication}', contextInitializerClasses = '[]', activeProfiles = '{}', propertySourceLocations = '{}', propertySourceProperties = '{org.springframework.boot.test.context.SpringBootTestContextBootstrapper=true}', contextCustomizers = set[org.springframework.boot.test.autoconfigure.actuate.metrics.MetricsExportContextCustomizerFactory$DisableMetricExportContextCustomizer@4b3c354a, org.springframework.boot.test.autoconfigure.properties.PropertyMappingContextCustomizer@4b3fa0b3, org.springframework.boot.test.autoconfigure.web.servlet.WebDriverContextCustomizerFactory$Customizer@293d0107, [ImportsContextCustomizer@58c7bb01 key = [org.springframework.boot.test.autoconfigure.web.servlet.MockMvcAutoConfiguration, org.springframework.boot.test.autoconfigure.web.servlet.MockMvcWebClientAutoConfiguration, org.springframework.boot.test.autoconfigure.web.servlet.MockMvcWebDriverAutoConfiguration, org.springframework.boot.autoconfigure.security.oauth2.client.servlet.OAuth2ClientAutoConfiguration, org.springframework.boot.autoconfigure.security.oauth2.resource.servlet.OAuth2ResourceServerAutoConfiguration, org.springframework.boot.autoconfigure.security.servlet.SecurityAutoConfiguration, org.springframework.boot.autoconfigure.security.servlet.SecurityFilterAutoConfiguration, org.springframework.boot.autoconfigure.security.servlet.UserDetailsServiceAutoConfiguration, org.springframework.boot.test.autoconfigure.web.servlet.MockMvcSecurityConfiguration, org.springframework.boot.test.autoconfigure.web.reactive.WebTestClientAutoConfiguration]], org.springframework.boot.test.context.filter.ExcludeFilterContextCustomizer@62fad19, org.springframework.boot.test.json.DuplicateJsonObjectContextCustomizerFactory$DuplicateJsonObjectContextCustomizer@4f2613d1, org.springframework.boot.test.mock.mockito.MockitoContextCustomizer@0, org.springframework.boot.test.web.client.TestRestTemplateContextCustomizer@1c55f277, org.springframework.boot.test.context.SpringBootTestArgs@1, org.springframework.boot.test.context.SpringBootTestWebEnvironment@4ea5b703], resourceBasePath = 'src/main/webapp', contextLoader = 'org.springframework.boot.test.context.SpringBootContextLoader', parent = [null]], attributes = map['org.springframework.test.context.web.ServletTestExecutionListener.activateListener' -> true, 'org.springframework.test.context.web.ServletTestExecutionListener.populatedRequestContextHolder' -> true, 'org.springframework.test.context.web.ServletTestExecutionListener.resetRequestContextHolder' -> true, 'org.springframework.test.context.event.ApplicationEventsTestExecutionListener.recordApplicationEvents' -> false]]
2023-11-10 21:23:51.940  INFO 87122 --- [    Test worker] o.s.t.c.transaction.TransactionContext   : Began transaction (1) for test context [DefaultTestContext@152705d0 testClass = OwnerRestControllerTest, testInstance = bdbe.bdbd.member.owner.OwnerRestControllerTest@23f31375, testMethod = findAllReservationByOwner_test@OwnerRestControllerTest, testException = [null], mergedContextConfiguration = [WebMergedContextConfiguration@1343eae6 testClass = OwnerRestControllerTest, locations = '{}', classes = '{class bdbe.bdbd.BdbdApplication}', contextInitializerClasses = '[]', activeProfiles = '{}', propertySourceLocations = '{}', propertySourceProperties = '{org.springframework.boot.test.context.SpringBootTestContextBootstrapper=true}', contextCustomizers = set[org.springframework.boot.test.autoconfigure.actuate.metrics.MetricsExportContextCustomizerFactory$DisableMetricExportContextCustomizer@4b3c354a, org.springframework.boot.test.autoconfigure.properties.PropertyMappingContextCustomizer@4b3fa0b3, org.springframework.boot.test.autoconfigure.web.servlet.WebDriverContextCustomizerFactory$Customizer@293d0107, [ImportsContextCustomizer@58c7bb01 key = [org.springframework.boot.test.autoconfigure.web.servlet.MockMvcAutoConfiguration, org.springframework.boot.test.autoconfigure.web.servlet.MockMvcWebClientAutoConfiguration, org.springframework.boot.test.autoconfigure.web.servlet.MockMvcWebDriverAutoConfiguration, org.springframework.boot.autoconfigure.security.oauth2.client.servlet.OAuth2ClientAutoConfiguration, org.springframework.boot.autoconfigure.security.oauth2.resource.servlet.OAuth2ResourceServerAutoConfiguration, org.springframework.boot.autoconfigure.security.servlet.SecurityAutoConfiguration, org.springframework.boot.autoconfigure.security.servlet.SecurityFilterAutoConfiguration, org.springframework.boot.autoconfigure.security.servlet.UserDetailsServiceAutoConfiguration, org.springframework.boot.test.autoconfigure.web.servlet.MockMvcSecurityConfiguration, org.springframework.boot.test.autoconfigure.web.reactive.WebTestClientAutoConfiguration]], org.springframework.boot.test.context.filter.ExcludeFilterContextCustomizer@62fad19, org.springframework.boot.test.json.DuplicateJsonObjectContextCustomizerFactory$DuplicateJsonObjectContextCustomizer@4f2613d1, org.springframework.boot.test.mock.mockito.MockitoContextCustomizer@0, org.springframework.boot.test.web.client.TestRestTemplateContextCustomizer@1c55f277, org.springframework.boot.test.context.SpringBootTestArgs@1, org.springframework.boot.test.context.SpringBootTestWebEnvironment@4ea5b703], resourceBasePath = 'src/main/webapp', contextLoader = 'org.springframework.boot.test.context.SpringBootContextLoader', parent = [null]], attributes = map['org.springframework.test.context.web.ServletTestExecutionListener.activateListener' -> true, 'org.springframework.test.context.web.ServletTestExecutionListener.populatedRequestContextHolder' -> true, 'org.springframework.test.context.web.ServletTestExecutionListener.resetRequestContextHolder' -> true, 'org.springframework.test.context.event.ApplicationEventsTestExecutionListener.recordApplicationEvents' -> false]]; transaction manager [org.springframework.orm.jpa.JpaTransactionManager@17fac5b2]; rollback [true]
Hibernate: 
    select
        member0_.id as id1_6_,
        member0_.email as email2_6_,
        member0_.password as password3_6_,
        member0_.role as role4_6_,
        member0_.tel as tel5_6_,
        member0_.username as username6_6_ 
    from
        member member0_ 
    where
        member0_.email=?
2023-11-10 21:23:51.941 TRACE 87122 --- [    Test worker] o.h.type.descriptor.sql.BasicBinder      : binding parameter [1] as [VARCHAR] - [owner@nate.com]
2023-11-10 21:23:51.951 TRACE 87122 --- [    Test worker] o.h.type.descriptor.sql.BasicExtractor   : extracted value ([id1_6_] : [BIGINT]) - [2]
2023-11-10 21:23:51.951 TRACE 87122 --- [    Test worker] o.h.type.descriptor.sql.BasicExtractor   : extracted value ([email2_6_] : [VARCHAR]) - [owner@nate.com]
2023-11-10 21:23:51.951 TRACE 87122 --- [    Test worker] o.h.type.descriptor.sql.BasicExtractor   : extracted value ([password3_6_] : [VARCHAR]) - [{bcrypt}$2a$10$o6TVGm92x.GENlJ4Mig5qucFqAt/UTnT5lm6rzTY5v.gCk8uSf7h2]
2023-11-10 21:23:51.951 TRACE 87122 --- [    Test worker] o.h.type.descriptor.sql.BasicExtractor   : extracted value ([role4_6_] : [VARCHAR]) - [ROLE_OWNER]
2023-11-10 21:23:51.951 TRACE 87122 --- [    Test worker] o.h.type.descriptor.sql.BasicExtractor   : extracted value ([tel5_6_] : [VARCHAR]) - [010-9876-5432]
2023-11-10 21:23:51.951 TRACE 87122 --- [    Test worker] o.h.type.descriptor.sql.BasicExtractor   : extracted value ([username6_6_] : [VARCHAR]) - [imnewowner]
Hibernate: 
    insert 
    into
        member
        (email, password, role, tel, username) 
    values
        (?, ?, ?, ?, ?)
2023-11-10 21:23:52.029 TRACE 87122 --- [    Test worker] o.h.type.descriptor.sql.BasicBinder      : binding parameter [1] as [VARCHAR] - [aaamockowner@naver.com]
2023-11-10 21:23:52.029 TRACE 87122 --- [    Test worker] o.h.type.descriptor.sql.BasicBinder      : binding parameter [2] as [VARCHAR] - [{bcrypt}$2a$10$nR8tbujxTqN.wRKptGOaJ.DINdsc9r9vrqH2sIusopessXDHAHYuq]
2023-11-10 21:23:52.029 TRACE 87122 --- [    Test worker] o.h.type.descriptor.sql.BasicBinder      : binding parameter [3] as [VARCHAR] - [ROLE_OWNER]
2023-11-10 21:23:52.029 TRACE 87122 --- [    Test worker] o.h.type.descriptor.sql.BasicBinder      : binding parameter [4] as [VARCHAR] - [010-1234-5678]
2023-11-10 21:23:52.029 TRACE 87122 --- [    Test worker] o.h.type.descriptor.sql.BasicBinder      : binding parameter [5] as [VARCHAR] - [aaamockowner]
Hibernate: 
    insert 
    into
        member
        (email, password, role, tel, username) 
    values
        (?, ?, ?, ?, ?)
2023-11-10 21:23:52.127 TRACE 87122 --- [    Test worker] o.h.type.descriptor.sql.BasicBinder      : binding parameter [1] as [VARCHAR] - [aaauserRoleUser@naver.com]
2023-11-10 21:23:52.127 TRACE 87122 --- [    Test worker] o.h.type.descriptor.sql.BasicBinder      : binding parameter [2] as [VARCHAR] - [{bcrypt}$2a$10$Yd2DxUsY4O540IFEx7Osm.lReGwo8/FCOSBy.bNAdprim8pySYa3K]
2023-11-10 21:23:52.127 TRACE 87122 --- [    Test worker] o.h.type.descriptor.sql.BasicBinder      : binding parameter [3] as [VARCHAR] - [ROLE_USER]
2023-11-10 21:23:52.127 TRACE 87122 --- [    Test worker] o.h.type.descriptor.sql.BasicBinder      : binding parameter [4] as [VARCHAR] - [010-1234-5678]
2023-11-10 21:23:52.127 TRACE 87122 --- [    Test worker] o.h.type.descriptor.sql.BasicBinder      : binding parameter [5] as [VARCHAR] - [aaauserRoleUser]
Hibernate: 
    select
        carwash0_.id as id1_1_,
        carwash0_.des as des2_1_,
        carwash0_.l_id as l_id7_1_,
        carwash0_.m_id as m_id8_1_,
        carwash0_.name as name3_1_,
        carwash0_.price as price4_1_,
        carwash0_.rate as rate5_1_,
        carwash0_.tel as tel6_1_ 
    from
        carwash carwash0_ 
    where
        carwash0_.m_id=?
2023-11-10 21:23:52.147 TRACE 87122 --- [    Test worker] o.h.type.descriptor.sql.BasicBinder      : binding parameter [1] as [BIGINT] - [2]
2023-11-10 21:23:52.159 TRACE 87122 --- [    Test worker] o.h.type.descriptor.sql.BasicExtractor   : extracted value ([id1_1_] : [BIGINT]) - [1]
2023-11-10 21:23:52.159 TRACE 87122 --- [    Test worker] o.h.type.descriptor.sql.BasicExtractor   : extracted value ([des2_1_] : [VARCHAR]) - [안녕하세요]
2023-11-10 21:23:52.159 TRACE 87122 --- [    Test worker] o.h.type.descriptor.sql.BasicExtractor   : extracted value ([l_id7_1_] : [BIGINT]) - [1]
2023-11-10 21:23:52.159 TRACE 87122 --- [    Test worker] o.h.type.descriptor.sql.BasicExtractor   : extracted value ([m_id8_1_] : [BIGINT]) - [2]
2023-11-10 21:23:52.159 TRACE 87122 --- [    Test worker] o.h.type.descriptor.sql.BasicExtractor   : extracted value ([name3_1_] : [VARCHAR]) - [구름r 세차장]
2023-11-10 21:23:52.159 TRACE 87122 --- [    Test worker] o.h.type.descriptor.sql.BasicExtractor   : extracted value ([price4_1_] : [INTEGER]) - [3000]
2023-11-10 21:23:52.160 TRACE 87122 --- [    Test worker] o.h.type.descriptor.sql.BasicExtractor   : extracted value ([rate5_1_] : [DOUBLE]) - [3.9966666666666715]
2023-11-10 21:23:52.160 TRACE 87122 --- [    Test worker] o.h.type.descriptor.sql.BasicExtractor   : extracted value ([tel6_1_] : [VARCHAR]) - [01022223333]
2023-11-10 21:23:52.160 TRACE 87122 --- [    Test worker] o.h.type.descriptor.sql.BasicExtractor   : extracted value ([id1_1_] : [BIGINT]) - [2]
2023-11-10 21:23:52.160 TRACE 87122 --- [    Test worker] o.h.type.descriptor.sql.BasicExtractor   : extracted value ([des2_1_] : [VARCHAR]) - [안녕하세요]
2023-11-10 21:23:52.160 TRACE 87122 --- [    Test worker] o.h.type.descriptor.sql.BasicExtractor   : extracted value ([l_id7_1_] : [BIGINT]) - [2]
2023-11-10 21:23:52.160 TRACE 87122 --- [    Test worker] o.h.type.descriptor.sql.BasicExtractor   : extracted value ([m_id8_1_] : [BIGINT]) - [2]
2023-11-10 21:23:52.160 TRACE 87122 --- [    Test worker] o.h.type.descriptor.sql.BasicExtractor   : extracted value ([name3_1_] : [VARCHAR]) - [구름r 세차장]
2023-11-10 21:23:52.160 TRACE 87122 --- [    Test worker] o.h.type.descriptor.sql.BasicExtractor   : extracted value ([price4_1_] : [INTEGER]) - [3000]
2023-11-10 21:23:52.160 TRACE 87122 --- [    Test worker] o.h.type.descriptor.sql.BasicExtractor   : extracted value ([rate5_1_] : [DOUBLE]) - [4.0]
2023-11-10 21:23:52.160 TRACE 87122 --- [    Test worker] o.h.type.descriptor.sql.BasicExtractor   : extracted value ([tel6_1_] : [VARCHAR]) - [01022223333]
2023-11-10 21:23:52.160 TRACE 87122 --- [    Test worker] o.h.type.descriptor.sql.BasicExtractor   : extracted value ([id1_1_] : [BIGINT]) - [3]
2023-11-10 21:23:52.160 TRACE 87122 --- [    Test worker] o.h.type.descriptor.sql.BasicExtractor   : extracted value ([des2_1_] : [VARCHAR]) - [세차의 세계]
2023-11-10 21:23:52.160 TRACE 87122 --- [    Test worker] o.h.type.descriptor.sql.BasicExtractor   : extracted value ([l_id7_1_] : [BIGINT]) - [3]
2023-11-10 21:23:52.160 TRACE 87122 --- [    Test worker] o.h.type.descriptor.sql.BasicExtractor   : extracted value ([m_id8_1_] : [BIGINT]) - [2]
2023-11-10 21:23:52.160 TRACE 87122 --- [    Test worker] o.h.type.descriptor.sql.BasicExtractor   : extracted value ([name3_1_] : [VARCHAR]) - [세차 월드]
2023-11-10 21:23:52.160 TRACE 87122 --- [    Test worker] o.h.type.descriptor.sql.BasicExtractor   : extracted value ([price4_1_] : [INTEGER]) - [8500]
2023-11-10 21:23:52.160 TRACE 87122 --- [    Test worker] o.h.type.descriptor.sql.BasicExtractor   : extracted value ([rate5_1_] : [DOUBLE]) - [4.2]
2023-11-10 21:23:52.160 TRACE 87122 --- [    Test worker] o.h.type.descriptor.sql.BasicExtractor   : extracted value ([tel6_1_] : [VARCHAR]) - [062-1234-5680]
2023-11-10 21:23:52.160 TRACE 87122 --- [    Test worker] o.h.type.descriptor.sql.BasicExtractor   : extracted value ([id1_1_] : [BIGINT]) - [4]
2023-11-10 21:23:52.160 TRACE 87122 --- [    Test worker] o.h.type.descriptor.sql.BasicExtractor   : extracted value ([des2_1_] : [VARCHAR]) - [친환경적 세차장]
2023-11-10 21:23:52.160 TRACE 87122 --- [    Test worker] o.h.type.descriptor.sql.BasicExtractor   : extracted value ([l_id7_1_] : [BIGINT]) - [4]
2023-11-10 21:23:52.160 TRACE 87122 --- [    Test worker] o.h.type.descriptor.sql.BasicExtractor   : extracted value ([m_id8_1_] : [BIGINT]) - [2]
2023-11-10 21:23:52.160 TRACE 87122 --- [    Test worker] o.h.type.descriptor.sql.BasicExtractor   : extracted value ([name3_1_] : [VARCHAR]) - [에코 세차]
2023-11-10 21:23:52.160 TRACE 87122 --- [    Test worker] o.h.type.descriptor.sql.BasicExtractor   : extracted value ([price4_1_] : [INTEGER]) - [9500]
2023-11-10 21:23:52.160 TRACE 87122 --- [    Test worker] o.h.type.descriptor.sql.BasicExtractor   : extracted value ([rate5_1_] : [DOUBLE]) - [3.9]
2023-11-10 21:23:52.160 TRACE 87122 --- [    Test worker] o.h.type.descriptor.sql.BasicExtractor   : extracted value ([tel6_1_] : [VARCHAR]) - [062-1234-5681]
2023-11-10 21:23:52.161 TRACE 87122 --- [    Test worker] o.h.type.descriptor.sql.BasicExtractor   : extracted value ([id1_1_] : [BIGINT]) - [5]
2023-11-10 21:23:52.161 TRACE 87122 --- [    Test worker] o.h.type.descriptor.sql.BasicExtractor   : extracted value ([des2_1_] : [VARCHAR]) - [서울 제일의 세차장]
2023-11-10 21:23:52.161 TRACE 87122 --- [    Test worker] o.h.type.descriptor.sql.BasicExtractor   : extracted value ([l_id7_1_] : [BIGINT]) - [5]
2023-11-10 21:23:52.161 TRACE 87122 --- [    Test worker] o.h.type.descriptor.sql.BasicExtractor   : extracted value ([m_id8_1_] : [BIGINT]) - [2]
2023-11-10 21:23:52.161 TRACE 87122 --- [    Test worker] o.h.type.descriptor.sql.BasicExtractor   : extracted value ([name3_1_] : [VARCHAR]) - [컴인워시 강남본점]
2023-11-10 21:23:52.161 TRACE 87122 --- [    Test worker] o.h.type.descriptor.sql.BasicExtractor   : extracted value ([price4_1_] : [INTEGER]) - [12000]
2023-11-10 21:23:52.161 TRACE 87122 --- [    Test worker] o.h.type.descriptor.sql.BasicExtractor   : extracted value ([rate5_1_] : [DOUBLE]) - [4.8]
2023-11-10 21:23:52.161 TRACE 87122 --- [    Test worker] o.h.type.descriptor.sql.BasicExtractor   : extracted value ([tel6_1_] : [VARCHAR]) - [02-1234-5678]
2023-11-10 21:23:52.161 TRACE 87122 --- [    Test worker] o.h.type.descriptor.sql.BasicExtractor   : extracted value ([id1_1_] : [BIGINT]) - [6]
2023-11-10 21:23:52.161 TRACE 87122 --- [    Test worker] o.h.type.descriptor.sql.BasicExtractor   : extracted value ([des2_1_] : [VARCHAR]) - [테스트 설명]
2023-11-10 21:23:52.161 TRACE 87122 --- [    Test worker] o.h.type.descriptor.sql.BasicExtractor   : extracted value ([l_id7_1_] : [BIGINT]) - [6]
2023-11-10 21:23:52.161 TRACE 87122 --- [    Test worker] o.h.type.descriptor.sql.BasicExtractor   : extracted value ([m_id8_1_] : [BIGINT]) - [2]
2023-11-10 21:23:52.161 TRACE 87122 --- [    Test worker] o.h.type.descriptor.sql.BasicExtractor   : extracted value ([name3_1_] : [VARCHAR]) - [유후 세차장]
2023-11-10 21:23:52.161 TRACE 87122 --- [    Test worker] o.h.type.descriptor.sql.BasicExtractor   : extracted value ([price4_1_] : [INTEGER]) - [100]
2023-11-10 21:23:52.161 TRACE 87122 --- [    Test worker] o.h.type.descriptor.sql.BasicExtractor   : extracted value ([rate5_1_] : [DOUBLE]) - [0.0]
2023-11-10 21:23:52.161 TRACE 87122 --- [    Test worker] o.h.type.descriptor.sql.BasicExtractor   : extracted value ([tel6_1_] : [VARCHAR]) - [01012345678]
2023-11-10 21:23:52.161 TRACE 87122 --- [    Test worker] o.h.type.descriptor.sql.BasicExtractor   : extracted value ([id1_1_] : [BIGINT]) - [7]
2023-11-10 21:23:52.161 TRACE 87122 --- [    Test worker] o.h.type.descriptor.sql.BasicExtractor   : extracted value ([des2_1_] : [VARCHAR]) - [테스트 설명]
2023-11-10 21:23:52.161 TRACE 87122 --- [    Test worker] o.h.type.descriptor.sql.BasicExtractor   : extracted value ([l_id7_1_] : [BIGINT]) - [7]
2023-11-10 21:23:52.161 TRACE 87122 --- [    Test worker] o.h.type.descriptor.sql.BasicExtractor   : extracted value ([m_id8_1_] : [BIGINT]) - [2]
2023-11-10 21:23:52.161 TRACE 87122 --- [    Test worker] o.h.type.descriptor.sql.BasicExtractor   : extracted value ([name3_1_] : [VARCHAR]) - [유후 세차장]
2023-11-10 21:23:52.161 TRACE 87122 --- [    Test worker] o.h.type.descriptor.sql.BasicExtractor   : extracted value ([price4_1_] : [INTEGER]) - [100]
2023-11-10 21:23:52.161 TRACE 87122 --- [    Test worker] o.h.type.descriptor.sql.BasicExtractor   : extracted value ([rate5_1_] : [DOUBLE]) - [0.0]
2023-11-10 21:23:52.162 TRACE 87122 --- [    Test worker] o.h.type.descriptor.sql.BasicExtractor   : extracted value ([tel6_1_] : [VARCHAR]) - [01012345678]
2023-11-10 21:23:52.162 TRACE 87122 --- [    Test worker] o.h.type.descriptor.sql.BasicExtractor   : extracted value ([id1_1_] : [BIGINT]) - [11]
2023-11-10 21:23:52.162 TRACE 87122 --- [    Test worker] o.h.type.descriptor.sql.BasicExtractor   : extracted value ([des2_1_] : [VARCHAR]) - [안녕하세요]
2023-11-10 21:23:52.162 TRACE 87122 --- [    Test worker] o.h.type.descriptor.sql.BasicExtractor   : extracted value ([l_id7_1_] : [BIGINT]) - [11]
2023-11-10 21:23:52.162 TRACE 87122 --- [    Test worker] o.h.type.descriptor.sql.BasicExtractor   : extracted value ([m_id8_1_] : [BIGINT]) - [2]
2023-11-10 21:23:52.162 TRACE 87122 --- [    Test worker] o.h.type.descriptor.sql.BasicExtractor   : extracted value ([name3_1_] : [VARCHAR]) - [구름r 세차장]
2023-11-10 21:23:52.162 TRACE 87122 --- [    Test worker] o.h.type.descriptor.sql.BasicExtractor   : extracted value ([price4_1_] : [INTEGER]) - [3000]
2023-11-10 21:23:52.162 TRACE 87122 --- [    Test worker] o.h.type.descriptor.sql.BasicExtractor   : extracted value ([rate5_1_] : [DOUBLE]) - [0.0]
2023-11-10 21:23:52.162 TRACE 87122 --- [    Test worker] o.h.type.descriptor.sql.BasicExtractor   : extracted value ([tel6_1_] : [VARCHAR]) - [01022223333]
2023-11-10 21:23:52.162 TRACE 87122 --- [    Test worker] o.h.type.descriptor.sql.BasicExtractor   : extracted value ([id1_1_] : [BIGINT]) - [12]
2023-11-10 21:23:52.162 TRACE 87122 --- [    Test worker] o.h.type.descriptor.sql.BasicExtractor   : extracted value ([des2_1_] : [VARCHAR]) - [테스트 설명]
2023-11-10 21:23:52.162 TRACE 87122 --- [    Test worker] o.h.type.descriptor.sql.BasicExtractor   : extracted value ([l_id7_1_] : [BIGINT]) - [12]
2023-11-10 21:23:52.162 TRACE 87122 --- [    Test worker] o.h.type.descriptor.sql.BasicExtractor   : extracted value ([m_id8_1_] : [BIGINT]) - [2]
2023-11-10 21:23:52.162 TRACE 87122 --- [    Test worker] o.h.type.descriptor.sql.BasicExtractor   : extracted value ([name3_1_] : [VARCHAR]) - [유후 세차장]
2023-11-10 21:23:52.162 TRACE 87122 --- [    Test worker] o.h.type.descriptor.sql.BasicExtractor   : extracted value ([price4_1_] : [INTEGER]) - [100]
2023-11-10 21:23:52.162 TRACE 87122 --- [    Test worker] o.h.type.descriptor.sql.BasicExtractor   : extracted value ([rate5_1_] : [DOUBLE]) - [0.0]
2023-11-10 21:23:52.162 TRACE 87122 --- [    Test worker] o.h.type.descriptor.sql.BasicExtractor   : extracted value ([tel6_1_] : [VARCHAR]) - [01012345678]
2023-11-10 21:23:52.162 TRACE 87122 --- [    Test worker] o.h.type.descriptor.sql.BasicExtractor   : extracted value ([id1_1_] : [BIGINT]) - [14]
2023-11-10 21:23:52.162 TRACE 87122 --- [    Test worker] o.h.type.descriptor.sql.BasicExtractor   : extracted value ([des2_1_] : [VARCHAR]) - [테스트 설명]
2023-11-10 21:23:52.162 TRACE 87122 --- [    Test worker] o.h.type.descriptor.sql.BasicExtractor   : extracted value ([l_id7_1_] : [BIGINT]) - [14]
2023-11-10 21:23:52.162 TRACE 87122 --- [    Test worker] o.h.type.descriptor.sql.BasicExtractor   : extracted value ([m_id8_1_] : [BIGINT]) - [2]
2023-11-10 21:23:52.162 TRACE 87122 --- [    Test worker] o.h.type.descriptor.sql.BasicExtractor   : extracted value ([name3_1_] : [VARCHAR]) - [유후 세차장]
2023-11-10 21:23:52.162 TRACE 87122 --- [    Test worker] o.h.type.descriptor.sql.BasicExtractor   : extracted value ([price4_1_] : [INTEGER]) - [100]
2023-11-10 21:23:52.163 TRACE 87122 --- [    Test worker] o.h.type.descriptor.sql.BasicExtractor   : extracted value ([rate5_1_] : [DOUBLE]) - [0.0]
2023-11-10 21:23:52.163 TRACE 87122 --- [    Test worker] o.h.type.descriptor.sql.BasicExtractor   : extracted value ([tel6_1_] : [VARCHAR]) - [01012345678]
2023-11-10 21:23:52.163 TRACE 87122 --- [    Test worker] o.h.type.descriptor.sql.BasicExtractor   : extracted value ([id1_1_] : [BIGINT]) - [15]
2023-11-10 21:23:52.163 TRACE 87122 --- [    Test worker] o.h.type.descriptor.sql.BasicExtractor   : extracted value ([des2_1_] : [VARCHAR]) - [테스트 설명]
2023-11-10 21:23:52.163 TRACE 87122 --- [    Test worker] o.h.type.descriptor.sql.BasicExtractor   : extracted value ([l_id7_1_] : [BIGINT]) - [15]
2023-11-10 21:23:52.163 TRACE 87122 --- [    Test worker] o.h.type.descriptor.sql.BasicExtractor   : extracted value ([m_id8_1_] : [BIGINT]) - [2]
2023-11-10 21:23:52.163 TRACE 87122 --- [    Test worker] o.h.type.descriptor.sql.BasicExtractor   : extracted value ([name3_1_] : [VARCHAR]) - [유후 세차장]
2023-11-10 21:23:52.163 TRACE 87122 --- [    Test worker] o.h.type.descriptor.sql.BasicExtractor   : extracted value ([price4_1_] : [INTEGER]) - [100]
2023-11-10 21:23:52.163 TRACE 87122 --- [    Test worker] o.h.type.descriptor.sql.BasicExtractor   : extracted value ([rate5_1_] : [DOUBLE]) - [0.0]
2023-11-10 21:23:52.163 TRACE 87122 --- [    Test worker] o.h.type.descriptor.sql.BasicExtractor   : extracted value ([tel6_1_] : [VARCHAR]) - [01012345678]
2023-11-10 21:23:52.163 TRACE 87122 --- [    Test worker] o.h.type.descriptor.sql.BasicExtractor   : extracted value ([id1_1_] : [BIGINT]) - [16]
2023-11-10 21:23:52.163 TRACE 87122 --- [    Test worker] o.h.type.descriptor.sql.BasicExtractor   : extracted value ([des2_1_] : [VARCHAR]) - [테스트 설명]
2023-11-10 21:23:52.163 TRACE 87122 --- [    Test worker] o.h.type.descriptor.sql.BasicExtractor   : extracted value ([l_id7_1_] : [BIGINT]) - [16]
2023-11-10 21:23:52.163 TRACE 87122 --- [    Test worker] o.h.type.descriptor.sql.BasicExtractor   : extracted value ([m_id8_1_] : [BIGINT]) - [2]
2023-11-10 21:23:52.164 TRACE 87122 --- [    Test worker] o.h.type.descriptor.sql.BasicExtractor   : extracted value ([name3_1_] : [VARCHAR]) - [유후 세차장]
2023-11-10 21:23:52.164 TRACE 87122 --- [    Test worker] o.h.type.descriptor.sql.BasicExtractor   : extracted value ([price4_1_] : [INTEGER]) - [100]
2023-11-10 21:23:52.164 TRACE 87122 --- [    Test worker] o.h.type.descriptor.sql.BasicExtractor   : extracted value ([rate5_1_] : [DOUBLE]) - [0.0]
2023-11-10 21:23:52.164 TRACE 87122 --- [    Test worker] o.h.type.descriptor.sql.BasicExtractor   : extracted value ([tel6_1_] : [VARCHAR]) - [01012345678]
2023-11-10 21:23:52.164 TRACE 87122 --- [    Test worker] o.h.type.descriptor.sql.BasicExtractor   : extracted value ([id1_1_] : [BIGINT]) - [17]
2023-11-10 21:23:52.164 TRACE 87122 --- [    Test worker] o.h.type.descriptor.sql.BasicExtractor   : extracted value ([des2_1_] : [VARCHAR]) - [테스트 설명]
2023-11-10 21:23:52.164 TRACE 87122 --- [    Test worker] o.h.type.descriptor.sql.BasicExtractor   : extracted value ([l_id7_1_] : [BIGINT]) - [17]
2023-11-10 21:23:52.164 TRACE 87122 --- [    Test worker] o.h.type.descriptor.sql.BasicExtractor   : extracted value ([m_id8_1_] : [BIGINT]) - [2]
2023-11-10 21:23:52.164 TRACE 87122 --- [    Test worker] o.h.type.descriptor.sql.BasicExtractor   : extracted value ([name3_1_] : [VARCHAR]) - [유후 세차장]
2023-11-10 21:23:52.164 TRACE 87122 --- [    Test worker] o.h.type.descriptor.sql.BasicExtractor   : extracted value ([price4_1_] : [INTEGER]) - [100]
2023-11-10 21:23:52.164 TRACE 87122 --- [    Test worker] o.h.type.descriptor.sql.BasicExtractor   : extracted value ([rate5_1_] : [DOUBLE]) - [0.0]
2023-11-10 21:23:52.164 TRACE 87122 --- [    Test worker] o.h.type.descriptor.sql.BasicExtractor   : extracted value ([tel6_1_] : [VARCHAR]) - [01012345678]
2023-11-10 21:23:52.164 TRACE 87122 --- [    Test worker] o.h.type.descriptor.sql.BasicExtractor   : extracted value ([id1_1_] : [BIGINT]) - [18]
2023-11-10 21:23:52.164 TRACE 87122 --- [    Test worker] o.h.type.descriptor.sql.BasicExtractor   : extracted value ([des2_1_] : [VARCHAR]) - [테스트 설명]
2023-11-10 21:23:52.164 TRACE 87122 --- [    Test worker] o.h.type.descriptor.sql.BasicExtractor   : extracted value ([l_id7_1_] : [BIGINT]) - [18]
2023-11-10 21:23:52.164 TRACE 87122 --- [    Test worker] o.h.type.descriptor.sql.BasicExtractor   : extracted value ([m_id8_1_] : [BIGINT]) - [2]
2023-11-10 21:23:52.164 TRACE 87122 --- [    Test worker] o.h.type.descriptor.sql.BasicExtractor   : extracted value ([name3_1_] : [VARCHAR]) - [유후 세차장]
2023-11-10 21:23:52.164 TRACE 87122 --- [    Test worker] o.h.type.descriptor.sql.BasicExtractor   : extracted value ([price4_1_] : [INTEGER]) - [100]
2023-11-10 21:23:52.164 TRACE 87122 --- [    Test worker] o.h.type.descriptor.sql.BasicExtractor   : extracted value ([rate5_1_] : [DOUBLE]) - [0.0]
2023-11-10 21:23:52.164 TRACE 87122 --- [    Test worker] o.h.type.descriptor.sql.BasicExtractor   : extracted value ([tel6_1_] : [VARCHAR]) - [01012345678]
2023-11-10 21:23:52.165 TRACE 87122 --- [    Test worker] o.h.type.descriptor.sql.BasicExtractor   : extracted value ([id1_1_] : [BIGINT]) - [19]
2023-11-10 21:23:52.165 TRACE 87122 --- [    Test worker] o.h.type.descriptor.sql.BasicExtractor   : extracted value ([des2_1_] : [VARCHAR]) - [테스트 설명]
2023-11-10 21:23:52.165 TRACE 87122 --- [    Test worker] o.h.type.descriptor.sql.BasicExtractor   : extracted value ([l_id7_1_] : [BIGINT]) - [19]
2023-11-10 21:23:52.165 TRACE 87122 --- [    Test worker] o.h.type.descriptor.sql.BasicExtractor   : extracted value ([m_id8_1_] : [BIGINT]) - [2]
2023-11-10 21:23:52.165 TRACE 87122 --- [    Test worker] o.h.type.descriptor.sql.BasicExtractor   : extracted value ([name3_1_] : [VARCHAR]) - [유후 세차장]
2023-11-10 21:23:52.165 TRACE 87122 --- [    Test worker] o.h.type.descriptor.sql.BasicExtractor   : extracted value ([price4_1_] : [INTEGER]) - [100]
2023-11-10 21:23:52.165 TRACE 87122 --- [    Test worker] o.h.type.descriptor.sql.BasicExtractor   : extracted value ([rate5_1_] : [DOUBLE]) - [0.0]
2023-11-10 21:23:52.165 TRACE 87122 --- [    Test worker] o.h.type.descriptor.sql.BasicExtractor   : extracted value ([tel6_1_] : [VARCHAR]) - [01012345678]
2023-11-10 21:23:52.165 TRACE 87122 --- [    Test worker] o.h.type.descriptor.sql.BasicExtractor   : extracted value ([id1_1_] : [BIGINT]) - [20]
2023-11-10 21:23:52.165 TRACE 87122 --- [    Test worker] o.h.type.descriptor.sql.BasicExtractor   : extracted value ([des2_1_] : [VARCHAR]) - [테스트 설명]
2023-11-10 21:23:52.165 TRACE 87122 --- [    Test worker] o.h.type.descriptor.sql.BasicExtractor   : extracted value ([l_id7_1_] : [BIGINT]) - [20]
2023-11-10 21:23:52.165 TRACE 87122 --- [    Test worker] o.h.type.descriptor.sql.BasicExtractor   : extracted value ([m_id8_1_] : [BIGINT]) - [2]
2023-11-10 21:23:52.165 TRACE 87122 --- [    Test worker] o.h.type.descriptor.sql.BasicExtractor   : extracted value ([name3_1_] : [VARCHAR]) - [유후 세차장]
2023-11-10 21:23:52.165 TRACE 87122 --- [    Test worker] o.h.type.descriptor.sql.BasicExtractor   : extracted value ([price4_1_] : [INTEGER]) - [100]
2023-11-10 21:23:52.165 TRACE 87122 --- [    Test worker] o.h.type.descriptor.sql.BasicExtractor   : extracted value ([rate5_1_] : [DOUBLE]) - [0.0]
2023-11-10 21:23:52.165 TRACE 87122 --- [    Test worker] o.h.type.descriptor.sql.BasicExtractor   : extracted value ([tel6_1_] : [VARCHAR]) - [01012345678]
2023-11-10 21:23:52.165 TRACE 87122 --- [    Test worker] o.h.type.descriptor.sql.BasicExtractor   : extracted value ([id1_1_] : [BIGINT]) - [21]
2023-11-10 21:23:52.165 TRACE 87122 --- [    Test worker] o.h.type.descriptor.sql.BasicExtractor   : extracted value ([des2_1_] : [VARCHAR]) - [테스트 설명]
2023-11-10 21:23:52.165 TRACE 87122 --- [    Test worker] o.h.type.descriptor.sql.BasicExtractor   : extracted value ([l_id7_1_] : [BIGINT]) - [21]
2023-11-10 21:23:52.165 TRACE 87122 --- [    Test worker] o.h.type.descriptor.sql.BasicExtractor   : extracted value ([m_id8_1_] : [BIGINT]) - [2]
2023-11-10 21:23:52.165 TRACE 87122 --- [    Test worker] o.h.type.descriptor.sql.BasicExtractor   : extracted value ([name3_1_] : [VARCHAR]) - [유후 세차장]
2023-11-10 21:23:52.165 TRACE 87122 --- [    Test worker] o.h.type.descriptor.sql.BasicExtractor   : extracted value ([price4_1_] : [INTEGER]) - [100]
2023-11-10 21:23:52.165 TRACE 87122 --- [    Test worker] o.h.type.descriptor.sql.BasicExtractor   : extracted value ([rate5_1_] : [DOUBLE]) - [0.0]
2023-11-10 21:23:52.165 TRACE 87122 --- [    Test worker] o.h.type.descriptor.sql.BasicExtractor   : extracted value ([tel6_1_] : [VARCHAR]) - [01012345678]
2023-11-10 21:23:52.165 TRACE 87122 --- [    Test worker] o.h.type.descriptor.sql.BasicExtractor   : extracted value ([id1_1_] : [BIGINT]) - [22]
2023-11-10 21:23:52.165 TRACE 87122 --- [    Test worker] o.h.type.descriptor.sql.BasicExtractor   : extracted value ([des2_1_] : [VARCHAR]) - [테스트 설명]
2023-11-10 21:23:52.165 TRACE 87122 --- [    Test worker] o.h.type.descriptor.sql.BasicExtractor   : extracted value ([l_id7_1_] : [BIGINT]) - [22]
2023-11-10 21:23:52.165 TRACE 87122 --- [    Test worker] o.h.type.descriptor.sql.BasicExtractor   : extracted value ([m_id8_1_] : [BIGINT]) - [2]
2023-11-10 21:23:52.165 TRACE 87122 --- [    Test worker] o.h.type.descriptor.sql.BasicExtractor   : extracted value ([name3_1_] : [VARCHAR]) - [유후 세차장]
2023-11-10 21:23:52.165 TRACE 87122 --- [    Test worker] o.h.type.descriptor.sql.BasicExtractor   : extracted value ([price4_1_] : [INTEGER]) - [100]
2023-11-10 21:23:52.165 TRACE 87122 --- [    Test worker] o.h.type.descriptor.sql.BasicExtractor   : extracted value ([rate5_1_] : [DOUBLE]) - [0.0]
2023-11-10 21:23:52.165 TRACE 87122 --- [    Test worker] o.h.type.descriptor.sql.BasicExtractor   : extracted value ([tel6_1_] : [VARCHAR]) - [01012345678]
2023-11-10 21:23:52.166 TRACE 87122 --- [    Test worker] o.h.type.descriptor.sql.BasicExtractor   : extracted value ([id1_1_] : [BIGINT]) - [23]
2023-11-10 21:23:52.166 TRACE 87122 --- [    Test worker] o.h.type.descriptor.sql.BasicExtractor   : extracted value ([des2_1_] : [VARCHAR]) - [테스트 설명]
2023-11-10 21:23:52.166 TRACE 87122 --- [    Test worker] o.h.type.descriptor.sql.BasicExtractor   : extracted value ([l_id7_1_] : [BIGINT]) - [23]
2023-11-10 21:23:52.166 TRACE 87122 --- [    Test worker] o.h.type.descriptor.sql.BasicExtractor   : extracted value ([m_id8_1_] : [BIGINT]) - [2]
2023-11-10 21:23:52.166 TRACE 87122 --- [    Test worker] o.h.type.descriptor.sql.BasicExtractor   : extracted value ([name3_1_] : [VARCHAR]) - [유후 세차장]
2023-11-10 21:23:52.166 TRACE 87122 --- [    Test worker] o.h.type.descriptor.sql.BasicExtractor   : extracted value ([price4_1_] : [INTEGER]) - [100]
2023-11-10 21:23:52.166 TRACE 87122 --- [    Test worker] o.h.type.descriptor.sql.BasicExtractor   : extracted value ([rate5_1_] : [DOUBLE]) - [0.0]
2023-11-10 21:23:52.166 TRACE 87122 --- [    Test worker] o.h.type.descriptor.sql.BasicExtractor   : extracted value ([tel6_1_] : [VARCHAR]) - [01012345678]
2023-11-10 21:23:52.166 TRACE 87122 --- [    Test worker] o.h.type.descriptor.sql.BasicExtractor   : extracted value ([id1_1_] : [BIGINT]) - [24]
2023-11-10 21:23:52.166 TRACE 87122 --- [    Test worker] o.h.type.descriptor.sql.BasicExtractor   : extracted value ([des2_1_] : [VARCHAR]) - [테스트 설명]
2023-11-10 21:23:52.166 TRACE 87122 --- [    Test worker] o.h.type.descriptor.sql.BasicExtractor   : extracted value ([l_id7_1_] : [BIGINT]) - [24]
2023-11-10 21:23:52.166 TRACE 87122 --- [    Test worker] o.h.type.descriptor.sql.BasicExtractor   : extracted value ([m_id8_1_] : [BIGINT]) - [2]
2023-11-10 21:23:52.166 TRACE 87122 --- [    Test worker] o.h.type.descriptor.sql.BasicExtractor   : extracted value ([name3_1_] : [VARCHAR]) - [유 세차장]
2023-11-10 21:23:52.166 TRACE 87122 --- [    Test worker] o.h.type.descriptor.sql.BasicExtractor   : extracted value ([price4_1_] : [INTEGER]) - [100]
2023-11-10 21:23:52.166 TRACE 87122 --- [    Test worker] o.h.type.descriptor.sql.BasicExtractor   : extracted value ([rate5_1_] : [DOUBLE]) - [0.0]
2023-11-10 21:23:52.166 TRACE 87122 --- [    Test worker] o.h.type.descriptor.sql.BasicExtractor   : extracted value ([tel6_1_] : [VARCHAR]) - [01012345678]
2023-11-10 21:23:52.166 TRACE 87122 --- [    Test worker] o.h.type.descriptor.sql.BasicExtractor   : extracted value ([id1_1_] : [BIGINT]) - [25]
2023-11-10 21:23:52.166 TRACE 87122 --- [    Test worker] o.h.type.descriptor.sql.BasicExtractor   : extracted value ([des2_1_] : [VARCHAR]) - [테스트 설명]
2023-11-10 21:23:52.166 TRACE 87122 --- [    Test worker] o.h.type.descriptor.sql.BasicExtractor   : extracted value ([l_id7_1_] : [BIGINT]) - [25]
2023-11-10 21:23:52.166 TRACE 87122 --- [    Test worker] o.h.type.descriptor.sql.BasicExtractor   : extracted value ([m_id8_1_] : [BIGINT]) - [2]
2023-11-10 21:23:52.166 TRACE 87122 --- [    Test worker] o.h.type.descriptor.sql.BasicExtractor   : extracted value ([name3_1_] : [VARCHAR]) - [유유유 세차장]
2023-11-10 21:23:52.166 TRACE 87122 --- [    Test worker] o.h.type.descriptor.sql.BasicExtractor   : extracted value ([price4_1_] : [INTEGER]) - [100]
2023-11-10 21:23:52.166 TRACE 87122 --- [    Test worker] o.h.type.descriptor.sql.BasicExtractor   : extracted value ([rate5_1_] : [DOUBLE]) - [0.0]
2023-11-10 21:23:52.166 TRACE 87122 --- [    Test worker] o.h.type.descriptor.sql.BasicExtractor   : extracted value ([tel6_1_] : [VARCHAR]) - [01012345678]
2023-11-10 21:23:52.166 TRACE 87122 --- [    Test worker] o.h.type.descriptor.sql.BasicExtractor   : extracted value ([id1_1_] : [BIGINT]) - [26]
2023-11-10 21:23:52.166 TRACE 87122 --- [    Test worker] o.h.type.descriptor.sql.BasicExtractor   : extracted value ([des2_1_] : [VARCHAR]) - [테스트 설명]
2023-11-10 21:23:52.166 TRACE 87122 --- [    Test worker] o.h.type.descriptor.sql.BasicExtractor   : extracted value ([l_id7_1_] : [BIGINT]) - [26]
2023-11-10 21:23:52.166 TRACE 87122 --- [    Test worker] o.h.type.descriptor.sql.BasicExtractor   : extracted value ([m_id8_1_] : [BIGINT]) - [2]
2023-11-10 21:23:52.166 TRACE 87122 --- [    Test worker] o.h.type.descriptor.sql.BasicExtractor   : extracted value ([name3_1_] : [VARCHAR]) - [유유유 세차장]
2023-11-10 21:23:52.166 TRACE 87122 --- [    Test worker] o.h.type.descriptor.sql.BasicExtractor   : extracted value ([price4_1_] : [INTEGER]) - [100]
2023-11-10 21:23:52.166 TRACE 87122 --- [    Test worker] o.h.type.descriptor.sql.BasicExtractor   : extracted value ([rate5_1_] : [DOUBLE]) - [0.0]
2023-11-10 21:23:52.166 TRACE 87122 --- [    Test worker] o.h.type.descriptor.sql.BasicExtractor   : extracted value ([tel6_1_] : [VARCHAR]) - [01012345678]
2023-11-10 21:23:52.166 TRACE 87122 --- [    Test worker] o.h.type.descriptor.sql.BasicExtractor   : extracted value ([id1_1_] : [BIGINT]) - [27]
2023-11-10 21:23:52.166 TRACE 87122 --- [    Test worker] o.h.type.descriptor.sql.BasicExtractor   : extracted value ([des2_1_] : [VARCHAR]) - [테스트 설명]
2023-11-10 21:23:52.166 TRACE 87122 --- [    Test worker] o.h.type.descriptor.sql.BasicExtractor   : extracted value ([l_id7_1_] : [BIGINT]) - [27]
2023-11-10 21:23:52.166 TRACE 87122 --- [    Test worker] o.h.type.descriptor.sql.BasicExtractor   : extracted value ([m_id8_1_] : [BIGINT]) - [2]
2023-11-10 21:23:52.166 TRACE 87122 --- [    Test worker] o.h.type.descriptor.sql.BasicExtractor   : extracted value ([name3_1_] : [VARCHAR]) - [hey 세차장]
2023-11-10 21:23:52.166 TRACE 87122 --- [    Test worker] o.h.type.descriptor.sql.BasicExtractor   : extracted value ([price4_1_] : [INTEGER]) - [100]
2023-11-10 21:23:52.166 TRACE 87122 --- [    Test worker] o.h.type.descriptor.sql.BasicExtractor   : extracted value ([rate5_1_] : [DOUBLE]) - [0.0]
2023-11-10 21:23:52.166 TRACE 87122 --- [    Test worker] o.h.type.descriptor.sql.BasicExtractor   : extracted value ([tel6_1_] : [VARCHAR]) - [01012345678]
2023-11-10 21:23:52.167 TRACE 87122 --- [    Test worker] o.h.type.descriptor.sql.BasicExtractor   : extracted value ([id1_1_] : [BIGINT]) - [28]
2023-11-10 21:23:52.167 TRACE 87122 --- [    Test worker] o.h.type.descriptor.sql.BasicExtractor   : extracted value ([des2_1_] : [VARCHAR]) - [테스트 설명]
2023-11-10 21:23:52.167 TRACE 87122 --- [    Test worker] o.h.type.descriptor.sql.BasicExtractor   : extracted value ([l_id7_1_] : [BIGINT]) - [28]
2023-11-10 21:23:52.167 TRACE 87122 --- [    Test worker] o.h.type.descriptor.sql.BasicExtractor   : extracted value ([m_id8_1_] : [BIGINT]) - [2]
2023-11-10 21:23:52.167 TRACE 87122 --- [    Test worker] o.h.type.descriptor.sql.BasicExtractor   : extracted value ([name3_1_] : [VARCHAR]) - [hey 세차장]
2023-11-10 21:23:52.167 TRACE 87122 --- [    Test worker] o.h.type.descriptor.sql.BasicExtractor   : extracted value ([price4_1_] : [INTEGER]) - [100]
2023-11-10 21:23:52.167 TRACE 87122 --- [    Test worker] o.h.type.descriptor.sql.BasicExtractor   : extracted value ([rate5_1_] : [DOUBLE]) - [0.0]
2023-11-10 21:23:52.167 TRACE 87122 --- [    Test worker] o.h.type.descriptor.sql.BasicExtractor   : extracted value ([tel6_1_] : [VARCHAR]) - [01012345678]
2023-11-10 21:23:52.167 TRACE 87122 --- [    Test worker] o.h.type.descriptor.sql.BasicExtractor   : extracted value ([id1_1_] : [BIGINT]) - [29]
2023-11-10 21:23:52.168 TRACE 87122 --- [    Test worker] o.h.type.descriptor.sql.BasicExtractor   : extracted value ([des2_1_] : [VARCHAR]) - [테스트 설명]
2023-11-10 21:23:52.169 TRACE 87122 --- [    Test worker] o.h.type.descriptor.sql.BasicExtractor   : extracted value ([l_id7_1_] : [BIGINT]) - [29]
2023-11-10 21:23:52.169 TRACE 87122 --- [    Test worker] o.h.type.descriptor.sql.BasicExtractor   : extracted value ([m_id8_1_] : [BIGINT]) - [2]
2023-11-10 21:23:52.169 TRACE 87122 --- [    Test worker] o.h.type.descriptor.sql.BasicExtractor   : extracted value ([name3_1_] : [VARCHAR]) - [hey 세차장]
2023-11-10 21:23:52.169 TRACE 87122 --- [    Test worker] o.h.type.descriptor.sql.BasicExtractor   : extracted value ([price4_1_] : [INTEGER]) - [100]
2023-11-10 21:23:52.169 TRACE 87122 --- [    Test worker] o.h.type.descriptor.sql.BasicExtractor   : extracted value ([rate5_1_] : [DOUBLE]) - [0.0]
2023-11-10 21:23:52.169 TRACE 87122 --- [    Test worker] o.h.type.descriptor.sql.BasicExtractor   : extracted value ([tel6_1_] : [VARCHAR]) - [01012345678]
2023-11-10 21:23:52.169 TRACE 87122 --- [    Test worker] o.h.type.descriptor.sql.BasicExtractor   : extracted value ([id1_1_] : [BIGINT]) - [30]
2023-11-10 21:23:52.169 TRACE 87122 --- [    Test worker] o.h.type.descriptor.sql.BasicExtractor   : extracted value ([des2_1_] : [VARCHAR]) - [테스트 설명]
2023-11-10 21:23:52.169 TRACE 87122 --- [    Test worker] o.h.type.descriptor.sql.BasicExtractor   : extracted value ([l_id7_1_] : [BIGINT]) - [30]
2023-11-10 21:23:52.169 TRACE 87122 --- [    Test worker] o.h.type.descriptor.sql.BasicExtractor   : extracted value ([m_id8_1_] : [BIGINT]) - [2]
2023-11-10 21:23:52.169 TRACE 87122 --- [    Test worker] o.h.type.descriptor.sql.BasicExtractor   : extracted value ([name3_1_] : [VARCHAR]) - [아이유 세차장]
2023-11-10 21:23:52.169 TRACE 87122 --- [    Test worker] o.h.type.descriptor.sql.BasicExtractor   : extracted value ([price4_1_] : [INTEGER]) - [100]
2023-11-10 21:23:52.169 TRACE 87122 --- [    Test worker] o.h.type.descriptor.sql.BasicExtractor   : extracted value ([rate5_1_] : [DOUBLE]) - [0.0]
2023-11-10 21:23:52.169 TRACE 87122 --- [    Test worker] o.h.type.descriptor.sql.BasicExtractor   : extracted value ([tel6_1_] : [VARCHAR]) - [01012345678]
2023-11-10 21:23:52.170 TRACE 87122 --- [    Test worker] o.h.type.descriptor.sql.BasicExtractor   : extracted value ([id1_1_] : [BIGINT]) - [31]
2023-11-10 21:23:52.170 TRACE 87122 --- [    Test worker] o.h.type.descriptor.sql.BasicExtractor   : extracted value ([des2_1_] : [VARCHAR]) - [테스트 설명]
2023-11-10 21:23:52.170 TRACE 87122 --- [    Test worker] o.h.type.descriptor.sql.BasicExtractor   : extracted value ([l_id7_1_] : [BIGINT]) - [31]
2023-11-10 21:23:52.170 TRACE 87122 --- [    Test worker] o.h.type.descriptor.sql.BasicExtractor   : extracted value ([m_id8_1_] : [BIGINT]) - [2]
2023-11-10 21:23:52.170 TRACE 87122 --- [    Test worker] o.h.type.descriptor.sql.BasicExtractor   : extracted value ([name3_1_] : [VARCHAR]) - [아이유 세차장]
2023-11-10 21:23:52.170 TRACE 87122 --- [    Test worker] o.h.type.descriptor.sql.BasicExtractor   : extracted value ([price4_1_] : [INTEGER]) - [100]
2023-11-10 21:23:52.170 TRACE 87122 --- [    Test worker] o.h.type.descriptor.sql.BasicExtractor   : extracted value ([rate5_1_] : [DOUBLE]) - [0.0]
2023-11-10 21:23:52.170 TRACE 87122 --- [    Test worker] o.h.type.descriptor.sql.BasicExtractor   : extracted value ([tel6_1_] : [VARCHAR]) - [01012345678]
2023-11-10 21:23:52.170 TRACE 87122 --- [    Test worker] o.h.type.descriptor.sql.BasicExtractor   : extracted value ([id1_1_] : [BIGINT]) - [32]
2023-11-10 21:23:52.170 TRACE 87122 --- [    Test worker] o.h.type.descriptor.sql.BasicExtractor   : extracted value ([des2_1_] : [VARCHAR]) - [테스트 설명]
2023-11-10 21:23:52.170 TRACE 87122 --- [    Test worker] o.h.type.descriptor.sql.BasicExtractor   : extracted value ([l_id7_1_] : [BIGINT]) - [32]
2023-11-10 21:23:52.170 TRACE 87122 --- [    Test worker] o.h.type.descriptor.sql.BasicExtractor   : extracted value ([m_id8_1_] : [BIGINT]) - [2]
2023-11-10 21:23:52.170 TRACE 87122 --- [    Test worker] o.h.type.descriptor.sql.BasicExtractor   : extracted value ([name3_1_] : [VARCHAR]) - [아이유 세차장]
2023-11-10 21:23:52.170 TRACE 87122 --- [    Test worker] o.h.type.descriptor.sql.BasicExtractor   : extracted value ([price4_1_] : [INTEGER]) - [100]
2023-11-10 21:23:52.170 TRACE 87122 --- [    Test worker] o.h.type.descriptor.sql.BasicExtractor   : extracted value ([rate5_1_] : [DOUBLE]) - [0.0]
2023-11-10 21:23:52.170 TRACE 87122 --- [    Test worker] o.h.type.descriptor.sql.BasicExtractor   : extracted value ([tel6_1_] : [VARCHAR]) - [01012345678]
2023-11-10 21:23:52.170 TRACE 87122 --- [    Test worker] o.h.type.descriptor.sql.BasicExtractor   : extracted value ([id1_1_] : [BIGINT]) - [33]
2023-11-10 21:23:52.170 TRACE 87122 --- [    Test worker] o.h.type.descriptor.sql.BasicExtractor   : extracted value ([des2_1_] : [VARCHAR]) - [테스트 설명]
2023-11-10 21:23:52.170 TRACE 87122 --- [    Test worker] o.h.type.descriptor.sql.BasicExtractor   : extracted value ([l_id7_1_] : [BIGINT]) - [33]
2023-11-10 21:23:52.170 TRACE 87122 --- [    Test worker] o.h.type.descriptor.sql.BasicExtractor   : extracted value ([m_id8_1_] : [BIGINT]) - [2]
2023-11-10 21:23:52.170 TRACE 87122 --- [    Test worker] o.h.type.descriptor.sql.BasicExtractor   : extracted value ([name3_1_] : [VARCHAR]) - [아이유 세차장]
2023-11-10 21:23:52.170 TRACE 87122 --- [    Test worker] o.h.type.descriptor.sql.BasicExtractor   : extracted value ([price4_1_] : [INTEGER]) - [100]
2023-11-10 21:23:52.170 TRACE 87122 --- [    Test worker] o.h.type.descriptor.sql.BasicExtractor   : extracted value ([rate5_1_] : [DOUBLE]) - [0.0]
2023-11-10 21:23:52.170 TRACE 87122 --- [    Test worker] o.h.type.descriptor.sql.BasicExtractor   : extracted value ([tel6_1_] : [VARCHAR]) - [01012345678]
2023-11-10 21:23:52.171 TRACE 87122 --- [    Test worker] o.h.type.descriptor.sql.BasicExtractor   : extracted value ([id1_1_] : [BIGINT]) - [34]
2023-11-10 21:23:52.171 TRACE 87122 --- [    Test worker] o.h.type.descriptor.sql.BasicExtractor   : extracted value ([des2_1_] : [VARCHAR]) - [테스트 설명]
2023-11-10 21:23:52.171 TRACE 87122 --- [    Test worker] o.h.type.descriptor.sql.BasicExtractor   : extracted value ([l_id7_1_] : [BIGINT]) - [34]
2023-11-10 21:23:52.171 TRACE 87122 --- [    Test worker] o.h.type.descriptor.sql.BasicExtractor   : extracted value ([m_id8_1_] : [BIGINT]) - [2]
2023-11-10 21:23:52.171 TRACE 87122 --- [    Test worker] o.h.type.descriptor.sql.BasicExtractor   : extracted value ([name3_1_] : [VARCHAR]) - [아이유 세차장]
2023-11-10 21:23:52.171 TRACE 87122 --- [    Test worker] o.h.type.descriptor.sql.BasicExtractor   : extracted value ([price4_1_] : [INTEGER]) - [100]
2023-11-10 21:23:52.171 TRACE 87122 --- [    Test worker] o.h.type.descriptor.sql.BasicExtractor   : extracted value ([rate5_1_] : [DOUBLE]) - [0.0]
2023-11-10 21:23:52.171 TRACE 87122 --- [    Test worker] o.h.type.descriptor.sql.BasicExtractor   : extracted value ([tel6_1_] : [VARCHAR]) - [01012345678]
2023-11-10 21:23:52.171 TRACE 87122 --- [    Test worker] o.h.type.descriptor.sql.BasicExtractor   : extracted value ([id1_1_] : [BIGINT]) - [48]
2023-11-10 21:23:52.171 TRACE 87122 --- [    Test worker] o.h.type.descriptor.sql.BasicExtractor   : extracted value ([des2_1_] : [VARCHAR]) - [테스트 설명]
2023-11-10 21:23:52.171 TRACE 87122 --- [    Test worker] o.h.type.descriptor.sql.BasicExtractor   : extracted value ([l_id7_1_] : [BIGINT]) - [48]
2023-11-10 21:23:52.171 TRACE 87122 --- [    Test worker] o.h.type.descriptor.sql.BasicExtractor   : extracted value ([m_id8_1_] : [BIGINT]) - [2]
2023-11-10 21:23:52.171 TRACE 87122 --- [    Test worker] o.h.type.descriptor.sql.BasicExtractor   : extracted value ([name3_1_] : [VARCHAR]) - [아이유 세차장]
2023-11-10 21:23:52.171 TRACE 87122 --- [    Test worker] o.h.type.descriptor.sql.BasicExtractor   : extracted value ([price4_1_] : [INTEGER]) - [100]
2023-11-10 21:23:52.171 TRACE 87122 --- [    Test worker] o.h.type.descriptor.sql.BasicExtractor   : extracted value ([rate5_1_] : [DOUBLE]) - [0.0]
2023-11-10 21:23:52.171 TRACE 87122 --- [    Test worker] o.h.type.descriptor.sql.BasicExtractor   : extracted value ([tel6_1_] : [VARCHAR]) - [01012345678]
2023-11-10 21:23:52.171 TRACE 87122 --- [    Test worker] o.h.type.descriptor.sql.BasicExtractor   : extracted value ([id1_1_] : [BIGINT]) - [49]
2023-11-10 21:23:52.171 TRACE 87122 --- [    Test worker] o.h.type.descriptor.sql.BasicExtractor   : extracted value ([des2_1_] : [VARCHAR]) - [테스트 설명]
2023-11-10 21:23:52.171 TRACE 87122 --- [    Test worker] o.h.type.descriptor.sql.BasicExtractor   : extracted value ([l_id7_1_] : [BIGINT]) - [49]
2023-11-10 21:23:52.171 TRACE 87122 --- [    Test worker] o.h.type.descriptor.sql.BasicExtractor   : extracted value ([m_id8_1_] : [BIGINT]) - [2]
2023-11-10 21:23:52.171 TRACE 87122 --- [    Test worker] o.h.type.descriptor.sql.BasicExtractor   : extracted value ([name3_1_] : [VARCHAR]) - [아이 세차장]
2023-11-10 21:23:52.171 TRACE 87122 --- [    Test worker] o.h.type.descriptor.sql.BasicExtractor   : extracted value ([price4_1_] : [INTEGER]) - [100]
2023-11-10 21:23:52.171 TRACE 87122 --- [    Test worker] o.h.type.descriptor.sql.BasicExtractor   : extracted value ([rate5_1_] : [DOUBLE]) - [0.0]
2023-11-10 21:23:52.172 TRACE 87122 --- [    Test worker] o.h.type.descriptor.sql.BasicExtractor   : extracted value ([tel6_1_] : [VARCHAR]) - [01012345678]
2023-11-10 21:23:52.172 TRACE 87122 --- [    Test worker] o.h.type.descriptor.sql.BasicExtractor   : extracted value ([id1_1_] : [BIGINT]) - [50]
2023-11-10 21:23:52.172 TRACE 87122 --- [    Test worker] o.h.type.descriptor.sql.BasicExtractor   : extracted value ([des2_1_] : [VARCHAR]) - [테스트 설명]
2023-11-10 21:23:52.172 TRACE 87122 --- [    Test worker] o.h.type.descriptor.sql.BasicExtractor   : extracted value ([l_id7_1_] : [BIGINT]) - [50]
2023-11-10 21:23:52.172 TRACE 87122 --- [    Test worker] o.h.type.descriptor.sql.BasicExtractor   : extracted value ([m_id8_1_] : [BIGINT]) - [2]
2023-11-10 21:23:52.172 TRACE 87122 --- [    Test worker] o.h.type.descriptor.sql.BasicExtractor   : extracted value ([name3_1_] : [VARCHAR]) - [아이 세차장]
2023-11-10 21:23:52.172 TRACE 87122 --- [    Test worker] o.h.type.descriptor.sql.BasicExtractor   : extracted value ([price4_1_] : [INTEGER]) - [100]
2023-11-10 21:23:52.172 TRACE 87122 --- [    Test worker] o.h.type.descriptor.sql.BasicExtractor   : extracted value ([rate5_1_] : [DOUBLE]) - [0.0]
2023-11-10 21:23:52.172 TRACE 87122 --- [    Test worker] o.h.type.descriptor.sql.BasicExtractor   : extracted value ([tel6_1_] : [VARCHAR]) - [01012345678]
2023-11-10 21:23:52.172 TRACE 87122 --- [    Test worker] o.h.type.descriptor.sql.BasicExtractor   : extracted value ([id1_1_] : [BIGINT]) - [51]
2023-11-10 21:23:52.172 TRACE 87122 --- [    Test worker] o.h.type.descriptor.sql.BasicExtractor   : extracted value ([des2_1_] : [VARCHAR]) - [테스트 설명]
2023-11-10 21:23:52.172 TRACE 87122 --- [    Test worker] o.h.type.descriptor.sql.BasicExtractor   : extracted value ([l_id7_1_] : [BIGINT]) - [51]
2023-11-10 21:23:52.172 TRACE 87122 --- [    Test worker] o.h.type.descriptor.sql.BasicExtractor   : extracted value ([m_id8_1_] : [BIGINT]) - [2]
2023-11-10 21:23:52.172 TRACE 87122 --- [    Test worker] o.h.type.descriptor.sql.BasicExtractor   : extracted value ([name3_1_] : [VARCHAR]) - [아이 세차장]
2023-11-10 21:23:52.172 TRACE 87122 --- [    Test worker] o.h.type.descriptor.sql.BasicExtractor   : extracted value ([price4_1_] : [INTEGER]) - [100]
2023-11-10 21:23:52.172 TRACE 87122 --- [    Test worker] o.h.type.descriptor.sql.BasicExtractor   : extracted value ([rate5_1_] : [DOUBLE]) - [0.0]
2023-11-10 21:23:52.172 TRACE 87122 --- [    Test worker] o.h.type.descriptor.sql.BasicExtractor   : extracted value ([tel6_1_] : [VARCHAR]) - [01012345678]
2023-11-10 21:23:52.172 TRACE 87122 --- [    Test worker] o.h.type.descriptor.sql.BasicExtractor   : extracted value ([id1_1_] : [BIGINT]) - [55]
2023-11-10 21:23:52.172 TRACE 87122 --- [    Test worker] o.h.type.descriptor.sql.BasicExtractor   : extracted value ([des2_1_] : [VARCHAR]) - [테스트 설명]
2023-11-10 21:23:52.172 TRACE 87122 --- [    Test worker] o.h.type.descriptor.sql.BasicExtractor   : extracted value ([l_id7_1_] : [BIGINT]) - [55]
2023-11-10 21:23:52.172 TRACE 87122 --- [    Test worker] o.h.type.descriptor.sql.BasicExtractor   : extracted value ([m_id8_1_] : [BIGINT]) - [2]
2023-11-10 21:23:52.172 TRACE 87122 --- [    Test worker] o.h.type.descriptor.sql.BasicExtractor   : extracted value ([name3_1_] : [VARCHAR]) - [아이 세차장]
2023-11-10 21:23:52.172 TRACE 87122 --- [    Test worker] o.h.type.descriptor.sql.BasicExtractor   : extracted value ([price4_1_] : [INTEGER]) - [100]
2023-11-10 21:23:52.172 TRACE 87122 --- [    Test worker] o.h.type.descriptor.sql.BasicExtractor   : extracted value ([rate5_1_] : [DOUBLE]) - [0.0]
2023-11-10 21:23:52.172 TRACE 87122 --- [    Test worker] o.h.type.descriptor.sql.BasicExtractor   : extracted value ([tel6_1_] : [VARCHAR]) - [01012345678]
2023-11-10 21:23:52.172 TRACE 87122 --- [    Test worker] o.h.type.descriptor.sql.BasicExtractor   : extracted value ([id1_1_] : [BIGINT]) - [56]
2023-11-10 21:23:52.172 TRACE 87122 --- [    Test worker] o.h.type.descriptor.sql.BasicExtractor   : extracted value ([des2_1_] : [VARCHAR]) - [테스트 설명]
2023-11-10 21:23:52.172 TRACE 87122 --- [    Test worker] o.h.type.descriptor.sql.BasicExtractor   : extracted value ([l_id7_1_] : [BIGINT]) - [56]
2023-11-10 21:23:52.172 TRACE 87122 --- [    Test worker] o.h.type.descriptor.sql.BasicExtractor   : extracted value ([m_id8_1_] : [BIGINT]) - [2]
2023-11-10 21:23:52.172 TRACE 87122 --- [    Test worker] o.h.type.descriptor.sql.BasicExtractor   : extracted value ([name3_1_] : [VARCHAR]) - [아이 세차장]
2023-11-10 21:23:52.172 TRACE 87122 --- [    Test worker] o.h.type.descriptor.sql.BasicExtractor   : extracted value ([price4_1_] : [INTEGER]) - [100]
2023-11-10 21:23:52.172 TRACE 87122 --- [    Test worker] o.h.type.descriptor.sql.BasicExtractor   : extracted value ([rate5_1_] : [DOUBLE]) - [0.0]
2023-11-10 21:23:52.172 TRACE 87122 --- [    Test worker] o.h.type.descriptor.sql.BasicExtractor   : extracted value ([tel6_1_] : [VARCHAR]) - [01012345678]
2023-11-10 21:23:52.172 TRACE 87122 --- [    Test worker] o.h.type.descriptor.sql.BasicExtractor   : extracted value ([id1_1_] : [BIGINT]) - [57]
2023-11-10 21:23:52.172 TRACE 87122 --- [    Test worker] o.h.type.descriptor.sql.BasicExtractor   : extracted value ([des2_1_] : [VARCHAR]) - [상품 추천 해드립니다!]
2023-11-10 21:23:52.172 TRACE 87122 --- [    Test worker] o.h.type.descriptor.sql.BasicExtractor   : extracted value ([l_id7_1_] : [BIGINT]) - [6]
2023-11-10 21:23:52.172 TRACE 87122 --- [    Test worker] o.h.type.descriptor.sql.BasicExtractor   : extracted value ([m_id8_1_] : [BIGINT]) - [2]
2023-11-10 21:23:52.173 TRACE 87122 --- [    Test worker] o.h.type.descriptor.sql.BasicExtractor   : extracted value ([name3_1_] : [VARCHAR]) - [안녕 세차장]
2023-11-10 21:23:52.173 TRACE 87122 --- [    Test worker] o.h.type.descriptor.sql.BasicExtractor   : extracted value ([price4_1_] : [INTEGER]) - [11000]
2023-11-10 21:23:52.173 TRACE 87122 --- [    Test worker] o.h.type.descriptor.sql.BasicExtractor   : extracted value ([rate5_1_] : [DOUBLE]) - [4.5]
2023-11-10 21:23:52.173 TRACE 87122 --- [    Test worker] o.h.type.descriptor.sql.BasicExtractor   : extracted value ([tel6_1_] : [VARCHAR]) - [062-1234-1111]
2023-11-10 21:23:52.173 TRACE 87122 --- [    Test worker] o.h.type.descriptor.sql.BasicExtractor   : extracted value ([id1_1_] : [BIGINT]) - [58]
2023-11-10 21:23:52.173 TRACE 87122 --- [    Test worker] o.h.type.descriptor.sql.BasicExtractor   : extracted value ([des2_1_] : [VARCHAR]) - [와주세요]
2023-11-10 21:23:52.173 TRACE 87122 --- [    Test worker] o.h.type.descriptor.sql.BasicExtractor   : extracted value ([l_id7_1_] : [BIGINT]) - [2]
2023-11-10 21:23:52.173 TRACE 87122 --- [    Test worker] o.h.type.descriptor.sql.BasicExtractor   : extracted value ([m_id8_1_] : [BIGINT]) - [2]
2023-11-10 21:23:52.173 TRACE 87122 --- [    Test worker] o.h.type.descriptor.sql.BasicExtractor   : extracted value ([name3_1_] : [VARCHAR]) - [반짝 세차장]
2023-11-10 21:23:52.173 TRACE 87122 --- [    Test worker] o.h.type.descriptor.sql.BasicExtractor   : extracted value ([price4_1_] : [INTEGER]) - [9500]
2023-11-10 21:23:52.173 TRACE 87122 --- [    Test worker] o.h.type.descriptor.sql.BasicExtractor   : extracted value ([rate5_1_] : [DOUBLE]) - [4.1]
2023-11-10 21:23:52.173 TRACE 87122 --- [    Test worker] o.h.type.descriptor.sql.BasicExtractor   : extracted value ([tel6_1_] : [VARCHAR]) - [062-1234-2222]
2023-11-10 21:23:52.173 TRACE 87122 --- [    Test worker] o.h.type.descriptor.sql.BasicExtractor   : extracted value ([id1_1_] : [BIGINT]) - [59]
2023-11-10 21:23:52.173 TRACE 87122 --- [    Test worker] o.h.type.descriptor.sql.BasicExtractor   : extracted value ([des2_1_] : [VARCHAR]) - [베이가 넓어요]
2023-11-10 21:23:52.173 TRACE 87122 --- [    Test worker] o.h.type.descriptor.sql.BasicExtractor   : extracted value ([l_id7_1_] : [BIGINT]) - [34]
2023-11-10 21:23:52.173 TRACE 87122 --- [    Test worker] o.h.type.descriptor.sql.BasicExtractor   : extracted value ([m_id8_1_] : [BIGINT]) - [2]
2023-11-10 21:23:52.173 TRACE 87122 --- [    Test worker] o.h.type.descriptor.sql.BasicExtractor   : extracted value ([name3_1_] : [VARCHAR]) - [맑은 세차장]
2023-11-10 21:23:52.173 TRACE 87122 --- [    Test worker] o.h.type.descriptor.sql.BasicExtractor   : extracted value ([price4_1_] : [INTEGER]) - [13000]
2023-11-10 21:23:52.173 TRACE 87122 --- [    Test worker] o.h.type.descriptor.sql.BasicExtractor   : extracted value ([rate5_1_] : [DOUBLE]) - [4.9]
2023-11-10 21:23:52.173 TRACE 87122 --- [    Test worker] o.h.type.descriptor.sql.BasicExtractor   : extracted value ([tel6_1_] : [VARCHAR]) - [062-1234-3333]
2023-11-10 21:23:52.173 TRACE 87122 --- [    Test worker] o.h.type.descriptor.sql.BasicExtractor   : extracted value ([id1_1_] : [BIGINT]) - [60]
2023-11-10 21:23:52.173 TRACE 87122 --- [    Test worker] o.h.type.descriptor.sql.BasicExtractor   : extracted value ([des2_1_] : [VARCHAR]) - [테스트 설명]
2023-11-10 21:23:52.173 TRACE 87122 --- [    Test worker] o.h.type.descriptor.sql.BasicExtractor   : extracted value ([l_id7_1_] : [BIGINT]) - [57]
2023-11-10 21:23:52.173 TRACE 87122 --- [    Test worker] o.h.type.descriptor.sql.BasicExtractor   : extracted value ([m_id8_1_] : [BIGINT]) - [2]
2023-11-10 21:23:52.173 TRACE 87122 --- [    Test worker] o.h.type.descriptor.sql.BasicExtractor   : extracted value ([name3_1_] : [VARCHAR]) - [아이 세차장]
2023-11-10 21:23:52.173 TRACE 87122 --- [    Test worker] o.h.type.descriptor.sql.BasicExtractor   : extracted value ([price4_1_] : [INTEGER]) - [100]
2023-11-10 21:23:52.173 TRACE 87122 --- [    Test worker] o.h.type.descriptor.sql.BasicExtractor   : extracted value ([rate5_1_] : [DOUBLE]) - [0.0]
2023-11-10 21:23:52.173 TRACE 87122 --- [    Test worker] o.h.type.descriptor.sql.BasicExtractor   : extracted value ([tel6_1_] : [VARCHAR]) - [01012345678]
2023-11-10 21:23:52.173 TRACE 87122 --- [    Test worker] o.h.type.descriptor.sql.BasicExtractor   : extracted value ([id1_1_] : [BIGINT]) - [61]
2023-11-10 21:23:52.173 TRACE 87122 --- [    Test worker] o.h.type.descriptor.sql.BasicExtractor   : extracted value ([des2_1_] : [VARCHAR]) - [테스트 설명]
2023-11-10 21:23:52.173 TRACE 87122 --- [    Test worker] o.h.type.descriptor.sql.BasicExtractor   : extracted value ([l_id7_1_] : [BIGINT]) - [58]
2023-11-10 21:23:52.173 TRACE 87122 --- [    Test worker] o.h.type.descriptor.sql.BasicExtractor   : extracted value ([m_id8_1_] : [BIGINT]) - [2]
2023-11-10 21:23:52.173 TRACE 87122 --- [    Test worker] o.h.type.descriptor.sql.BasicExtractor   : extracted value ([name3_1_] : [VARCHAR]) - [아이 세차장]
2023-11-10 21:23:52.173 TRACE 87122 --- [    Test worker] o.h.type.descriptor.sql.BasicExtractor   : extracted value ([price4_1_] : [INTEGER]) - [100]
2023-11-10 21:23:52.173 TRACE 87122 --- [    Test worker] o.h.type.descriptor.sql.BasicExtractor   : extracted value ([rate5_1_] : [DOUBLE]) - [0.0]
2023-11-10 21:23:52.173 TRACE 87122 --- [    Test worker] o.h.type.descriptor.sql.BasicExtractor   : extracted value ([tel6_1_] : [VARCHAR]) - [01012345678]
2023-11-10 21:23:52.173 TRACE 87122 --- [    Test worker] o.h.type.descriptor.sql.BasicExtractor   : extracted value ([id1_1_] : [BIGINT]) - [62]
2023-11-10 21:23:52.173 TRACE 87122 --- [    Test worker] o.h.type.descriptor.sql.BasicExtractor   : extracted value ([des2_1_] : [VARCHAR]) - [테스트 설명]
2023-11-10 21:23:52.173 TRACE 87122 --- [    Test worker] o.h.type.descriptor.sql.BasicExtractor   : extracted value ([l_id7_1_] : [BIGINT]) - [59]
2023-11-10 21:23:52.173 TRACE 87122 --- [    Test worker] o.h.type.descriptor.sql.BasicExtractor   : extracted value ([m_id8_1_] : [BIGINT]) - [2]
2023-11-10 21:23:52.173 TRACE 87122 --- [    Test worker] o.h.type.descriptor.sql.BasicExtractor   : extracted value ([name3_1_] : [VARCHAR]) - [아이 세차장]
2023-11-10 21:23:52.173 TRACE 87122 --- [    Test worker] o.h.type.descriptor.sql.BasicExtractor   : extracted value ([price4_1_] : [INTEGER]) - [100]
2023-11-10 21:23:52.173 TRACE 87122 --- [    Test worker] o.h.type.descriptor.sql.BasicExtractor   : extracted value ([rate5_1_] : [DOUBLE]) - [0.0]
2023-11-10 21:23:52.173 TRACE 87122 --- [    Test worker] o.h.type.descriptor.sql.BasicExtractor   : extracted value ([tel6_1_] : [VARCHAR]) - [01012345678]
2023-11-10 21:23:52.173 TRACE 87122 --- [    Test worker] o.h.type.descriptor.sql.BasicExtractor   : extracted value ([id1_1_] : [BIGINT]) - [63]
2023-11-10 21:23:52.174 TRACE 87122 --- [    Test worker] o.h.type.descriptor.sql.BasicExtractor   : extracted value ([des2_1_] : [VARCHAR]) - [테스트 설명]
2023-11-10 21:23:52.174 TRACE 87122 --- [    Test worker] o.h.type.descriptor.sql.BasicExtractor   : extracted value ([l_id7_1_] : [BIGINT]) - [60]
2023-11-10 21:23:52.174 TRACE 87122 --- [    Test worker] o.h.type.descriptor.sql.BasicExtractor   : extracted value ([m_id8_1_] : [BIGINT]) - [2]
2023-11-10 21:23:52.174 TRACE 87122 --- [    Test worker] o.h.type.descriptor.sql.BasicExtractor   : extracted value ([name3_1_] : [VARCHAR]) - [아이 세차장]
2023-11-10 21:23:52.174 TRACE 87122 --- [    Test worker] o.h.type.descriptor.sql.BasicExtractor   : extracted value ([price4_1_] : [INTEGER]) - [100]
2023-11-10 21:23:52.174 TRACE 87122 --- [    Test worker] o.h.type.descriptor.sql.BasicExtractor   : extracted value ([rate5_1_] : [DOUBLE]) - [0.0]
2023-11-10 21:23:52.174 TRACE 87122 --- [    Test worker] o.h.type.descriptor.sql.BasicExtractor   : extracted value ([tel6_1_] : [VARCHAR]) - [01012345678]
2023-11-10 21:23:52.174 TRACE 87122 --- [    Test worker] o.h.type.descriptor.sql.BasicExtractor   : extracted value ([id1_1_] : [BIGINT]) - [64]
2023-11-10 21:23:52.174 TRACE 87122 --- [    Test worker] o.h.type.descriptor.sql.BasicExtractor   : extracted value ([des2_1_] : [VARCHAR]) - [테스트 설명]
2023-11-10 21:23:52.174 TRACE 87122 --- [    Test worker] o.h.type.descriptor.sql.BasicExtractor   : extracted value ([l_id7_1_] : [BIGINT]) - [61]
2023-11-10 21:23:52.174 TRACE 87122 --- [    Test worker] o.h.type.descriptor.sql.BasicExtractor   : extracted value ([m_id8_1_] : [BIGINT]) - [2]
2023-11-10 21:23:52.174 TRACE 87122 --- [    Test worker] o.h.type.descriptor.sql.BasicExtractor   : extracted value ([name3_1_] : [VARCHAR]) - [아이 세차장]
2023-11-10 21:23:52.174 TRACE 87122 --- [    Test worker] o.h.type.descriptor.sql.BasicExtractor   : extracted value ([price4_1_] : [INTEGER]) - [100]
2023-11-10 21:23:52.175 TRACE 87122 --- [    Test worker] o.h.type.descriptor.sql.BasicExtractor   : extracted value ([rate5_1_] : [DOUBLE]) - [0.0]
2023-11-10 21:23:52.175 TRACE 87122 --- [    Test worker] o.h.type.descriptor.sql.BasicExtractor   : extracted value ([tel6_1_] : [VARCHAR]) - [01012345678]
2023-11-10 21:23:52.175 TRACE 87122 --- [    Test worker] o.h.type.descriptor.sql.BasicExtractor   : extracted value ([id1_1_] : [BIGINT]) - [65]
2023-11-10 21:23:52.175 TRACE 87122 --- [    Test worker] o.h.type.descriptor.sql.BasicExtractor   : extracted value ([des2_1_] : [VARCHAR]) - [테스트 설명]
2023-11-10 21:23:52.175 TRACE 87122 --- [    Test worker] o.h.type.descriptor.sql.BasicExtractor   : extracted value ([l_id7_1_] : [BIGINT]) - [62]
2023-11-10 21:23:52.175 TRACE 87122 --- [    Test worker] o.h.type.descriptor.sql.BasicExtractor   : extracted value ([m_id8_1_] : [BIGINT]) - [2]
2023-11-10 21:23:52.175 TRACE 87122 --- [    Test worker] o.h.type.descriptor.sql.BasicExtractor   : extracted value ([name3_1_] : [VARCHAR]) - [아이 세차장]
2023-11-10 21:23:52.175 TRACE 87122 --- [    Test worker] o.h.type.descriptor.sql.BasicExtractor   : extracted value ([price4_1_] : [INTEGER]) - [100]
2023-11-10 21:23:52.175 TRACE 87122 --- [    Test worker] o.h.type.descriptor.sql.BasicExtractor   : extracted value ([rate5_1_] : [DOUBLE]) - [0.0]
2023-11-10 21:23:52.175 TRACE 87122 --- [    Test worker] o.h.type.descriptor.sql.BasicExtractor   : extracted value ([tel6_1_] : [VARCHAR]) - [01012345678]
2023-11-10 21:23:52.175 TRACE 87122 --- [    Test worker] o.h.type.descriptor.sql.BasicExtractor   : extracted value ([id1_1_] : [BIGINT]) - [66]
2023-11-10 21:23:52.175 TRACE 87122 --- [    Test worker] o.h.type.descriptor.sql.BasicExtractor   : extracted value ([des2_1_] : [VARCHAR]) - [테스트 설명]
2023-11-10 21:23:52.175 TRACE 87122 --- [    Test worker] o.h.type.descriptor.sql.BasicExtractor   : extracted value ([l_id7_1_] : [BIGINT]) - [63]
2023-11-10 21:23:52.175 TRACE 87122 --- [    Test worker] o.h.type.descriptor.sql.BasicExtractor   : extracted value ([m_id8_1_] : [BIGINT]) - [2]
2023-11-10 21:23:52.175 TRACE 87122 --- [    Test worker] o.h.type.descriptor.sql.BasicExtractor   : extracted value ([name3_1_] : [VARCHAR]) - [아이 세차장]
2023-11-10 21:23:52.175 TRACE 87122 --- [    Test worker] o.h.type.descriptor.sql.BasicExtractor   : extracted value ([price4_1_] : [INTEGER]) - [100]
2023-11-10 21:23:52.175 TRACE 87122 --- [    Test worker] o.h.type.descriptor.sql.BasicExtractor   : extracted value ([rate5_1_] : [DOUBLE]) - [0.0]
2023-11-10 21:23:52.175 TRACE 87122 --- [    Test worker] o.h.type.descriptor.sql.BasicExtractor   : extracted value ([tel6_1_] : [VARCHAR]) - [01012345678]
2023-11-10 21:23:52.175 TRACE 87122 --- [    Test worker] o.h.type.descriptor.sql.BasicExtractor   : extracted value ([id1_1_] : [BIGINT]) - [67]
2023-11-10 21:23:52.175 TRACE 87122 --- [    Test worker] o.h.type.descriptor.sql.BasicExtractor   : extracted value ([des2_1_] : [VARCHAR]) - [테스트 설명]
2023-11-10 21:23:52.175 TRACE 87122 --- [    Test worker] o.h.type.descriptor.sql.BasicExtractor   : extracted value ([l_id7_1_] : [BIGINT]) - [64]
2023-11-10 21:23:52.175 TRACE 87122 --- [    Test worker] o.h.type.descriptor.sql.BasicExtractor   : extracted value ([m_id8_1_] : [BIGINT]) - [2]
2023-11-10 21:23:52.175 TRACE 87122 --- [    Test worker] o.h.type.descriptor.sql.BasicExtractor   : extracted value ([name3_1_] : [VARCHAR]) - [아이 세차장]
2023-11-10 21:23:52.175 TRACE 87122 --- [    Test worker] o.h.type.descriptor.sql.BasicExtractor   : extracted value ([price4_1_] : [INTEGER]) - [100]
2023-11-10 21:23:52.175 TRACE 87122 --- [    Test worker] o.h.type.descriptor.sql.BasicExtractor   : extracted value ([rate5_1_] : [DOUBLE]) - [0.0]
2023-11-10 21:23:52.175 TRACE 87122 --- [    Test worker] o.h.type.descriptor.sql.BasicExtractor   : extracted value ([tel6_1_] : [VARCHAR]) - [01012345678]
2023-11-10 21:23:52.175 TRACE 87122 --- [    Test worker] o.h.type.descriptor.sql.BasicExtractor   : extracted value ([id1_1_] : [BIGINT]) - [68]
2023-11-10 21:23:52.175 TRACE 87122 --- [    Test worker] o.h.type.descriptor.sql.BasicExtractor   : extracted value ([des2_1_] : [VARCHAR]) - [테스트 설명]
2023-11-10 21:23:52.175 TRACE 87122 --- [    Test worker] o.h.type.descriptor.sql.BasicExtractor   : extracted value ([l_id7_1_] : [BIGINT]) - [65]
2023-11-10 21:23:52.175 TRACE 87122 --- [    Test worker] o.h.type.descriptor.sql.BasicExtractor   : extracted value ([m_id8_1_] : [BIGINT]) - [2]
2023-11-10 21:23:52.175 TRACE 87122 --- [    Test worker] o.h.type.descriptor.sql.BasicExtractor   : extracted value ([name3_1_] : [VARCHAR]) - [아이 세차장]
2023-11-10 21:23:52.175 TRACE 87122 --- [    Test worker] o.h.type.descriptor.sql.BasicExtractor   : extracted value ([price4_1_] : [INTEGER]) - [100]
2023-11-10 21:23:52.175 TRACE 87122 --- [    Test worker] o.h.type.descriptor.sql.BasicExtractor   : extracted value ([rate5_1_] : [DOUBLE]) - [0.0]
2023-11-10 21:23:52.175 TRACE 87122 --- [    Test worker] o.h.type.descriptor.sql.BasicExtractor   : extracted value ([tel6_1_] : [VARCHAR]) - [01012345678]
2023-11-10 21:23:52.175 TRACE 87122 --- [    Test worker] o.h.type.descriptor.sql.BasicExtractor   : extracted value ([id1_1_] : [BIGINT]) - [69]
2023-11-10 21:23:52.176 TRACE 87122 --- [    Test worker] o.h.type.descriptor.sql.BasicExtractor   : extracted value ([des2_1_] : [VARCHAR]) - [테스트 설명]
2023-11-10 21:23:52.176 TRACE 87122 --- [    Test worker] o.h.type.descriptor.sql.BasicExtractor   : extracted value ([l_id7_1_] : [BIGINT]) - [66]
2023-11-10 21:23:52.176 TRACE 87122 --- [    Test worker] o.h.type.descriptor.sql.BasicExtractor   : extracted value ([m_id8_1_] : [BIGINT]) - [2]
2023-11-10 21:23:52.176 TRACE 87122 --- [    Test worker] o.h.type.descriptor.sql.BasicExtractor   : extracted value ([name3_1_] : [VARCHAR]) - [아이 세차장]
2023-11-10 21:23:52.176 TRACE 87122 --- [    Test worker] o.h.type.descriptor.sql.BasicExtractor   : extracted value ([price4_1_] : [INTEGER]) - [100]
2023-11-10 21:23:52.176 TRACE 87122 --- [    Test worker] o.h.type.descriptor.sql.BasicExtractor   : extracted value ([rate5_1_] : [DOUBLE]) - [0.0]
2023-11-10 21:23:52.176 TRACE 87122 --- [    Test worker] o.h.type.descriptor.sql.BasicExtractor   : extracted value ([tel6_1_] : [VARCHAR]) - [01012345678]
2023-11-10 21:23:52.176 TRACE 87122 --- [    Test worker] o.h.type.descriptor.sql.BasicExtractor   : extracted value ([id1_1_] : [BIGINT]) - [70]
2023-11-10 21:23:52.176 TRACE 87122 --- [    Test worker] o.h.type.descriptor.sql.BasicExtractor   : extracted value ([des2_1_] : [VARCHAR]) - [테스트 설명]
2023-11-10 21:23:52.176 TRACE 87122 --- [    Test worker] o.h.type.descriptor.sql.BasicExtractor   : extracted value ([l_id7_1_] : [BIGINT]) - [67]
2023-11-10 21:23:52.176 TRACE 87122 --- [    Test worker] o.h.type.descriptor.sql.BasicExtractor   : extracted value ([m_id8_1_] : [BIGINT]) - [2]
2023-11-10 21:23:52.176 TRACE 87122 --- [    Test worker] o.h.type.descriptor.sql.BasicExtractor   : extracted value ([name3_1_] : [VARCHAR]) - [아이 세차장]
2023-11-10 21:23:52.176 TRACE 87122 --- [    Test worker] o.h.type.descriptor.sql.BasicExtractor   : extracted value ([price4_1_] : [INTEGER]) - [100]
2023-11-10 21:23:52.176 TRACE 87122 --- [    Test worker] o.h.type.descriptor.sql.BasicExtractor   : extracted value ([rate5_1_] : [DOUBLE]) - [0.0]
2023-11-10 21:23:52.176 TRACE 87122 --- [    Test worker] o.h.type.descriptor.sql.BasicExtractor   : extracted value ([tel6_1_] : [VARCHAR]) - [01012345678]
2023-11-10 21:23:52.176 TRACE 87122 --- [    Test worker] o.h.type.descriptor.sql.BasicExtractor   : extracted value ([id1_1_] : [BIGINT]) - [71]
2023-11-10 21:23:52.176 TRACE 87122 --- [    Test worker] o.h.type.descriptor.sql.BasicExtractor   : extracted value ([des2_1_] : [VARCHAR]) - [테스트 설명]
2023-11-10 21:23:52.176 TRACE 87122 --- [    Test worker] o.h.type.descriptor.sql.BasicExtractor   : extracted value ([l_id7_1_] : [BIGINT]) - [68]
2023-11-10 21:23:52.176 TRACE 87122 --- [    Test worker] o.h.type.descriptor.sql.BasicExtractor   : extracted value ([m_id8_1_] : [BIGINT]) - [2]
2023-11-10 21:23:52.176 TRACE 87122 --- [    Test worker] o.h.type.descriptor.sql.BasicExtractor   : extracted value ([name3_1_] : [VARCHAR]) - [아이 세차장]
2023-11-10 21:23:52.176 TRACE 87122 --- [    Test worker] o.h.type.descriptor.sql.BasicExtractor   : extracted value ([price4_1_] : [INTEGER]) - [100]
2023-11-10 21:23:52.176 TRACE 87122 --- [    Test worker] o.h.type.descriptor.sql.BasicExtractor   : extracted value ([rate5_1_] : [DOUBLE]) - [0.0]
2023-11-10 21:23:52.176 TRACE 87122 --- [    Test worker] o.h.type.descriptor.sql.BasicExtractor   : extracted value ([tel6_1_] : [VARCHAR]) - [01012345678]
2023-11-10 21:23:52.176 TRACE 87122 --- [    Test worker] o.h.type.descriptor.sql.BasicExtractor   : extracted value ([id1_1_] : [BIGINT]) - [72]
2023-11-10 21:23:52.176 TRACE 87122 --- [    Test worker] o.h.type.descriptor.sql.BasicExtractor   : extracted value ([des2_1_] : [VARCHAR]) - [테스트 설명]
2023-11-10 21:23:52.176 TRACE 87122 --- [    Test worker] o.h.type.descriptor.sql.BasicExtractor   : extracted value ([l_id7_1_] : [BIGINT]) - [69]
2023-11-10 21:23:52.176 TRACE 87122 --- [    Test worker] o.h.type.descriptor.sql.BasicExtractor   : extracted value ([m_id8_1_] : [BIGINT]) - [2]
2023-11-10 21:23:52.176 TRACE 87122 --- [    Test worker] o.h.type.descriptor.sql.BasicExtractor   : extracted value ([name3_1_] : [VARCHAR]) - [아이 세차장]
2023-11-10 21:23:52.176 TRACE 87122 --- [    Test worker] o.h.type.descriptor.sql.BasicExtractor   : extracted value ([price4_1_] : [INTEGER]) - [100]
2023-11-10 21:23:52.176 TRACE 87122 --- [    Test worker] o.h.type.descriptor.sql.BasicExtractor   : extracted value ([rate5_1_] : [DOUBLE]) - [0.0]
2023-11-10 21:23:52.176 TRACE 87122 --- [    Test worker] o.h.type.descriptor.sql.BasicExtractor   : extracted value ([tel6_1_] : [VARCHAR]) - [01012345678]
2023-11-10 21:23:52.176 TRACE 87122 --- [    Test worker] o.h.type.descriptor.sql.BasicExtractor   : extracted value ([id1_1_] : [BIGINT]) - [73]
2023-11-10 21:23:52.176 TRACE 87122 --- [    Test worker] o.h.type.descriptor.sql.BasicExtractor   : extracted value ([des2_1_] : [VARCHAR]) - [테스트 설명]
2023-11-10 21:23:52.176 TRACE 87122 --- [    Test worker] o.h.type.descriptor.sql.BasicExtractor   : extracted value ([l_id7_1_] : [BIGINT]) - [70]
2023-11-10 21:23:52.176 TRACE 87122 --- [    Test worker] o.h.type.descriptor.sql.BasicExtractor   : extracted value ([m_id8_1_] : [BIGINT]) - [2]
2023-11-10 21:23:52.176 TRACE 87122 --- [    Test worker] o.h.type.descriptor.sql.BasicExtractor   : extracted value ([name3_1_] : [VARCHAR]) - [아이 세차장]
2023-11-10 21:23:52.176 TRACE 87122 --- [    Test worker] o.h.type.descriptor.sql.BasicExtractor   : extracted value ([price4_1_] : [INTEGER]) - [100]
2023-11-10 21:23:52.176 TRACE 87122 --- [    Test worker] o.h.type.descriptor.sql.BasicExtractor   : extracted value ([rate5_1_] : [DOUBLE]) - [0.0]
2023-11-10 21:23:52.176 TRACE 87122 --- [    Test worker] o.h.type.descriptor.sql.BasicExtractor   : extracted value ([tel6_1_] : [VARCHAR]) - [01012345678]
2023-11-10 21:23:52.176 TRACE 87122 --- [    Test worker] o.h.type.descriptor.sql.BasicExtractor   : extracted value ([id1_1_] : [BIGINT]) - [75]
2023-11-10 21:23:52.176 TRACE 87122 --- [    Test worker] o.h.type.descriptor.sql.BasicExtractor   : extracted value ([des2_1_] : [VARCHAR]) - [테스트 설명]
2023-11-10 21:23:52.176 TRACE 87122 --- [    Test worker] o.h.type.descriptor.sql.BasicExtractor   : extracted value ([l_id7_1_] : [BIGINT]) - [72]
2023-11-10 21:23:52.176 TRACE 87122 --- [    Test worker] o.h.type.descriptor.sql.BasicExtractor   : extracted value ([m_id8_1_] : [BIGINT]) - [2]
2023-11-10 21:23:52.176 TRACE 87122 --- [    Test worker] o.h.type.descriptor.sql.BasicExtractor   : extracted value ([name3_1_] : [VARCHAR]) - [아이 세차장]
2023-11-10 21:23:52.176 TRACE 87122 --- [    Test worker] o.h.type.descriptor.sql.BasicExtractor   : extracted value ([price4_1_] : [INTEGER]) - [100]
2023-11-10 21:23:52.176 TRACE 87122 --- [    Test worker] o.h.type.descriptor.sql.BasicExtractor   : extracted value ([rate5_1_] : [DOUBLE]) - [0.0]
2023-11-10 21:23:52.176 TRACE 87122 --- [    Test worker] o.h.type.descriptor.sql.BasicExtractor   : extracted value ([tel6_1_] : [VARCHAR]) - [01012345678]
2023-11-10 21:23:52.176 TRACE 87122 --- [    Test worker] o.h.type.descriptor.sql.BasicExtractor   : extracted value ([id1_1_] : [BIGINT]) - [76]
2023-11-10 21:23:52.176 TRACE 87122 --- [    Test worker] o.h.type.descriptor.sql.BasicExtractor   : extracted value ([des2_1_] : [VARCHAR]) - [테스트 설명]
2023-11-10 21:23:52.176 TRACE 87122 --- [    Test worker] o.h.type.descriptor.sql.BasicExtractor   : extracted value ([l_id7_1_] : [BIGINT]) - [73]
2023-11-10 21:23:52.176 TRACE 87122 --- [    Test worker] o.h.type.descriptor.sql.BasicExtractor   : extracted value ([m_id8_1_] : [BIGINT]) - [2]
2023-11-10 21:23:52.177 TRACE 87122 --- [    Test worker] o.h.type.descriptor.sql.BasicExtractor   : extracted value ([name3_1_] : [VARCHAR]) - [아이 세차장]
2023-11-10 21:23:52.177 TRACE 87122 --- [    Test worker] o.h.type.descriptor.sql.BasicExtractor   : extracted value ([price4_1_] : [INTEGER]) - [100]
2023-11-10 21:23:52.178 TRACE 87122 --- [    Test worker] o.h.type.descriptor.sql.BasicExtractor   : extracted value ([rate5_1_] : [DOUBLE]) - [0.0]
2023-11-10 21:23:52.178 TRACE 87122 --- [    Test worker] o.h.type.descriptor.sql.BasicExtractor   : extracted value ([tel6_1_] : [VARCHAR]) - [01012345678]
2023-11-10 21:23:52.178 TRACE 87122 --- [    Test worker] o.h.type.descriptor.sql.BasicExtractor   : extracted value ([id1_1_] : [BIGINT]) - [77]
2023-11-10 21:23:52.178 TRACE 87122 --- [    Test worker] o.h.type.descriptor.sql.BasicExtractor   : extracted value ([des2_1_] : [VARCHAR]) - [테스트 설명]
2023-11-10 21:23:52.178 TRACE 87122 --- [    Test worker] o.h.type.descriptor.sql.BasicExtractor   : extracted value ([l_id7_1_] : [BIGINT]) - [74]
2023-11-10 21:23:52.178 TRACE 87122 --- [    Test worker] o.h.type.descriptor.sql.BasicExtractor   : extracted value ([m_id8_1_] : [BIGINT]) - [2]
2023-11-10 21:23:52.178 TRACE 87122 --- [    Test worker] o.h.type.descriptor.sql.BasicExtractor   : extracted value ([name3_1_] : [VARCHAR]) - [아이 세차장]
2023-11-10 21:23:52.178 TRACE 87122 --- [    Test worker] o.h.type.descriptor.sql.BasicExtractor   : extracted value ([price4_1_] : [INTEGER]) - [100]
2023-11-10 21:23:52.178 TRACE 87122 --- [    Test worker] o.h.type.descriptor.sql.BasicExtractor   : extracted value ([rate5_1_] : [DOUBLE]) - [0.0]
2023-11-10 21:23:52.178 TRACE 87122 --- [    Test worker] o.h.type.descriptor.sql.BasicExtractor   : extracted value ([tel6_1_] : [VARCHAR]) - [01012345678]
2023-11-10 21:23:52.178 TRACE 87122 --- [    Test worker] o.h.type.descriptor.sql.BasicExtractor   : extracted value ([id1_1_] : [BIGINT]) - [78]
2023-11-10 21:23:52.178 TRACE 87122 --- [    Test worker] o.h.type.descriptor.sql.BasicExtractor   : extracted value ([des2_1_] : [VARCHAR]) - [테스트 설명]
2023-11-10 21:23:52.178 TRACE 87122 --- [    Test worker] o.h.type.descriptor.sql.BasicExtractor   : extracted value ([l_id7_1_] : [BIGINT]) - [75]
2023-11-10 21:23:52.178 TRACE 87122 --- [    Test worker] o.h.type.descriptor.sql.BasicExtractor   : extracted value ([m_id8_1_] : [BIGINT]) - [2]
2023-11-10 21:23:52.178 TRACE 87122 --- [    Test worker] o.h.type.descriptor.sql.BasicExtractor   : extracted value ([name3_1_] : [VARCHAR]) - [아이 세차장]
2023-11-10 21:23:52.178 TRACE 87122 --- [    Test worker] o.h.type.descriptor.sql.BasicExtractor   : extracted value ([price4_1_] : [INTEGER]) - [100]
2023-11-10 21:23:52.178 TRACE 87122 --- [    Test worker] o.h.type.descriptor.sql.BasicExtractor   : extracted value ([rate5_1_] : [DOUBLE]) - [0.0]
2023-11-10 21:23:52.178 TRACE 87122 --- [    Test worker] o.h.type.descriptor.sql.BasicExtractor   : extracted value ([tel6_1_] : [VARCHAR]) - [01012345678]
2023-11-10 21:23:52.178 TRACE 87122 --- [    Test worker] o.h.type.descriptor.sql.BasicExtractor   : extracted value ([id1_1_] : [BIGINT]) - [79]
2023-11-10 21:23:52.178 TRACE 87122 --- [    Test worker] o.h.type.descriptor.sql.BasicExtractor   : extracted value ([des2_1_] : [VARCHAR]) - [테스트 설명]
2023-11-10 21:23:52.178 TRACE 87122 --- [    Test worker] o.h.type.descriptor.sql.BasicExtractor   : extracted value ([l_id7_1_] : [BIGINT]) - [76]
2023-11-10 21:23:52.178 TRACE 87122 --- [    Test worker] o.h.type.descriptor.sql.BasicExtractor   : extracted value ([m_id8_1_] : [BIGINT]) - [2]
2023-11-10 21:23:52.178 TRACE 87122 --- [    Test worker] o.h.type.descriptor.sql.BasicExtractor   : extracted value ([name3_1_] : [VARCHAR]) - [아이 세차장]
2023-11-10 21:23:52.178 TRACE 87122 --- [    Test worker] o.h.type.descriptor.sql.BasicExtractor   : extracted value ([price4_1_] : [INTEGER]) - [100]
2023-11-10 21:23:52.178 TRACE 87122 --- [    Test worker] o.h.type.descriptor.sql.BasicExtractor   : extracted value ([rate5_1_] : [DOUBLE]) - [0.0]
2023-11-10 21:23:52.178 TRACE 87122 --- [    Test worker] o.h.type.descriptor.sql.BasicExtractor   : extracted value ([tel6_1_] : [VARCHAR]) - [01012345678]
2023-11-10 21:23:52.178 TRACE 87122 --- [    Test worker] o.h.type.descriptor.sql.BasicExtractor   : extracted value ([id1_1_] : [BIGINT]) - [80]
2023-11-10 21:23:52.178 TRACE 87122 --- [    Test worker] o.h.type.descriptor.sql.BasicExtractor   : extracted value ([des2_1_] : [VARCHAR]) - [테스트 설명]
2023-11-10 21:23:52.178 TRACE 87122 --- [    Test worker] o.h.type.descriptor.sql.BasicExtractor   : extracted value ([l_id7_1_] : [BIGINT]) - [77]
2023-11-10 21:23:52.178 TRACE 87122 --- [    Test worker] o.h.type.descriptor.sql.BasicExtractor   : extracted value ([m_id8_1_] : [BIGINT]) - [2]
2023-11-10 21:23:52.178 TRACE 87122 --- [    Test worker] o.h.type.descriptor.sql.BasicExtractor   : extracted value ([name3_1_] : [VARCHAR]) - [아이 세차장]
2023-11-10 21:23:52.178 TRACE 87122 --- [    Test worker] o.h.type.descriptor.sql.BasicExtractor   : extracted value ([price4_1_] : [INTEGER]) - [100]
2023-11-10 21:23:52.178 TRACE 87122 --- [    Test worker] o.h.type.descriptor.sql.BasicExtractor   : extracted value ([rate5_1_] : [DOUBLE]) - [0.0]
2023-11-10 21:23:52.178 TRACE 87122 --- [    Test worker] o.h.type.descriptor.sql.BasicExtractor   : extracted value ([tel6_1_] : [VARCHAR]) - [01012345678]
2023-11-10 21:23:52.178 TRACE 87122 --- [    Test worker] o.h.type.descriptor.sql.BasicExtractor   : extracted value ([id1_1_] : [BIGINT]) - [83]
2023-11-10 21:23:52.178 TRACE 87122 --- [    Test worker] o.h.type.descriptor.sql.BasicExtractor   : extracted value ([des2_1_] : [VARCHAR]) - [테스트 설명]
2023-11-10 21:23:52.178 TRACE 87122 --- [    Test worker] o.h.type.descriptor.sql.BasicExtractor   : extracted value ([l_id7_1_] : [BIGINT]) - [80]
2023-11-10 21:23:52.178 TRACE 87122 --- [    Test worker] o.h.type.descriptor.sql.BasicExtractor   : extracted value ([m_id8_1_] : [BIGINT]) - [2]
2023-11-10 21:23:52.178 TRACE 87122 --- [    Test worker] o.h.type.descriptor.sql.BasicExtractor   : extracted value ([name3_1_] : [VARCHAR]) - [아이 세차장]
2023-11-10 21:23:52.178 TRACE 87122 --- [    Test worker] o.h.type.descriptor.sql.BasicExtractor   : extracted value ([price4_1_] : [INTEGER]) - [100]
2023-11-10 21:23:52.178 TRACE 87122 --- [    Test worker] o.h.type.descriptor.sql.BasicExtractor   : extracted value ([rate5_1_] : [DOUBLE]) - [0.0]
2023-11-10 21:23:52.178 TRACE 87122 --- [    Test worker] o.h.type.descriptor.sql.BasicExtractor   : extracted value ([tel6_1_] : [VARCHAR]) - [01012345678]
2023-11-10 21:23:52.178 TRACE 87122 --- [    Test worker] o.h.type.descriptor.sql.BasicExtractor   : extracted value ([id1_1_] : [BIGINT]) - [90]
2023-11-10 21:23:52.178 TRACE 87122 --- [    Test worker] o.h.type.descriptor.sql.BasicExtractor   : extracted value ([des2_1_] : [VARCHAR]) - [테스트 설명]
2023-11-10 21:23:52.178 TRACE 87122 --- [    Test worker] o.h.type.descriptor.sql.BasicExtractor   : extracted value ([l_id7_1_] : [BIGINT]) - [87]
2023-11-10 21:23:52.178 TRACE 87122 --- [    Test worker] o.h.type.descriptor.sql.BasicExtractor   : extracted value ([m_id8_1_] : [BIGINT]) - [2]
2023-11-10 21:23:52.178 TRACE 87122 --- [    Test worker] o.h.type.descriptor.sql.BasicExtractor   : extracted value ([name3_1_] : [VARCHAR]) - [아이 세차장]
2023-11-10 21:23:52.178 TRACE 87122 --- [    Test worker] o.h.type.descriptor.sql.BasicExtractor   : extracted value ([price4_1_] : [INTEGER]) - [100]
2023-11-10 21:23:52.178 TRACE 87122 --- [    Test worker] o.h.type.descriptor.sql.BasicExtractor   : extracted value ([rate5_1_] : [DOUBLE]) - [0.0]
2023-11-10 21:23:52.178 TRACE 87122 --- [    Test worker] o.h.type.descriptor.sql.BasicExtractor   : extracted value ([tel6_1_] : [VARCHAR]) - [01012345678]
2023-11-10 21:23:52.178 TRACE 87122 --- [    Test worker] o.h.type.descriptor.sql.BasicExtractor   : extracted value ([id1_1_] : [BIGINT]) - [93]
2023-11-10 21:23:52.178 TRACE 87122 --- [    Test worker] o.h.type.descriptor.sql.BasicExtractor   : extracted value ([des2_1_] : [VARCHAR]) - [테스트 설명]
2023-11-10 21:23:52.178 TRACE 87122 --- [    Test worker] o.h.type.descriptor.sql.BasicExtractor   : extracted value ([l_id7_1_] : [BIGINT]) - [90]
2023-11-10 21:23:52.178 TRACE 87122 --- [    Test worker] o.h.type.descriptor.sql.BasicExtractor   : extracted value ([m_id8_1_] : [BIGINT]) - [2]
2023-11-10 21:23:52.178 TRACE 87122 --- [    Test worker] o.h.type.descriptor.sql.BasicExtractor   : extracted value ([name3_1_] : [VARCHAR]) - [아이 세차장]
2023-11-10 21:23:52.178 TRACE 87122 --- [    Test worker] o.h.type.descriptor.sql.BasicExtractor   : extracted value ([price4_1_] : [INTEGER]) - [100]
2023-11-10 21:23:52.178 TRACE 87122 --- [    Test worker] o.h.type.descriptor.sql.BasicExtractor   : extracted value ([rate5_1_] : [DOUBLE]) - [0.0]
2023-11-10 21:23:52.178 TRACE 87122 --- [    Test worker] o.h.type.descriptor.sql.BasicExtractor   : extracted value ([tel6_1_] : [VARCHAR]) - [01012345678]
2023-11-10 21:23:52.178 TRACE 87122 --- [    Test worker] o.h.type.descriptor.sql.BasicExtractor   : extracted value ([id1_1_] : [BIGINT]) - [94]
2023-11-10 21:23:52.178 TRACE 87122 --- [    Test worker] o.h.type.descriptor.sql.BasicExtractor   : extracted value ([des2_1_] : [VARCHAR]) - [테스트 설명]
2023-11-10 21:23:52.178 TRACE 87122 --- [    Test worker] o.h.type.descriptor.sql.BasicExtractor   : extracted value ([l_id7_1_] : [BIGINT]) - [91]
2023-11-10 21:23:52.178 TRACE 87122 --- [    Test worker] o.h.type.descriptor.sql.BasicExtractor   : extracted value ([m_id8_1_] : [BIGINT]) - [2]
2023-11-10 21:23:52.178 TRACE 87122 --- [    Test worker] o.h.type.descriptor.sql.BasicExtractor   : extracted value ([name3_1_] : [VARCHAR]) - [아이 세차장]
2023-11-10 21:23:52.178 TRACE 87122 --- [    Test worker] o.h.type.descriptor.sql.BasicExtractor   : extracted value ([price4_1_] : [INTEGER]) - [100]
2023-11-10 21:23:52.178 TRACE 87122 --- [    Test worker] o.h.type.descriptor.sql.BasicExtractor   : extracted value ([rate5_1_] : [DOUBLE]) - [0.0]
2023-11-10 21:23:52.178 TRACE 87122 --- [    Test worker] o.h.type.descriptor.sql.BasicExtractor   : extracted value ([tel6_1_] : [VARCHAR]) - [01012345678]
2023-11-10 21:23:52.179 TRACE 87122 --- [    Test worker] o.h.type.descriptor.sql.BasicExtractor   : extracted value ([id1_1_] : [BIGINT]) - [95]
2023-11-10 21:23:52.179 TRACE 87122 --- [    Test worker] o.h.type.descriptor.sql.BasicExtractor   : extracted value ([des2_1_] : [VARCHAR]) - [테스트 설명]
2023-11-10 21:23:52.179 TRACE 87122 --- [    Test worker] o.h.type.descriptor.sql.BasicExtractor   : extracted value ([l_id7_1_] : [BIGINT]) - [1]
2023-11-10 21:23:52.179 TRACE 87122 --- [    Test worker] o.h.type.descriptor.sql.BasicExtractor   : extracted value ([m_id8_1_] : [BIGINT]) - [2]
2023-11-10 21:23:52.179 TRACE 87122 --- [    Test worker] o.h.type.descriptor.sql.BasicExtractor   : extracted value ([name3_1_] : [VARCHAR]) - [hey 세차장]
2023-11-10 21:23:52.179 TRACE 87122 --- [    Test worker] o.h.type.descriptor.sql.BasicExtractor   : extracted value ([price4_1_] : [INTEGER]) - [100]
2023-11-10 21:23:52.179 TRACE 87122 --- [    Test worker] o.h.type.descriptor.sql.BasicExtractor   : extracted value ([rate5_1_] : [DOUBLE]) - [0.0]
2023-11-10 21:23:52.179 TRACE 87122 --- [    Test worker] o.h.type.descriptor.sql.BasicExtractor   : extracted value ([tel6_1_] : [VARCHAR]) - [01012345678]
2023-11-10 21:23:52.179 TRACE 87122 --- [    Test worker] o.h.type.descriptor.sql.BasicExtractor   : extracted value ([id1_1_] : [BIGINT]) - [96]
2023-11-10 21:23:52.179 TRACE 87122 --- [    Test worker] o.h.type.descriptor.sql.BasicExtractor   : extracted value ([des2_1_] : [VARCHAR]) - [테스트 설명]
2023-11-10 21:23:52.179 TRACE 87122 --- [    Test worker] o.h.type.descriptor.sql.BasicExtractor   : extracted value ([l_id7_1_] : [BIGINT]) - [2]
2023-11-10 21:23:52.179 TRACE 87122 --- [    Test worker] o.h.type.descriptor.sql.BasicExtractor   : extracted value ([m_id8_1_] : [BIGINT]) - [2]
2023-11-10 21:23:52.179 TRACE 87122 --- [    Test worker] o.h.type.descriptor.sql.BasicExtractor   : extracted value ([name3_1_] : [VARCHAR]) - [hey 세차장]
2023-11-10 21:23:52.179 TRACE 87122 --- [    Test worker] o.h.type.descriptor.sql.BasicExtractor   : extracted value ([price4_1_] : [INTEGER]) - [100]
2023-11-10 21:23:52.179 TRACE 87122 --- [    Test worker] o.h.type.descriptor.sql.BasicExtractor   : extracted value ([rate5_1_] : [DOUBLE]) - [0.0]
2023-11-10 21:23:52.179 TRACE 87122 --- [    Test worker] o.h.type.descriptor.sql.BasicExtractor   : extracted value ([tel6_1_] : [VARCHAR]) - [01012345678]
2023-11-10 21:23:52.179 TRACE 87122 --- [    Test worker] o.h.type.descriptor.sql.BasicExtractor   : extracted value ([id1_1_] : [BIGINT]) - [97]
2023-11-10 21:23:52.179 TRACE 87122 --- [    Test worker] o.h.type.descriptor.sql.BasicExtractor   : extracted value ([des2_1_] : [VARCHAR]) - [테스트 설명]
2023-11-10 21:23:52.179 TRACE 87122 --- [    Test worker] o.h.type.descriptor.sql.BasicExtractor   : extracted value ([l_id7_1_] : [BIGINT]) - [3]
2023-11-10 21:23:52.179 TRACE 87122 --- [    Test worker] o.h.type.descriptor.sql.BasicExtractor   : extracted value ([m_id8_1_] : [BIGINT]) - [2]
2023-11-10 21:23:52.179 TRACE 87122 --- [    Test worker] o.h.type.descriptor.sql.BasicExtractor   : extracted value ([name3_1_] : [VARCHAR]) - [hey 세차장]
2023-11-10 21:23:52.179 TRACE 87122 --- [    Test worker] o.h.type.descriptor.sql.BasicExtractor   : extracted value ([price4_1_] : [INTEGER]) - [100]
2023-11-10 21:23:52.179 TRACE 87122 --- [    Test worker] o.h.type.descriptor.sql.BasicExtractor   : extracted value ([rate5_1_] : [DOUBLE]) - [0.0]
2023-11-10 21:23:52.179 TRACE 87122 --- [    Test worker] o.h.type.descriptor.sql.BasicExtractor   : extracted value ([tel6_1_] : [VARCHAR]) - [01012345678]
2023-11-10 21:23:52.179 TRACE 87122 --- [    Test worker] o.h.type.descriptor.sql.BasicExtractor   : extracted value ([id1_1_] : [BIGINT]) - [98]
2023-11-10 21:23:52.179 TRACE 87122 --- [    Test worker] o.h.type.descriptor.sql.BasicExtractor   : extracted value ([des2_1_] : [VARCHAR]) - [테스트 설명]
2023-11-10 21:23:52.179 TRACE 87122 --- [    Test worker] o.h.type.descriptor.sql.BasicExtractor   : extracted value ([l_id7_1_] : [BIGINT]) - [4]
2023-11-10 21:23:52.179 TRACE 87122 --- [    Test worker] o.h.type.descriptor.sql.BasicExtractor   : extracted value ([m_id8_1_] : [BIGINT]) - [2]
2023-11-10 21:23:52.179 TRACE 87122 --- [    Test worker] o.h.type.descriptor.sql.BasicExtractor   : extracted value ([name3_1_] : [VARCHAR]) - [hey 세차장]
2023-11-10 21:23:52.179 TRACE 87122 --- [    Test worker] o.h.type.descriptor.sql.BasicExtractor   : extracted value ([price4_1_] : [INTEGER]) - [100]
2023-11-10 21:23:52.179 TRACE 87122 --- [    Test worker] o.h.type.descriptor.sql.BasicExtractor   : extracted value ([rate5_1_] : [DOUBLE]) - [0.0]
2023-11-10 21:23:52.179 TRACE 87122 --- [    Test worker] o.h.type.descriptor.sql.BasicExtractor   : extracted value ([tel6_1_] : [VARCHAR]) - [01012345678]
2023-11-10 21:23:52.179 TRACE 87122 --- [    Test worker] o.h.type.descriptor.sql.BasicExtractor   : extracted value ([id1_1_] : [BIGINT]) - [99]
2023-11-10 21:23:52.179 TRACE 87122 --- [    Test worker] o.h.type.descriptor.sql.BasicExtractor   : extracted value ([des2_1_] : [VARCHAR]) - [테스트 설명]
2023-11-10 21:23:52.179 TRACE 87122 --- [    Test worker] o.h.type.descriptor.sql.BasicExtractor   : extracted value ([l_id7_1_] : [BIGINT]) - [5]
2023-11-10 21:23:52.179 TRACE 87122 --- [    Test worker] o.h.type.descriptor.sql.BasicExtractor   : extracted value ([m_id8_1_] : [BIGINT]) - [2]
2023-11-10 21:23:52.179 TRACE 87122 --- [    Test worker] o.h.type.descriptor.sql.BasicExtractor   : extracted value ([name3_1_] : [VARCHAR]) - [hey 세차장]
2023-11-10 21:23:52.179 TRACE 87122 --- [    Test worker] o.h.type.descriptor.sql.BasicExtractor   : extracted value ([price4_1_] : [INTEGER]) - [100]
2023-11-10 21:23:52.179 TRACE 87122 --- [    Test worker] o.h.type.descriptor.sql.BasicExtractor   : extracted value ([rate5_1_] : [DOUBLE]) - [0.0]
2023-11-10 21:23:52.179 TRACE 87122 --- [    Test worker] o.h.type.descriptor.sql.BasicExtractor   : extracted value ([tel6_1_] : [VARCHAR]) - [01012345678]
2023-11-10 21:23:52.179 TRACE 87122 --- [    Test worker] o.h.type.descriptor.sql.BasicExtractor   : extracted value ([id1_1_] : [BIGINT]) - [102]
2023-11-10 21:23:52.179 TRACE 87122 --- [    Test worker] o.h.type.descriptor.sql.BasicExtractor   : extracted value ([des2_1_] : [VARCHAR]) - [테스트 설명]
2023-11-10 21:23:52.179 TRACE 87122 --- [    Test worker] o.h.type.descriptor.sql.BasicExtractor   : extracted value ([l_id7_1_] : [BIGINT]) - [8]
2023-11-10 21:23:52.179 TRACE 87122 --- [    Test worker] o.h.type.descriptor.sql.BasicExtractor   : extracted value ([m_id8_1_] : [BIGINT]) - [2]
2023-11-10 21:23:52.179 TRACE 87122 --- [    Test worker] o.h.type.descriptor.sql.BasicExtractor   : extracted value ([name3_1_] : [VARCHAR]) - [아이 세차장]
2023-11-10 21:23:52.179 TRACE 87122 --- [    Test worker] o.h.type.descriptor.sql.BasicExtractor   : extracted value ([price4_1_] : [INTEGER]) - [100]
2023-11-10 21:23:52.179 TRACE 87122 --- [    Test worker] o.h.type.descriptor.sql.BasicExtractor   : extracted value ([rate5_1_] : [DOUBLE]) - [0.0]
2023-11-10 21:23:52.179 TRACE 87122 --- [    Test worker] o.h.type.descriptor.sql.BasicExtractor   : extracted value ([tel6_1_] : [VARCHAR]) - [01012345678]
2023-11-10 21:23:52.179 TRACE 87122 --- [    Test worker] o.h.type.descriptor.sql.BasicExtractor   : extracted value ([id1_1_] : [BIGINT]) - [104]
2023-11-10 21:23:52.179 TRACE 87122 --- [    Test worker] o.h.type.descriptor.sql.BasicExtractor   : extracted value ([des2_1_] : [VARCHAR]) - [테스트 설명]
2023-11-10 21:23:52.179 TRACE 87122 --- [    Test worker] o.h.type.descriptor.sql.BasicExtractor   : extracted value ([l_id7_1_] : [BIGINT]) - [10]
2023-11-10 21:23:52.179 TRACE 87122 --- [    Test worker] o.h.type.descriptor.sql.BasicExtractor   : extracted value ([m_id8_1_] : [BIGINT]) - [2]
2023-11-10 21:23:52.179 TRACE 87122 --- [    Test worker] o.h.type.descriptor.sql.BasicExtractor   : extracted value ([name3_1_] : [VARCHAR]) - [아이 세차장]
2023-11-10 21:23:52.179 TRACE 87122 --- [    Test worker] o.h.type.descriptor.sql.BasicExtractor   : extracted value ([price4_1_] : [INTEGER]) - [100]
2023-11-10 21:23:52.179 TRACE 87122 --- [    Test worker] o.h.type.descriptor.sql.BasicExtractor   : extracted value ([rate5_1_] : [DOUBLE]) - [0.0]
2023-11-10 21:23:52.179 TRACE 87122 --- [    Test worker] o.h.type.descriptor.sql.BasicExtractor   : extracted value ([tel6_1_] : [VARCHAR]) - [01012345678]
2023-11-10 21:23:52.179 TRACE 87122 --- [    Test worker] o.h.type.descriptor.sql.BasicExtractor   : extracted value ([id1_1_] : [BIGINT]) - [105]
2023-11-10 21:23:52.180 TRACE 87122 --- [    Test worker] o.h.type.descriptor.sql.BasicExtractor   : extracted value ([des2_1_] : [VARCHAR]) - [테스트 설명]
2023-11-10 21:23:52.180 TRACE 87122 --- [    Test worker] o.h.type.descriptor.sql.BasicExtractor   : extracted value ([l_id7_1_] : [BIGINT]) - [11]
2023-11-10 21:23:52.180 TRACE 87122 --- [    Test worker] o.h.type.descriptor.sql.BasicExtractor   : extracted value ([m_id8_1_] : [BIGINT]) - [2]
2023-11-10 21:23:52.180 TRACE 87122 --- [    Test worker] o.h.type.descriptor.sql.BasicExtractor   : extracted value ([name3_1_] : [VARCHAR]) - [아이 세차장]
2023-11-10 21:23:52.180 TRACE 87122 --- [    Test worker] o.h.type.descriptor.sql.BasicExtractor   : extracted value ([price4_1_] : [INTEGER]) - [100]
2023-11-10 21:23:52.180 TRACE 87122 --- [    Test worker] o.h.type.descriptor.sql.BasicExtractor   : extracted value ([rate5_1_] : [DOUBLE]) - [0.0]
2023-11-10 21:23:52.180 TRACE 87122 --- [    Test worker] o.h.type.descriptor.sql.BasicExtractor   : extracted value ([tel6_1_] : [VARCHAR]) - [01012345678]
2023-11-10 21:23:52.180 TRACE 87122 --- [    Test worker] o.h.type.descriptor.sql.BasicExtractor   : extracted value ([id1_1_] : [BIGINT]) - [106]
2023-11-10 21:23:52.180 TRACE 87122 --- [    Test worker] o.h.type.descriptor.sql.BasicExtractor   : extracted value ([des2_1_] : [VARCHAR]) - [테스트 설명]
2023-11-10 21:23:52.180 TRACE 87122 --- [    Test worker] o.h.type.descriptor.sql.BasicExtractor   : extracted value ([l_id7_1_] : [BIGINT]) - [12]
2023-11-10 21:23:52.180 TRACE 87122 --- [    Test worker] o.h.type.descriptor.sql.BasicExtractor   : extracted value ([m_id8_1_] : [BIGINT]) - [2]
2023-11-10 21:23:52.180 TRACE 87122 --- [    Test worker] o.h.type.descriptor.sql.BasicExtractor   : extracted value ([name3_1_] : [VARCHAR]) - [아이 세차장]
2023-11-10 21:23:52.180 TRACE 87122 --- [    Test worker] o.h.type.descriptor.sql.BasicExtractor   : extracted value ([price4_1_] : [INTEGER]) - [100]
2023-11-10 21:23:52.180 TRACE 87122 --- [    Test worker] o.h.type.descriptor.sql.BasicExtractor   : extracted value ([rate5_1_] : [DOUBLE]) - [0.0]
2023-11-10 21:23:52.180 TRACE 87122 --- [    Test worker] o.h.type.descriptor.sql.BasicExtractor   : extracted value ([tel6_1_] : [VARCHAR]) - [01012345678]
2023-11-10 21:23:52.180 TRACE 87122 --- [    Test worker] o.h.type.descriptor.sql.BasicExtractor   : extracted value ([id1_1_] : [BIGINT]) - [108]
2023-11-10 21:23:52.180 TRACE 87122 --- [    Test worker] o.h.type.descriptor.sql.BasicExtractor   : extracted value ([des2_1_] : [VARCHAR]) - [테스트 설명]
2023-11-10 21:23:52.180 TRACE 87122 --- [    Test worker] o.h.type.descriptor.sql.BasicExtractor   : extracted value ([l_id7_1_] : [BIGINT]) - [14]
2023-11-10 21:23:52.180 TRACE 87122 --- [    Test worker] o.h.type.descriptor.sql.BasicExtractor   : extracted value ([m_id8_1_] : [BIGINT]) - [2]
2023-11-10 21:23:52.180 TRACE 87122 --- [    Test worker] o.h.type.descriptor.sql.BasicExtractor   : extracted value ([name3_1_] : [VARCHAR]) - [아이 세차장]
2023-11-10 21:23:52.180 TRACE 87122 --- [    Test worker] o.h.type.descriptor.sql.BasicExtractor   : extracted value ([price4_1_] : [INTEGER]) - [100]
2023-11-10 21:23:52.180 TRACE 87122 --- [    Test worker] o.h.type.descriptor.sql.BasicExtractor   : extracted value ([rate5_1_] : [DOUBLE]) - [0.0]
2023-11-10 21:23:52.180 TRACE 87122 --- [    Test worker] o.h.type.descriptor.sql.BasicExtractor   : extracted value ([tel6_1_] : [VARCHAR]) - [01012345678]
2023-11-10 21:23:52.180 TRACE 87122 --- [    Test worker] o.h.type.descriptor.sql.BasicExtractor   : extracted value ([id1_1_] : [BIGINT]) - [111]
2023-11-10 21:23:52.180 TRACE 87122 --- [    Test worker] o.h.type.descriptor.sql.BasicExtractor   : extracted value ([des2_1_] : [VARCHAR]) - [테스트 설명]
2023-11-10 21:23:52.180 TRACE 87122 --- [    Test worker] o.h.type.descriptor.sql.BasicExtractor   : extracted value ([l_id7_1_] : [BIGINT]) - [17]
2023-11-10 21:23:52.180 TRACE 87122 --- [    Test worker] o.h.type.descriptor.sql.BasicExtractor   : extracted value ([m_id8_1_] : [BIGINT]) - [2]
2023-11-10 21:23:52.180 TRACE 87122 --- [    Test worker] o.h.type.descriptor.sql.BasicExtractor   : extracted value ([name3_1_] : [VARCHAR]) - [아이 세차장]
2023-11-10 21:23:52.180 TRACE 87122 --- [    Test worker] o.h.type.descriptor.sql.BasicExtractor   : extracted value ([price4_1_] : [INTEGER]) - [100]
2023-11-10 21:23:52.180 TRACE 87122 --- [    Test worker] o.h.type.descriptor.sql.BasicExtractor   : extracted value ([rate5_1_] : [DOUBLE]) - [0.0]
2023-11-10 21:23:52.180 TRACE 87122 --- [    Test worker] o.h.type.descriptor.sql.BasicExtractor   : extracted value ([tel6_1_] : [VARCHAR]) - [01012345678]
2023-11-10 21:23:52.180 TRACE 87122 --- [    Test worker] o.h.type.descriptor.sql.BasicExtractor   : extracted value ([id1_1_] : [BIGINT]) - [112]
2023-11-10 21:23:52.180 TRACE 87122 --- [    Test worker] o.h.type.descriptor.sql.BasicExtractor   : extracted value ([des2_1_] : [VARCHAR]) - [테스트 설명]
2023-11-10 21:23:52.180 TRACE 87122 --- [    Test worker] o.h.type.descriptor.sql.BasicExtractor   : extracted value ([l_id7_1_] : [BIGINT]) - [18]
2023-11-10 21:23:52.180 TRACE 87122 --- [    Test worker] o.h.type.descriptor.sql.BasicExtractor   : extracted value ([m_id8_1_] : [BIGINT]) - [2]
2023-11-10 21:23:52.180 TRACE 87122 --- [    Test worker] o.h.type.descriptor.sql.BasicExtractor   : extracted value ([name3_1_] : [VARCHAR]) - [아이 세차장]
2023-11-10 21:23:52.180 TRACE 87122 --- [    Test worker] o.h.type.descriptor.sql.BasicExtractor   : extracted value ([price4_1_] : [INTEGER]) - [100]
2023-11-10 21:23:52.180 TRACE 87122 --- [    Test worker] o.h.type.descriptor.sql.BasicExtractor   : extracted value ([rate5_1_] : [DOUBLE]) - [0.0]
2023-11-10 21:23:52.180 TRACE 87122 --- [    Test worker] o.h.type.descriptor.sql.BasicExtractor   : extracted value ([tel6_1_] : [VARCHAR]) - [01012345678]
2023-11-10 21:23:52.180 TRACE 87122 --- [    Test worker] o.h.type.descriptor.sql.BasicExtractor   : extracted value ([id1_1_] : [BIGINT]) - [113]
2023-11-10 21:23:52.180 TRACE 87122 --- [    Test worker] o.h.type.descriptor.sql.BasicExtractor   : extracted value ([des2_1_] : [VARCHAR]) - [테스트 설명]
2023-11-10 21:23:52.180 TRACE 87122 --- [    Test worker] o.h.type.descriptor.sql.BasicExtractor   : extracted value ([l_id7_1_] : [BIGINT]) - [19]
2023-11-10 21:23:52.180 TRACE 87122 --- [    Test worker] o.h.type.descriptor.sql.BasicExtractor   : extracted value ([m_id8_1_] : [BIGINT]) - [2]
2023-11-10 21:23:52.181 TRACE 87122 --- [    Test worker] o.h.type.descriptor.sql.BasicExtractor   : extracted value ([name3_1_] : [VARCHAR]) - [아이 세차장]
2023-11-10 21:23:52.181 TRACE 87122 --- [    Test worker] o.h.type.descriptor.sql.BasicExtractor   : extracted value ([price4_1_] : [INTEGER]) - [100]
2023-11-10 21:23:52.181 TRACE 87122 --- [    Test worker] o.h.type.descriptor.sql.BasicExtractor   : extracted value ([rate5_1_] : [DOUBLE]) - [0.0]
2023-11-10 21:23:52.181 TRACE 87122 --- [    Test worker] o.h.type.descriptor.sql.BasicExtractor   : extracted value ([tel6_1_] : [VARCHAR]) - [01012345678]
2023-11-10 21:23:52.181 TRACE 87122 --- [    Test worker] o.h.type.descriptor.sql.BasicExtractor   : extracted value ([id1_1_] : [BIGINT]) - [114]
2023-11-10 21:23:52.181 TRACE 87122 --- [    Test worker] o.h.type.descriptor.sql.BasicExtractor   : extracted value ([des2_1_] : [VARCHAR]) - [테스트 설명]
2023-11-10 21:23:52.181 TRACE 87122 --- [    Test worker] o.h.type.descriptor.sql.BasicExtractor   : extracted value ([l_id7_1_] : [BIGINT]) - [20]
2023-11-10 21:23:52.181 TRACE 87122 --- [    Test worker] o.h.type.descriptor.sql.BasicExtractor   : extracted value ([m_id8_1_] : [BIGINT]) - [2]
2023-11-10 21:23:52.181 TRACE 87122 --- [    Test worker] o.h.type.descriptor.sql.BasicExtractor   : extracted value ([name3_1_] : [VARCHAR]) - [아이이 세차장]
2023-11-10 21:23:52.181 TRACE 87122 --- [    Test worker] o.h.type.descriptor.sql.BasicExtractor   : extracted value ([price4_1_] : [INTEGER]) - [100]
2023-11-10 21:23:52.181 TRACE 87122 --- [    Test worker] o.h.type.descriptor.sql.BasicExtractor   : extracted value ([rate5_1_] : [DOUBLE]) - [0.0]
2023-11-10 21:23:52.181 TRACE 87122 --- [    Test worker] o.h.type.descriptor.sql.BasicExtractor   : extracted value ([tel6_1_] : [VARCHAR]) - [01012345678]
2023-11-10 21:23:52.181 TRACE 87122 --- [    Test worker] o.h.type.descriptor.sql.BasicExtractor   : extracted value ([id1_1_] : [BIGINT]) - [115]
2023-11-10 21:23:52.181 TRACE 87122 --- [    Test worker] o.h.type.descriptor.sql.BasicExtractor   : extracted value ([des2_1_] : [VARCHAR]) - [테스트 설명]
2023-11-10 21:23:52.181 TRACE 87122 --- [    Test worker] o.h.type.descriptor.sql.BasicExtractor   : extracted value ([l_id7_1_] : [BIGINT]) - [21]
2023-11-10 21:23:52.181 TRACE 87122 --- [    Test worker] o.h.type.descriptor.sql.BasicExtractor   : extracted value ([m_id8_1_] : [BIGINT]) - [2]
2023-11-10 21:23:52.181 TRACE 87122 --- [    Test worker] o.h.type.descriptor.sql.BasicExtractor   : extracted value ([name3_1_] : [VARCHAR]) - [아이이 세차장]
2023-11-10 21:23:52.181 TRACE 87122 --- [    Test worker] o.h.type.descriptor.sql.BasicExtractor   : extracted value ([price4_1_] : [INTEGER]) - [100]
2023-11-10 21:23:52.181 TRACE 87122 --- [    Test worker] o.h.type.descriptor.sql.BasicExtractor   : extracted value ([rate5_1_] : [DOUBLE]) - [0.0]
2023-11-10 21:23:52.181 TRACE 87122 --- [    Test worker] o.h.type.descriptor.sql.BasicExtractor   : extracted value ([tel6_1_] : [VARCHAR]) - [01012345678]
2023-11-10 21:23:52.181 TRACE 87122 --- [    Test worker] o.h.type.descriptor.sql.BasicExtractor   : extracted value ([id1_1_] : [BIGINT]) - [116]
2023-11-10 21:23:52.181 TRACE 87122 --- [    Test worker] o.h.type.descriptor.sql.BasicExtractor   : extracted value ([des2_1_] : [VARCHAR]) - [테스트 설명]
2023-11-10 21:23:52.181 TRACE 87122 --- [    Test worker] o.h.type.descriptor.sql.BasicExtractor   : extracted value ([l_id7_1_] : [BIGINT]) - [22]
2023-11-10 21:23:52.182 TRACE 87122 --- [    Test worker] o.h.type.descriptor.sql.BasicExtractor   : extracted value ([m_id8_1_] : [BIGINT]) - [2]
2023-11-10 21:23:52.182 TRACE 87122 --- [    Test worker] o.h.type.descriptor.sql.BasicExtractor   : extracted value ([name3_1_] : [VARCHAR]) - [아이이 세차장]
2023-11-10 21:23:52.182 TRACE 87122 --- [    Test worker] o.h.type.descriptor.sql.BasicExtractor   : extracted value ([price4_1_] : [INTEGER]) - [100]
2023-11-10 21:23:52.182 TRACE 87122 --- [    Test worker] o.h.type.descriptor.sql.BasicExtractor   : extracted value ([rate5_1_] : [DOUBLE]) - [0.0]
2023-11-10 21:23:52.182 TRACE 87122 --- [    Test worker] o.h.type.descriptor.sql.BasicExtractor   : extracted value ([tel6_1_] : [VARCHAR]) - [01012345678]
2023-11-10 21:23:52.182 TRACE 87122 --- [    Test worker] o.h.type.descriptor.sql.BasicExtractor   : extracted value ([id1_1_] : [BIGINT]) - [117]
2023-11-10 21:23:52.182 TRACE 87122 --- [    Test worker] o.h.type.descriptor.sql.BasicExtractor   : extracted value ([des2_1_] : [VARCHAR]) - [테스트 설명]
2023-11-10 21:23:52.182 TRACE 87122 --- [    Test worker] o.h.type.descriptor.sql.BasicExtractor   : extracted value ([l_id7_1_] : [BIGINT]) - [23]
2023-11-10 21:23:52.182 TRACE 87122 --- [    Test worker] o.h.type.descriptor.sql.BasicExtractor   : extracted value ([m_id8_1_] : [BIGINT]) - [2]
2023-11-10 21:23:52.182 TRACE 87122 --- [    Test worker] o.h.type.descriptor.sql.BasicExtractor   : extracted value ([name3_1_] : [VARCHAR]) - [아이이 세차장]
2023-11-10 21:23:52.182 TRACE 87122 --- [    Test worker] o.h.type.descriptor.sql.BasicExtractor   : extracted value ([price4_1_] : [INTEGER]) - [100]
2023-11-10 21:23:52.182 TRACE 87122 --- [    Test worker] o.h.type.descriptor.sql.BasicExtractor   : extracted value ([rate5_1_] : [DOUBLE]) - [0.0]
2023-11-10 21:23:52.182 TRACE 87122 --- [    Test worker] o.h.type.descriptor.sql.BasicExtractor   : extracted value ([tel6_1_] : [VARCHAR]) - [01012345678]
2023-11-10 21:23:52.182 TRACE 87122 --- [    Test worker] org.hibernate.type.CollectionType        : Created collection wrapper: [bdbe.bdbd.model.carwash.Carwash.carwashKeywords#1]
2023-11-10 21:23:52.182 TRACE 87122 --- [    Test worker] org.hibernate.type.CollectionType        : Created collection wrapper: [bdbe.bdbd.model.carwash.Carwash.fileList#1]
Hibernate: 
    select
        location0_.id as id1_5_0_,
        location0_.address as address2_5_0_,
        location0_.latitude as latitude3_5_0_,
        location0_.longitude as longitud4_5_0_ 
    from
        location location0_ 
    where
        location0_.id=?
2023-11-10 21:23:52.182 TRACE 87122 --- [    Test worker] o.h.type.descriptor.sql.BasicBinder      : binding parameter [1] as [BIGINT] - [1]
2023-11-10 21:23:52.195 TRACE 87122 --- [    Test worker] o.h.type.descriptor.sql.BasicExtractor   : extracted value ([address2_5_0_] : [VARCHAR]) - [구름 주소]
2023-11-10 21:23:52.196 TRACE 87122 --- [    Test worker] o.h.type.descriptor.sql.BasicExtractor   : extracted value ([latitude3_5_0_] : [DOUBLE]) - [1.121]
2023-11-10 21:23:52.196 TRACE 87122 --- [    Test worker] o.h.type.descriptor.sql.BasicExtractor   : extracted value ([longitud4_5_0_] : [DOUBLE]) - [2.232]
2023-11-10 21:23:52.196 TRACE 87122 --- [    Test worker] org.hibernate.type.CollectionType        : Created collection wrapper: [bdbe.bdbd.model.carwash.Carwash.carwashKeywords#2]
2023-11-10 21:23:52.196 TRACE 87122 --- [    Test worker] org.hibernate.type.CollectionType        : Created collection wrapper: [bdbe.bdbd.model.carwash.Carwash.fileList#2]
Hibernate: 
    select
        location0_.id as id1_5_0_,
        location0_.address as address2_5_0_,
        location0_.latitude as latitude3_5_0_,
        location0_.longitude as longitud4_5_0_ 
    from
        location location0_ 
    where
        location0_.id=?
2023-11-10 21:23:52.196 TRACE 87122 --- [    Test worker] o.h.type.descriptor.sql.BasicBinder      : binding parameter [1] as [BIGINT] - [2]
2023-11-10 21:23:52.207 TRACE 87122 --- [    Test worker] o.h.type.descriptor.sql.BasicExtractor   : extracted value ([address2_5_0_] : [VARCHAR]) - [구름 주소]
2023-11-10 21:23:52.207 TRACE 87122 --- [    Test worker] o.h.type.descriptor.sql.BasicExtractor   : extracted value ([latitude3_5_0_] : [DOUBLE]) - [1.121]
2023-11-10 21:23:52.207 TRACE 87122 --- [    Test worker] o.h.type.descriptor.sql.BasicExtractor   : extracted value ([longitud4_5_0_] : [DOUBLE]) - [2.232]
2023-11-10 21:23:52.207 TRACE 87122 --- [    Test worker] org.hibernate.type.CollectionType        : Created collection wrapper: [bdbe.bdbd.model.carwash.Carwash.carwashKeywords#3]
2023-11-10 21:23:52.207 TRACE 87122 --- [    Test worker] org.hibernate.type.CollectionType        : Created collection wrapper: [bdbe.bdbd.model.carwash.Carwash.fileList#3]
Hibernate: 
    select
        location0_.id as id1_5_0_,
        location0_.address as address2_5_0_,
        location0_.latitude as latitude3_5_0_,
        location0_.longitude as longitud4_5_0_ 
    from
        location location0_ 
    where
        location0_.id=?
2023-11-10 21:23:52.207 TRACE 87122 --- [    Test worker] o.h.type.descriptor.sql.BasicBinder      : binding parameter [1] as [BIGINT] - [3]
2023-11-10 21:23:52.218 TRACE 87122 --- [    Test worker] o.h.type.descriptor.sql.BasicExtractor   : extracted value ([address2_5_0_] : [VARCHAR]) - [test 주소]
2023-11-10 21:23:52.218 TRACE 87122 --- [    Test worker] o.h.type.descriptor.sql.BasicExtractor   : extracted value ([latitude3_5_0_] : [DOUBLE]) - [35.178287]
2023-11-10 21:23:52.218 TRACE 87122 --- [    Test worker] o.h.type.descriptor.sql.BasicExtractor   : extracted value ([longitud4_5_0_] : [DOUBLE]) - [5.678]
2023-11-10 21:23:52.219 TRACE 87122 --- [    Test worker] org.hibernate.type.CollectionType        : Created collection wrapper: [bdbe.bdbd.model.carwash.Carwash.carwashKeywords#4]
2023-11-10 21:23:52.219 TRACE 87122 --- [    Test worker] org.hibernate.type.CollectionType        : Created collection wrapper: [bdbe.bdbd.model.carwash.Carwash.fileList#4]
Hibernate: 
    select
        location0_.id as id1_5_0_,
        location0_.address as address2_5_0_,
        location0_.latitude as latitude3_5_0_,
        location0_.longitude as longitud4_5_0_ 
    from
        location location0_ 
    where
        location0_.id=?
2023-11-10 21:23:52.219 TRACE 87122 --- [    Test worker] o.h.type.descriptor.sql.BasicBinder      : binding parameter [1] as [BIGINT] - [4]
2023-11-10 21:23:52.231 TRACE 87122 --- [    Test worker] o.h.type.descriptor.sql.BasicExtractor   : extracted value ([address2_5_0_] : [VARCHAR]) - [test 주소]
2023-11-10 21:23:52.231 TRACE 87122 --- [    Test worker] o.h.type.descriptor.sql.BasicExtractor   : extracted value ([latitude3_5_0_] : [DOUBLE]) - [35.178287]
2023-11-10 21:23:52.232 TRACE 87122 --- [    Test worker] o.h.type.descriptor.sql.BasicExtractor   : extracted value ([longitud4_5_0_] : [DOUBLE]) - [5.678]
2023-11-10 21:23:52.232 TRACE 87122 --- [    Test worker] org.hibernate.type.CollectionType        : Created collection wrapper: [bdbe.bdbd.model.carwash.Carwash.carwashKeywords#5]
2023-11-10 21:23:52.232 TRACE 87122 --- [    Test worker] org.hibernate.type.CollectionType        : Created collection wrapper: [bdbe.bdbd.model.carwash.Carwash.fileList#5]
Hibernate: 
    select
        location0_.id as id1_5_0_,
        location0_.address as address2_5_0_,
        location0_.latitude as latitude3_5_0_,
        location0_.longitude as longitud4_5_0_ 
    from
        location location0_ 
    where
        location0_.id=?
2023-11-10 21:23:52.232 TRACE 87122 --- [    Test worker] o.h.type.descriptor.sql.BasicBinder      : binding parameter [1] as [BIGINT] - [5]
2023-11-10 21:23:52.242 TRACE 87122 --- [    Test worker] o.h.type.descriptor.sql.BasicExtractor   : extracted value ([address2_5_0_] : [VARCHAR]) - [test 주소]
2023-11-10 21:23:52.243 TRACE 87122 --- [    Test worker] o.h.type.descriptor.sql.BasicExtractor   : extracted value ([latitude3_5_0_] : [DOUBLE]) - [35.178287]
2023-11-10 21:23:52.243 TRACE 87122 --- [    Test worker] o.h.type.descriptor.sql.BasicExtractor   : extracted value ([longitud4_5_0_] : [DOUBLE]) - [5.678]
2023-11-10 21:23:52.243 TRACE 87122 --- [    Test worker] org.hibernate.type.CollectionType        : Created collection wrapper: [bdbe.bdbd.model.carwash.Carwash.carwashKeywords#6]
2023-11-10 21:23:52.243 TRACE 87122 --- [    Test worker] org.hibernate.type.CollectionType        : Created collection wrapper: [bdbe.bdbd.model.carwash.Carwash.fileList#6]
Hibernate: 
    select
        location0_.id as id1_5_0_,
        location0_.address as address2_5_0_,
        location0_.latitude as latitude3_5_0_,
        location0_.longitude as longitud4_5_0_ 
    from
        location location0_ 
    where
        location0_.id=?
2023-11-10 21:23:52.243 TRACE 87122 --- [    Test worker] o.h.type.descriptor.sql.BasicBinder      : binding parameter [1] as [BIGINT] - [6]
응답 Body : {"success":false,"response":null,"error":{"status":"500","code":"2000","message":{"error":"Unable to find bdbe.bdbd.model.location.Location with id 6; nested exception is javax.persistence.EntityNotFoundException: Unable to find bdbe.bdbd.model.location.Location with id 6"}}}

MockHttpServletRequest:
      HTTP Method = GET
      Request URI = /api/owner/sales
       Parameters = {carwash-id=[2], selected-date=[2023-10-01]}
          Headers = [Content-Type:"application/json;charset=UTF-8"]
             Body = null
    Session Attrs = {}

Handler:
             Type = bdbe.bdbd.controller.owner.OwnerCarwashController
           Method = bdbe.bdbd.controller.owner.OwnerCarwashController#findAllOwnerReservation(List, LocalDate, CustomUserDetails)

Async:
    Async started = false
     Async result = null

Resolved Exception:
             Type = org.springframework.orm.jpa.JpaObjectRetrievalFailureException

ModelAndView:
        View name = null
             View = null
            Model = null

FlashMap:
       Attributes = null

MockHttpServletResponse:
           Status = 500
    Error message = null
          Headers = [Vary:"Origin", "Access-Control-Request-Method", "Access-Control-Request-Headers", Content-Type:"application/json;charset=UTF-8", X-Content-Type-Options:"nosniff", X-XSS-Protection:"1; mode=block", Cache-Control:"no-cache, no-store, max-age=0, must-revalidate", Pragma:"no-cache", Expires:"0", X-Frame-Options:"SAMEORIGIN"]
     Content type = application/json;charset=UTF-8
             Body = {"success":false,"response":null,"error":{"status":"500","code":"2000","message":{"error":"Unable to find bdbe.bdbd.model.location.Location with id 6; nested exception is javax.persistence.EntityNotFoundException: Unable to find bdbe.bdbd.model.location.Location with id 6"}}}
    Forwarded URL = null
   Redirected URL = null
          Cookies = []
2023-11-10 21:23:52.286  INFO 87122 --- [    Test worker] o.s.t.c.transaction.TransactionContext   : Rolled back transaction for test: [DefaultTestContext@152705d0 testClass = OwnerRestControllerTest, testInstance = bdbe.bdbd.member.owner.OwnerRestControllerTest@23f31375, testMethod = findAllReservationByOwner_test@OwnerRestControllerTest, testException = java.lang.AssertionError: JSON path "$.success" expected:<true> but was:<false>, mergedContextConfiguration = [WebMergedContextConfiguration@1343eae6 testClass = OwnerRestControllerTest, locations = '{}', classes = '{class bdbe.bdbd.BdbdApplication}', contextInitializerClasses = '[]', activeProfiles = '{}', propertySourceLocations = '{}', propertySourceProperties = '{org.springframework.boot.test.context.SpringBootTestContextBootstrapper=true}', contextCustomizers = set[org.springframework.boot.test.autoconfigure.actuate.metrics.MetricsExportContextCustomizerFactory$DisableMetricExportContextCustomizer@4b3c354a, org.springframework.boot.test.autoconfigure.properties.PropertyMappingContextCustomizer@4b3fa0b3, org.springframework.boot.test.autoconfigure.web.servlet.WebDriverContextCustomizerFactory$Customizer@293d0107, [ImportsContextCustomizer@58c7bb01 key = [org.springframework.boot.test.autoconfigure.web.servlet.MockMvcAutoConfiguration, org.springframework.boot.test.autoconfigure.web.servlet.MockMvcWebClientAutoConfiguration, org.springframework.boot.test.autoconfigure.web.servlet.MockMvcWebDriverAutoConfiguration, org.springframework.boot.autoconfigure.security.oauth2.client.servlet.OAuth2ClientAutoConfiguration, org.springframework.boot.autoconfigure.security.oauth2.resource.servlet.OAuth2ResourceServerAutoConfiguration, org.springframework.boot.autoconfigure.security.servlet.SecurityAutoConfiguration, org.springframework.boot.autoconfigure.security.servlet.SecurityFilterAutoConfiguration, org.springframework.boot.autoconfigure.security.servlet.UserDetailsServiceAutoConfiguration, org.springframework.boot.test.autoconfigure.web.servlet.MockMvcSecurityConfiguration, org.springframework.boot.test.autoconfigure.web.reactive.WebTestClientAutoConfiguration]], org.springframework.boot.test.context.filter.ExcludeFilterContextCustomizer@62fad19, org.springframework.boot.test.json.DuplicateJsonObjectContextCustomizerFactory$DuplicateJsonObjectContextCustomizer@4f2613d1, org.springframework.boot.test.mock.mockito.MockitoContextCustomizer@0, org.springframework.boot.test.web.client.TestRestTemplateContextCustomizer@1c55f277, org.springframework.boot.test.context.SpringBootTestArgs@1, org.springframework.boot.test.context.SpringBootTestWebEnvironment@4ea5b703], resourceBasePath = 'src/main/webapp', contextLoader = 'org.springframework.boot.test.context.SpringBootContextLoader', parent = [null]], attributes = map['org.springframework.test.context.web.ServletTestExecutionListener.activateListener' -> true, 'org.springframework.test.context.web.ServletTestExecutionListener.populatedRequestContextHolder' -> true, 'org.springframework.test.context.web.ServletTestExecutionListener.resetRequestContextHolder' -> true, 'org.springframework.test.context.event.ApplicationEventsTestExecutionListener.recordApplicationEvents' -> false]]
2023-11-10 21:23:52.300  INFO 87122 --- [    Test worker] o.s.t.c.transaction.TransactionContext   : Began transaction (1) for test context [DefaultTestContext@152705d0 testClass = OwnerRestControllerTest, testInstance = bdbe.bdbd.member.owner.OwnerRestControllerTest@60bd3a8b, testMethod = checkTest@OwnerRestControllerTest, testException = [null], mergedContextConfiguration = [WebMergedContextConfiguration@1343eae6 testClass = OwnerRestControllerTest, locations = '{}', classes = '{class bdbe.bdbd.BdbdApplication}', contextInitializerClasses = '[]', activeProfiles = '{}', propertySourceLocations = '{}', propertySourceProperties = '{org.springframework.boot.test.context.SpringBootTestContextBootstrapper=true}', contextCustomizers = set[org.springframework.boot.test.autoconfigure.actuate.metrics.MetricsExportContextCustomizerFactory$DisableMetricExportContextCustomizer@4b3c354a, org.springframework.boot.test.autoconfigure.properties.PropertyMappingContextCustomizer@4b3fa0b3, org.springframework.boot.test.autoconfigure.web.servlet.WebDriverContextCustomizerFactory$Customizer@293d0107, [ImportsContextCustomizer@58c7bb01 key = [org.springframework.boot.test.autoconfigure.web.servlet.MockMvcAutoConfiguration, org.springframework.boot.test.autoconfigure.web.servlet.MockMvcWebClientAutoConfiguration, org.springframework.boot.test.autoconfigure.web.servlet.MockMvcWebDriverAutoConfiguration, org.springframework.boot.autoconfigure.security.oauth2.client.servlet.OAuth2ClientAutoConfiguration, org.springframework.boot.autoconfigure.security.oauth2.resource.servlet.OAuth2ResourceServerAutoConfiguration, org.springframework.boot.autoconfigure.security.servlet.SecurityAutoConfiguration, org.springframework.boot.autoconfigure.security.servlet.SecurityFilterAutoConfiguration, org.springframework.boot.autoconfigure.security.servlet.UserDetailsServiceAutoConfiguration, org.springframework.boot.test.autoconfigure.web.servlet.MockMvcSecurityConfiguration, org.springframework.boot.test.autoconfigure.web.reactive.WebTestClientAutoConfiguration]], org.springframework.boot.test.context.filter.ExcludeFilterContextCustomizer@62fad19, org.springframework.boot.test.json.DuplicateJsonObjectContextCustomizerFactory$DuplicateJsonObjectContextCustomizer@4f2613d1, org.springframework.boot.test.mock.mockito.MockitoContextCustomizer@0, org.springframework.boot.test.web.client.TestRestTemplateContextCustomizer@1c55f277, org.springframework.boot.test.context.SpringBootTestArgs@1, org.springframework.boot.test.context.SpringBootTestWebEnvironment@4ea5b703], resourceBasePath = 'src/main/webapp', contextLoader = 'org.springframework.boot.test.context.SpringBootContextLoader', parent = [null]], attributes = map['org.springframework.test.context.web.ServletTestExecutionListener.activateListener' -> true, 'org.springframework.test.context.web.ServletTestExecutionListener.populatedRequestContextHolder' -> true, 'org.springframework.test.context.web.ServletTestExecutionListener.resetRequestContextHolder' -> true, 'org.springframework.test.context.event.ApplicationEventsTestExecutionListener.recordApplicationEvents' -> false]]; transaction manager [org.springframework.orm.jpa.JpaTransactionManager@17fac5b2]; rollback [true]
Hibernate: 
    insert 
    into
        member
        (email, password, role, tel, username) 
    values
        (?, ?, ?, ?, ?)
2023-11-10 21:23:52.386 TRACE 87122 --- [    Test worker] o.h.type.descriptor.sql.BasicBinder      : binding parameter [1] as [VARCHAR] - [aaamockowner@naver.com]
2023-11-10 21:23:52.386 TRACE 87122 --- [    Test worker] o.h.type.descriptor.sql.BasicBinder      : binding parameter [2] as [VARCHAR] - [{bcrypt}$2a$10$5HicxwtW4AR3IBbCAPeutugJzhQSz85OLsTUoGPtnnYEPqsq4A4Ou]
2023-11-10 21:23:52.386 TRACE 87122 --- [    Test worker] o.h.type.descriptor.sql.BasicBinder      : binding parameter [3] as [VARCHAR] - [ROLE_OWNER]
2023-11-10 21:23:52.386 TRACE 87122 --- [    Test worker] o.h.type.descriptor.sql.BasicBinder      : binding parameter [4] as [VARCHAR] - [010-1234-5678]
2023-11-10 21:23:52.386 TRACE 87122 --- [    Test worker] o.h.type.descriptor.sql.BasicBinder      : binding parameter [5] as [VARCHAR] - [aaamockowner]
Hibernate: 
    insert 
    into
        member
        (email, password, role, tel, username) 
    values
        (?, ?, ?, ?, ?)
2023-11-10 21:23:52.475 TRACE 87122 --- [    Test worker] o.h.type.descriptor.sql.BasicBinder      : binding parameter [1] as [VARCHAR] - [aaauserRoleUser@naver.com]
2023-11-10 21:23:52.475 TRACE 87122 --- [    Test worker] o.h.type.descriptor.sql.BasicBinder      : binding parameter [2] as [VARCHAR] - [{bcrypt}$2a$10$.KUAVGFrDU9ZUlFUTt.io.Oqa8gX.aKXNS2QfujAKlxUYUr4LdsRe]
2023-11-10 21:23:52.475 TRACE 87122 --- [    Test worker] o.h.type.descriptor.sql.BasicBinder      : binding parameter [3] as [VARCHAR] - [ROLE_USER]
2023-11-10 21:23:52.475 TRACE 87122 --- [    Test worker] o.h.type.descriptor.sql.BasicBinder      : binding parameter [4] as [VARCHAR] - [010-1234-5678]
2023-11-10 21:23:52.475 TRACE 87122 --- [    Test worker] o.h.type.descriptor.sql.BasicBinder      : binding parameter [5] as [VARCHAR] - [aaauserRoleUser]

MockHttpServletRequest:
      HTTP Method = POST
      Request URI = /api/owner/check
       Parameters = {}
          Headers = [Content-Type:"application/json;charset=UTF-8", Content-Length:"26"]
             Body = {"email":"bdbd@naver.com"}
    Session Attrs = {}

Handler:
             Type = null

Async:
    Async started = false
     Async result = null

Resolved Exception:
             Type = null

ModelAndView:
        View name = null
             View = null
            Model = null

FlashMap:
       Attributes = null

MockHttpServletResponse:
           Status = 401
    Error message = null
          Headers = [Vary:"Origin", "Access-Control-Request-Method", "Access-Control-Request-Headers", Content-Type:"application/json; charset=utf-8", X-Content-Type-Options:"nosniff", X-XSS-Protection:"1; mode=block", Cache-Control:"no-cache, no-store, max-age=0, must-revalidate", Pragma:"no-cache", Expires:"0", X-Frame-Options:"SAMEORIGIN"]
     Content type = application/json; charset=utf-8
             Body = {"success":false,"response":null,"error":{"status":"401","code":"1201","message":{"auth":"Not authenticated"}}}

    Forwarded URL = null
   Redirected URL = null
          Cookies = []
2023-11-10 21:23:52.513  INFO 87122 --- [    Test worker] o.s.t.c.transaction.TransactionContext   : Rolled back transaction for test: [DefaultTestContext@152705d0 testClass = OwnerRestControllerTest, testInstance = bdbe.bdbd.member.owner.OwnerRestControllerTest@60bd3a8b, testMethod = checkTest@OwnerRestControllerTest, testException = java.lang.AssertionError: JSON path "$.success" expected:<true> but was:<false>, mergedContextConfiguration = [WebMergedContextConfiguration@1343eae6 testClass = OwnerRestControllerTest, locations = '{}', classes = '{class bdbe.bdbd.BdbdApplication}', contextInitializerClasses = '[]', activeProfiles = '{}', propertySourceLocations = '{}', propertySourceProperties = '{org.springframework.boot.test.context.SpringBootTestContextBootstrapper=true}', contextCustomizers = set[org.springframework.boot.test.autoconfigure.actuate.metrics.MetricsExportContextCustomizerFactory$DisableMetricExportContextCustomizer@4b3c354a, org.springframework.boot.test.autoconfigure.properties.PropertyMappingContextCustomizer@4b3fa0b3, org.springframework.boot.test.autoconfigure.web.servlet.WebDriverContextCustomizerFactory$Customizer@293d0107, [ImportsContextCustomizer@58c7bb01 key = [org.springframework.boot.test.autoconfigure.web.servlet.MockMvcAutoConfiguration, org.springframework.boot.test.autoconfigure.web.servlet.MockMvcWebClientAutoConfiguration, org.springframework.boot.test.autoconfigure.web.servlet.MockMvcWebDriverAutoConfiguration, org.springframework.boot.autoconfigure.security.oauth2.client.servlet.OAuth2ClientAutoConfiguration, org.springframework.boot.autoconfigure.security.oauth2.resource.servlet.OAuth2ResourceServerAutoConfiguration, org.springframework.boot.autoconfigure.security.servlet.SecurityAutoConfiguration, org.springframework.boot.autoconfigure.security.servlet.SecurityFilterAutoConfiguration, org.springframework.boot.autoconfigure.security.servlet.UserDetailsServiceAutoConfiguration, org.springframework.boot.test.autoconfigure.web.servlet.MockMvcSecurityConfiguration, org.springframework.boot.test.autoconfigure.web.reactive.WebTestClientAutoConfiguration]], org.springframework.boot.test.context.filter.ExcludeFilterContextCustomizer@62fad19, org.springframework.boot.test.json.DuplicateJsonObjectContextCustomizerFactory$DuplicateJsonObjectContextCustomizer@4f2613d1, org.springframework.boot.test.mock.mockito.MockitoContextCustomizer@0, org.springframework.boot.test.web.client.TestRestTemplateContextCustomizer@1c55f277, org.springframework.boot.test.context.SpringBootTestArgs@1, org.springframework.boot.test.context.SpringBootTestWebEnvironment@4ea5b703], resourceBasePath = 'src/main/webapp', contextLoader = 'org.springframework.boot.test.context.SpringBootContextLoader', parent = [null]], attributes = map['org.springframework.test.context.web.ServletTestExecutionListener.activateListener' -> true, 'org.springframework.test.context.web.ServletTestExecutionListener.populatedRequestContextHolder' -> true, 'org.springframework.test.context.web.ServletTestExecutionListener.resetRequestContextHolder' -> true, 'org.springframework.test.context.event.ApplicationEventsTestExecutionListener.recordApplicationEvents' -> false]]
2023-11-10 21:23:52.524  INFO 87122 --- [    Test worker] o.s.t.c.transaction.TransactionContext   : Began transaction (1) for test context [DefaultTestContext@152705d0 testClass = OwnerRestControllerTest, testInstance = bdbe.bdbd.member.owner.OwnerRestControllerTest@47f74d8f, testMethod = fetchCarwashReservationOverview_test@OwnerRestControllerTest, testException = [null], mergedContextConfiguration = [WebMergedContextConfiguration@1343eae6 testClass = OwnerRestControllerTest, locations = '{}', classes = '{class bdbe.bdbd.BdbdApplication}', contextInitializerClasses = '[]', activeProfiles = '{}', propertySourceLocations = '{}', propertySourceProperties = '{org.springframework.boot.test.context.SpringBootTestContextBootstrapper=true}', contextCustomizers = set[org.springframework.boot.test.autoconfigure.actuate.metrics.MetricsExportContextCustomizerFactory$DisableMetricExportContextCustomizer@4b3c354a, org.springframework.boot.test.autoconfigure.properties.PropertyMappingContextCustomizer@4b3fa0b3, org.springframework.boot.test.autoconfigure.web.servlet.WebDriverContextCustomizerFactory$Customizer@293d0107, [ImportsContextCustomizer@58c7bb01 key = [org.springframework.boot.test.autoconfigure.web.servlet.MockMvcAutoConfiguration, org.springframework.boot.test.autoconfigure.web.servlet.MockMvcWebClientAutoConfiguration, org.springframework.boot.test.autoconfigure.web.servlet.MockMvcWebDriverAutoConfiguration, org.springframework.boot.autoconfigure.security.oauth2.client.servlet.OAuth2ClientAutoConfiguration, org.springframework.boot.autoconfigure.security.oauth2.resource.servlet.OAuth2ResourceServerAutoConfiguration, org.springframework.boot.autoconfigure.security.servlet.SecurityAutoConfiguration, org.springframework.boot.autoconfigure.security.servlet.SecurityFilterAutoConfiguration, org.springframework.boot.autoconfigure.security.servlet.UserDetailsServiceAutoConfiguration, org.springframework.boot.test.autoconfigure.web.servlet.MockMvcSecurityConfiguration, org.springframework.boot.test.autoconfigure.web.reactive.WebTestClientAutoConfiguration]], org.springframework.boot.test.context.filter.ExcludeFilterContextCustomizer@62fad19, org.springframework.boot.test.json.DuplicateJsonObjectContextCustomizerFactory$DuplicateJsonObjectContextCustomizer@4f2613d1, org.springframework.boot.test.mock.mockito.MockitoContextCustomizer@0, org.springframework.boot.test.web.client.TestRestTemplateContextCustomizer@1c55f277, org.springframework.boot.test.context.SpringBootTestArgs@1, org.springframework.boot.test.context.SpringBootTestWebEnvironment@4ea5b703], resourceBasePath = 'src/main/webapp', contextLoader = 'org.springframework.boot.test.context.SpringBootContextLoader', parent = [null]], attributes = map['org.springframework.test.context.web.ServletTestExecutionListener.activateListener' -> true, 'org.springframework.test.context.web.ServletTestExecutionListener.populatedRequestContextHolder' -> true, 'org.springframework.test.context.web.ServletTestExecutionListener.resetRequestContextHolder' -> true, 'org.springframework.test.context.event.ApplicationEventsTestExecutionListener.recordApplicationEvents' -> false]]; transaction manager [org.springframework.orm.jpa.JpaTransactionManager@17fac5b2]; rollback [true]
Hibernate: 
    select
        member0_.id as id1_6_,
        member0_.email as email2_6_,
        member0_.password as password3_6_,
        member0_.role as role4_6_,
        member0_.tel as tel5_6_,
        member0_.username as username6_6_ 
    from
        member member0_ 
    where
        member0_.email=?
2023-11-10 21:23:52.525 TRACE 87122 --- [    Test worker] o.h.type.descriptor.sql.BasicBinder      : binding parameter [1] as [VARCHAR] - [owner@nate.com]
2023-11-10 21:23:52.536 TRACE 87122 --- [    Test worker] o.h.type.descriptor.sql.BasicExtractor   : extracted value ([id1_6_] : [BIGINT]) - [2]
2023-11-10 21:23:52.536 TRACE 87122 --- [    Test worker] o.h.type.descriptor.sql.BasicExtractor   : extracted value ([email2_6_] : [VARCHAR]) - [owner@nate.com]
2023-11-10 21:23:52.536 TRACE 87122 --- [    Test worker] o.h.type.descriptor.sql.BasicExtractor   : extracted value ([password3_6_] : [VARCHAR]) - [{bcrypt}$2a$10$o6TVGm92x.GENlJ4Mig5qucFqAt/UTnT5lm6rzTY5v.gCk8uSf7h2]
2023-11-10 21:23:52.536 TRACE 87122 --- [    Test worker] o.h.type.descriptor.sql.BasicExtractor   : extracted value ([role4_6_] : [VARCHAR]) - [ROLE_OWNER]
2023-11-10 21:23:52.536 TRACE 87122 --- [    Test worker] o.h.type.descriptor.sql.BasicExtractor   : extracted value ([tel5_6_] : [VARCHAR]) - [010-9876-5432]
2023-11-10 21:23:52.536 TRACE 87122 --- [    Test worker] o.h.type.descriptor.sql.BasicExtractor   : extracted value ([username6_6_] : [VARCHAR]) - [imnewowner]
Hibernate: 
    insert 
    into
        member
        (email, password, role, tel, username) 
    values
        (?, ?, ?, ?, ?)
2023-11-10 21:23:52.628 TRACE 87122 --- [    Test worker] o.h.type.descriptor.sql.BasicBinder      : binding parameter [1] as [VARCHAR] - [aaamockowner@naver.com]
2023-11-10 21:23:52.628 TRACE 87122 --- [    Test worker] o.h.type.descriptor.sql.BasicBinder      : binding parameter [2] as [VARCHAR] - [{bcrypt}$2a$10$.xgbGuLTVkDaL.IdP2NlaOrzsydd6AfWtYvkQpWXUvwPKxgSU5Vua]
2023-11-10 21:23:52.628 TRACE 87122 --- [    Test worker] o.h.type.descriptor.sql.BasicBinder      : binding parameter [3] as [VARCHAR] - [ROLE_OWNER]
2023-11-10 21:23:52.628 TRACE 87122 --- [    Test worker] o.h.type.descriptor.sql.BasicBinder      : binding parameter [4] as [VARCHAR] - [010-1234-5678]
2023-11-10 21:23:52.628 TRACE 87122 --- [    Test worker] o.h.type.descriptor.sql.BasicBinder      : binding parameter [5] as [VARCHAR] - [aaamockowner]
Hibernate: 
    insert 
    into
        member
        (email, password, role, tel, username) 
    values
        (?, ?, ?, ?, ?)
2023-11-10 21:23:52.721 TRACE 87122 --- [    Test worker] o.h.type.descriptor.sql.BasicBinder      : binding parameter [1] as [VARCHAR] - [aaauserRoleUser@naver.com]
2023-11-10 21:23:52.721 TRACE 87122 --- [    Test worker] o.h.type.descriptor.sql.BasicBinder      : binding parameter [2] as [VARCHAR] - [{bcrypt}$2a$10$B4yI2xKWChOruwfs5i.RFezLKWYg.e6cJ4EapcXdQZVOkyi/II6IW]
2023-11-10 21:23:52.721 TRACE 87122 --- [    Test worker] o.h.type.descriptor.sql.BasicBinder      : binding parameter [3] as [VARCHAR] - [ROLE_USER]
2023-11-10 21:23:52.721 TRACE 87122 --- [    Test worker] o.h.type.descriptor.sql.BasicBinder      : binding parameter [4] as [VARCHAR] - [010-1234-5678]
2023-11-10 21:23:52.721 TRACE 87122 --- [    Test worker] o.h.type.descriptor.sql.BasicBinder      : binding parameter [5] as [VARCHAR] - [aaauserRoleUser]
Hibernate: 
    select
        carwash0_.id as id1_1_,
        carwash0_.des as des2_1_,
        carwash0_.l_id as l_id7_1_,
        carwash0_.m_id as m_id8_1_,
        carwash0_.name as name3_1_,
        carwash0_.price as price4_1_,
        carwash0_.rate as rate5_1_,
        carwash0_.tel as tel6_1_ 
    from
        carwash carwash0_ limit ?
2023-11-10 21:23:52.744 TRACE 87122 --- [    Test worker] o.h.type.descriptor.sql.BasicExtractor   : extracted value ([id1_1_] : [BIGINT]) - [1]
2023-11-10 21:23:52.745 TRACE 87122 --- [    Test worker] o.h.type.descriptor.sql.BasicExtractor   : extracted value ([des2_1_] : [VARCHAR]) - [안녕하세요]
2023-11-10 21:23:52.745 TRACE 87122 --- [    Test worker] o.h.type.descriptor.sql.BasicExtractor   : extracted value ([l_id7_1_] : [BIGINT]) - [1]
2023-11-10 21:23:52.745 TRACE 87122 --- [    Test worker] o.h.type.descriptor.sql.BasicExtractor   : extracted value ([m_id8_1_] : [BIGINT]) - [2]
2023-11-10 21:23:52.745 TRACE 87122 --- [    Test worker] o.h.type.descriptor.sql.BasicExtractor   : extracted value ([name3_1_] : [VARCHAR]) - [구름r 세차장]
2023-11-10 21:23:52.745 TRACE 87122 --- [    Test worker] o.h.type.descriptor.sql.BasicExtractor   : extracted value ([price4_1_] : [INTEGER]) - [3000]
2023-11-10 21:23:52.745 TRACE 87122 --- [    Test worker] o.h.type.descriptor.sql.BasicExtractor   : extracted value ([rate5_1_] : [DOUBLE]) - [3.9966666666666715]
2023-11-10 21:23:52.745 TRACE 87122 --- [    Test worker] o.h.type.descriptor.sql.BasicExtractor   : extracted value ([tel6_1_] : [VARCHAR]) - [01022223333]
2023-11-10 21:23:52.745 TRACE 87122 --- [    Test worker] org.hibernate.type.CollectionType        : Created collection wrapper: [bdbe.bdbd.model.carwash.Carwash.carwashKeywords#1]
2023-11-10 21:23:52.745 TRACE 87122 --- [    Test worker] org.hibernate.type.CollectionType        : Created collection wrapper: [bdbe.bdbd.model.carwash.Carwash.fileList#1]
Hibernate: 
    select
        location0_.id as id1_5_0_,
        location0_.address as address2_5_0_,
        location0_.latitude as latitude3_5_0_,
        location0_.longitude as longitud4_5_0_ 
    from
        location location0_ 
    where
        location0_.id=?
2023-11-10 21:23:52.745 TRACE 87122 --- [    Test worker] o.h.type.descriptor.sql.BasicBinder      : binding parameter [1] as [BIGINT] - [1]
2023-11-10 21:23:52.755 TRACE 87122 --- [    Test worker] o.h.type.descriptor.sql.BasicExtractor   : extracted value ([address2_5_0_] : [VARCHAR]) - [구름 주소]
2023-11-10 21:23:52.756 TRACE 87122 --- [    Test worker] o.h.type.descriptor.sql.BasicExtractor   : extracted value ([latitude3_5_0_] : [DOUBLE]) - [1.121]
2023-11-10 21:23:52.756 TRACE 87122 --- [    Test worker] o.h.type.descriptor.sql.BasicExtractor   : extracted value ([longitud4_5_0_] : [DOUBLE]) - [2.232]
carwash id :1
Hibernate: 
    select
        carwash0_.id as id1_1_,
        carwash0_.des as des2_1_,
        carwash0_.l_id as l_id7_1_,
        carwash0_.m_id as m_id8_1_,
        carwash0_.name as name3_1_,
        carwash0_.price as price4_1_,
        carwash0_.rate as rate5_1_,
        carwash0_.tel as tel6_1_ 
    from
        carwash carwash0_ 
    left outer join
        member member1_ 
            on carwash0_.m_id=member1_.id 
    where
        carwash0_.id=? 
        and member1_.id=?
2023-11-10 21:23:52.760 TRACE 87122 --- [    Test worker] o.h.type.descriptor.sql.BasicBinder      : binding parameter [1] as [BIGINT] - [1]
2023-11-10 21:23:52.760 TRACE 87122 --- [    Test worker] o.h.type.descriptor.sql.BasicBinder      : binding parameter [2] as [BIGINT] - [2]
2023-11-10 21:23:52.773 TRACE 87122 --- [    Test worker] o.h.type.descriptor.sql.BasicExtractor   : extracted value ([id1_1_] : [BIGINT]) - [1]
Hibernate: 
    select
        coalesce(sum(reservatio0_.price),
        0) as col_0_0_ 
    from
        reservation reservatio0_ cross 
    join
        bay bay1_ 
    where
        reservatio0_.b_id=bay1_.id 
        and bay1_.w_id=? 
        and year(reservatio0_.start_time)=year(?) 
        and month(reservatio0_.start_time)=month(?) 
        and reservatio0_.is_deleted=0
2023-11-10 21:23:52.774 TRACE 87122 --- [    Test worker] o.h.type.descriptor.sql.BasicBinder      : binding parameter [1] as [BIGINT] - [1]
2023-11-10 21:23:52.775 TRACE 87122 --- [    Test worker] o.h.type.descriptor.sql.BasicBinder      : binding parameter [2] as [DATE] - [2023-11-01]
2023-11-10 21:23:52.775 TRACE 87122 --- [    Test worker] o.h.type.descriptor.sql.BasicBinder      : binding parameter [3] as [DATE] - [2023-11-01]
2023-11-10 21:23:52.786 TRACE 87122 --- [    Test worker] o.h.type.descriptor.sql.BasicExtractor   : extracted value ([col_0_0_] : [BIGINT]) - [42000]
Hibernate: 
    select
        count(reservatio0_.id) as col_0_0_ 
    from
        reservation reservatio0_ cross 
    join
        bay bay1_ 
    where
        reservatio0_.b_id=bay1_.id 
        and bay1_.w_id=? 
        and year(reservatio0_.start_time)=year(?) 
        and month(reservatio0_.start_time)=month(?) 
        and reservatio0_.is_deleted=0
2023-11-10 21:23:52.787 TRACE 87122 --- [    Test worker] o.h.type.descriptor.sql.BasicBinder      : binding parameter [1] as [BIGINT] - [1]
2023-11-10 21:23:52.787 TRACE 87122 --- [    Test worker] o.h.type.descriptor.sql.BasicBinder      : binding parameter [2] as [DATE] - [2023-11-01]
2023-11-10 21:23:52.787 TRACE 87122 --- [    Test worker] o.h.type.descriptor.sql.BasicBinder      : binding parameter [3] as [DATE] - [2023-11-01]
2023-11-10 21:23:52.798 TRACE 87122 --- [    Test worker] o.h.type.descriptor.sql.BasicExtractor   : extracted value ([col_0_0_] : [BIGINT]) - [8]
Hibernate: 
    select
        bay0_.id as id1_0_,
        bay0_.bay_num as bay_num2_0_,
        bay0_.w_id as w_id4_0_,
        bay0_.status as status3_0_ 
    from
        bay bay0_ 
    left outer join
        carwash carwash1_ 
            on bay0_.w_id=carwash1_.id 
    where
        carwash1_.id=?
2023-11-10 21:23:52.799 TRACE 87122 --- [    Test worker] o.h.type.descriptor.sql.BasicBinder      : binding parameter [1] as [BIGINT] - [1]
2023-11-10 21:23:52.809 TRACE 87122 --- [    Test worker] o.h.type.descriptor.sql.BasicExtractor   : extracted value ([id1_0_] : [BIGINT]) - [1]
2023-11-10 21:23:52.809 TRACE 87122 --- [    Test worker] o.h.type.descriptor.sql.BasicExtractor   : extracted value ([bay_num2_0_] : [INTEGER]) - [1]
2023-11-10 21:23:52.809 TRACE 87122 --- [    Test worker] o.h.type.descriptor.sql.BasicExtractor   : extracted value ([w_id4_0_] : [BIGINT]) - [1]
2023-11-10 21:23:52.809 TRACE 87122 --- [    Test worker] o.h.type.descriptor.sql.BasicExtractor   : extracted value ([status3_0_] : [INTEGER]) - [1]
2023-11-10 21:23:52.810 TRACE 87122 --- [    Test worker] o.h.type.descriptor.sql.BasicExtractor   : extracted value ([id1_0_] : [BIGINT]) - [2]
2023-11-10 21:23:52.810 TRACE 87122 --- [    Test worker] o.h.type.descriptor.sql.BasicExtractor   : extracted value ([bay_num2_0_] : [INTEGER]) - [2]
2023-11-10 21:23:52.810 TRACE 87122 --- [    Test worker] o.h.type.descriptor.sql.BasicExtractor   : extracted value ([w_id4_0_] : [BIGINT]) - [1]
2023-11-10 21:23:52.810 TRACE 87122 --- [    Test worker] o.h.type.descriptor.sql.BasicExtractor   : extracted value ([status3_0_] : [INTEGER]) - [1]
2023-11-10 21:23:52.810 TRACE 87122 --- [    Test worker] o.h.type.descriptor.sql.BasicExtractor   : extracted value ([id1_0_] : [BIGINT]) - [15]
2023-11-10 21:23:52.811 TRACE 87122 --- [    Test worker] o.h.type.descriptor.sql.BasicExtractor   : extracted value ([bay_num2_0_] : [INTEGER]) - [2]
2023-11-10 21:23:52.811 TRACE 87122 --- [    Test worker] o.h.type.descriptor.sql.BasicExtractor   : extracted value ([w_id4_0_] : [BIGINT]) - [1]
2023-11-10 21:23:52.811 TRACE 87122 --- [    Test worker] o.h.type.descriptor.sql.BasicExtractor   : extracted value ([status3_0_] : [INTEGER]) - [1]
2023-11-10 21:23:52.811 TRACE 87122 --- [    Test worker] o.h.type.descriptor.sql.BasicExtractor   : extracted value ([id1_0_] : [BIGINT]) - [16]
2023-11-10 21:23:52.811 TRACE 87122 --- [    Test worker] o.h.type.descriptor.sql.BasicExtractor   : extracted value ([bay_num2_0_] : [INTEGER]) - [2]
2023-11-10 21:23:52.811 TRACE 87122 --- [    Test worker] o.h.type.descriptor.sql.BasicExtractor   : extracted value ([w_id4_0_] : [BIGINT]) - [1]
2023-11-10 21:23:52.811 TRACE 87122 --- [    Test worker] o.h.type.descriptor.sql.BasicExtractor   : extracted value ([status3_0_] : [INTEGER]) - [1]
2023-11-10 21:23:52.811 TRACE 87122 --- [    Test worker] o.h.type.descriptor.sql.BasicExtractor   : extracted value ([id1_0_] : [BIGINT]) - [34]
2023-11-10 21:23:52.811 TRACE 87122 --- [    Test worker] o.h.type.descriptor.sql.BasicExtractor   : extracted value ([bay_num2_0_] : [INTEGER]) - [5]
2023-11-10 21:23:52.811 TRACE 87122 --- [    Test worker] o.h.type.descriptor.sql.BasicExtractor   : extracted value ([w_id4_0_] : [BIGINT]) - [1]
2023-11-10 21:23:52.811 TRACE 87122 --- [    Test worker] o.h.type.descriptor.sql.BasicExtractor   : extracted value ([status3_0_] : [INTEGER]) - [1]
2023-11-10 21:23:52.811 TRACE 87122 --- [    Test worker] o.h.type.descriptor.sql.BasicExtractor   : extracted value ([id1_0_] : [BIGINT]) - [38]
2023-11-10 21:23:52.812 TRACE 87122 --- [    Test worker] o.h.type.descriptor.sql.BasicExtractor   : extracted value ([bay_num2_0_] : [INTEGER]) - [8]
2023-11-10 21:23:52.812 TRACE 87122 --- [    Test worker] o.h.type.descriptor.sql.BasicExtractor   : extracted value ([w_id4_0_] : [BIGINT]) - [1]
2023-11-10 21:23:52.812 TRACE 87122 --- [    Test worker] o.h.type.descriptor.sql.BasicExtractor   : extracted value ([status3_0_] : [INTEGER]) - [1]
2023-11-10 21:23:52.812 TRACE 87122 --- [    Test worker] o.h.type.descriptor.sql.BasicExtractor   : extracted value ([id1_0_] : [BIGINT]) - [39]
2023-11-10 21:23:52.812 TRACE 87122 --- [    Test worker] o.h.type.descriptor.sql.BasicExtractor   : extracted value ([bay_num2_0_] : [INTEGER]) - [9]
2023-11-10 21:23:52.812 TRACE 87122 --- [    Test worker] o.h.type.descriptor.sql.BasicExtractor   : extracted value ([w_id4_0_] : [BIGINT]) - [1]
2023-11-10 21:23:52.812 TRACE 87122 --- [    Test worker] o.h.type.descriptor.sql.BasicExtractor   : extracted value ([status3_0_] : [INTEGER]) - [1]
Hibernate: 
    select
        optime0_.id as id1_7_,
        optime0_.c_id as c_id5_7_,
        optime0_.day_type as day_type2_7_,
        optime0_.end_time as end_time3_7_,
        optime0_.start_time as start_ti4_7_ 
    from
        optime optime0_ 
    left outer join
        carwash carwash1_ 
            on optime0_.c_id=carwash1_.id 
    where
        carwash1_.id=?
2023-11-10 21:23:52.812 TRACE 87122 --- [    Test worker] o.h.type.descriptor.sql.BasicBinder      : binding parameter [1] as [BIGINT] - [1]
2023-11-10 21:23:52.823 TRACE 87122 --- [    Test worker] o.h.type.descriptor.sql.BasicExtractor   : extracted value ([id1_7_] : [BIGINT]) - [1]
2023-11-10 21:23:52.823 TRACE 87122 --- [    Test worker] o.h.type.descriptor.sql.BasicExtractor   : extracted value ([c_id5_7_] : [BIGINT]) - [1]
2023-11-10 21:23:52.823 TRACE 87122 --- [    Test worker] o.h.type.descriptor.sql.BasicExtractor   : extracted value ([day_type2_7_] : [VARCHAR]) - [WEEKDAY]
2023-11-10 21:23:52.823 TRACE 87122 --- [    Test worker] o.h.type.descriptor.sql.BasicExtractor   : extracted value ([end_time3_7_] : [TIME]) - [20:00]
2023-11-10 21:23:52.823 TRACE 87122 --- [    Test worker] o.h.type.descriptor.sql.BasicExtractor   : extracted value ([start_ti4_7_] : [TIME]) - [07:00]
2023-11-10 21:23:52.823 TRACE 87122 --- [    Test worker] o.h.type.descriptor.sql.BasicExtractor   : extracted value ([id1_7_] : [BIGINT]) - [2]
2023-11-10 21:23:52.823 TRACE 87122 --- [    Test worker] o.h.type.descriptor.sql.BasicExtractor   : extracted value ([c_id5_7_] : [BIGINT]) - [1]
2023-11-10 21:23:52.823 TRACE 87122 --- [    Test worker] o.h.type.descriptor.sql.BasicExtractor   : extracted value ([day_type2_7_] : [VARCHAR]) - [WEEKEND]
2023-11-10 21:23:52.823 TRACE 87122 --- [    Test worker] o.h.type.descriptor.sql.BasicExtractor   : extracted value ([end_time3_7_] : [TIME]) - [20:00]
2023-11-10 21:23:52.823 TRACE 87122 --- [    Test worker] o.h.type.descriptor.sql.BasicExtractor   : extracted value ([start_ti4_7_] : [TIME]) - [08:00]
Hibernate: 
    select
        reservatio0_.id as id1_8_0_,
        bay1_.id as id1_0_1_,
        carwash2_.id as id1_1_2_,
        reservatio0_.b_id as b_id8_8_0_,
        reservatio0_.created_at as created_2_8_0_,
        reservatio0_.end_time as end_time3_8_0_,
        reservatio0_.is_deleted as is_delet4_8_0_,
        reservatio0_.m_id as m_id9_8_0_,
        reservatio0_.price as price5_8_0_,
        reservatio0_.start_time as start_ti6_8_0_,
        reservatio0_.updated_at as updated_7_8_0_,
        bay1_.bay_num as bay_num2_0_1_,
        bay1_.w_id as w_id4_0_1_,
        bay1_.status as status3_0_1_,
        carwash2_.des as des2_1_2_,
        carwash2_.l_id as l_id7_1_2_,
        carwash2_.m_id as m_id8_1_2_,
        carwash2_.name as name3_1_2_,
        carwash2_.price as price4_1_2_,
        carwash2_.rate as rate5_1_2_,
        carwash2_.tel as tel6_1_2_ 
    from
        reservation reservatio0_ 
    inner join
        bay bay1_ 
            on reservatio0_.b_id=bay1_.id 
    inner join
        carwash carwash2_ 
            on bay1_.w_id=carwash2_.id 
    where
        carwash2_.id=? 
        and date(reservatio0_.start_time)=? 
        and reservatio0_.is_deleted=0 
    order by
        reservatio0_.start_time DESC
2023-11-10 21:23:52.827 TRACE 87122 --- [    Test worker] o.h.type.descriptor.sql.BasicBinder      : binding parameter [1] as [BIGINT] - [1]
2023-11-10 21:23:52.827 TRACE 87122 --- [    Test worker] o.h.type.descriptor.sql.BasicBinder      : binding parameter [2] as [DATE] - [2023-11-10]
2023-11-10 21:23:52.839 TRACE 87122 --- [    Test worker] o.h.type.descriptor.sql.BasicExtractor   : extracted value ([id1_8_0_] : [BIGINT]) - [50]
2023-11-10 21:23:52.839 TRACE 87122 --- [    Test worker] o.h.type.descriptor.sql.BasicExtractor   : extracted value ([id1_0_1_] : [BIGINT]) - [1]
2023-11-10 21:23:52.839 TRACE 87122 --- [    Test worker] o.h.type.descriptor.sql.BasicExtractor   : extracted value ([id1_1_2_] : [BIGINT]) - [1]
2023-11-10 21:23:52.839 TRACE 87122 --- [    Test worker] o.h.type.descriptor.sql.BasicExtractor   : extracted value ([b_id8_8_0_] : [BIGINT]) - [1]
2023-11-10 21:23:52.839 TRACE 87122 --- [    Test worker] o.h.type.descriptor.sql.BasicExtractor   : extracted value ([created_2_8_0_] : [TIMESTAMP]) - [2023-11-10T17:19:56]
2023-11-10 21:23:52.839 TRACE 87122 --- [    Test worker] o.h.type.descriptor.sql.BasicExtractor   : extracted value ([end_time3_8_0_] : [TIMESTAMP]) - [2023-11-10T10:30]
2023-11-10 21:23:52.839 TRACE 87122 --- [    Test worker] o.h.type.descriptor.sql.BasicExtractor   : extracted value ([is_delet4_8_0_] : [BOOLEAN]) - [false]
2023-11-10 21:23:52.839 TRACE 87122 --- [    Test worker] o.h.type.descriptor.sql.BasicExtractor   : extracted value ([m_id9_8_0_] : [BIGINT]) - [1]
2023-11-10 21:23:52.839 TRACE 87122 --- [    Test worker] o.h.type.descriptor.sql.BasicExtractor   : extracted value ([price5_8_0_] : [INTEGER]) - [10000]
2023-11-10 21:23:52.839 TRACE 87122 --- [    Test worker] o.h.type.descriptor.sql.BasicExtractor   : extracted value ([start_ti6_8_0_] : [TIMESTAMP]) - [2023-11-10T10:00]
2023-11-10 21:23:52.839 TRACE 87122 --- [    Test worker] o.h.type.descriptor.sql.BasicExtractor   : extracted value ([updated_7_8_0_] : [TIMESTAMP]) - [2023-11-10T17:19:56]
Hibernate: 
    select
        file0_.id as id1_3_,
        file0_.c_id as c_id6_3_,
        file0_.is_deleted as is_delet2_3_,
        file0_.name as name3_3_,
        file0_.uploaded_at as uploaded4_3_,
        file0_.url as url5_3_ 
    from
        file file0_ 
    left outer join
        carwash carwash1_ 
            on file0_.c_id=carwash1_.id 
    where
        carwash1_.id=? 
        and file0_.is_deleted=0
2023-11-10 21:23:52.840 TRACE 87122 --- [    Test worker] o.h.type.descriptor.sql.BasicBinder      : binding parameter [1] as [BIGINT] - [1]
2023-11-10 21:23:52.851 TRACE 87122 --- [    Test worker] o.h.type.descriptor.sql.BasicExtractor   : extracted value ([id1_3_] : [BIGINT]) - [146]
2023-11-10 21:23:52.851 TRACE 87122 --- [    Test worker] o.h.type.descriptor.sql.BasicExtractor   : extracted value ([c_id6_3_] : [BIGINT]) - [1]
2023-11-10 21:23:52.851 TRACE 87122 --- [    Test worker] o.h.type.descriptor.sql.BasicExtractor   : extracted value ([is_delet2_3_] : [BOOLEAN]) - [false]
2023-11-10 21:23:52.851 TRACE 87122 --- [    Test worker] o.h.type.descriptor.sql.BasicExtractor   : extracted value ([name3_3_] : [VARCHAR]) - [0bd7a015-82d3-4d08-b856-b86956d80caa.jpg]
2023-11-10 21:23:52.851 TRACE 87122 --- [    Test worker] o.h.type.descriptor.sql.BasicExtractor   : extracted value ([uploaded4_3_] : [TIMESTAMP]) - [2023-11-10T17:28:33.256576]
2023-11-10 21:23:52.851 TRACE 87122 --- [    Test worker] o.h.type.descriptor.sql.BasicExtractor   : extracted value ([url5_3_] : [VARCHAR]) - [https://bdbdfiles.s3.ap-northeast-2.amazonaws.com/uploads/0bd7a015-82d3-4d08-b856-b86956d80caa.jpg]
응답 Body : {"success":true,"response":{"id":1,"name":"구름r 세차장","monthlySales":42000,"monthlyReservations":8,"optime":{"weekday":{"start":"07:00","end":"20:00"},"weekend":{"start":"08:00","end":"20:00"}},"bays":[{"bayId":1,"bayNo":1,"status":1,"bayBookedTime":[{"start":"2023-11-10T10:00","end":"2023-11-10T10:30"}]},{"bayId":2,"bayNo":2,"status":1,"bayBookedTime":[]},{"bayId":15,"bayNo":2,"status":1,"bayBookedTime":[]},{"bayId":16,"bayNo":2,"status":1,"bayBookedTime":[]},{"bayId":34,"bayNo":5,"status":1,"bayBookedTime":[]},{"bayId":38,"bayNo":8,"status":1,"bayBookedTime":[]},{"bayId":39,"bayNo":9,"status":1,"bayBookedTime":[]}],"image":{"id":146,"name":"0bd7a015-82d3-4d08-b856-b86956d80caa.jpg","url":"https://bdbdfiles.s3.ap-northeast-2.amazonaws.com/uploads/0bd7a015-82d3-4d08-b856-b86956d80caa.jpg","uploadedAt":"2023-11-10T17:28"}},"error":null}
2023-11-10 21:23:52.882  INFO 87122 --- [    Test worker] o.s.t.c.transaction.TransactionContext   : Rolled back transaction for test: [DefaultTestContext@152705d0 testClass = OwnerRestControllerTest, testInstance = bdbe.bdbd.member.owner.OwnerRestControllerTest@47f74d8f, testMethod = fetchCarwashReservationOverview_test@OwnerRestControllerTest, testException = [null], mergedContextConfiguration = [WebMergedContextConfiguration@1343eae6 testClass = OwnerRestControllerTest, locations = '{}', classes = '{class bdbe.bdbd.BdbdApplication}', contextInitializerClasses = '[]', activeProfiles = '{}', propertySourceLocations = '{}', propertySourceProperties = '{org.springframework.boot.test.context.SpringBootTestContextBootstrapper=true}', contextCustomizers = set[org.springframework.boot.test.autoconfigure.actuate.metrics.MetricsExportContextCustomizerFactory$DisableMetricExportContextCustomizer@4b3c354a, org.springframework.boot.test.autoconfigure.properties.PropertyMappingContextCustomizer@4b3fa0b3, org.springframework.boot.test.autoconfigure.web.servlet.WebDriverContextCustomizerFactory$Customizer@293d0107, [ImportsContextCustomizer@58c7bb01 key = [org.springframework.boot.test.autoconfigure.web.servlet.MockMvcAutoConfiguration, org.springframework.boot.test.autoconfigure.web.servlet.MockMvcWebClientAutoConfiguration, org.springframework.boot.test.autoconfigure.web.servlet.MockMvcWebDriverAutoConfiguration, org.springframework.boot.autoconfigure.security.oauth2.client.servlet.OAuth2ClientAutoConfiguration, org.springframework.boot.autoconfigure.security.oauth2.resource.servlet.OAuth2ResourceServerAutoConfiguration, org.springframework.boot.autoconfigure.security.servlet.SecurityAutoConfiguration, org.springframework.boot.autoconfigure.security.servlet.SecurityFilterAutoConfiguration, org.springframework.boot.autoconfigure.security.servlet.UserDetailsServiceAutoConfiguration, org.springframework.boot.test.autoconfigure.web.servlet.MockMvcSecurityConfiguration, org.springframework.boot.test.autoconfigure.web.reactive.WebTestClientAutoConfiguration]], org.springframework.boot.test.context.filter.ExcludeFilterContextCustomizer@62fad19, org.springframework.boot.test.json.DuplicateJsonObjectContextCustomizerFactory$DuplicateJsonObjectContextCustomizer@4f2613d1, org.springframework.boot.test.mock.mockito.MockitoContextCustomizer@0, org.springframework.boot.test.web.client.TestRestTemplateContextCustomizer@1c55f277, org.springframework.boot.test.context.SpringBootTestArgs@1, org.springframework.boot.test.context.SpringBootTestWebEnvironment@4ea5b703], resourceBasePath = 'src/main/webapp', contextLoader = 'org.springframework.boot.test.context.SpringBootContextLoader', parent = [null]], attributes = map['org.springframework.test.context.web.ServletTestExecutionListener.activateListener' -> true, 'org.springframework.test.context.web.ServletTestExecutionListener.populatedRequestContextHolder' -> true, 'org.springframework.test.context.web.ServletTestExecutionListener.resetRequestContextHolder' -> true, 'org.springframework.test.context.event.ApplicationEventsTestExecutionListener.recordApplicationEvents' -> false]]
2023-11-10 21:23:52.894  INFO 87122 --- [    Test worker] o.s.t.c.transaction.TransactionContext   : Began transaction (1) for test context [DefaultTestContext@152705d0 testClass = OwnerRestControllerTest, testInstance = bdbe.bdbd.member.owner.OwnerRestControllerTest@9e5e75, testMethod = findRevenueByOwner_test@OwnerRestControllerTest, testException = [null], mergedContextConfiguration = [WebMergedContextConfiguration@1343eae6 testClass = OwnerRestControllerTest, locations = '{}', classes = '{class bdbe.bdbd.BdbdApplication}', contextInitializerClasses = '[]', activeProfiles = '{}', propertySourceLocations = '{}', propertySourceProperties = '{org.springframework.boot.test.context.SpringBootTestContextBootstrapper=true}', contextCustomizers = set[org.springframework.boot.test.autoconfigure.actuate.metrics.MetricsExportContextCustomizerFactory$DisableMetricExportContextCustomizer@4b3c354a, org.springframework.boot.test.autoconfigure.properties.PropertyMappingContextCustomizer@4b3fa0b3, org.springframework.boot.test.autoconfigure.web.servlet.WebDriverContextCustomizerFactory$Customizer@293d0107, [ImportsContextCustomizer@58c7bb01 key = [org.springframework.boot.test.autoconfigure.web.servlet.MockMvcAutoConfiguration, org.springframework.boot.test.autoconfigure.web.servlet.MockMvcWebClientAutoConfiguration, org.springframework.boot.test.autoconfigure.web.servlet.MockMvcWebDriverAutoConfiguration, org.springframework.boot.autoconfigure.security.oauth2.client.servlet.OAuth2ClientAutoConfiguration, org.springframework.boot.autoconfigure.security.oauth2.resource.servlet.OAuth2ResourceServerAutoConfiguration, org.springframework.boot.autoconfigure.security.servlet.SecurityAutoConfiguration, org.springframework.boot.autoconfigure.security.servlet.SecurityFilterAutoConfiguration, org.springframework.boot.autoconfigure.security.servlet.UserDetailsServiceAutoConfiguration, org.springframework.boot.test.autoconfigure.web.servlet.MockMvcSecurityConfiguration, org.springframework.boot.test.autoconfigure.web.reactive.WebTestClientAutoConfiguration]], org.springframework.boot.test.context.filter.ExcludeFilterContextCustomizer@62fad19, org.springframework.boot.test.json.DuplicateJsonObjectContextCustomizerFactory$DuplicateJsonObjectContextCustomizer@4f2613d1, org.springframework.boot.test.mock.mockito.MockitoContextCustomizer@0, org.springframework.boot.test.web.client.TestRestTemplateContextCustomizer@1c55f277, org.springframework.boot.test.context.SpringBootTestArgs@1, org.springframework.boot.test.context.SpringBootTestWebEnvironment@4ea5b703], resourceBasePath = 'src/main/webapp', contextLoader = 'org.springframework.boot.test.context.SpringBootContextLoader', parent = [null]], attributes = map['org.springframework.test.context.web.ServletTestExecutionListener.activateListener' -> true, 'org.springframework.test.context.web.ServletTestExecutionListener.populatedRequestContextHolder' -> true, 'org.springframework.test.context.web.ServletTestExecutionListener.resetRequestContextHolder' -> true, 'org.springframework.test.context.event.ApplicationEventsTestExecutionListener.recordApplicationEvents' -> false]]; transaction manager [org.springframework.orm.jpa.JpaTransactionManager@17fac5b2]; rollback [true]
Hibernate: 
    select
        member0_.id as id1_6_,
        member0_.email as email2_6_,
        member0_.password as password3_6_,
        member0_.role as role4_6_,
        member0_.tel as tel5_6_,
        member0_.username as username6_6_ 
    from
        member member0_ 
    where
        member0_.email=?
2023-11-10 21:23:52.894 TRACE 87122 --- [    Test worker] o.h.type.descriptor.sql.BasicBinder      : binding parameter [1] as [VARCHAR] - [owner@nate.com]
2023-11-10 21:23:52.904 TRACE 87122 --- [    Test worker] o.h.type.descriptor.sql.BasicExtractor   : extracted value ([id1_6_] : [BIGINT]) - [2]
2023-11-10 21:23:52.904 TRACE 87122 --- [    Test worker] o.h.type.descriptor.sql.BasicExtractor   : extracted value ([email2_6_] : [VARCHAR]) - [owner@nate.com]
2023-11-10 21:23:52.904 TRACE 87122 --- [    Test worker] o.h.type.descriptor.sql.BasicExtractor   : extracted value ([password3_6_] : [VARCHAR]) - [{bcrypt}$2a$10$o6TVGm92x.GENlJ4Mig5qucFqAt/UTnT5lm6rzTY5v.gCk8uSf7h2]
2023-11-10 21:23:52.904 TRACE 87122 --- [    Test worker] o.h.type.descriptor.sql.BasicExtractor   : extracted value ([role4_6_] : [VARCHAR]) - [ROLE_OWNER]
2023-11-10 21:23:52.904 TRACE 87122 --- [    Test worker] o.h.type.descriptor.sql.BasicExtractor   : extracted value ([tel5_6_] : [VARCHAR]) - [010-9876-5432]
2023-11-10 21:23:52.904 TRACE 87122 --- [    Test worker] o.h.type.descriptor.sql.BasicExtractor   : extracted value ([username6_6_] : [VARCHAR]) - [imnewowner]
Hibernate: 
    insert 
    into
        member
        (email, password, role, tel, username) 
    values
        (?, ?, ?, ?, ?)
2023-11-10 21:23:52.983 TRACE 87122 --- [    Test worker] o.h.type.descriptor.sql.BasicBinder      : binding parameter [1] as [VARCHAR] - [aaamockowner@naver.com]
2023-11-10 21:23:52.983 TRACE 87122 --- [    Test worker] o.h.type.descriptor.sql.BasicBinder      : binding parameter [2] as [VARCHAR] - [{bcrypt}$2a$10$jpEiOCE6cXloNUIjKyCoJevRcdUfsGyz1xUY53vE6cmIx/hwxoT1q]
2023-11-10 21:23:52.983 TRACE 87122 --- [    Test worker] o.h.type.descriptor.sql.BasicBinder      : binding parameter [3] as [VARCHAR] - [ROLE_OWNER]
2023-11-10 21:23:52.983 TRACE 87122 --- [    Test worker] o.h.type.descriptor.sql.BasicBinder      : binding parameter [4] as [VARCHAR] - [010-1234-5678]
2023-11-10 21:23:52.983 TRACE 87122 --- [    Test worker] o.h.type.descriptor.sql.BasicBinder      : binding parameter [5] as [VARCHAR] - [aaamockowner]
Hibernate: 
    insert 
    into
        member
        (email, password, role, tel, username) 
    values
        (?, ?, ?, ?, ?)
2023-11-10 21:23:53.077 TRACE 87122 --- [    Test worker] o.h.type.descriptor.sql.BasicBinder      : binding parameter [1] as [VARCHAR] - [aaauserRoleUser@naver.com]
2023-11-10 21:23:53.077 TRACE 87122 --- [    Test worker] o.h.type.descriptor.sql.BasicBinder      : binding parameter [2] as [VARCHAR] - [{bcrypt}$2a$10$DnLtGo.cMvn9AXel2cuao.qSKAkTih8NJep8yWgnSxhQ7tjqsSeY2]
2023-11-10 21:23:53.077 TRACE 87122 --- [    Test worker] o.h.type.descriptor.sql.BasicBinder      : binding parameter [3] as [VARCHAR] - [ROLE_USER]
2023-11-10 21:23:53.077 TRACE 87122 --- [    Test worker] o.h.type.descriptor.sql.BasicBinder      : binding parameter [4] as [VARCHAR] - [010-1234-5678]
2023-11-10 21:23:53.077 TRACE 87122 --- [    Test worker] o.h.type.descriptor.sql.BasicBinder      : binding parameter [5] as [VARCHAR] - [aaauserRoleUser]
Hibernate: 
    select
        carwash0_.id as id1_1_,
        carwash0_.des as des2_1_,
        carwash0_.l_id as l_id7_1_,
        carwash0_.m_id as m_id8_1_,
        carwash0_.name as name3_1_,
        carwash0_.price as price4_1_,
        carwash0_.rate as rate5_1_,
        carwash0_.tel as tel6_1_ 
    from
        carwash carwash0_ 
    left outer join
        member member1_ 
            on carwash0_.m_id=member1_.id 
    where
        (
            carwash0_.id in (
                ?
            )
        ) 
        and member1_.id=?
2023-11-10 21:23:53.094 TRACE 87122 --- [    Test worker] o.h.type.descriptor.sql.BasicBinder      : binding parameter [1] as [BIGINT] - [2]
2023-11-10 21:23:53.094 TRACE 87122 --- [    Test worker] o.h.type.descriptor.sql.BasicBinder      : binding parameter [2] as [BIGINT] - [2]
2023-11-10 21:23:53.107 TRACE 87122 --- [    Test worker] o.h.type.descriptor.sql.BasicExtractor   : extracted value ([id1_1_] : [BIGINT]) - [2]
2023-11-10 21:23:53.107 TRACE 87122 --- [    Test worker] o.h.type.descriptor.sql.BasicExtractor   : extracted value ([des2_1_] : [VARCHAR]) - [안녕하세요]
2023-11-10 21:23:53.107 TRACE 87122 --- [    Test worker] o.h.type.descriptor.sql.BasicExtractor   : extracted value ([l_id7_1_] : [BIGINT]) - [2]
2023-11-10 21:23:53.107 TRACE 87122 --- [    Test worker] o.h.type.descriptor.sql.BasicExtractor   : extracted value ([m_id8_1_] : [BIGINT]) - [2]
2023-11-10 21:23:53.107 TRACE 87122 --- [    Test worker] o.h.type.descriptor.sql.BasicExtractor   : extracted value ([name3_1_] : [VARCHAR]) - [구름r 세차장]
2023-11-10 21:23:53.107 TRACE 87122 --- [    Test worker] o.h.type.descriptor.sql.BasicExtractor   : extracted value ([price4_1_] : [INTEGER]) - [3000]
2023-11-10 21:23:53.107 TRACE 87122 --- [    Test worker] o.h.type.descriptor.sql.BasicExtractor   : extracted value ([rate5_1_] : [DOUBLE]) - [4.0]
2023-11-10 21:23:53.107 TRACE 87122 --- [    Test worker] o.h.type.descriptor.sql.BasicExtractor   : extracted value ([tel6_1_] : [VARCHAR]) - [01022223333]
2023-11-10 21:23:53.107 TRACE 87122 --- [    Test worker] org.hibernate.type.CollectionType        : Created collection wrapper: [bdbe.bdbd.model.carwash.Carwash.carwashKeywords#2]
2023-11-10 21:23:53.107 TRACE 87122 --- [    Test worker] org.hibernate.type.CollectionType        : Created collection wrapper: [bdbe.bdbd.model.carwash.Carwash.fileList#2]
Hibernate: 
    select
        location0_.id as id1_5_0_,
        location0_.address as address2_5_0_,
        location0_.latitude as latitude3_5_0_,
        location0_.longitude as longitud4_5_0_ 
    from
        location location0_ 
    where
        location0_.id=?
2023-11-10 21:23:53.108 TRACE 87122 --- [    Test worker] o.h.type.descriptor.sql.BasicBinder      : binding parameter [1] as [BIGINT] - [2]
2023-11-10 21:23:53.118 TRACE 87122 --- [    Test worker] o.h.type.descriptor.sql.BasicExtractor   : extracted value ([address2_5_0_] : [VARCHAR]) - [구름 주소]
2023-11-10 21:23:53.118 TRACE 87122 --- [    Test worker] o.h.type.descriptor.sql.BasicExtractor   : extracted value ([latitude3_5_0_] : [DOUBLE]) - [1.121]
2023-11-10 21:23:53.118 TRACE 87122 --- [    Test worker] o.h.type.descriptor.sql.BasicExtractor   : extracted value ([longitud4_5_0_] : [DOUBLE]) - [2.232]
Hibernate: 
    select
        coalesce(sum(reservatio0_.price),
        0) as col_0_0_ 
    from
        reservation reservatio0_ cross 
    join
        bay bay1_ 
    where
        reservatio0_.b_id=bay1_.id 
        and (
            bay1_.w_id in (
                ?
            )
        ) 
        and year(reservatio0_.start_time)=year(?) 
        and month(reservatio0_.start_time)=month(?) 
        and reservatio0_.is_deleted=0
2023-11-10 21:23:53.120 TRACE 87122 --- [    Test worker] o.h.type.descriptor.sql.BasicBinder      : binding parameter [1] as [BIGINT] - [2]
2023-11-10 21:23:53.120 TRACE 87122 --- [    Test worker] o.h.type.descriptor.sql.BasicBinder      : binding parameter [2] as [DATE] - [2023-10-01]
2023-11-10 21:23:53.121 TRACE 87122 --- [    Test worker] o.h.type.descriptor.sql.BasicBinder      : binding parameter [3] as [DATE] - [2023-10-01]
2023-11-10 21:23:53.131 TRACE 87122 --- [    Test worker] o.h.type.descriptor.sql.BasicExtractor   : extracted value ([col_0_0_] : [BIGINT]) - [9000]
응답 Body : {"success":true,"response":{"revenue":9000},"error":null}
2023-11-10 21:23:53.159  INFO 87122 --- [    Test worker] o.s.t.c.transaction.TransactionContext   : Rolled back transaction for test: [DefaultTestContext@152705d0 testClass = OwnerRestControllerTest, testInstance = bdbe.bdbd.member.owner.OwnerRestControllerTest@9e5e75, testMethod = findRevenueByOwner_test@OwnerRestControllerTest, testException = [null], mergedContextConfiguration = [WebMergedContextConfiguration@1343eae6 testClass = OwnerRestControllerTest, locations = '{}', classes = '{class bdbe.bdbd.BdbdApplication}', contextInitializerClasses = '[]', activeProfiles = '{}', propertySourceLocations = '{}', propertySourceProperties = '{org.springframework.boot.test.context.SpringBootTestContextBootstrapper=true}', contextCustomizers = set[org.springframework.boot.test.autoconfigure.actuate.metrics.MetricsExportContextCustomizerFactory$DisableMetricExportContextCustomizer@4b3c354a, org.springframework.boot.test.autoconfigure.properties.PropertyMappingContextCustomizer@4b3fa0b3, org.springframework.boot.test.autoconfigure.web.servlet.WebDriverContextCustomizerFactory$Customizer@293d0107, [ImportsContextCustomizer@58c7bb01 key = [org.springframework.boot.test.autoconfigure.web.servlet.MockMvcAutoConfiguration, org.springframework.boot.test.autoconfigure.web.servlet.MockMvcWebClientAutoConfiguration, org.springframework.boot.test.autoconfigure.web.servlet.MockMvcWebDriverAutoConfiguration, org.springframework.boot.autoconfigure.security.oauth2.client.servlet.OAuth2ClientAutoConfiguration, org.springframework.boot.autoconfigure.security.oauth2.resource.servlet.OAuth2ResourceServerAutoConfiguration, org.springframework.boot.autoconfigure.security.servlet.SecurityAutoConfiguration, org.springframework.boot.autoconfigure.security.servlet.SecurityFilterAutoConfiguration, org.springframework.boot.autoconfigure.security.servlet.UserDetailsServiceAutoConfiguration, org.springframework.boot.test.autoconfigure.web.servlet.MockMvcSecurityConfiguration, org.springframework.boot.test.autoconfigure.web.reactive.WebTestClientAutoConfiguration]], org.springframework.boot.test.context.filter.ExcludeFilterContextCustomizer@62fad19, org.springframework.boot.test.json.DuplicateJsonObjectContextCustomizerFactory$DuplicateJsonObjectContextCustomizer@4f2613d1, org.springframework.boot.test.mock.mockito.MockitoContextCustomizer@0, org.springframework.boot.test.web.client.TestRestTemplateContextCustomizer@1c55f277, org.springframework.boot.test.context.SpringBootTestArgs@1, org.springframework.boot.test.context.SpringBootTestWebEnvironment@4ea5b703], resourceBasePath = 'src/main/webapp', contextLoader = 'org.springframework.boot.test.context.SpringBootContextLoader', parent = [null]], attributes = map['org.springframework.test.context.web.ServletTestExecutionListener.activateListener' -> true, 'org.springframework.test.context.web.ServletTestExecutionListener.populatedRequestContextHolder' -> true, 'org.springframework.test.context.web.ServletTestExecutionListener.resetRequestContextHolder' -> true, 'org.springframework.test.context.event.ApplicationEventsTestExecutionListener.recordApplicationEvents' -> false]]
2023-11-10 21:23:53.171  INFO 87122 --- [    Test worker] o.s.t.c.transaction.TransactionContext   : Began transaction (1) for test context [DefaultTestContext@152705d0 testClass = OwnerRestControllerTest, testInstance = bdbe.bdbd.member.owner.OwnerRestControllerTest@3a34d64a, testMethod = fetchOwnerReservationOverview_test@OwnerRestControllerTest, testException = [null], mergedContextConfiguration = [WebMergedContextConfiguration@1343eae6 testClass = OwnerRestControllerTest, locations = '{}', classes = '{class bdbe.bdbd.BdbdApplication}', contextInitializerClasses = '[]', activeProfiles = '{}', propertySourceLocations = '{}', propertySourceProperties = '{org.springframework.boot.test.context.SpringBootTestContextBootstrapper=true}', contextCustomizers = set[org.springframework.boot.test.autoconfigure.actuate.metrics.MetricsExportContextCustomizerFactory$DisableMetricExportContextCustomizer@4b3c354a, org.springframework.boot.test.autoconfigure.properties.PropertyMappingContextCustomizer@4b3fa0b3, org.springframework.boot.test.autoconfigure.web.servlet.WebDriverContextCustomizerFactory$Customizer@293d0107, [ImportsContextCustomizer@58c7bb01 key = [org.springframework.boot.test.autoconfigure.web.servlet.MockMvcAutoConfiguration, org.springframework.boot.test.autoconfigure.web.servlet.MockMvcWebClientAutoConfiguration, org.springframework.boot.test.autoconfigure.web.servlet.MockMvcWebDriverAutoConfiguration, org.springframework.boot.autoconfigure.security.oauth2.client.servlet.OAuth2ClientAutoConfiguration, org.springframework.boot.autoconfigure.security.oauth2.resource.servlet.OAuth2ResourceServerAutoConfiguration, org.springframework.boot.autoconfigure.security.servlet.SecurityAutoConfiguration, org.springframework.boot.autoconfigure.security.servlet.SecurityFilterAutoConfiguration, org.springframework.boot.autoconfigure.security.servlet.UserDetailsServiceAutoConfiguration, org.springframework.boot.test.autoconfigure.web.servlet.MockMvcSecurityConfiguration, org.springframework.boot.test.autoconfigure.web.reactive.WebTestClientAutoConfiguration]], org.springframework.boot.test.context.filter.ExcludeFilterContextCustomizer@62fad19, org.springframework.boot.test.json.DuplicateJsonObjectContextCustomizerFactory$DuplicateJsonObjectContextCustomizer@4f2613d1, org.springframework.boot.test.mock.mockito.MockitoContextCustomizer@0, org.springframework.boot.test.web.client.TestRestTemplateContextCustomizer@1c55f277, org.springframework.boot.test.context.SpringBootTestArgs@1, org.springframework.boot.test.context.SpringBootTestWebEnvironment@4ea5b703], resourceBasePath = 'src/main/webapp', contextLoader = 'org.springframework.boot.test.context.SpringBootContextLoader', parent = [null]], attributes = map['org.springframework.test.context.web.ServletTestExecutionListener.activateListener' -> true, 'org.springframework.test.context.web.ServletTestExecutionListener.populatedRequestContextHolder' -> true, 'org.springframework.test.context.web.ServletTestExecutionListener.resetRequestContextHolder' -> true, 'org.springframework.test.context.event.ApplicationEventsTestExecutionListener.recordApplicationEvents' -> false]]; transaction manager [org.springframework.orm.jpa.JpaTransactionManager@17fac5b2]; rollback [true]
Hibernate: 
    select
        member0_.id as id1_6_,
        member0_.email as email2_6_,
        member0_.password as password3_6_,
        member0_.role as role4_6_,
        member0_.tel as tel5_6_,
        member0_.username as username6_6_ 
    from
        member member0_ 
    where
        member0_.email=?
2023-11-10 21:23:53.172 TRACE 87122 --- [    Test worker] o.h.type.descriptor.sql.BasicBinder      : binding parameter [1] as [VARCHAR] - [owner@nate.com]
2023-11-10 21:23:53.183 TRACE 87122 --- [    Test worker] o.h.type.descriptor.sql.BasicExtractor   : extracted value ([id1_6_] : [BIGINT]) - [2]
2023-11-10 21:23:53.183 TRACE 87122 --- [    Test worker] o.h.type.descriptor.sql.BasicExtractor   : extracted value ([email2_6_] : [VARCHAR]) - [owner@nate.com]
2023-11-10 21:23:53.183 TRACE 87122 --- [    Test worker] o.h.type.descriptor.sql.BasicExtractor   : extracted value ([password3_6_] : [VARCHAR]) - [{bcrypt}$2a$10$o6TVGm92x.GENlJ4Mig5qucFqAt/UTnT5lm6rzTY5v.gCk8uSf7h2]
2023-11-10 21:23:53.183 TRACE 87122 --- [    Test worker] o.h.type.descriptor.sql.BasicExtractor   : extracted value ([role4_6_] : [VARCHAR]) - [ROLE_OWNER]
2023-11-10 21:23:53.183 TRACE 87122 --- [    Test worker] o.h.type.descriptor.sql.BasicExtractor   : extracted value ([tel5_6_] : [VARCHAR]) - [010-9876-5432]
2023-11-10 21:23:53.183 TRACE 87122 --- [    Test worker] o.h.type.descriptor.sql.BasicExtractor   : extracted value ([username6_6_] : [VARCHAR]) - [imnewowner]
Hibernate: 
    insert 
    into
        member
        (email, password, role, tel, username) 
    values
        (?, ?, ?, ?, ?)
2023-11-10 21:23:53.263 TRACE 87122 --- [    Test worker] o.h.type.descriptor.sql.BasicBinder      : binding parameter [1] as [VARCHAR] - [aaamockowner@naver.com]
2023-11-10 21:23:53.263 TRACE 87122 --- [    Test worker] o.h.type.descriptor.sql.BasicBinder      : binding parameter [2] as [VARCHAR] - [{bcrypt}$2a$10$P2atObVLEwDNAsAcf7KyQOeET9uN2qd9nnv0D.wTMOmzoDGzPB7SG]
2023-11-10 21:23:53.263 TRACE 87122 --- [    Test worker] o.h.type.descriptor.sql.BasicBinder      : binding parameter [3] as [VARCHAR] - [ROLE_OWNER]
2023-11-10 21:23:53.263 TRACE 87122 --- [    Test worker] o.h.type.descriptor.sql.BasicBinder      : binding parameter [4] as [VARCHAR] - [010-1234-5678]
2023-11-10 21:23:53.263 TRACE 87122 --- [    Test worker] o.h.type.descriptor.sql.BasicBinder      : binding parameter [5] as [VARCHAR] - [aaamockowner]
Hibernate: 
    insert 
    into
        member
        (email, password, role, tel, username) 
    values
        (?, ?, ?, ?, ?)
2023-11-10 21:23:53.354 TRACE 87122 --- [    Test worker] o.h.type.descriptor.sql.BasicBinder      : binding parameter [1] as [VARCHAR] - [aaauserRoleUser@naver.com]
2023-11-10 21:23:53.355 TRACE 87122 --- [    Test worker] o.h.type.descriptor.sql.BasicBinder      : binding parameter [2] as [VARCHAR] - [{bcrypt}$2a$10$go.LREFpfcowFphP6DhpgelFKWlru0w.8xzc9aJ2T0BvQLl1ya0Dy]
2023-11-10 21:23:53.355 TRACE 87122 --- [    Test worker] o.h.type.descriptor.sql.BasicBinder      : binding parameter [3] as [VARCHAR] - [ROLE_USER]
2023-11-10 21:23:53.355 TRACE 87122 --- [    Test worker] o.h.type.descriptor.sql.BasicBinder      : binding parameter [4] as [VARCHAR] - [010-1234-5678]
2023-11-10 21:23:53.355 TRACE 87122 --- [    Test worker] o.h.type.descriptor.sql.BasicBinder      : binding parameter [5] as [VARCHAR] - [aaauserRoleUser]
Hibernate: 
    select
        carwash0_.id as id1_1_,
        carwash0_.des as des2_1_,
        carwash0_.l_id as l_id7_1_,
        carwash0_.m_id as m_id8_1_,
        carwash0_.name as name3_1_,
        carwash0_.price as price4_1_,
        carwash0_.rate as rate5_1_,
        carwash0_.tel as tel6_1_ 
    from
        carwash carwash0_ 
    left outer join
        member member1_ 
            on carwash0_.m_id=member1_.id 
    where
        member1_.id=?
2023-11-10 21:23:53.369 TRACE 87122 --- [    Test worker] o.h.type.descriptor.sql.BasicBinder      : binding parameter [1] as [BIGINT] - [2]
2023-11-10 21:23:53.382 TRACE 87122 --- [    Test worker] o.h.type.descriptor.sql.BasicExtractor   : extracted value ([id1_1_] : [BIGINT]) - [1]
2023-11-10 21:23:53.382 TRACE 87122 --- [    Test worker] o.h.type.descriptor.sql.BasicExtractor   : extracted value ([des2_1_] : [VARCHAR]) - [안녕하세요]
2023-11-10 21:23:53.382 TRACE 87122 --- [    Test worker] o.h.type.descriptor.sql.BasicExtractor   : extracted value ([l_id7_1_] : [BIGINT]) - [1]
2023-11-10 21:23:53.382 TRACE 87122 --- [    Test worker] o.h.type.descriptor.sql.BasicExtractor   : extracted value ([m_id8_1_] : [BIGINT]) - [2]
2023-11-10 21:23:53.382 TRACE 87122 --- [    Test worker] o.h.type.descriptor.sql.BasicExtractor   : extracted value ([name3_1_] : [VARCHAR]) - [구름r 세차장]
2023-11-10 21:23:53.382 TRACE 87122 --- [    Test worker] o.h.type.descriptor.sql.BasicExtractor   : extracted value ([price4_1_] : [INTEGER]) - [3000]
2023-11-10 21:23:53.382 TRACE 87122 --- [    Test worker] o.h.type.descriptor.sql.BasicExtractor   : extracted value ([rate5_1_] : [DOUBLE]) - [3.9966666666666715]
2023-11-10 21:23:53.382 TRACE 87122 --- [    Test worker] o.h.type.descriptor.sql.BasicExtractor   : extracted value ([tel6_1_] : [VARCHAR]) - [01022223333]
2023-11-10 21:23:53.382 TRACE 87122 --- [    Test worker] o.h.type.descriptor.sql.BasicExtractor   : extracted value ([id1_1_] : [BIGINT]) - [2]
2023-11-10 21:23:53.382 TRACE 87122 --- [    Test worker] o.h.type.descriptor.sql.BasicExtractor   : extracted value ([des2_1_] : [VARCHAR]) - [안녕하세요]
2023-11-10 21:23:53.382 TRACE 87122 --- [    Test worker] o.h.type.descriptor.sql.BasicExtractor   : extracted value ([l_id7_1_] : [BIGINT]) - [2]
2023-11-10 21:23:53.382 TRACE 87122 --- [    Test worker] o.h.type.descriptor.sql.BasicExtractor   : extracted value ([m_id8_1_] : [BIGINT]) - [2]
2023-11-10 21:23:53.382 TRACE 87122 --- [    Test worker] o.h.type.descriptor.sql.BasicExtractor   : extracted value ([name3_1_] : [VARCHAR]) - [구름r 세차장]
2023-11-10 21:23:53.382 TRACE 87122 --- [    Test worker] o.h.type.descriptor.sql.BasicExtractor   : extracted value ([price4_1_] : [INTEGER]) - [3000]
2023-11-10 21:23:53.382 TRACE 87122 --- [    Test worker] o.h.type.descriptor.sql.BasicExtractor   : extracted value ([rate5_1_] : [DOUBLE]) - [4.0]
2023-11-10 21:23:53.382 TRACE 87122 --- [    Test worker] o.h.type.descriptor.sql.BasicExtractor   : extracted value ([tel6_1_] : [VARCHAR]) - [01022223333]
2023-11-10 21:23:53.382 TRACE 87122 --- [    Test worker] o.h.type.descriptor.sql.BasicExtractor   : extracted value ([id1_1_] : [BIGINT]) - [3]
2023-11-10 21:23:53.382 TRACE 87122 --- [    Test worker] o.h.type.descriptor.sql.BasicExtractor   : extracted value ([des2_1_] : [VARCHAR]) - [세차의 세계]
2023-11-10 21:23:53.382 TRACE 87122 --- [    Test worker] o.h.type.descriptor.sql.BasicExtractor   : extracted value ([l_id7_1_] : [BIGINT]) - [3]
2023-11-10 21:23:53.382 TRACE 87122 --- [    Test worker] o.h.type.descriptor.sql.BasicExtractor   : extracted value ([m_id8_1_] : [BIGINT]) - [2]
2023-11-10 21:23:53.382 TRACE 87122 --- [    Test worker] o.h.type.descriptor.sql.BasicExtractor   : extracted value ([name3_1_] : [VARCHAR]) - [세차 월드]
2023-11-10 21:23:53.382 TRACE 87122 --- [    Test worker] o.h.type.descriptor.sql.BasicExtractor   : extracted value ([price4_1_] : [INTEGER]) - [8500]
2023-11-10 21:23:53.382 TRACE 87122 --- [    Test worker] o.h.type.descriptor.sql.BasicExtractor   : extracted value ([rate5_1_] : [DOUBLE]) - [4.2]
2023-11-10 21:23:53.382 TRACE 87122 --- [    Test worker] o.h.type.descriptor.sql.BasicExtractor   : extracted value ([tel6_1_] : [VARCHAR]) - [062-1234-5680]
2023-11-10 21:23:53.382 TRACE 87122 --- [    Test worker] o.h.type.descriptor.sql.BasicExtractor   : extracted value ([id1_1_] : [BIGINT]) - [4]
2023-11-10 21:23:53.382 TRACE 87122 --- [    Test worker] o.h.type.descriptor.sql.BasicExtractor   : extracted value ([des2_1_] : [VARCHAR]) - [친환경적 세차장]
2023-11-10 21:23:53.382 TRACE 87122 --- [    Test worker] o.h.type.descriptor.sql.BasicExtractor   : extracted value ([l_id7_1_] : [BIGINT]) - [4]
2023-11-10 21:23:53.382 TRACE 87122 --- [    Test worker] o.h.type.descriptor.sql.BasicExtractor   : extracted value ([m_id8_1_] : [BIGINT]) - [2]
2023-11-10 21:23:53.382 TRACE 87122 --- [    Test worker] o.h.type.descriptor.sql.BasicExtractor   : extracted value ([name3_1_] : [VARCHAR]) - [에코 세차]
2023-11-10 21:23:53.382 TRACE 87122 --- [    Test worker] o.h.type.descriptor.sql.BasicExtractor   : extracted value ([price4_1_] : [INTEGER]) - [9500]
2023-11-10 21:23:53.382 TRACE 87122 --- [    Test worker] o.h.type.descriptor.sql.BasicExtractor   : extracted value ([rate5_1_] : [DOUBLE]) - [3.9]
2023-11-10 21:23:53.382 TRACE 87122 --- [    Test worker] o.h.type.descriptor.sql.BasicExtractor   : extracted value ([tel6_1_] : [VARCHAR]) - [062-1234-5681]
2023-11-10 21:23:53.382 TRACE 87122 --- [    Test worker] o.h.type.descriptor.sql.BasicExtractor   : extracted value ([id1_1_] : [BIGINT]) - [5]
2023-11-10 21:23:53.382 TRACE 87122 --- [    Test worker] o.h.type.descriptor.sql.BasicExtractor   : extracted value ([des2_1_] : [VARCHAR]) - [서울 제일의 세차장]
2023-11-10 21:23:53.382 TRACE 87122 --- [    Test worker] o.h.type.descriptor.sql.BasicExtractor   : extracted value ([l_id7_1_] : [BIGINT]) - [5]
2023-11-10 21:23:53.382 TRACE 87122 --- [    Test worker] o.h.type.descriptor.sql.BasicExtractor   : extracted value ([m_id8_1_] : [BIGINT]) - [2]
2023-11-10 21:23:53.383 TRACE 87122 --- [    Test worker] o.h.type.descriptor.sql.BasicExtractor   : extracted value ([name3_1_] : [VARCHAR]) - [컴인워시 강남본점]
2023-11-10 21:23:53.383 TRACE 87122 --- [    Test worker] o.h.type.descriptor.sql.BasicExtractor   : extracted value ([price4_1_] : [INTEGER]) - [12000]
2023-11-10 21:23:53.383 TRACE 87122 --- [    Test worker] o.h.type.descriptor.sql.BasicExtractor   : extracted value ([rate5_1_] : [DOUBLE]) - [4.8]
2023-11-10 21:23:53.383 TRACE 87122 --- [    Test worker] o.h.type.descriptor.sql.BasicExtractor   : extracted value ([tel6_1_] : [VARCHAR]) - [02-1234-5678]
2023-11-10 21:23:53.383 TRACE 87122 --- [    Test worker] o.h.type.descriptor.sql.BasicExtractor   : extracted value ([id1_1_] : [BIGINT]) - [6]
2023-11-10 21:23:53.383 TRACE 87122 --- [    Test worker] o.h.type.descriptor.sql.BasicExtractor   : extracted value ([des2_1_] : [VARCHAR]) - [테스트 설명]
2023-11-10 21:23:53.383 TRACE 87122 --- [    Test worker] o.h.type.descriptor.sql.BasicExtractor   : extracted value ([l_id7_1_] : [BIGINT]) - [6]
2023-11-10 21:23:53.383 TRACE 87122 --- [    Test worker] o.h.type.descriptor.sql.BasicExtractor   : extracted value ([m_id8_1_] : [BIGINT]) - [2]
2023-11-10 21:23:53.383 TRACE 87122 --- [    Test worker] o.h.type.descriptor.sql.BasicExtractor   : extracted value ([name3_1_] : [VARCHAR]) - [유후 세차장]
2023-11-10 21:23:53.383 TRACE 87122 --- [    Test worker] o.h.type.descriptor.sql.BasicExtractor   : extracted value ([price4_1_] : [INTEGER]) - [100]
2023-11-10 21:23:53.383 TRACE 87122 --- [    Test worker] o.h.type.descriptor.sql.BasicExtractor   : extracted value ([rate5_1_] : [DOUBLE]) - [0.0]
2023-11-10 21:23:53.383 TRACE 87122 --- [    Test worker] o.h.type.descriptor.sql.BasicExtractor   : extracted value ([tel6_1_] : [VARCHAR]) - [01012345678]
2023-11-10 21:23:53.383 TRACE 87122 --- [    Test worker] o.h.type.descriptor.sql.BasicExtractor   : extracted value ([id1_1_] : [BIGINT]) - [7]
2023-11-10 21:23:53.383 TRACE 87122 --- [    Test worker] o.h.type.descriptor.sql.BasicExtractor   : extracted value ([des2_1_] : [VARCHAR]) - [테스트 설명]
2023-11-10 21:23:53.383 TRACE 87122 --- [    Test worker] o.h.type.descriptor.sql.BasicExtractor   : extracted value ([l_id7_1_] : [BIGINT]) - [7]
2023-11-10 21:23:53.383 TRACE 87122 --- [    Test worker] o.h.type.descriptor.sql.BasicExtractor   : extracted value ([m_id8_1_] : [BIGINT]) - [2]
2023-11-10 21:23:53.383 TRACE 87122 --- [    Test worker] o.h.type.descriptor.sql.BasicExtractor   : extracted value ([name3_1_] : [VARCHAR]) - [유후 세차장]
2023-11-10 21:23:53.383 TRACE 87122 --- [    Test worker] o.h.type.descriptor.sql.BasicExtractor   : extracted value ([price4_1_] : [INTEGER]) - [100]
2023-11-10 21:23:53.383 TRACE 87122 --- [    Test worker] o.h.type.descriptor.sql.BasicExtractor   : extracted value ([rate5_1_] : [DOUBLE]) - [0.0]
2023-11-10 21:23:53.383 TRACE 87122 --- [    Test worker] o.h.type.descriptor.sql.BasicExtractor   : extracted value ([tel6_1_] : [VARCHAR]) - [01012345678]
2023-11-10 21:23:53.383 TRACE 87122 --- [    Test worker] o.h.type.descriptor.sql.BasicExtractor   : extracted value ([id1_1_] : [BIGINT]) - [11]
2023-11-10 21:23:53.383 TRACE 87122 --- [    Test worker] o.h.type.descriptor.sql.BasicExtractor   : extracted value ([des2_1_] : [VARCHAR]) - [안녕하세요]
2023-11-10 21:23:53.383 TRACE 87122 --- [    Test worker] o.h.type.descriptor.sql.BasicExtractor   : extracted value ([l_id7_1_] : [BIGINT]) - [11]
2023-11-10 21:23:53.383 TRACE 87122 --- [    Test worker] o.h.type.descriptor.sql.BasicExtractor   : extracted value ([m_id8_1_] : [BIGINT]) - [2]
2023-11-10 21:23:53.383 TRACE 87122 --- [    Test worker] o.h.type.descriptor.sql.BasicExtractor   : extracted value ([name3_1_] : [VARCHAR]) - [구름r 세차장]
2023-11-10 21:23:53.383 TRACE 87122 --- [    Test worker] o.h.type.descriptor.sql.BasicExtractor   : extracted value ([price4_1_] : [INTEGER]) - [3000]
2023-11-10 21:23:53.383 TRACE 87122 --- [    Test worker] o.h.type.descriptor.sql.BasicExtractor   : extracted value ([rate5_1_] : [DOUBLE]) - [0.0]
2023-11-10 21:23:53.383 TRACE 87122 --- [    Test worker] o.h.type.descriptor.sql.BasicExtractor   : extracted value ([tel6_1_] : [VARCHAR]) - [01022223333]
2023-11-10 21:23:53.383 TRACE 87122 --- [    Test worker] o.h.type.descriptor.sql.BasicExtractor   : extracted value ([id1_1_] : [BIGINT]) - [12]
2023-11-10 21:23:53.383 TRACE 87122 --- [    Test worker] o.h.type.descriptor.sql.BasicExtractor   : extracted value ([des2_1_] : [VARCHAR]) - [테스트 설명]
2023-11-10 21:23:53.383 TRACE 87122 --- [    Test worker] o.h.type.descriptor.sql.BasicExtractor   : extracted value ([l_id7_1_] : [BIGINT]) - [12]
2023-11-10 21:23:53.383 TRACE 87122 --- [    Test worker] o.h.type.descriptor.sql.BasicExtractor   : extracted value ([m_id8_1_] : [BIGINT]) - [2]
2023-11-10 21:23:53.383 TRACE 87122 --- [    Test worker] o.h.type.descriptor.sql.BasicExtractor   : extracted value ([name3_1_] : [VARCHAR]) - [유후 세차장]
2023-11-10 21:23:53.383 TRACE 87122 --- [    Test worker] o.h.type.descriptor.sql.BasicExtractor   : extracted value ([price4_1_] : [INTEGER]) - [100]
2023-11-10 21:23:53.383 TRACE 87122 --- [    Test worker] o.h.type.descriptor.sql.BasicExtractor   : extracted value ([rate5_1_] : [DOUBLE]) - [0.0]
2023-11-10 21:23:53.383 TRACE 87122 --- [    Test worker] o.h.type.descriptor.sql.BasicExtractor   : extracted value ([tel6_1_] : [VARCHAR]) - [01012345678]
2023-11-10 21:23:53.383 TRACE 87122 --- [    Test worker] o.h.type.descriptor.sql.BasicExtractor   : extracted value ([id1_1_] : [BIGINT]) - [14]
2023-11-10 21:23:53.383 TRACE 87122 --- [    Test worker] o.h.type.descriptor.sql.BasicExtractor   : extracted value ([des2_1_] : [VARCHAR]) - [테스트 설명]
2023-11-10 21:23:53.383 TRACE 87122 --- [    Test worker] o.h.type.descriptor.sql.BasicExtractor   : extracted value ([l_id7_1_] : [BIGINT]) - [14]
2023-11-10 21:23:53.383 TRACE 87122 --- [    Test worker] o.h.type.descriptor.sql.BasicExtractor   : extracted value ([m_id8_1_] : [BIGINT]) - [2]
2023-11-10 21:23:53.383 TRACE 87122 --- [    Test worker] o.h.type.descriptor.sql.BasicExtractor   : extracted value ([name3_1_] : [VARCHAR]) - [유후 세차장]
2023-11-10 21:23:53.383 TRACE 87122 --- [    Test worker] o.h.type.descriptor.sql.BasicExtractor   : extracted value ([price4_1_] : [INTEGER]) - [100]
2023-11-10 21:23:53.383 TRACE 87122 --- [    Test worker] o.h.type.descriptor.sql.BasicExtractor   : extracted value ([rate5_1_] : [DOUBLE]) - [0.0]
2023-11-10 21:23:53.383 TRACE 87122 --- [    Test worker] o.h.type.descriptor.sql.BasicExtractor   : extracted value ([tel6_1_] : [VARCHAR]) - [01012345678]
2023-11-10 21:23:53.383 TRACE 87122 --- [    Test worker] o.h.type.descriptor.sql.BasicExtractor   : extracted value ([id1_1_] : [BIGINT]) - [15]
2023-11-10 21:23:53.383 TRACE 87122 --- [    Test worker] o.h.type.descriptor.sql.BasicExtractor   : extracted value ([des2_1_] : [VARCHAR]) - [테스트 설명]
2023-11-10 21:23:53.383 TRACE 87122 --- [    Test worker] o.h.type.descriptor.sql.BasicExtractor   : extracted value ([l_id7_1_] : [BIGINT]) - [15]
2023-11-10 21:23:53.383 TRACE 87122 --- [    Test worker] o.h.type.descriptor.sql.BasicExtractor   : extracted value ([m_id8_1_] : [BIGINT]) - [2]
2023-11-10 21:23:53.383 TRACE 87122 --- [    Test worker] o.h.type.descriptor.sql.BasicExtractor   : extracted value ([name3_1_] : [VARCHAR]) - [유후 세차장]
2023-11-10 21:23:53.383 TRACE 87122 --- [    Test worker] o.h.type.descriptor.sql.BasicExtractor   : extracted value ([price4_1_] : [INTEGER]) - [100]
2023-11-10 21:23:53.383 TRACE 87122 --- [    Test worker] o.h.type.descriptor.sql.BasicExtractor   : extracted value ([rate5_1_] : [DOUBLE]) - [0.0]
2023-11-10 21:23:53.383 TRACE 87122 --- [    Test worker] o.h.type.descriptor.sql.BasicExtractor   : extracted value ([tel6_1_] : [VARCHAR]) - [01012345678]
2023-11-10 21:23:53.383 TRACE 87122 --- [    Test worker] o.h.type.descriptor.sql.BasicExtractor   : extracted value ([id1_1_] : [BIGINT]) - [16]
2023-11-10 21:23:53.383 TRACE 87122 --- [    Test worker] o.h.type.descriptor.sql.BasicExtractor   : extracted value ([des2_1_] : [VARCHAR]) - [테스트 설명]
2023-11-10 21:23:53.383 TRACE 87122 --- [    Test worker] o.h.type.descriptor.sql.BasicExtractor   : extracted value ([l_id7_1_] : [BIGINT]) - [16]
2023-11-10 21:23:53.383 TRACE 87122 --- [    Test worker] o.h.type.descriptor.sql.BasicExtractor   : extracted value ([m_id8_1_] : [BIGINT]) - [2]
2023-11-10 21:23:53.383 TRACE 87122 --- [    Test worker] o.h.type.descriptor.sql.BasicExtractor   : extracted value ([name3_1_] : [VARCHAR]) - [유후 세차장]
2023-11-10 21:23:53.383 TRACE 87122 --- [    Test worker] o.h.type.descriptor.sql.BasicExtractor   : extracted value ([price4_1_] : [INTEGER]) - [100]
2023-11-10 21:23:53.383 TRACE 87122 --- [    Test worker] o.h.type.descriptor.sql.BasicExtractor   : extracted value ([rate5_1_] : [DOUBLE]) - [0.0]
2023-11-10 21:23:53.383 TRACE 87122 --- [    Test worker] o.h.type.descriptor.sql.BasicExtractor   : extracted value ([tel6_1_] : [VARCHAR]) - [01012345678]
2023-11-10 21:23:53.383 TRACE 87122 --- [    Test worker] o.h.type.descriptor.sql.BasicExtractor   : extracted value ([id1_1_] : [BIGINT]) - [17]
2023-11-10 21:23:53.383 TRACE 87122 --- [    Test worker] o.h.type.descriptor.sql.BasicExtractor   : extracted value ([des2_1_] : [VARCHAR]) - [테스트 설명]
2023-11-10 21:23:53.383 TRACE 87122 --- [    Test worker] o.h.type.descriptor.sql.BasicExtractor   : extracted value ([l_id7_1_] : [BIGINT]) - [17]
2023-11-10 21:23:53.383 TRACE 87122 --- [    Test worker] o.h.type.descriptor.sql.BasicExtractor   : extracted value ([m_id8_1_] : [BIGINT]) - [2]
2023-11-10 21:23:53.383 TRACE 87122 --- [    Test worker] o.h.type.descriptor.sql.BasicExtractor   : extracted value ([name3_1_] : [VARCHAR]) - [유후 세차장]
2023-11-10 21:23:53.383 TRACE 87122 --- [    Test worker] o.h.type.descriptor.sql.BasicExtractor   : extracted value ([price4_1_] : [INTEGER]) - [100]
2023-11-10 21:23:53.383 TRACE 87122 --- [    Test worker] o.h.type.descriptor.sql.BasicExtractor   : extracted value ([rate5_1_] : [DOUBLE]) - [0.0]
2023-11-10 21:23:53.383 TRACE 87122 --- [    Test worker] o.h.type.descriptor.sql.BasicExtractor   : extracted value ([tel6_1_] : [VARCHAR]) - [01012345678]
2023-11-10 21:23:53.383 TRACE 87122 --- [    Test worker] o.h.type.descriptor.sql.BasicExtractor   : extracted value ([id1_1_] : [BIGINT]) - [18]
2023-11-10 21:23:53.383 TRACE 87122 --- [    Test worker] o.h.type.descriptor.sql.BasicExtractor   : extracted value ([des2_1_] : [VARCHAR]) - [테스트 설명]
2023-11-10 21:23:53.383 TRACE 87122 --- [    Test worker] o.h.type.descriptor.sql.BasicExtractor   : extracted value ([l_id7_1_] : [BIGINT]) - [18]
2023-11-10 21:23:53.383 TRACE 87122 --- [    Test worker] o.h.type.descriptor.sql.BasicExtractor   : extracted value ([m_id8_1_] : [BIGINT]) - [2]
2023-11-10 21:23:53.383 TRACE 87122 --- [    Test worker] o.h.type.descriptor.sql.BasicExtractor   : extracted value ([name3_1_] : [VARCHAR]) - [유후 세차장]
2023-11-10 21:23:53.383 TRACE 87122 --- [    Test worker] o.h.type.descriptor.sql.BasicExtractor   : extracted value ([price4_1_] : [INTEGER]) - [100]
2023-11-10 21:23:53.384 TRACE 87122 --- [    Test worker] o.h.type.descriptor.sql.BasicExtractor   : extracted value ([rate5_1_] : [DOUBLE]) - [0.0]
2023-11-10 21:23:53.384 TRACE 87122 --- [    Test worker] o.h.type.descriptor.sql.BasicExtractor   : extracted value ([tel6_1_] : [VARCHAR]) - [01012345678]
2023-11-10 21:23:53.384 TRACE 87122 --- [    Test worker] o.h.type.descriptor.sql.BasicExtractor   : extracted value ([id1_1_] : [BIGINT]) - [19]
2023-11-10 21:23:53.384 TRACE 87122 --- [    Test worker] o.h.type.descriptor.sql.BasicExtractor   : extracted value ([des2_1_] : [VARCHAR]) - [테스트 설명]
2023-11-10 21:23:53.384 TRACE 87122 --- [    Test worker] o.h.type.descriptor.sql.BasicExtractor   : extracted value ([l_id7_1_] : [BIGINT]) - [19]
2023-11-10 21:23:53.384 TRACE 87122 --- [    Test worker] o.h.type.descriptor.sql.BasicExtractor   : extracted value ([m_id8_1_] : [BIGINT]) - [2]
2023-11-10 21:23:53.384 TRACE 87122 --- [    Test worker] o.h.type.descriptor.sql.BasicExtractor   : extracted value ([name3_1_] : [VARCHAR]) - [유후 세차장]
2023-11-10 21:23:53.384 TRACE 87122 --- [    Test worker] o.h.type.descriptor.sql.BasicExtractor   : extracted value ([price4_1_] : [INTEGER]) - [100]
2023-11-10 21:23:53.384 TRACE 87122 --- [    Test worker] o.h.type.descriptor.sql.BasicExtractor   : extracted value ([rate5_1_] : [DOUBLE]) - [0.0]
2023-11-10 21:23:53.384 TRACE 87122 --- [    Test worker] o.h.type.descriptor.sql.BasicExtractor   : extracted value ([tel6_1_] : [VARCHAR]) - [01012345678]
2023-11-10 21:23:53.384 TRACE 87122 --- [    Test worker] o.h.type.descriptor.sql.BasicExtractor   : extracted value ([id1_1_] : [BIGINT]) - [20]
2023-11-10 21:23:53.384 TRACE 87122 --- [    Test worker] o.h.type.descriptor.sql.BasicExtractor   : extracted value ([des2_1_] : [VARCHAR]) - [테스트 설명]
2023-11-10 21:23:53.384 TRACE 87122 --- [    Test worker] o.h.type.descriptor.sql.BasicExtractor   : extracted value ([l_id7_1_] : [BIGINT]) - [20]
2023-11-10 21:23:53.384 TRACE 87122 --- [    Test worker] o.h.type.descriptor.sql.BasicExtractor   : extracted value ([m_id8_1_] : [BIGINT]) - [2]
2023-11-10 21:23:53.384 TRACE 87122 --- [    Test worker] o.h.type.descriptor.sql.BasicExtractor   : extracted value ([name3_1_] : [VARCHAR]) - [유후 세차장]
2023-11-10 21:23:53.384 TRACE 87122 --- [    Test worker] o.h.type.descriptor.sql.BasicExtractor   : extracted value ([price4_1_] : [INTEGER]) - [100]
2023-11-10 21:23:53.384 TRACE 87122 --- [    Test worker] o.h.type.descriptor.sql.BasicExtractor   : extracted value ([rate5_1_] : [DOUBLE]) - [0.0]
2023-11-10 21:23:53.384 TRACE 87122 --- [    Test worker] o.h.type.descriptor.sql.BasicExtractor   : extracted value ([tel6_1_] : [VARCHAR]) - [01012345678]
2023-11-10 21:23:53.384 TRACE 87122 --- [    Test worker] o.h.type.descriptor.sql.BasicExtractor   : extracted value ([id1_1_] : [BIGINT]) - [21]
2023-11-10 21:23:53.384 TRACE 87122 --- [    Test worker] o.h.type.descriptor.sql.BasicExtractor   : extracted value ([des2_1_] : [VARCHAR]) - [테스트 설명]
2023-11-10 21:23:53.384 TRACE 87122 --- [    Test worker] o.h.type.descriptor.sql.BasicExtractor   : extracted value ([l_id7_1_] : [BIGINT]) - [21]
2023-11-10 21:23:53.384 TRACE 87122 --- [    Test worker] o.h.type.descriptor.sql.BasicExtractor   : extracted value ([m_id8_1_] : [BIGINT]) - [2]
2023-11-10 21:23:53.384 TRACE 87122 --- [    Test worker] o.h.type.descriptor.sql.BasicExtractor   : extracted value ([name3_1_] : [VARCHAR]) - [유후 세차장]
2023-11-10 21:23:53.384 TRACE 87122 --- [    Test worker] o.h.type.descriptor.sql.BasicExtractor   : extracted value ([price4_1_] : [INTEGER]) - [100]
2023-11-10 21:23:53.384 TRACE 87122 --- [    Test worker] o.h.type.descriptor.sql.BasicExtractor   : extracted value ([rate5_1_] : [DOUBLE]) - [0.0]
2023-11-10 21:23:53.384 TRACE 87122 --- [    Test worker] o.h.type.descriptor.sql.BasicExtractor   : extracted value ([tel6_1_] : [VARCHAR]) - [01012345678]
2023-11-10 21:23:53.384 TRACE 87122 --- [    Test worker] o.h.type.descriptor.sql.BasicExtractor   : extracted value ([id1_1_] : [BIGINT]) - [22]
2023-11-10 21:23:53.384 TRACE 87122 --- [    Test worker] o.h.type.descriptor.sql.BasicExtractor   : extracted value ([des2_1_] : [VARCHAR]) - [테스트 설명]
2023-11-10 21:23:53.384 TRACE 87122 --- [    Test worker] o.h.type.descriptor.sql.BasicExtractor   : extracted value ([l_id7_1_] : [BIGINT]) - [22]
2023-11-10 21:23:53.384 TRACE 87122 --- [    Test worker] o.h.type.descriptor.sql.BasicExtractor   : extracted value ([m_id8_1_] : [BIGINT]) - [2]
2023-11-10 21:23:53.384 TRACE 87122 --- [    Test worker] o.h.type.descriptor.sql.BasicExtractor   : extracted value ([name3_1_] : [VARCHAR]) - [유후 세차장]
2023-11-10 21:23:53.384 TRACE 87122 --- [    Test worker] o.h.type.descriptor.sql.BasicExtractor   : extracted value ([price4_1_] : [INTEGER]) - [100]
2023-11-10 21:23:53.384 TRACE 87122 --- [    Test worker] o.h.type.descriptor.sql.BasicExtractor   : extracted value ([rate5_1_] : [DOUBLE]) - [0.0]
2023-11-10 21:23:53.384 TRACE 87122 --- [    Test worker] o.h.type.descriptor.sql.BasicExtractor   : extracted value ([tel6_1_] : [VARCHAR]) - [01012345678]
2023-11-10 21:23:53.384 TRACE 87122 --- [    Test worker] o.h.type.descriptor.sql.BasicExtractor   : extracted value ([id1_1_] : [BIGINT]) - [23]
2023-11-10 21:23:53.384 TRACE 87122 --- [    Test worker] o.h.type.descriptor.sql.BasicExtractor   : extracted value ([des2_1_] : [VARCHAR]) - [테스트 설명]
2023-11-10 21:23:53.384 TRACE 87122 --- [    Test worker] o.h.type.descriptor.sql.BasicExtractor   : extracted value ([l_id7_1_] : [BIGINT]) - [23]
2023-11-10 21:23:53.384 TRACE 87122 --- [    Test worker] o.h.type.descriptor.sql.BasicExtractor   : extracted value ([m_id8_1_] : [BIGINT]) - [2]
2023-11-10 21:23:53.385 TRACE 87122 --- [    Test worker] o.h.type.descriptor.sql.BasicExtractor   : extracted value ([name3_1_] : [VARCHAR]) - [유후 세차장]
2023-11-10 21:23:53.385 TRACE 87122 --- [    Test worker] o.h.type.descriptor.sql.BasicExtractor   : extracted value ([price4_1_] : [INTEGER]) - [100]
2023-11-10 21:23:53.385 TRACE 87122 --- [    Test worker] o.h.type.descriptor.sql.BasicExtractor   : extracted value ([rate5_1_] : [DOUBLE]) - [0.0]
2023-11-10 21:23:53.385 TRACE 87122 --- [    Test worker] o.h.type.descriptor.sql.BasicExtractor   : extracted value ([tel6_1_] : [VARCHAR]) - [01012345678]
2023-11-10 21:23:53.385 TRACE 87122 --- [    Test worker] o.h.type.descriptor.sql.BasicExtractor   : extracted value ([id1_1_] : [BIGINT]) - [24]
2023-11-10 21:23:53.385 TRACE 87122 --- [    Test worker] o.h.type.descriptor.sql.BasicExtractor   : extracted value ([des2_1_] : [VARCHAR]) - [테스트 설명]
2023-11-10 21:23:53.385 TRACE 87122 --- [    Test worker] o.h.type.descriptor.sql.BasicExtractor   : extracted value ([l_id7_1_] : [BIGINT]) - [24]
2023-11-10 21:23:53.385 TRACE 87122 --- [    Test worker] o.h.type.descriptor.sql.BasicExtractor   : extracted value ([m_id8_1_] : [BIGINT]) - [2]
2023-11-10 21:23:53.385 TRACE 87122 --- [    Test worker] o.h.type.descriptor.sql.BasicExtractor   : extracted value ([name3_1_] : [VARCHAR]) - [유 세차장]
2023-11-10 21:23:53.385 TRACE 87122 --- [    Test worker] o.h.type.descriptor.sql.BasicExtractor   : extracted value ([price4_1_] : [INTEGER]) - [100]
2023-11-10 21:23:53.385 TRACE 87122 --- [    Test worker] o.h.type.descriptor.sql.BasicExtractor   : extracted value ([rate5_1_] : [DOUBLE]) - [0.0]
2023-11-10 21:23:53.385 TRACE 87122 --- [    Test worker] o.h.type.descriptor.sql.BasicExtractor   : extracted value ([tel6_1_] : [VARCHAR]) - [01012345678]
2023-11-10 21:23:53.385 TRACE 87122 --- [    Test worker] o.h.type.descriptor.sql.BasicExtractor   : extracted value ([id1_1_] : [BIGINT]) - [25]
2023-11-10 21:23:53.385 TRACE 87122 --- [    Test worker] o.h.type.descriptor.sql.BasicExtractor   : extracted value ([des2_1_] : [VARCHAR]) - [테스트 설명]
2023-11-10 21:23:53.385 TRACE 87122 --- [    Test worker] o.h.type.descriptor.sql.BasicExtractor   : extracted value ([l_id7_1_] : [BIGINT]) - [25]
2023-11-10 21:23:53.385 TRACE 87122 --- [    Test worker] o.h.type.descriptor.sql.BasicExtractor   : extracted value ([m_id8_1_] : [BIGINT]) - [2]
2023-11-10 21:23:53.385 TRACE 87122 --- [    Test worker] o.h.type.descriptor.sql.BasicExtractor   : extracted value ([name3_1_] : [VARCHAR]) - [유유유 세차장]
2023-11-10 21:23:53.385 TRACE 87122 --- [    Test worker] o.h.type.descriptor.sql.BasicExtractor   : extracted value ([price4_1_] : [INTEGER]) - [100]
2023-11-10 21:23:53.385 TRACE 87122 --- [    Test worker] o.h.type.descriptor.sql.BasicExtractor   : extracted value ([rate5_1_] : [DOUBLE]) - [0.0]
2023-11-10 21:23:53.385 TRACE 87122 --- [    Test worker] o.h.type.descriptor.sql.BasicExtractor   : extracted value ([tel6_1_] : [VARCHAR]) - [01012345678]
2023-11-10 21:23:53.385 TRACE 87122 --- [    Test worker] o.h.type.descriptor.sql.BasicExtractor   : extracted value ([id1_1_] : [BIGINT]) - [26]
2023-11-10 21:23:53.385 TRACE 87122 --- [    Test worker] o.h.type.descriptor.sql.BasicExtractor   : extracted value ([des2_1_] : [VARCHAR]) - [테스트 설명]
2023-11-10 21:23:53.385 TRACE 87122 --- [    Test worker] o.h.type.descriptor.sql.BasicExtractor   : extracted value ([l_id7_1_] : [BIGINT]) - [26]
2023-11-10 21:23:53.385 TRACE 87122 --- [    Test worker] o.h.type.descriptor.sql.BasicExtractor   : extracted value ([m_id8_1_] : [BIGINT]) - [2]
2023-11-10 21:23:53.385 TRACE 87122 --- [    Test worker] o.h.type.descriptor.sql.BasicExtractor   : extracted value ([name3_1_] : [VARCHAR]) - [유유유 세차장]
2023-11-10 21:23:53.385 TRACE 87122 --- [    Test worker] o.h.type.descriptor.sql.BasicExtractor   : extracted value ([price4_1_] : [INTEGER]) - [100]
2023-11-10 21:23:53.385 TRACE 87122 --- [    Test worker] o.h.type.descriptor.sql.BasicExtractor   : extracted value ([rate5_1_] : [DOUBLE]) - [0.0]
2023-11-10 21:23:53.385 TRACE 87122 --- [    Test worker] o.h.type.descriptor.sql.BasicExtractor   : extracted value ([tel6_1_] : [VARCHAR]) - [01012345678]
2023-11-10 21:23:53.385 TRACE 87122 --- [    Test worker] o.h.type.descriptor.sql.BasicExtractor   : extracted value ([id1_1_] : [BIGINT]) - [27]
2023-11-10 21:23:53.385 TRACE 87122 --- [    Test worker] o.h.type.descriptor.sql.BasicExtractor   : extracted value ([des2_1_] : [VARCHAR]) - [테스트 설명]
2023-11-10 21:23:53.385 TRACE 87122 --- [    Test worker] o.h.type.descriptor.sql.BasicExtractor   : extracted value ([l_id7_1_] : [BIGINT]) - [27]
2023-11-10 21:23:53.385 TRACE 87122 --- [    Test worker] o.h.type.descriptor.sql.BasicExtractor   : extracted value ([m_id8_1_] : [BIGINT]) - [2]
2023-11-10 21:23:53.386 TRACE 87122 --- [    Test worker] o.h.type.descriptor.sql.BasicExtractor   : extracted value ([name3_1_] : [VARCHAR]) - [hey 세차장]
2023-11-10 21:23:53.386 TRACE 87122 --- [    Test worker] o.h.type.descriptor.sql.BasicExtractor   : extracted value ([price4_1_] : [INTEGER]) - [100]
2023-11-10 21:23:53.386 TRACE 87122 --- [    Test worker] o.h.type.descriptor.sql.BasicExtractor   : extracted value ([rate5_1_] : [DOUBLE]) - [0.0]
2023-11-10 21:23:53.386 TRACE 87122 --- [    Test worker] o.h.type.descriptor.sql.BasicExtractor   : extracted value ([tel6_1_] : [VARCHAR]) - [01012345678]
2023-11-10 21:23:53.386 TRACE 87122 --- [    Test worker] o.h.type.descriptor.sql.BasicExtractor   : extracted value ([id1_1_] : [BIGINT]) - [28]
2023-11-10 21:23:53.386 TRACE 87122 --- [    Test worker] o.h.type.descriptor.sql.BasicExtractor   : extracted value ([des2_1_] : [VARCHAR]) - [테스트 설명]
2023-11-10 21:23:53.386 TRACE 87122 --- [    Test worker] o.h.type.descriptor.sql.BasicExtractor   : extracted value ([l_id7_1_] : [BIGINT]) - [28]
2023-11-10 21:23:53.386 TRACE 87122 --- [    Test worker] o.h.type.descriptor.sql.BasicExtractor   : extracted value ([m_id8_1_] : [BIGINT]) - [2]
2023-11-10 21:23:53.386 TRACE 87122 --- [    Test worker] o.h.type.descriptor.sql.BasicExtractor   : extracted value ([name3_1_] : [VARCHAR]) - [hey 세차장]
2023-11-10 21:23:53.386 TRACE 87122 --- [    Test worker] o.h.type.descriptor.sql.BasicExtractor   : extracted value ([price4_1_] : [INTEGER]) - [100]
2023-11-10 21:23:53.386 TRACE 87122 --- [    Test worker] o.h.type.descriptor.sql.BasicExtractor   : extracted value ([rate5_1_] : [DOUBLE]) - [0.0]
2023-11-10 21:23:53.386 TRACE 87122 --- [    Test worker] o.h.type.descriptor.sql.BasicExtractor   : extracted value ([tel6_1_] : [VARCHAR]) - [01012345678]
2023-11-10 21:23:53.386 TRACE 87122 --- [    Test worker] o.h.type.descriptor.sql.BasicExtractor   : extracted value ([id1_1_] : [BIGINT]) - [29]
2023-11-10 21:23:53.386 TRACE 87122 --- [    Test worker] o.h.type.descriptor.sql.BasicExtractor   : extracted value ([des2_1_] : [VARCHAR]) - [테스트 설명]
2023-11-10 21:23:53.386 TRACE 87122 --- [    Test worker] o.h.type.descriptor.sql.BasicExtractor   : extracted value ([l_id7_1_] : [BIGINT]) - [29]
2023-11-10 21:23:53.386 TRACE 87122 --- [    Test worker] o.h.type.descriptor.sql.BasicExtractor   : extracted value ([m_id8_1_] : [BIGINT]) - [2]
2023-11-10 21:23:53.386 TRACE 87122 --- [    Test worker] o.h.type.descriptor.sql.BasicExtractor   : extracted value ([name3_1_] : [VARCHAR]) - [hey 세차장]
2023-11-10 21:23:53.386 TRACE 87122 --- [    Test worker] o.h.type.descriptor.sql.BasicExtractor   : extracted value ([price4_1_] : [INTEGER]) - [100]
2023-11-10 21:23:53.386 TRACE 87122 --- [    Test worker] o.h.type.descriptor.sql.BasicExtractor   : extracted value ([rate5_1_] : [DOUBLE]) - [0.0]
2023-11-10 21:23:53.386 TRACE 87122 --- [    Test worker] o.h.type.descriptor.sql.BasicExtractor   : extracted value ([tel6_1_] : [VARCHAR]) - [01012345678]
2023-11-10 21:23:53.386 TRACE 87122 --- [    Test worker] o.h.type.descriptor.sql.BasicExtractor   : extracted value ([id1_1_] : [BIGINT]) - [30]
2023-11-10 21:23:53.386 TRACE 87122 --- [    Test worker] o.h.type.descriptor.sql.BasicExtractor   : extracted value ([des2_1_] : [VARCHAR]) - [테스트 설명]
2023-11-10 21:23:53.386 TRACE 87122 --- [    Test worker] o.h.type.descriptor.sql.BasicExtractor   : extracted value ([l_id7_1_] : [BIGINT]) - [30]
2023-11-10 21:23:53.386 TRACE 87122 --- [    Test worker] o.h.type.descriptor.sql.BasicExtractor   : extracted value ([m_id8_1_] : [BIGINT]) - [2]
2023-11-10 21:23:53.386 TRACE 87122 --- [    Test worker] o.h.type.descriptor.sql.BasicExtractor   : extracted value ([name3_1_] : [VARCHAR]) - [아이유 세차장]
2023-11-10 21:23:53.386 TRACE 87122 --- [    Test worker] o.h.type.descriptor.sql.BasicExtractor   : extracted value ([price4_1_] : [INTEGER]) - [100]
2023-11-10 21:23:53.386 TRACE 87122 --- [    Test worker] o.h.type.descriptor.sql.BasicExtractor   : extracted value ([rate5_1_] : [DOUBLE]) - [0.0]
2023-11-10 21:23:53.386 TRACE 87122 --- [    Test worker] o.h.type.descriptor.sql.BasicExtractor   : extracted value ([tel6_1_] : [VARCHAR]) - [01012345678]
2023-11-10 21:23:53.386 TRACE 87122 --- [    Test worker] o.h.type.descriptor.sql.BasicExtractor   : extracted value ([id1_1_] : [BIGINT]) - [31]
2023-11-10 21:23:53.386 TRACE 87122 --- [    Test worker] o.h.type.descriptor.sql.BasicExtractor   : extracted value ([des2_1_] : [VARCHAR]) - [테스트 설명]
2023-11-10 21:23:53.386 TRACE 87122 --- [    Test worker] o.h.type.descriptor.sql.BasicExtractor   : extracted value ([l_id7_1_] : [BIGINT]) - [31]
2023-11-10 21:23:53.386 TRACE 87122 --- [    Test worker] o.h.type.descriptor.sql.BasicExtractor   : extracted value ([m_id8_1_] : [BIGINT]) - [2]
2023-11-10 21:23:53.386 TRACE 87122 --- [    Test worker] o.h.type.descriptor.sql.BasicExtractor   : extracted value ([name3_1_] : [VARCHAR]) - [아이유 세차장]
2023-11-10 21:23:53.386 TRACE 87122 --- [    Test worker] o.h.type.descriptor.sql.BasicExtractor   : extracted value ([price4_1_] : [INTEGER]) - [100]
2023-11-10 21:23:53.386 TRACE 87122 --- [    Test worker] o.h.type.descriptor.sql.BasicExtractor   : extracted value ([rate5_1_] : [DOUBLE]) - [0.0]
2023-11-10 21:23:53.386 TRACE 87122 --- [    Test worker] o.h.type.descriptor.sql.BasicExtractor   : extracted value ([tel6_1_] : [VARCHAR]) - [01012345678]
2023-11-10 21:23:53.386 TRACE 87122 --- [    Test worker] o.h.type.descriptor.sql.BasicExtractor   : extracted value ([id1_1_] : [BIGINT]) - [32]
2023-11-10 21:23:53.386 TRACE 87122 --- [    Test worker] o.h.type.descriptor.sql.BasicExtractor   : extracted value ([des2_1_] : [VARCHAR]) - [테스트 설명]
2023-11-10 21:23:53.386 TRACE 87122 --- [    Test worker] o.h.type.descriptor.sql.BasicExtractor   : extracted value ([l_id7_1_] : [BIGINT]) - [32]
2023-11-10 21:23:53.386 TRACE 87122 --- [    Test worker] o.h.type.descriptor.sql.BasicExtractor   : extracted value ([m_id8_1_] : [BIGINT]) - [2]
2023-11-10 21:23:53.386 TRACE 87122 --- [    Test worker] o.h.type.descriptor.sql.BasicExtractor   : extracted value ([name3_1_] : [VARCHAR]) - [아이유 세차장]
2023-11-10 21:23:53.386 TRACE 87122 --- [    Test worker] o.h.type.descriptor.sql.BasicExtractor   : extracted value ([price4_1_] : [INTEGER]) - [100]
2023-11-10 21:23:53.386 TRACE 87122 --- [    Test worker] o.h.type.descriptor.sql.BasicExtractor   : extracted value ([rate5_1_] : [DOUBLE]) - [0.0]
2023-11-10 21:23:53.386 TRACE 87122 --- [    Test worker] o.h.type.descriptor.sql.BasicExtractor   : extracted value ([tel6_1_] : [VARCHAR]) - [01012345678]
2023-11-10 21:23:53.386 TRACE 87122 --- [    Test worker] o.h.type.descriptor.sql.BasicExtractor   : extracted value ([id1_1_] : [BIGINT]) - [33]
2023-11-10 21:23:53.386 TRACE 87122 --- [    Test worker] o.h.type.descriptor.sql.BasicExtractor   : extracted value ([des2_1_] : [VARCHAR]) - [테스트 설명]
2023-11-10 21:23:53.386 TRACE 87122 --- [    Test worker] o.h.type.descriptor.sql.BasicExtractor   : extracted value ([l_id7_1_] : [BIGINT]) - [33]
2023-11-10 21:23:53.386 TRACE 87122 --- [    Test worker] o.h.type.descriptor.sql.BasicExtractor   : extracted value ([m_id8_1_] : [BIGINT]) - [2]
2023-11-10 21:23:53.386 TRACE 87122 --- [    Test worker] o.h.type.descriptor.sql.BasicExtractor   : extracted value ([name3_1_] : [VARCHAR]) - [아이유 세차장]
2023-11-10 21:23:53.386 TRACE 87122 --- [    Test worker] o.h.type.descriptor.sql.BasicExtractor   : extracted value ([price4_1_] : [INTEGER]) - [100]
2023-11-10 21:23:53.386 TRACE 87122 --- [    Test worker] o.h.type.descriptor.sql.BasicExtractor   : extracted value ([rate5_1_] : [DOUBLE]) - [0.0]
2023-11-10 21:23:53.386 TRACE 87122 --- [    Test worker] o.h.type.descriptor.sql.BasicExtractor   : extracted value ([tel6_1_] : [VARCHAR]) - [01012345678]
2023-11-10 21:23:53.386 TRACE 87122 --- [    Test worker] o.h.type.descriptor.sql.BasicExtractor   : extracted value ([id1_1_] : [BIGINT]) - [34]
2023-11-10 21:23:53.387 TRACE 87122 --- [    Test worker] o.h.type.descriptor.sql.BasicExtractor   : extracted value ([des2_1_] : [VARCHAR]) - [테스트 설명]
2023-11-10 21:23:53.387 TRACE 87122 --- [    Test worker] o.h.type.descriptor.sql.BasicExtractor   : extracted value ([l_id7_1_] : [BIGINT]) - [34]
2023-11-10 21:23:53.387 TRACE 87122 --- [    Test worker] o.h.type.descriptor.sql.BasicExtractor   : extracted value ([m_id8_1_] : [BIGINT]) - [2]
2023-11-10 21:23:53.387 TRACE 87122 --- [    Test worker] o.h.type.descriptor.sql.BasicExtractor   : extracted value ([name3_1_] : [VARCHAR]) - [아이유 세차장]
2023-11-10 21:23:53.387 TRACE 87122 --- [    Test worker] o.h.type.descriptor.sql.BasicExtractor   : extracted value ([price4_1_] : [INTEGER]) - [100]
2023-11-10 21:23:53.387 TRACE 87122 --- [    Test worker] o.h.type.descriptor.sql.BasicExtractor   : extracted value ([rate5_1_] : [DOUBLE]) - [0.0]
2023-11-10 21:23:53.387 TRACE 87122 --- [    Test worker] o.h.type.descriptor.sql.BasicExtractor   : extracted value ([tel6_1_] : [VARCHAR]) - [01012345678]
2023-11-10 21:23:53.387 TRACE 87122 --- [    Test worker] o.h.type.descriptor.sql.BasicExtractor   : extracted value ([id1_1_] : [BIGINT]) - [48]
2023-11-10 21:23:53.387 TRACE 87122 --- [    Test worker] o.h.type.descriptor.sql.BasicExtractor   : extracted value ([des2_1_] : [VARCHAR]) - [테스트 설명]
2023-11-10 21:23:53.387 TRACE 87122 --- [    Test worker] o.h.type.descriptor.sql.BasicExtractor   : extracted value ([l_id7_1_] : [BIGINT]) - [48]
2023-11-10 21:23:53.387 TRACE 87122 --- [    Test worker] o.h.type.descriptor.sql.BasicExtractor   : extracted value ([m_id8_1_] : [BIGINT]) - [2]
2023-11-10 21:23:53.387 TRACE 87122 --- [    Test worker] o.h.type.descriptor.sql.BasicExtractor   : extracted value ([name3_1_] : [VARCHAR]) - [아이유 세차장]
2023-11-10 21:23:53.387 TRACE 87122 --- [    Test worker] o.h.type.descriptor.sql.BasicExtractor   : extracted value ([price4_1_] : [INTEGER]) - [100]
2023-11-10 21:23:53.387 TRACE 87122 --- [    Test worker] o.h.type.descriptor.sql.BasicExtractor   : extracted value ([rate5_1_] : [DOUBLE]) - [0.0]
2023-11-10 21:23:53.387 TRACE 87122 --- [    Test worker] o.h.type.descriptor.sql.BasicExtractor   : extracted value ([tel6_1_] : [VARCHAR]) - [01012345678]
2023-11-10 21:23:53.387 TRACE 87122 --- [    Test worker] o.h.type.descriptor.sql.BasicExtractor   : extracted value ([id1_1_] : [BIGINT]) - [49]
2023-11-10 21:23:53.387 TRACE 87122 --- [    Test worker] o.h.type.descriptor.sql.BasicExtractor   : extracted value ([des2_1_] : [VARCHAR]) - [테스트 설명]
2023-11-10 21:23:53.387 TRACE 87122 --- [    Test worker] o.h.type.descriptor.sql.BasicExtractor   : extracted value ([l_id7_1_] : [BIGINT]) - [49]
2023-11-10 21:23:53.387 TRACE 87122 --- [    Test worker] o.h.type.descriptor.sql.BasicExtractor   : extracted value ([m_id8_1_] : [BIGINT]) - [2]
2023-11-10 21:23:53.387 TRACE 87122 --- [    Test worker] o.h.type.descriptor.sql.BasicExtractor   : extracted value ([name3_1_] : [VARCHAR]) - [아이 세차장]
2023-11-10 21:23:53.387 TRACE 87122 --- [    Test worker] o.h.type.descriptor.sql.BasicExtractor   : extracted value ([price4_1_] : [INTEGER]) - [100]
2023-11-10 21:23:53.387 TRACE 87122 --- [    Test worker] o.h.type.descriptor.sql.BasicExtractor   : extracted value ([rate5_1_] : [DOUBLE]) - [0.0]
2023-11-10 21:23:53.387 TRACE 87122 --- [    Test worker] o.h.type.descriptor.sql.BasicExtractor   : extracted value ([tel6_1_] : [VARCHAR]) - [01012345678]
2023-11-10 21:23:53.387 TRACE 87122 --- [    Test worker] o.h.type.descriptor.sql.BasicExtractor   : extracted value ([id1_1_] : [BIGINT]) - [50]
2023-11-10 21:23:53.387 TRACE 87122 --- [    Test worker] o.h.type.descriptor.sql.BasicExtractor   : extracted value ([des2_1_] : [VARCHAR]) - [테스트 설명]
2023-11-10 21:23:53.387 TRACE 87122 --- [    Test worker] o.h.type.descriptor.sql.BasicExtractor   : extracted value ([l_id7_1_] : [BIGINT]) - [50]
2023-11-10 21:23:53.387 TRACE 87122 --- [    Test worker] o.h.type.descriptor.sql.BasicExtractor   : extracted value ([m_id8_1_] : [BIGINT]) - [2]
2023-11-10 21:23:53.387 TRACE 87122 --- [    Test worker] o.h.type.descriptor.sql.BasicExtractor   : extracted value ([name3_1_] : [VARCHAR]) - [아이 세차장]
2023-11-10 21:23:53.387 TRACE 87122 --- [    Test worker] o.h.type.descriptor.sql.BasicExtractor   : extracted value ([price4_1_] : [INTEGER]) - [100]
2023-11-10 21:23:53.387 TRACE 87122 --- [    Test worker] o.h.type.descriptor.sql.BasicExtractor   : extracted value ([rate5_1_] : [DOUBLE]) - [0.0]
2023-11-10 21:23:53.387 TRACE 87122 --- [    Test worker] o.h.type.descriptor.sql.BasicExtractor   : extracted value ([tel6_1_] : [VARCHAR]) - [01012345678]
2023-11-10 21:23:53.387 TRACE 87122 --- [    Test worker] o.h.type.descriptor.sql.BasicExtractor   : extracted value ([id1_1_] : [BIGINT]) - [51]
2023-11-10 21:23:53.387 TRACE 87122 --- [    Test worker] o.h.type.descriptor.sql.BasicExtractor   : extracted value ([des2_1_] : [VARCHAR]) - [테스트 설명]
2023-11-10 21:23:53.387 TRACE 87122 --- [    Test worker] o.h.type.descriptor.sql.BasicExtractor   : extracted value ([l_id7_1_] : [BIGINT]) - [51]
2023-11-10 21:23:53.387 TRACE 87122 --- [    Test worker] o.h.type.descriptor.sql.BasicExtractor   : extracted value ([m_id8_1_] : [BIGINT]) - [2]
2023-11-10 21:23:53.387 TRACE 87122 --- [    Test worker] o.h.type.descriptor.sql.BasicExtractor   : extracted value ([name3_1_] : [VARCHAR]) - [아이 세차장]
2023-11-10 21:23:53.387 TRACE 87122 --- [    Test worker] o.h.type.descriptor.sql.BasicExtractor   : extracted value ([price4_1_] : [INTEGER]) - [100]
2023-11-10 21:23:53.387 TRACE 87122 --- [    Test worker] o.h.type.descriptor.sql.BasicExtractor   : extracted value ([rate5_1_] : [DOUBLE]) - [0.0]
2023-11-10 21:23:53.388 TRACE 87122 --- [    Test worker] o.h.type.descriptor.sql.BasicExtractor   : extracted value ([tel6_1_] : [VARCHAR]) - [01012345678]
2023-11-10 21:23:53.388 TRACE 87122 --- [    Test worker] o.h.type.descriptor.sql.BasicExtractor   : extracted value ([id1_1_] : [BIGINT]) - [55]
2023-11-10 21:23:53.388 TRACE 87122 --- [    Test worker] o.h.type.descriptor.sql.BasicExtractor   : extracted value ([des2_1_] : [VARCHAR]) - [테스트 설명]
2023-11-10 21:23:53.388 TRACE 87122 --- [    Test worker] o.h.type.descriptor.sql.BasicExtractor   : extracted value ([l_id7_1_] : [BIGINT]) - [55]
2023-11-10 21:23:53.388 TRACE 87122 --- [    Test worker] o.h.type.descriptor.sql.BasicExtractor   : extracted value ([m_id8_1_] : [BIGINT]) - [2]
2023-11-10 21:23:53.388 TRACE 87122 --- [    Test worker] o.h.type.descriptor.sql.BasicExtractor   : extracted value ([name3_1_] : [VARCHAR]) - [아이 세차장]
2023-11-10 21:23:53.388 TRACE 87122 --- [    Test worker] o.h.type.descriptor.sql.BasicExtractor   : extracted value ([price4_1_] : [INTEGER]) - [100]
2023-11-10 21:23:53.388 TRACE 87122 --- [    Test worker] o.h.type.descriptor.sql.BasicExtractor   : extracted value ([rate5_1_] : [DOUBLE]) - [0.0]
2023-11-10 21:23:53.388 TRACE 87122 --- [    Test worker] o.h.type.descriptor.sql.BasicExtractor   : extracted value ([tel6_1_] : [VARCHAR]) - [01012345678]
2023-11-10 21:23:53.388 TRACE 87122 --- [    Test worker] o.h.type.descriptor.sql.BasicExtractor   : extracted value ([id1_1_] : [BIGINT]) - [56]
2023-11-10 21:23:53.388 TRACE 87122 --- [    Test worker] o.h.type.descriptor.sql.BasicExtractor   : extracted value ([des2_1_] : [VARCHAR]) - [테스트 설명]
2023-11-10 21:23:53.388 TRACE 87122 --- [    Test worker] o.h.type.descriptor.sql.BasicExtractor   : extracted value ([l_id7_1_] : [BIGINT]) - [56]
2023-11-10 21:23:53.388 TRACE 87122 --- [    Test worker] o.h.type.descriptor.sql.BasicExtractor   : extracted value ([m_id8_1_] : [BIGINT]) - [2]
2023-11-10 21:23:53.388 TRACE 87122 --- [    Test worker] o.h.type.descriptor.sql.BasicExtractor   : extracted value ([name3_1_] : [VARCHAR]) - [아이 세차장]
2023-11-10 21:23:53.388 TRACE 87122 --- [    Test worker] o.h.type.descriptor.sql.BasicExtractor   : extracted value ([price4_1_] : [INTEGER]) - [100]
2023-11-10 21:23:53.388 TRACE 87122 --- [    Test worker] o.h.type.descriptor.sql.BasicExtractor   : extracted value ([rate5_1_] : [DOUBLE]) - [0.0]
2023-11-10 21:23:53.388 TRACE 87122 --- [    Test worker] o.h.type.descriptor.sql.BasicExtractor   : extracted value ([tel6_1_] : [VARCHAR]) - [01012345678]
2023-11-10 21:23:53.388 TRACE 87122 --- [    Test worker] o.h.type.descriptor.sql.BasicExtractor   : extracted value ([id1_1_] : [BIGINT]) - [57]
2023-11-10 21:23:53.388 TRACE 87122 --- [    Test worker] o.h.type.descriptor.sql.BasicExtractor   : extracted value ([des2_1_] : [VARCHAR]) - [상품 추천 해드립니다!]
2023-11-10 21:23:53.388 TRACE 87122 --- [    Test worker] o.h.type.descriptor.sql.BasicExtractor   : extracted value ([l_id7_1_] : [BIGINT]) - [6]
2023-11-10 21:23:53.388 TRACE 87122 --- [    Test worker] o.h.type.descriptor.sql.BasicExtractor   : extracted value ([m_id8_1_] : [BIGINT]) - [2]
2023-11-10 21:23:53.388 TRACE 87122 --- [    Test worker] o.h.type.descriptor.sql.BasicExtractor   : extracted value ([name3_1_] : [VARCHAR]) - [안녕 세차장]
2023-11-10 21:23:53.388 TRACE 87122 --- [    Test worker] o.h.type.descriptor.sql.BasicExtractor   : extracted value ([price4_1_] : [INTEGER]) - [11000]
2023-11-10 21:23:53.388 TRACE 87122 --- [    Test worker] o.h.type.descriptor.sql.BasicExtractor   : extracted value ([rate5_1_] : [DOUBLE]) - [4.5]
2023-11-10 21:23:53.388 TRACE 87122 --- [    Test worker] o.h.type.descriptor.sql.BasicExtractor   : extracted value ([tel6_1_] : [VARCHAR]) - [062-1234-1111]
2023-11-10 21:23:53.388 TRACE 87122 --- [    Test worker] o.h.type.descriptor.sql.BasicExtractor   : extracted value ([id1_1_] : [BIGINT]) - [58]
2023-11-10 21:23:53.388 TRACE 87122 --- [    Test worker] o.h.type.descriptor.sql.BasicExtractor   : extracted value ([des2_1_] : [VARCHAR]) - [와주세요]
2023-11-10 21:23:53.388 TRACE 87122 --- [    Test worker] o.h.type.descriptor.sql.BasicExtractor   : extracted value ([l_id7_1_] : [BIGINT]) - [2]
2023-11-10 21:23:53.388 TRACE 87122 --- [    Test worker] o.h.type.descriptor.sql.BasicExtractor   : extracted value ([m_id8_1_] : [BIGINT]) - [2]
2023-11-10 21:23:53.388 TRACE 87122 --- [    Test worker] o.h.type.descriptor.sql.BasicExtractor   : extracted value ([name3_1_] : [VARCHAR]) - [반짝 세차장]
2023-11-10 21:23:53.388 TRACE 87122 --- [    Test worker] o.h.type.descriptor.sql.BasicExtractor   : extracted value ([price4_1_] : [INTEGER]) - [9500]
2023-11-10 21:23:53.388 TRACE 87122 --- [    Test worker] o.h.type.descriptor.sql.BasicExtractor   : extracted value ([rate5_1_] : [DOUBLE]) - [4.1]
2023-11-10 21:23:53.388 TRACE 87122 --- [    Test worker] o.h.type.descriptor.sql.BasicExtractor   : extracted value ([tel6_1_] : [VARCHAR]) - [062-1234-2222]
2023-11-10 21:23:53.388 TRACE 87122 --- [    Test worker] o.h.type.descriptor.sql.BasicExtractor   : extracted value ([id1_1_] : [BIGINT]) - [59]
2023-11-10 21:23:53.388 TRACE 87122 --- [    Test worker] o.h.type.descriptor.sql.BasicExtractor   : extracted value ([des2_1_] : [VARCHAR]) - [베이가 넓어요]
2023-11-10 21:23:53.388 TRACE 87122 --- [    Test worker] o.h.type.descriptor.sql.BasicExtractor   : extracted value ([l_id7_1_] : [BIGINT]) - [34]
2023-11-10 21:23:53.388 TRACE 87122 --- [    Test worker] o.h.type.descriptor.sql.BasicExtractor   : extracted value ([m_id8_1_] : [BIGINT]) - [2]
2023-11-10 21:23:53.388 TRACE 87122 --- [    Test worker] o.h.type.descriptor.sql.BasicExtractor   : extracted value ([name3_1_] : [VARCHAR]) - [맑은 세차장]
2023-11-10 21:23:53.388 TRACE 87122 --- [    Test worker] o.h.type.descriptor.sql.BasicExtractor   : extracted value ([price4_1_] : [INTEGER]) - [13000]
2023-11-10 21:23:53.388 TRACE 87122 --- [    Test worker] o.h.type.descriptor.sql.BasicExtractor   : extracted value ([rate5_1_] : [DOUBLE]) - [4.9]
2023-11-10 21:23:53.388 TRACE 87122 --- [    Test worker] o.h.type.descriptor.sql.BasicExtractor   : extracted value ([tel6_1_] : [VARCHAR]) - [062-1234-3333]
2023-11-10 21:23:53.388 TRACE 87122 --- [    Test worker] o.h.type.descriptor.sql.BasicExtractor   : extracted value ([id1_1_] : [BIGINT]) - [60]
2023-11-10 21:23:53.388 TRACE 87122 --- [    Test worker] o.h.type.descriptor.sql.BasicExtractor   : extracted value ([des2_1_] : [VARCHAR]) - [테스트 설명]
2023-11-10 21:23:53.388 TRACE 87122 --- [    Test worker] o.h.type.descriptor.sql.BasicExtractor   : extracted value ([l_id7_1_] : [BIGINT]) - [57]
2023-11-10 21:23:53.388 TRACE 87122 --- [    Test worker] o.h.type.descriptor.sql.BasicExtractor   : extracted value ([m_id8_1_] : [BIGINT]) - [2]
2023-11-10 21:23:53.388 TRACE 87122 --- [    Test worker] o.h.type.descriptor.sql.BasicExtractor   : extracted value ([name3_1_] : [VARCHAR]) - [아이 세차장]
2023-11-10 21:23:53.388 TRACE 87122 --- [    Test worker] o.h.type.descriptor.sql.BasicExtractor   : extracted value ([price4_1_] : [INTEGER]) - [100]
2023-11-10 21:23:53.388 TRACE 87122 --- [    Test worker] o.h.type.descriptor.sql.BasicExtractor   : extracted value ([rate5_1_] : [DOUBLE]) - [0.0]
2023-11-10 21:23:53.388 TRACE 87122 --- [    Test worker] o.h.type.descriptor.sql.BasicExtractor   : extracted value ([tel6_1_] : [VARCHAR]) - [01012345678]
2023-11-10 21:23:53.388 TRACE 87122 --- [    Test worker] o.h.type.descriptor.sql.BasicExtractor   : extracted value ([id1_1_] : [BIGINT]) - [61]
2023-11-10 21:23:53.388 TRACE 87122 --- [    Test worker] o.h.type.descriptor.sql.BasicExtractor   : extracted value ([des2_1_] : [VARCHAR]) - [테스트 설명]
2023-11-10 21:23:53.388 TRACE 87122 --- [    Test worker] o.h.type.descriptor.sql.BasicExtractor   : extracted value ([l_id7_1_] : [BIGINT]) - [58]
2023-11-10 21:23:53.388 TRACE 87122 --- [    Test worker] o.h.type.descriptor.sql.BasicExtractor   : extracted value ([m_id8_1_] : [BIGINT]) - [2]
2023-11-10 21:23:53.388 TRACE 87122 --- [    Test worker] o.h.type.descriptor.sql.BasicExtractor   : extracted value ([name3_1_] : [VARCHAR]) - [아이 세차장]
2023-11-10 21:23:53.388 TRACE 87122 --- [    Test worker] o.h.type.descriptor.sql.BasicExtractor   : extracted value ([price4_1_] : [INTEGER]) - [100]
2023-11-10 21:23:53.388 TRACE 87122 --- [    Test worker] o.h.type.descriptor.sql.BasicExtractor   : extracted value ([rate5_1_] : [DOUBLE]) - [0.0]
2023-11-10 21:23:53.388 TRACE 87122 --- [    Test worker] o.h.type.descriptor.sql.BasicExtractor   : extracted value ([tel6_1_] : [VARCHAR]) - [01012345678]
2023-11-10 21:23:53.388 TRACE 87122 --- [    Test worker] o.h.type.descriptor.sql.BasicExtractor   : extracted value ([id1_1_] : [BIGINT]) - [62]
2023-11-10 21:23:53.388 TRACE 87122 --- [    Test worker] o.h.type.descriptor.sql.BasicExtractor   : extracted value ([des2_1_] : [VARCHAR]) - [테스트 설명]
2023-11-10 21:23:53.388 TRACE 87122 --- [    Test worker] o.h.type.descriptor.sql.BasicExtractor   : extracted value ([l_id7_1_] : [BIGINT]) - [59]
2023-11-10 21:23:53.388 TRACE 87122 --- [    Test worker] o.h.type.descriptor.sql.BasicExtractor   : extracted value ([m_id8_1_] : [BIGINT]) - [2]
2023-11-10 21:23:53.388 TRACE 87122 --- [    Test worker] o.h.type.descriptor.sql.BasicExtractor   : extracted value ([name3_1_] : [VARCHAR]) - [아이 세차장]
2023-11-10 21:23:53.388 TRACE 87122 --- [    Test worker] o.h.type.descriptor.sql.BasicExtractor   : extracted value ([price4_1_] : [INTEGER]) - [100]
2023-11-10 21:23:53.388 TRACE 87122 --- [    Test worker] o.h.type.descriptor.sql.BasicExtractor   : extracted value ([rate5_1_] : [DOUBLE]) - [0.0]
2023-11-10 21:23:53.388 TRACE 87122 --- [    Test worker] o.h.type.descriptor.sql.BasicExtractor   : extracted value ([tel6_1_] : [VARCHAR]) - [01012345678]
2023-11-10 21:23:53.388 TRACE 87122 --- [    Test worker] o.h.type.descriptor.sql.BasicExtractor   : extracted value ([id1_1_] : [BIGINT]) - [63]
2023-11-10 21:23:53.388 TRACE 87122 --- [    Test worker] o.h.type.descriptor.sql.BasicExtractor   : extracted value ([des2_1_] : [VARCHAR]) - [테스트 설명]
2023-11-10 21:23:53.388 TRACE 87122 --- [    Test worker] o.h.type.descriptor.sql.BasicExtractor   : extracted value ([l_id7_1_] : [BIGINT]) - [60]
2023-11-10 21:23:53.388 TRACE 87122 --- [    Test worker] o.h.type.descriptor.sql.BasicExtractor   : extracted value ([m_id8_1_] : [BIGINT]) - [2]
2023-11-10 21:23:53.388 TRACE 87122 --- [    Test worker] o.h.type.descriptor.sql.BasicExtractor   : extracted value ([name3_1_] : [VARCHAR]) - [아이 세차장]
2023-11-10 21:23:53.388 TRACE 87122 --- [    Test worker] o.h.type.descriptor.sql.BasicExtractor   : extracted value ([price4_1_] : [INTEGER]) - [100]
2023-11-10 21:23:53.388 TRACE 87122 --- [    Test worker] o.h.type.descriptor.sql.BasicExtractor   : extracted value ([rate5_1_] : [DOUBLE]) - [0.0]
2023-11-10 21:23:53.388 TRACE 87122 --- [    Test worker] o.h.type.descriptor.sql.BasicExtractor   : extracted value ([tel6_1_] : [VARCHAR]) - [01012345678]
2023-11-10 21:23:53.388 TRACE 87122 --- [    Test worker] o.h.type.descriptor.sql.BasicExtractor   : extracted value ([id1_1_] : [BIGINT]) - [64]
2023-11-10 21:23:53.388 TRACE 87122 --- [    Test worker] o.h.type.descriptor.sql.BasicExtractor   : extracted value ([des2_1_] : [VARCHAR]) - [테스트 설명]
2023-11-10 21:23:53.388 TRACE 87122 --- [    Test worker] o.h.type.descriptor.sql.BasicExtractor   : extracted value ([l_id7_1_] : [BIGINT]) - [61]
2023-11-10 21:23:53.388 TRACE 87122 --- [    Test worker] o.h.type.descriptor.sql.BasicExtractor   : extracted value ([m_id8_1_] : [BIGINT]) - [2]
2023-11-10 21:23:53.388 TRACE 87122 --- [    Test worker] o.h.type.descriptor.sql.BasicExtractor   : extracted value ([name3_1_] : [VARCHAR]) - [아이 세차장]
2023-11-10 21:23:53.388 TRACE 87122 --- [    Test worker] o.h.type.descriptor.sql.BasicExtractor   : extracted value ([price4_1_] : [INTEGER]) - [100]
2023-11-10 21:23:53.388 TRACE 87122 --- [    Test worker] o.h.type.descriptor.sql.BasicExtractor   : extracted value ([rate5_1_] : [DOUBLE]) - [0.0]
2023-11-10 21:23:53.388 TRACE 87122 --- [    Test worker] o.h.type.descriptor.sql.BasicExtractor   : extracted value ([tel6_1_] : [VARCHAR]) - [01012345678]
2023-11-10 21:23:53.388 TRACE 87122 --- [    Test worker] o.h.type.descriptor.sql.BasicExtractor   : extracted value ([id1_1_] : [BIGINT]) - [65]
2023-11-10 21:23:53.388 TRACE 87122 --- [    Test worker] o.h.type.descriptor.sql.BasicExtractor   : extracted value ([des2_1_] : [VARCHAR]) - [테스트 설명]
2023-11-10 21:23:53.388 TRACE 87122 --- [    Test worker] o.h.type.descriptor.sql.BasicExtractor   : extracted value ([l_id7_1_] : [BIGINT]) - [62]
2023-11-10 21:23:53.388 TRACE 87122 --- [    Test worker] o.h.type.descriptor.sql.BasicExtractor   : extracted value ([m_id8_1_] : [BIGINT]) - [2]
2023-11-10 21:23:53.388 TRACE 87122 --- [    Test worker] o.h.type.descriptor.sql.BasicExtractor   : extracted value ([name3_1_] : [VARCHAR]) - [아이 세차장]
2023-11-10 21:23:53.388 TRACE 87122 --- [    Test worker] o.h.type.descriptor.sql.BasicExtractor   : extracted value ([price4_1_] : [INTEGER]) - [100]
2023-11-10 21:23:53.388 TRACE 87122 --- [    Test worker] o.h.type.descriptor.sql.BasicExtractor   : extracted value ([rate5_1_] : [DOUBLE]) - [0.0]
2023-11-10 21:23:53.388 TRACE 87122 --- [    Test worker] o.h.type.descriptor.sql.BasicExtractor   : extracted value ([tel6_1_] : [VARCHAR]) - [01012345678]
2023-11-10 21:23:53.388 TRACE 87122 --- [    Test worker] o.h.type.descriptor.sql.BasicExtractor   : extracted value ([id1_1_] : [BIGINT]) - [66]
2023-11-10 21:23:53.388 TRACE 87122 --- [    Test worker] o.h.type.descriptor.sql.BasicExtractor   : extracted value ([des2_1_] : [VARCHAR]) - [테스트 설명]
2023-11-10 21:23:53.388 TRACE 87122 --- [    Test worker] o.h.type.descriptor.sql.BasicExtractor   : extracted value ([l_id7_1_] : [BIGINT]) - [63]
2023-11-10 21:23:53.388 TRACE 87122 --- [    Test worker] o.h.type.descriptor.sql.BasicExtractor   : extracted value ([m_id8_1_] : [BIGINT]) - [2]
2023-11-10 21:23:53.388 TRACE 87122 --- [    Test worker] o.h.type.descriptor.sql.BasicExtractor   : extracted value ([name3_1_] : [VARCHAR]) - [아이 세차장]
2023-11-10 21:23:53.388 TRACE 87122 --- [    Test worker] o.h.type.descriptor.sql.BasicExtractor   : extracted value ([price4_1_] : [INTEGER]) - [100]
2023-11-10 21:23:53.388 TRACE 87122 --- [    Test worker] o.h.type.descriptor.sql.BasicExtractor   : extracted value ([rate5_1_] : [DOUBLE]) - [0.0]
2023-11-10 21:23:53.388 TRACE 87122 --- [    Test worker] o.h.type.descriptor.sql.BasicExtractor   : extracted value ([tel6_1_] : [VARCHAR]) - [01012345678]
2023-11-10 21:23:53.388 TRACE 87122 --- [    Test worker] o.h.type.descriptor.sql.BasicExtractor   : extracted value ([id1_1_] : [BIGINT]) - [67]
2023-11-10 21:23:53.388 TRACE 87122 --- [    Test worker] o.h.type.descriptor.sql.BasicExtractor   : extracted value ([des2_1_] : [VARCHAR]) - [테스트 설명]
2023-11-10 21:23:53.389 TRACE 87122 --- [    Test worker] o.h.type.descriptor.sql.BasicExtractor   : extracted value ([l_id7_1_] : [BIGINT]) - [64]
2023-11-10 21:23:53.389 TRACE 87122 --- [    Test worker] o.h.type.descriptor.sql.BasicExtractor   : extracted value ([m_id8_1_] : [BIGINT]) - [2]
2023-11-10 21:23:53.389 TRACE 87122 --- [    Test worker] o.h.type.descriptor.sql.BasicExtractor   : extracted value ([name3_1_] : [VARCHAR]) - [아이 세차장]
2023-11-10 21:23:53.389 TRACE 87122 --- [    Test worker] o.h.type.descriptor.sql.BasicExtractor   : extracted value ([price4_1_] : [INTEGER]) - [100]
2023-11-10 21:23:53.389 TRACE 87122 --- [    Test worker] o.h.type.descriptor.sql.BasicExtractor   : extracted value ([rate5_1_] : [DOUBLE]) - [0.0]
2023-11-10 21:23:53.389 TRACE 87122 --- [    Test worker] o.h.type.descriptor.sql.BasicExtractor   : extracted value ([tel6_1_] : [VARCHAR]) - [01012345678]
2023-11-10 21:23:53.389 TRACE 87122 --- [    Test worker] o.h.type.descriptor.sql.BasicExtractor   : extracted value ([id1_1_] : [BIGINT]) - [68]
2023-11-10 21:23:53.389 TRACE 87122 --- [    Test worker] o.h.type.descriptor.sql.BasicExtractor   : extracted value ([des2_1_] : [VARCHAR]) - [테스트 설명]
2023-11-10 21:23:53.389 TRACE 87122 --- [    Test worker] o.h.type.descriptor.sql.BasicExtractor   : extracted value ([l_id7_1_] : [BIGINT]) - [65]
2023-11-10 21:23:53.389 TRACE 87122 --- [    Test worker] o.h.type.descriptor.sql.BasicExtractor   : extracted value ([m_id8_1_] : [BIGINT]) - [2]
2023-11-10 21:23:53.389 TRACE 87122 --- [    Test worker] o.h.type.descriptor.sql.BasicExtractor   : extracted value ([name3_1_] : [VARCHAR]) - [아이 세차장]
2023-11-10 21:23:53.389 TRACE 87122 --- [    Test worker] o.h.type.descriptor.sql.BasicExtractor   : extracted value ([price4_1_] : [INTEGER]) - [100]
2023-11-10 21:23:53.389 TRACE 87122 --- [    Test worker] o.h.type.descriptor.sql.BasicExtractor   : extracted value ([rate5_1_] : [DOUBLE]) - [0.0]
2023-11-10 21:23:53.389 TRACE 87122 --- [    Test worker] o.h.type.descriptor.sql.BasicExtractor   : extracted value ([tel6_1_] : [VARCHAR]) - [01012345678]
2023-11-10 21:23:53.389 TRACE 87122 --- [    Test worker] o.h.type.descriptor.sql.BasicExtractor   : extracted value ([id1_1_] : [BIGINT]) - [69]
2023-11-10 21:23:53.389 TRACE 87122 --- [    Test worker] o.h.type.descriptor.sql.BasicExtractor   : extracted value ([des2_1_] : [VARCHAR]) - [테스트 설명]
2023-11-10 21:23:53.389 TRACE 87122 --- [    Test worker] o.h.type.descriptor.sql.BasicExtractor   : extracted value ([l_id7_1_] : [BIGINT]) - [66]
2023-11-10 21:23:53.389 TRACE 87122 --- [    Test worker] o.h.type.descriptor.sql.BasicExtractor   : extracted value ([m_id8_1_] : [BIGINT]) - [2]
2023-11-10 21:23:53.389 TRACE 87122 --- [    Test worker] o.h.type.descriptor.sql.BasicExtractor   : extracted value ([name3_1_] : [VARCHAR]) - [아이 세차장]
2023-11-10 21:23:53.389 TRACE 87122 --- [    Test worker] o.h.type.descriptor.sql.BasicExtractor   : extracted value ([price4_1_] : [INTEGER]) - [100]
2023-11-10 21:23:53.389 TRACE 87122 --- [    Test worker] o.h.type.descriptor.sql.BasicExtractor   : extracted value ([rate5_1_] : [DOUBLE]) - [0.0]
2023-11-10 21:23:53.389 TRACE 87122 --- [    Test worker] o.h.type.descriptor.sql.BasicExtractor   : extracted value ([tel6_1_] : [VARCHAR]) - [01012345678]
2023-11-10 21:23:53.389 TRACE 87122 --- [    Test worker] o.h.type.descriptor.sql.BasicExtractor   : extracted value ([id1_1_] : [BIGINT]) - [70]
2023-11-10 21:23:53.389 TRACE 87122 --- [    Test worker] o.h.type.descriptor.sql.BasicExtractor   : extracted value ([des2_1_] : [VARCHAR]) - [테스트 설명]
2023-11-10 21:23:53.389 TRACE 87122 --- [    Test worker] o.h.type.descriptor.sql.BasicExtractor   : extracted value ([l_id7_1_] : [BIGINT]) - [67]
2023-11-10 21:23:53.389 TRACE 87122 --- [    Test worker] o.h.type.descriptor.sql.BasicExtractor   : extracted value ([m_id8_1_] : [BIGINT]) - [2]
2023-11-10 21:23:53.389 TRACE 87122 --- [    Test worker] o.h.type.descriptor.sql.BasicExtractor   : extracted value ([name3_1_] : [VARCHAR]) - [아이 세차장]
2023-11-10 21:23:53.389 TRACE 87122 --- [    Test worker] o.h.type.descriptor.sql.BasicExtractor   : extracted value ([price4_1_] : [INTEGER]) - [100]
2023-11-10 21:23:53.389 TRACE 87122 --- [    Test worker] o.h.type.descriptor.sql.BasicExtractor   : extracted value ([rate5_1_] : [DOUBLE]) - [0.0]
2023-11-10 21:23:53.389 TRACE 87122 --- [    Test worker] o.h.type.descriptor.sql.BasicExtractor   : extracted value ([tel6_1_] : [VARCHAR]) - [01012345678]
2023-11-10 21:23:53.389 TRACE 87122 --- [    Test worker] o.h.type.descriptor.sql.BasicExtractor   : extracted value ([id1_1_] : [BIGINT]) - [71]
2023-11-10 21:23:53.389 TRACE 87122 --- [    Test worker] o.h.type.descriptor.sql.BasicExtractor   : extracted value ([des2_1_] : [VARCHAR]) - [테스트 설명]
2023-11-10 21:23:53.389 TRACE 87122 --- [    Test worker] o.h.type.descriptor.sql.BasicExtractor   : extracted value ([l_id7_1_] : [BIGINT]) - [68]
2023-11-10 21:23:53.389 TRACE 87122 --- [    Test worker] o.h.type.descriptor.sql.BasicExtractor   : extracted value ([m_id8_1_] : [BIGINT]) - [2]
2023-11-10 21:23:53.389 TRACE 87122 --- [    Test worker] o.h.type.descriptor.sql.BasicExtractor   : extracted value ([name3_1_] : [VARCHAR]) - [아이 세차장]
2023-11-10 21:23:53.389 TRACE 87122 --- [    Test worker] o.h.type.descriptor.sql.BasicExtractor   : extracted value ([price4_1_] : [INTEGER]) - [100]
2023-11-10 21:23:53.389 TRACE 87122 --- [    Test worker] o.h.type.descriptor.sql.BasicExtractor   : extracted value ([rate5_1_] : [DOUBLE]) - [0.0]
2023-11-10 21:23:53.389 TRACE 87122 --- [    Test worker] o.h.type.descriptor.sql.BasicExtractor   : extracted value ([tel6_1_] : [VARCHAR]) - [01012345678]
2023-11-10 21:23:53.389 TRACE 87122 --- [    Test worker] o.h.type.descriptor.sql.BasicExtractor   : extracted value ([id1_1_] : [BIGINT]) - [72]
2023-11-10 21:23:53.389 TRACE 87122 --- [    Test worker] o.h.type.descriptor.sql.BasicExtractor   : extracted value ([des2_1_] : [VARCHAR]) - [테스트 설명]
2023-11-10 21:23:53.389 TRACE 87122 --- [    Test worker] o.h.type.descriptor.sql.BasicExtractor   : extracted value ([l_id7_1_] : [BIGINT]) - [69]
2023-11-10 21:23:53.389 TRACE 87122 --- [    Test worker] o.h.type.descriptor.sql.BasicExtractor   : extracted value ([m_id8_1_] : [BIGINT]) - [2]
2023-11-10 21:23:53.389 TRACE 87122 --- [    Test worker] o.h.type.descriptor.sql.BasicExtractor   : extracted value ([name3_1_] : [VARCHAR]) - [아이 세차장]
2023-11-10 21:23:53.389 TRACE 87122 --- [    Test worker] o.h.type.descriptor.sql.BasicExtractor   : extracted value ([price4_1_] : [INTEGER]) - [100]
2023-11-10 21:23:53.389 TRACE 87122 --- [    Test worker] o.h.type.descriptor.sql.BasicExtractor   : extracted value ([rate5_1_] : [DOUBLE]) - [0.0]
2023-11-10 21:23:53.389 TRACE 87122 --- [    Test worker] o.h.type.descriptor.sql.BasicExtractor   : extracted value ([tel6_1_] : [VARCHAR]) - [01012345678]
2023-11-10 21:23:53.389 TRACE 87122 --- [    Test worker] o.h.type.descriptor.sql.BasicExtractor   : extracted value ([id1_1_] : [BIGINT]) - [73]
2023-11-10 21:23:53.389 TRACE 87122 --- [    Test worker] o.h.type.descriptor.sql.BasicExtractor   : extracted value ([des2_1_] : [VARCHAR]) - [테스트 설명]
2023-11-10 21:23:53.389 TRACE 87122 --- [    Test worker] o.h.type.descriptor.sql.BasicExtractor   : extracted value ([l_id7_1_] : [BIGINT]) - [70]
2023-11-10 21:23:53.389 TRACE 87122 --- [    Test worker] o.h.type.descriptor.sql.BasicExtractor   : extracted value ([m_id8_1_] : [BIGINT]) - [2]
2023-11-10 21:23:53.389 TRACE 87122 --- [    Test worker] o.h.type.descriptor.sql.BasicExtractor   : extracted value ([name3_1_] : [VARCHAR]) - [아이 세차장]
2023-11-10 21:23:53.389 TRACE 87122 --- [    Test worker] o.h.type.descriptor.sql.BasicExtractor   : extracted value ([price4_1_] : [INTEGER]) - [100]
2023-11-10 21:23:53.389 TRACE 87122 --- [    Test worker] o.h.type.descriptor.sql.BasicExtractor   : extracted value ([rate5_1_] : [DOUBLE]) - [0.0]
2023-11-10 21:23:53.389 TRACE 87122 --- [    Test worker] o.h.type.descriptor.sql.BasicExtractor   : extracted value ([tel6_1_] : [VARCHAR]) - [01012345678]
2023-11-10 21:23:53.389 TRACE 87122 --- [    Test worker] o.h.type.descriptor.sql.BasicExtractor   : extracted value ([id1_1_] : [BIGINT]) - [75]
2023-11-10 21:23:53.389 TRACE 87122 --- [    Test worker] o.h.type.descriptor.sql.BasicExtractor   : extracted value ([des2_1_] : [VARCHAR]) - [테스트 설명]
2023-11-10 21:23:53.389 TRACE 87122 --- [    Test worker] o.h.type.descriptor.sql.BasicExtractor   : extracted value ([l_id7_1_] : [BIGINT]) - [72]
2023-11-10 21:23:53.389 TRACE 87122 --- [    Test worker] o.h.type.descriptor.sql.BasicExtractor   : extracted value ([m_id8_1_] : [BIGINT]) - [2]
2023-11-10 21:23:53.389 TRACE 87122 --- [    Test worker] o.h.type.descriptor.sql.BasicExtractor   : extracted value ([name3_1_] : [VARCHAR]) - [아이 세차장]
2023-11-10 21:23:53.389 TRACE 87122 --- [    Test worker] o.h.type.descriptor.sql.BasicExtractor   : extracted value ([price4_1_] : [INTEGER]) - [100]
2023-11-10 21:23:53.389 TRACE 87122 --- [    Test worker] o.h.type.descriptor.sql.BasicExtractor   : extracted value ([rate5_1_] : [DOUBLE]) - [0.0]
2023-11-10 21:23:53.389 TRACE 87122 --- [    Test worker] o.h.type.descriptor.sql.BasicExtractor   : extracted value ([tel6_1_] : [VARCHAR]) - [01012345678]
2023-11-10 21:23:53.389 TRACE 87122 --- [    Test worker] o.h.type.descriptor.sql.BasicExtractor   : extracted value ([id1_1_] : [BIGINT]) - [76]
2023-11-10 21:23:53.389 TRACE 87122 --- [    Test worker] o.h.type.descriptor.sql.BasicExtractor   : extracted value ([des2_1_] : [VARCHAR]) - [테스트 설명]
2023-11-10 21:23:53.389 TRACE 87122 --- [    Test worker] o.h.type.descriptor.sql.BasicExtractor   : extracted value ([l_id7_1_] : [BIGINT]) - [73]
2023-11-10 21:23:53.389 TRACE 87122 --- [    Test worker] o.h.type.descriptor.sql.BasicExtractor   : extracted value ([m_id8_1_] : [BIGINT]) - [2]
2023-11-10 21:23:53.389 TRACE 87122 --- [    Test worker] o.h.type.descriptor.sql.BasicExtractor   : extracted value ([name3_1_] : [VARCHAR]) - [아이 세차장]
2023-11-10 21:23:53.389 TRACE 87122 --- [    Test worker] o.h.type.descriptor.sql.BasicExtractor   : extracted value ([price4_1_] : [INTEGER]) - [100]
2023-11-10 21:23:53.389 TRACE 87122 --- [    Test worker] o.h.type.descriptor.sql.BasicExtractor   : extracted value ([rate5_1_] : [DOUBLE]) - [0.0]
2023-11-10 21:23:53.389 TRACE 87122 --- [    Test worker] o.h.type.descriptor.sql.BasicExtractor   : extracted value ([tel6_1_] : [VARCHAR]) - [01012345678]
2023-11-10 21:23:53.389 TRACE 87122 --- [    Test worker] o.h.type.descriptor.sql.BasicExtractor   : extracted value ([id1_1_] : [BIGINT]) - [77]
2023-11-10 21:23:53.389 TRACE 87122 --- [    Test worker] o.h.type.descriptor.sql.BasicExtractor   : extracted value ([des2_1_] : [VARCHAR]) - [테스트 설명]
2023-11-10 21:23:53.389 TRACE 87122 --- [    Test worker] o.h.type.descriptor.sql.BasicExtractor   : extracted value ([l_id7_1_] : [BIGINT]) - [74]
2023-11-10 21:23:53.389 TRACE 87122 --- [    Test worker] o.h.type.descriptor.sql.BasicExtractor   : extracted value ([m_id8_1_] : [BIGINT]) - [2]
2023-11-10 21:23:53.389 TRACE 87122 --- [    Test worker] o.h.type.descriptor.sql.BasicExtractor   : extracted value ([name3_1_] : [VARCHAR]) - [아이 세차장]
2023-11-10 21:23:53.389 TRACE 87122 --- [    Test worker] o.h.type.descriptor.sql.BasicExtractor   : extracted value ([price4_1_] : [INTEGER]) - [100]
2023-11-10 21:23:53.389 TRACE 87122 --- [    Test worker] o.h.type.descriptor.sql.BasicExtractor   : extracted value ([rate5_1_] : [DOUBLE]) - [0.0]
2023-11-10 21:23:53.389 TRACE 87122 --- [    Test worker] o.h.type.descriptor.sql.BasicExtractor   : extracted value ([tel6_1_] : [VARCHAR]) - [01012345678]
2023-11-10 21:23:53.389 TRACE 87122 --- [    Test worker] o.h.type.descriptor.sql.BasicExtractor   : extracted value ([id1_1_] : [BIGINT]) - [78]
2023-11-10 21:23:53.389 TRACE 87122 --- [    Test worker] o.h.type.descriptor.sql.BasicExtractor   : extracted value ([des2_1_] : [VARCHAR]) - [테스트 설명]
2023-11-10 21:23:53.389 TRACE 87122 --- [    Test worker] o.h.type.descriptor.sql.BasicExtractor   : extracted value ([l_id7_1_] : [BIGINT]) - [75]
2023-11-10 21:23:53.389 TRACE 87122 --- [    Test worker] o.h.type.descriptor.sql.BasicExtractor   : extracted value ([m_id8_1_] : [BIGINT]) - [2]
2023-11-10 21:23:53.389 TRACE 87122 --- [    Test worker] o.h.type.descriptor.sql.BasicExtractor   : extracted value ([name3_1_] : [VARCHAR]) - [아이 세차장]
2023-11-10 21:23:53.389 TRACE 87122 --- [    Test worker] o.h.type.descriptor.sql.BasicExtractor   : extracted value ([price4_1_] : [INTEGER]) - [100]
2023-11-10 21:23:53.389 TRACE 87122 --- [    Test worker] o.h.type.descriptor.sql.BasicExtractor   : extracted value ([rate5_1_] : [DOUBLE]) - [0.0]
2023-11-10 21:23:53.389 TRACE 87122 --- [    Test worker] o.h.type.descriptor.sql.BasicExtractor   : extracted value ([tel6_1_] : [VARCHAR]) - [01012345678]
2023-11-10 21:23:53.389 TRACE 87122 --- [    Test worker] o.h.type.descriptor.sql.BasicExtractor   : extracted value ([id1_1_] : [BIGINT]) - [79]
2023-11-10 21:23:53.389 TRACE 87122 --- [    Test worker] o.h.type.descriptor.sql.BasicExtractor   : extracted value ([des2_1_] : [VARCHAR]) - [테스트 설명]
2023-11-10 21:23:53.389 TRACE 87122 --- [    Test worker] o.h.type.descriptor.sql.BasicExtractor   : extracted value ([l_id7_1_] : [BIGINT]) - [76]
2023-11-10 21:23:53.389 TRACE 87122 --- [    Test worker] o.h.type.descriptor.sql.BasicExtractor   : extracted value ([m_id8_1_] : [BIGINT]) - [2]
2023-11-10 21:23:53.389 TRACE 87122 --- [    Test worker] o.h.type.descriptor.sql.BasicExtractor   : extracted value ([name3_1_] : [VARCHAR]) - [아이 세차장]
2023-11-10 21:23:53.389 TRACE 87122 --- [    Test worker] o.h.type.descriptor.sql.BasicExtractor   : extracted value ([price4_1_] : [INTEGER]) - [100]
2023-11-10 21:23:53.389 TRACE 87122 --- [    Test worker] o.h.type.descriptor.sql.BasicExtractor   : extracted value ([rate5_1_] : [DOUBLE]) - [0.0]
2023-11-10 21:23:53.389 TRACE 87122 --- [    Test worker] o.h.type.descriptor.sql.BasicExtractor   : extracted value ([tel6_1_] : [VARCHAR]) - [01012345678]
2023-11-10 21:23:53.389 TRACE 87122 --- [    Test worker] o.h.type.descriptor.sql.BasicExtractor   : extracted value ([id1_1_] : [BIGINT]) - [80]
2023-11-10 21:23:53.390 TRACE 87122 --- [    Test worker] o.h.type.descriptor.sql.BasicExtractor   : extracted value ([des2_1_] : [VARCHAR]) - [테스트 설명]
2023-11-10 21:23:53.390 TRACE 87122 --- [    Test worker] o.h.type.descriptor.sql.BasicExtractor   : extracted value ([l_id7_1_] : [BIGINT]) - [77]
2023-11-10 21:23:53.390 TRACE 87122 --- [    Test worker] o.h.type.descriptor.sql.BasicExtractor   : extracted value ([m_id8_1_] : [BIGINT]) - [2]
2023-11-10 21:23:53.390 TRACE 87122 --- [    Test worker] o.h.type.descriptor.sql.BasicExtractor   : extracted value ([name3_1_] : [VARCHAR]) - [아이 세차장]
2023-11-10 21:23:53.390 TRACE 87122 --- [    Test worker] o.h.type.descriptor.sql.BasicExtractor   : extracted value ([price4_1_] : [INTEGER]) - [100]
2023-11-10 21:23:53.390 TRACE 87122 --- [    Test worker] o.h.type.descriptor.sql.BasicExtractor   : extracted value ([rate5_1_] : [DOUBLE]) - [0.0]
2023-11-10 21:23:53.390 TRACE 87122 --- [    Test worker] o.h.type.descriptor.sql.BasicExtractor   : extracted value ([tel6_1_] : [VARCHAR]) - [01012345678]
2023-11-10 21:23:53.390 TRACE 87122 --- [    Test worker] o.h.type.descriptor.sql.BasicExtractor   : extracted value ([id1_1_] : [BIGINT]) - [83]
2023-11-10 21:23:53.390 TRACE 87122 --- [    Test worker] o.h.type.descriptor.sql.BasicExtractor   : extracted value ([des2_1_] : [VARCHAR]) - [테스트 설명]
2023-11-10 21:23:53.390 TRACE 87122 --- [    Test worker] o.h.type.descriptor.sql.BasicExtractor   : extracted value ([l_id7_1_] : [BIGINT]) - [80]
2023-11-10 21:23:53.390 TRACE 87122 --- [    Test worker] o.h.type.descriptor.sql.BasicExtractor   : extracted value ([m_id8_1_] : [BIGINT]) - [2]
2023-11-10 21:23:53.390 TRACE 87122 --- [    Test worker] o.h.type.descriptor.sql.BasicExtractor   : extracted value ([name3_1_] : [VARCHAR]) - [아이 세차장]
2023-11-10 21:23:53.390 TRACE 87122 --- [    Test worker] o.h.type.descriptor.sql.BasicExtractor   : extracted value ([price4_1_] : [INTEGER]) - [100]
2023-11-10 21:23:53.390 TRACE 87122 --- [    Test worker] o.h.type.descriptor.sql.BasicExtractor   : extracted value ([rate5_1_] : [DOUBLE]) - [0.0]
2023-11-10 21:23:53.390 TRACE 87122 --- [    Test worker] o.h.type.descriptor.sql.BasicExtractor   : extracted value ([tel6_1_] : [VARCHAR]) - [01012345678]
2023-11-10 21:23:53.390 TRACE 87122 --- [    Test worker] o.h.type.descriptor.sql.BasicExtractor   : extracted value ([id1_1_] : [BIGINT]) - [90]
2023-11-10 21:23:53.390 TRACE 87122 --- [    Test worker] o.h.type.descriptor.sql.BasicExtractor   : extracted value ([des2_1_] : [VARCHAR]) - [테스트 설명]
2023-11-10 21:23:53.390 TRACE 87122 --- [    Test worker] o.h.type.descriptor.sql.BasicExtractor   : extracted value ([l_id7_1_] : [BIGINT]) - [87]
2023-11-10 21:23:53.390 TRACE 87122 --- [    Test worker] o.h.type.descriptor.sql.BasicExtractor   : extracted value ([m_id8_1_] : [BIGINT]) - [2]
2023-11-10 21:23:53.390 TRACE 87122 --- [    Test worker] o.h.type.descriptor.sql.BasicExtractor   : extracted value ([name3_1_] : [VARCHAR]) - [아이 세차장]
2023-11-10 21:23:53.390 TRACE 87122 --- [    Test worker] o.h.type.descriptor.sql.BasicExtractor   : extracted value ([price4_1_] : [INTEGER]) - [100]
2023-11-10 21:23:53.390 TRACE 87122 --- [    Test worker] o.h.type.descriptor.sql.BasicExtractor   : extracted value ([rate5_1_] : [DOUBLE]) - [0.0]
2023-11-10 21:23:53.390 TRACE 87122 --- [    Test worker] o.h.type.descriptor.sql.BasicExtractor   : extracted value ([tel6_1_] : [VARCHAR]) - [01012345678]
2023-11-10 21:23:53.390 TRACE 87122 --- [    Test worker] o.h.type.descriptor.sql.BasicExtractor   : extracted value ([id1_1_] : [BIGINT]) - [93]
2023-11-10 21:23:53.390 TRACE 87122 --- [    Test worker] o.h.type.descriptor.sql.BasicExtractor   : extracted value ([des2_1_] : [VARCHAR]) - [테스트 설명]
2023-11-10 21:23:53.390 TRACE 87122 --- [    Test worker] o.h.type.descriptor.sql.BasicExtractor   : extracted value ([l_id7_1_] : [BIGINT]) - [90]
2023-11-10 21:23:53.390 TRACE 87122 --- [    Test worker] o.h.type.descriptor.sql.BasicExtractor   : extracted value ([m_id8_1_] : [BIGINT]) - [2]
2023-11-10 21:23:53.390 TRACE 87122 --- [    Test worker] o.h.type.descriptor.sql.BasicExtractor   : extracted value ([name3_1_] : [VARCHAR]) - [아이 세차장]
2023-11-10 21:23:53.390 TRACE 87122 --- [    Test worker] o.h.type.descriptor.sql.BasicExtractor   : extracted value ([price4_1_] : [INTEGER]) - [100]
2023-11-10 21:23:53.390 TRACE 87122 --- [    Test worker] o.h.type.descriptor.sql.BasicExtractor   : extracted value ([rate5_1_] : [DOUBLE]) - [0.0]
2023-11-10 21:23:53.390 TRACE 87122 --- [    Test worker] o.h.type.descriptor.sql.BasicExtractor   : extracted value ([tel6_1_] : [VARCHAR]) - [01012345678]
2023-11-10 21:23:53.390 TRACE 87122 --- [    Test worker] o.h.type.descriptor.sql.BasicExtractor   : extracted value ([id1_1_] : [BIGINT]) - [94]
2023-11-10 21:23:53.390 TRACE 87122 --- [    Test worker] o.h.type.descriptor.sql.BasicExtractor   : extracted value ([des2_1_] : [VARCHAR]) - [테스트 설명]
2023-11-10 21:23:53.390 TRACE 87122 --- [    Test worker] o.h.type.descriptor.sql.BasicExtractor   : extracted value ([l_id7_1_] : [BIGINT]) - [91]
2023-11-10 21:23:53.390 TRACE 87122 --- [    Test worker] o.h.type.descriptor.sql.BasicExtractor   : extracted value ([m_id8_1_] : [BIGINT]) - [2]
2023-11-10 21:23:53.390 TRACE 87122 --- [    Test worker] o.h.type.descriptor.sql.BasicExtractor   : extracted value ([name3_1_] : [VARCHAR]) - [아이 세차장]
2023-11-10 21:23:53.390 TRACE 87122 --- [    Test worker] o.h.type.descriptor.sql.BasicExtractor   : extracted value ([price4_1_] : [INTEGER]) - [100]
2023-11-10 21:23:53.390 TRACE 87122 --- [    Test worker] o.h.type.descriptor.sql.BasicExtractor   : extracted value ([rate5_1_] : [DOUBLE]) - [0.0]
2023-11-10 21:23:53.390 TRACE 87122 --- [    Test worker] o.h.type.descriptor.sql.BasicExtractor   : extracted value ([tel6_1_] : [VARCHAR]) - [01012345678]
2023-11-10 21:23:53.390 TRACE 87122 --- [    Test worker] o.h.type.descriptor.sql.BasicExtractor   : extracted value ([id1_1_] : [BIGINT]) - [95]
2023-11-10 21:23:53.390 TRACE 87122 --- [    Test worker] o.h.type.descriptor.sql.BasicExtractor   : extracted value ([des2_1_] : [VARCHAR]) - [테스트 설명]
2023-11-10 21:23:53.390 TRACE 87122 --- [    Test worker] o.h.type.descriptor.sql.BasicExtractor   : extracted value ([l_id7_1_] : [BIGINT]) - [1]
2023-11-10 21:23:53.390 TRACE 87122 --- [    Test worker] o.h.type.descriptor.sql.BasicExtractor   : extracted value ([m_id8_1_] : [BIGINT]) - [2]
2023-11-10 21:23:53.390 TRACE 87122 --- [    Test worker] o.h.type.descriptor.sql.BasicExtractor   : extracted value ([name3_1_] : [VARCHAR]) - [hey 세차장]
2023-11-10 21:23:53.390 TRACE 87122 --- [    Test worker] o.h.type.descriptor.sql.BasicExtractor   : extracted value ([price4_1_] : [INTEGER]) - [100]
2023-11-10 21:23:53.390 TRACE 87122 --- [    Test worker] o.h.type.descriptor.sql.BasicExtractor   : extracted value ([rate5_1_] : [DOUBLE]) - [0.0]
2023-11-10 21:23:53.390 TRACE 87122 --- [    Test worker] o.h.type.descriptor.sql.BasicExtractor   : extracted value ([tel6_1_] : [VARCHAR]) - [01012345678]
2023-11-10 21:23:53.390 TRACE 87122 --- [    Test worker] o.h.type.descriptor.sql.BasicExtractor   : extracted value ([id1_1_] : [BIGINT]) - [96]
2023-11-10 21:23:53.390 TRACE 87122 --- [    Test worker] o.h.type.descriptor.sql.BasicExtractor   : extracted value ([des2_1_] : [VARCHAR]) - [테스트 설명]
2023-11-10 21:23:53.390 TRACE 87122 --- [    Test worker] o.h.type.descriptor.sql.BasicExtractor   : extracted value ([l_id7_1_] : [BIGINT]) - [2]
2023-11-10 21:23:53.390 TRACE 87122 --- [    Test worker] o.h.type.descriptor.sql.BasicExtractor   : extracted value ([m_id8_1_] : [BIGINT]) - [2]
2023-11-10 21:23:53.390 TRACE 87122 --- [    Test worker] o.h.type.descriptor.sql.BasicExtractor   : extracted value ([name3_1_] : [VARCHAR]) - [hey 세차장]
2023-11-10 21:23:53.390 TRACE 87122 --- [    Test worker] o.h.type.descriptor.sql.BasicExtractor   : extracted value ([price4_1_] : [INTEGER]) - [100]
2023-11-10 21:23:53.390 TRACE 87122 --- [    Test worker] o.h.type.descriptor.sql.BasicExtractor   : extracted value ([rate5_1_] : [DOUBLE]) - [0.0]
2023-11-10 21:23:53.390 TRACE 87122 --- [    Test worker] o.h.type.descriptor.sql.BasicExtractor   : extracted value ([tel6_1_] : [VARCHAR]) - [01012345678]
2023-11-10 21:23:53.390 TRACE 87122 --- [    Test worker] o.h.type.descriptor.sql.BasicExtractor   : extracted value ([id1_1_] : [BIGINT]) - [97]
2023-11-10 21:23:53.390 TRACE 87122 --- [    Test worker] o.h.type.descriptor.sql.BasicExtractor   : extracted value ([des2_1_] : [VARCHAR]) - [테스트 설명]
2023-11-10 21:23:53.390 TRACE 87122 --- [    Test worker] o.h.type.descriptor.sql.BasicExtractor   : extracted value ([l_id7_1_] : [BIGINT]) - [3]
2023-11-10 21:23:53.390 TRACE 87122 --- [    Test worker] o.h.type.descriptor.sql.BasicExtractor   : extracted value ([m_id8_1_] : [BIGINT]) - [2]
2023-11-10 21:23:53.390 TRACE 87122 --- [    Test worker] o.h.type.descriptor.sql.BasicExtractor   : extracted value ([name3_1_] : [VARCHAR]) - [hey 세차장]
2023-11-10 21:23:53.390 TRACE 87122 --- [    Test worker] o.h.type.descriptor.sql.BasicExtractor   : extracted value ([price4_1_] : [INTEGER]) - [100]
2023-11-10 21:23:53.390 TRACE 87122 --- [    Test worker] o.h.type.descriptor.sql.BasicExtractor   : extracted value ([rate5_1_] : [DOUBLE]) - [0.0]
2023-11-10 21:23:53.390 TRACE 87122 --- [    Test worker] o.h.type.descriptor.sql.BasicExtractor   : extracted value ([tel6_1_] : [VARCHAR]) - [01012345678]
2023-11-10 21:23:53.390 TRACE 87122 --- [    Test worker] o.h.type.descriptor.sql.BasicExtractor   : extracted value ([id1_1_] : [BIGINT]) - [98]
2023-11-10 21:23:53.390 TRACE 87122 --- [    Test worker] o.h.type.descriptor.sql.BasicExtractor   : extracted value ([des2_1_] : [VARCHAR]) - [테스트 설명]
2023-11-10 21:23:53.390 TRACE 87122 --- [    Test worker] o.h.type.descriptor.sql.BasicExtractor   : extracted value ([l_id7_1_] : [BIGINT]) - [4]
2023-11-10 21:23:53.390 TRACE 87122 --- [    Test worker] o.h.type.descriptor.sql.BasicExtractor   : extracted value ([m_id8_1_] : [BIGINT]) - [2]
2023-11-10 21:23:53.390 TRACE 87122 --- [    Test worker] o.h.type.descriptor.sql.BasicExtractor   : extracted value ([name3_1_] : [VARCHAR]) - [hey 세차장]
2023-11-10 21:23:53.390 TRACE 87122 --- [    Test worker] o.h.type.descriptor.sql.BasicExtractor   : extracted value ([price4_1_] : [INTEGER]) - [100]
2023-11-10 21:23:53.390 TRACE 87122 --- [    Test worker] o.h.type.descriptor.sql.BasicExtractor   : extracted value ([rate5_1_] : [DOUBLE]) - [0.0]
2023-11-10 21:23:53.390 TRACE 87122 --- [    Test worker] o.h.type.descriptor.sql.BasicExtractor   : extracted value ([tel6_1_] : [VARCHAR]) - [01012345678]
2023-11-10 21:23:53.390 TRACE 87122 --- [    Test worker] o.h.type.descriptor.sql.BasicExtractor   : extracted value ([id1_1_] : [BIGINT]) - [99]
2023-11-10 21:23:53.390 TRACE 87122 --- [    Test worker] o.h.type.descriptor.sql.BasicExtractor   : extracted value ([des2_1_] : [VARCHAR]) - [테스트 설명]
2023-11-10 21:23:53.390 TRACE 87122 --- [    Test worker] o.h.type.descriptor.sql.BasicExtractor   : extracted value ([l_id7_1_] : [BIGINT]) - [5]
2023-11-10 21:23:53.390 TRACE 87122 --- [    Test worker] o.h.type.descriptor.sql.BasicExtractor   : extracted value ([m_id8_1_] : [BIGINT]) - [2]
2023-11-10 21:23:53.390 TRACE 87122 --- [    Test worker] o.h.type.descriptor.sql.BasicExtractor   : extracted value ([name3_1_] : [VARCHAR]) - [hey 세차장]
2023-11-10 21:23:53.390 TRACE 87122 --- [    Test worker] o.h.type.descriptor.sql.BasicExtractor   : extracted value ([price4_1_] : [INTEGER]) - [100]
2023-11-10 21:23:53.390 TRACE 87122 --- [    Test worker] o.h.type.descriptor.sql.BasicExtractor   : extracted value ([rate5_1_] : [DOUBLE]) - [0.0]
2023-11-10 21:23:53.390 TRACE 87122 --- [    Test worker] o.h.type.descriptor.sql.BasicExtractor   : extracted value ([tel6_1_] : [VARCHAR]) - [01012345678]
2023-11-10 21:23:53.390 TRACE 87122 --- [    Test worker] o.h.type.descriptor.sql.BasicExtractor   : extracted value ([id1_1_] : [BIGINT]) - [102]
2023-11-10 21:23:53.390 TRACE 87122 --- [    Test worker] o.h.type.descriptor.sql.BasicExtractor   : extracted value ([des2_1_] : [VARCHAR]) - [테스트 설명]
2023-11-10 21:23:53.390 TRACE 87122 --- [    Test worker] o.h.type.descriptor.sql.BasicExtractor   : extracted value ([l_id7_1_] : [BIGINT]) - [8]
2023-11-10 21:23:53.390 TRACE 87122 --- [    Test worker] o.h.type.descriptor.sql.BasicExtractor   : extracted value ([m_id8_1_] : [BIGINT]) - [2]
2023-11-10 21:23:53.390 TRACE 87122 --- [    Test worker] o.h.type.descriptor.sql.BasicExtractor   : extracted value ([name3_1_] : [VARCHAR]) - [아이 세차장]
2023-11-10 21:23:53.390 TRACE 87122 --- [    Test worker] o.h.type.descriptor.sql.BasicExtractor   : extracted value ([price4_1_] : [INTEGER]) - [100]
2023-11-10 21:23:53.390 TRACE 87122 --- [    Test worker] o.h.type.descriptor.sql.BasicExtractor   : extracted value ([rate5_1_] : [DOUBLE]) - [0.0]
2023-11-10 21:23:53.390 TRACE 87122 --- [    Test worker] o.h.type.descriptor.sql.BasicExtractor   : extracted value ([tel6_1_] : [VARCHAR]) - [01012345678]
2023-11-10 21:23:53.390 TRACE 87122 --- [    Test worker] o.h.type.descriptor.sql.BasicExtractor   : extracted value ([id1_1_] : [BIGINT]) - [104]
2023-11-10 21:23:53.390 TRACE 87122 --- [    Test worker] o.h.type.descriptor.sql.BasicExtractor   : extracted value ([des2_1_] : [VARCHAR]) - [테스트 설명]
2023-11-10 21:23:53.390 TRACE 87122 --- [    Test worker] o.h.type.descriptor.sql.BasicExtractor   : extracted value ([l_id7_1_] : [BIGINT]) - [10]
2023-11-10 21:23:53.390 TRACE 87122 --- [    Test worker] o.h.type.descriptor.sql.BasicExtractor   : extracted value ([m_id8_1_] : [BIGINT]) - [2]
2023-11-10 21:23:53.390 TRACE 87122 --- [    Test worker] o.h.type.descriptor.sql.BasicExtractor   : extracted value ([name3_1_] : [VARCHAR]) - [아이 세차장]
2023-11-10 21:23:53.390 TRACE 87122 --- [    Test worker] o.h.type.descriptor.sql.BasicExtractor   : extracted value ([price4_1_] : [INTEGER]) - [100]
2023-11-10 21:23:53.390 TRACE 87122 --- [    Test worker] o.h.type.descriptor.sql.BasicExtractor   : extracted value ([rate5_1_] : [DOUBLE]) - [0.0]
2023-11-10 21:23:53.390 TRACE 87122 --- [    Test worker] o.h.type.descriptor.sql.BasicExtractor   : extracted value ([tel6_1_] : [VARCHAR]) - [01012345678]
2023-11-10 21:23:53.390 TRACE 87122 --- [    Test worker] o.h.type.descriptor.sql.BasicExtractor   : extracted value ([id1_1_] : [BIGINT]) - [105]
2023-11-10 21:23:53.390 TRACE 87122 --- [    Test worker] o.h.type.descriptor.sql.BasicExtractor   : extracted value ([des2_1_] : [VARCHAR]) - [테스트 설명]
2023-11-10 21:23:53.390 TRACE 87122 --- [    Test worker] o.h.type.descriptor.sql.BasicExtractor   : extracted value ([l_id7_1_] : [BIGINT]) - [11]
2023-11-10 21:23:53.390 TRACE 87122 --- [    Test worker] o.h.type.descriptor.sql.BasicExtractor   : extracted value ([m_id8_1_] : [BIGINT]) - [2]
2023-11-10 21:23:53.390 TRACE 87122 --- [    Test worker] o.h.type.descriptor.sql.BasicExtractor   : extracted value ([name3_1_] : [VARCHAR]) - [아이 세차장]
2023-11-10 21:23:53.390 TRACE 87122 --- [    Test worker] o.h.type.descriptor.sql.BasicExtractor   : extracted value ([price4_1_] : [INTEGER]) - [100]
2023-11-10 21:23:53.390 TRACE 87122 --- [    Test worker] o.h.type.descriptor.sql.BasicExtractor   : extracted value ([rate5_1_] : [DOUBLE]) - [0.0]
2023-11-10 21:23:53.390 TRACE 87122 --- [    Test worker] o.h.type.descriptor.sql.BasicExtractor   : extracted value ([tel6_1_] : [VARCHAR]) - [01012345678]
2023-11-10 21:23:53.390 TRACE 87122 --- [    Test worker] o.h.type.descriptor.sql.BasicExtractor   : extracted value ([id1_1_] : [BIGINT]) - [106]
2023-11-10 21:23:53.390 TRACE 87122 --- [    Test worker] o.h.type.descriptor.sql.BasicExtractor   : extracted value ([des2_1_] : [VARCHAR]) - [테스트 설명]
2023-11-10 21:23:53.390 TRACE 87122 --- [    Test worker] o.h.type.descriptor.sql.BasicExtractor   : extracted value ([l_id7_1_] : [BIGINT]) - [12]
2023-11-10 21:23:53.390 TRACE 87122 --- [    Test worker] o.h.type.descriptor.sql.BasicExtractor   : extracted value ([m_id8_1_] : [BIGINT]) - [2]
2023-11-10 21:23:53.390 TRACE 87122 --- [    Test worker] o.h.type.descriptor.sql.BasicExtractor   : extracted value ([name3_1_] : [VARCHAR]) - [아이 세차장]
2023-11-10 21:23:53.390 TRACE 87122 --- [    Test worker] o.h.type.descriptor.sql.BasicExtractor   : extracted value ([price4_1_] : [INTEGER]) - [100]
2023-11-10 21:23:53.390 TRACE 87122 --- [    Test worker] o.h.type.descriptor.sql.BasicExtractor   : extracted value ([rate5_1_] : [DOUBLE]) - [0.0]
2023-11-10 21:23:53.390 TRACE 87122 --- [    Test worker] o.h.type.descriptor.sql.BasicExtractor   : extracted value ([tel6_1_] : [VARCHAR]) - [01012345678]
2023-11-10 21:23:53.390 TRACE 87122 --- [    Test worker] o.h.type.descriptor.sql.BasicExtractor   : extracted value ([id1_1_] : [BIGINT]) - [108]
2023-11-10 21:23:53.390 TRACE 87122 --- [    Test worker] o.h.type.descriptor.sql.BasicExtractor   : extracted value ([des2_1_] : [VARCHAR]) - [테스트 설명]
2023-11-10 21:23:53.390 TRACE 87122 --- [    Test worker] o.h.type.descriptor.sql.BasicExtractor   : extracted value ([l_id7_1_] : [BIGINT]) - [14]
2023-11-10 21:23:53.390 TRACE 87122 --- [    Test worker] o.h.type.descriptor.sql.BasicExtractor   : extracted value ([m_id8_1_] : [BIGINT]) - [2]
2023-11-10 21:23:53.390 TRACE 87122 --- [    Test worker] o.h.type.descriptor.sql.BasicExtractor   : extracted value ([name3_1_] : [VARCHAR]) - [아이 세차장]
2023-11-10 21:23:53.390 TRACE 87122 --- [    Test worker] o.h.type.descriptor.sql.BasicExtractor   : extracted value ([price4_1_] : [INTEGER]) - [100]
2023-11-10 21:23:53.390 TRACE 87122 --- [    Test worker] o.h.type.descriptor.sql.BasicExtractor   : extracted value ([rate5_1_] : [DOUBLE]) - [0.0]
2023-11-10 21:23:53.390 TRACE 87122 --- [    Test worker] o.h.type.descriptor.sql.BasicExtractor   : extracted value ([tel6_1_] : [VARCHAR]) - [01012345678]
2023-11-10 21:23:53.390 TRACE 87122 --- [    Test worker] o.h.type.descriptor.sql.BasicExtractor   : extracted value ([id1_1_] : [BIGINT]) - [111]
2023-11-10 21:23:53.390 TRACE 87122 --- [    Test worker] o.h.type.descriptor.sql.BasicExtractor   : extracted value ([des2_1_] : [VARCHAR]) - [테스트 설명]
2023-11-10 21:23:53.390 TRACE 87122 --- [    Test worker] o.h.type.descriptor.sql.BasicExtractor   : extracted value ([l_id7_1_] : [BIGINT]) - [17]
2023-11-10 21:23:53.390 TRACE 87122 --- [    Test worker] o.h.type.descriptor.sql.BasicExtractor   : extracted value ([m_id8_1_] : [BIGINT]) - [2]
2023-11-10 21:23:53.390 TRACE 87122 --- [    Test worker] o.h.type.descriptor.sql.BasicExtractor   : extracted value ([name3_1_] : [VARCHAR]) - [아이 세차장]
2023-11-10 21:23:53.390 TRACE 87122 --- [    Test worker] o.h.type.descriptor.sql.BasicExtractor   : extracted value ([price4_1_] : [INTEGER]) - [100]
2023-11-10 21:23:53.390 TRACE 87122 --- [    Test worker] o.h.type.descriptor.sql.BasicExtractor   : extracted value ([rate5_1_] : [DOUBLE]) - [0.0]
2023-11-10 21:23:53.391 TRACE 87122 --- [    Test worker] o.h.type.descriptor.sql.BasicExtractor   : extracted value ([tel6_1_] : [VARCHAR]) - [01012345678]
2023-11-10 21:23:53.391 TRACE 87122 --- [    Test worker] o.h.type.descriptor.sql.BasicExtractor   : extracted value ([id1_1_] : [BIGINT]) - [112]
2023-11-10 21:23:53.391 TRACE 87122 --- [    Test worker] o.h.type.descriptor.sql.BasicExtractor   : extracted value ([des2_1_] : [VARCHAR]) - [테스트 설명]
2023-11-10 21:23:53.391 TRACE 87122 --- [    Test worker] o.h.type.descriptor.sql.BasicExtractor   : extracted value ([l_id7_1_] : [BIGINT]) - [18]
2023-11-10 21:23:53.391 TRACE 87122 --- [    Test worker] o.h.type.descriptor.sql.BasicExtractor   : extracted value ([m_id8_1_] : [BIGINT]) - [2]
2023-11-10 21:23:53.391 TRACE 87122 --- [    Test worker] o.h.type.descriptor.sql.BasicExtractor   : extracted value ([name3_1_] : [VARCHAR]) - [아이 세차장]
2023-11-10 21:23:53.391 TRACE 87122 --- [    Test worker] o.h.type.descriptor.sql.BasicExtractor   : extracted value ([price4_1_] : [INTEGER]) - [100]
2023-11-10 21:23:53.391 TRACE 87122 --- [    Test worker] o.h.type.descriptor.sql.BasicExtractor   : extracted value ([rate5_1_] : [DOUBLE]) - [0.0]
2023-11-10 21:23:53.391 TRACE 87122 --- [    Test worker] o.h.type.descriptor.sql.BasicExtractor   : extracted value ([tel6_1_] : [VARCHAR]) - [01012345678]
2023-11-10 21:23:53.391 TRACE 87122 --- [    Test worker] o.h.type.descriptor.sql.BasicExtractor   : extracted value ([id1_1_] : [BIGINT]) - [113]
2023-11-10 21:23:53.391 TRACE 87122 --- [    Test worker] o.h.type.descriptor.sql.BasicExtractor   : extracted value ([des2_1_] : [VARCHAR]) - [테스트 설명]
2023-11-10 21:23:53.391 TRACE 87122 --- [    Test worker] o.h.type.descriptor.sql.BasicExtractor   : extracted value ([l_id7_1_] : [BIGINT]) - [19]
2023-11-10 21:23:53.391 TRACE 87122 --- [    Test worker] o.h.type.descriptor.sql.BasicExtractor   : extracted value ([m_id8_1_] : [BIGINT]) - [2]
2023-11-10 21:23:53.391 TRACE 87122 --- [    Test worker] o.h.type.descriptor.sql.BasicExtractor   : extracted value ([name3_1_] : [VARCHAR]) - [아이 세차장]
2023-11-10 21:23:53.391 TRACE 87122 --- [    Test worker] o.h.type.descriptor.sql.BasicExtractor   : extracted value ([price4_1_] : [INTEGER]) - [100]
2023-11-10 21:23:53.391 TRACE 87122 --- [    Test worker] o.h.type.descriptor.sql.BasicExtractor   : extracted value ([rate5_1_] : [DOUBLE]) - [0.0]
2023-11-10 21:23:53.391 TRACE 87122 --- [    Test worker] o.h.type.descriptor.sql.BasicExtractor   : extracted value ([tel6_1_] : [VARCHAR]) - [01012345678]
2023-11-10 21:23:53.391 TRACE 87122 --- [    Test worker] o.h.type.descriptor.sql.BasicExtractor   : extracted value ([id1_1_] : [BIGINT]) - [114]
2023-11-10 21:23:53.392 TRACE 87122 --- [    Test worker] o.h.type.descriptor.sql.BasicExtractor   : extracted value ([des2_1_] : [VARCHAR]) - [테스트 설명]
2023-11-10 21:23:53.392 TRACE 87122 --- [    Test worker] o.h.type.descriptor.sql.BasicExtractor   : extracted value ([l_id7_1_] : [BIGINT]) - [20]
2023-11-10 21:23:53.392 TRACE 87122 --- [    Test worker] o.h.type.descriptor.sql.BasicExtractor   : extracted value ([m_id8_1_] : [BIGINT]) - [2]
2023-11-10 21:23:53.392 TRACE 87122 --- [    Test worker] o.h.type.descriptor.sql.BasicExtractor   : extracted value ([name3_1_] : [VARCHAR]) - [아이이 세차장]
2023-11-10 21:23:53.392 TRACE 87122 --- [    Test worker] o.h.type.descriptor.sql.BasicExtractor   : extracted value ([price4_1_] : [INTEGER]) - [100]
2023-11-10 21:23:53.392 TRACE 87122 --- [    Test worker] o.h.type.descriptor.sql.BasicExtractor   : extracted value ([rate5_1_] : [DOUBLE]) - [0.0]
2023-11-10 21:23:53.392 TRACE 87122 --- [    Test worker] o.h.type.descriptor.sql.BasicExtractor   : extracted value ([tel6_1_] : [VARCHAR]) - [01012345678]
2023-11-10 21:23:53.392 TRACE 87122 --- [    Test worker] o.h.type.descriptor.sql.BasicExtractor   : extracted value ([id1_1_] : [BIGINT]) - [115]
2023-11-10 21:23:53.392 TRACE 87122 --- [    Test worker] o.h.type.descriptor.sql.BasicExtractor   : extracted value ([des2_1_] : [VARCHAR]) - [테스트 설명]
2023-11-10 21:23:53.392 TRACE 87122 --- [    Test worker] o.h.type.descriptor.sql.BasicExtractor   : extracted value ([l_id7_1_] : [BIGINT]) - [21]
2023-11-10 21:23:53.392 TRACE 87122 --- [    Test worker] o.h.type.descriptor.sql.BasicExtractor   : extracted value ([m_id8_1_] : [BIGINT]) - [2]
2023-11-10 21:23:53.392 TRACE 87122 --- [    Test worker] o.h.type.descriptor.sql.BasicExtractor   : extracted value ([name3_1_] : [VARCHAR]) - [아이이 세차장]
2023-11-10 21:23:53.392 TRACE 87122 --- [    Test worker] o.h.type.descriptor.sql.BasicExtractor   : extracted value ([price4_1_] : [INTEGER]) - [100]
2023-11-10 21:23:53.392 TRACE 87122 --- [    Test worker] o.h.type.descriptor.sql.BasicExtractor   : extracted value ([rate5_1_] : [DOUBLE]) - [0.0]
2023-11-10 21:23:53.392 TRACE 87122 --- [    Test worker] o.h.type.descriptor.sql.BasicExtractor   : extracted value ([tel6_1_] : [VARCHAR]) - [01012345678]
2023-11-10 21:23:53.392 TRACE 87122 --- [    Test worker] o.h.type.descriptor.sql.BasicExtractor   : extracted value ([id1_1_] : [BIGINT]) - [116]
2023-11-10 21:23:53.392 TRACE 87122 --- [    Test worker] o.h.type.descriptor.sql.BasicExtractor   : extracted value ([des2_1_] : [VARCHAR]) - [테스트 설명]
2023-11-10 21:23:53.392 TRACE 87122 --- [    Test worker] o.h.type.descriptor.sql.BasicExtractor   : extracted value ([l_id7_1_] : [BIGINT]) - [22]
2023-11-10 21:23:53.392 TRACE 87122 --- [    Test worker] o.h.type.descriptor.sql.BasicExtractor   : extracted value ([m_id8_1_] : [BIGINT]) - [2]
2023-11-10 21:23:53.392 TRACE 87122 --- [    Test worker] o.h.type.descriptor.sql.BasicExtractor   : extracted value ([name3_1_] : [VARCHAR]) - [아이이 세차장]
2023-11-10 21:23:53.392 TRACE 87122 --- [    Test worker] o.h.type.descriptor.sql.BasicExtractor   : extracted value ([price4_1_] : [INTEGER]) - [100]
2023-11-10 21:23:53.392 TRACE 87122 --- [    Test worker] o.h.type.descriptor.sql.BasicExtractor   : extracted value ([rate5_1_] : [DOUBLE]) - [0.0]
2023-11-10 21:23:53.392 TRACE 87122 --- [    Test worker] o.h.type.descriptor.sql.BasicExtractor   : extracted value ([tel6_1_] : [VARCHAR]) - [01012345678]
2023-11-10 21:23:53.392 TRACE 87122 --- [    Test worker] o.h.type.descriptor.sql.BasicExtractor   : extracted value ([id1_1_] : [BIGINT]) - [117]
2023-11-10 21:23:53.392 TRACE 87122 --- [    Test worker] o.h.type.descriptor.sql.BasicExtractor   : extracted value ([des2_1_] : [VARCHAR]) - [테스트 설명]
2023-11-10 21:23:53.392 TRACE 87122 --- [    Test worker] o.h.type.descriptor.sql.BasicExtractor   : extracted value ([l_id7_1_] : [BIGINT]) - [23]
2023-11-10 21:23:53.392 TRACE 87122 --- [    Test worker] o.h.type.descriptor.sql.BasicExtractor   : extracted value ([m_id8_1_] : [BIGINT]) - [2]
2023-11-10 21:23:53.392 TRACE 87122 --- [    Test worker] o.h.type.descriptor.sql.BasicExtractor   : extracted value ([name3_1_] : [VARCHAR]) - [아이이 세차장]
2023-11-10 21:23:53.392 TRACE 87122 --- [    Test worker] o.h.type.descriptor.sql.BasicExtractor   : extracted value ([price4_1_] : [INTEGER]) - [100]
2023-11-10 21:23:53.392 TRACE 87122 --- [    Test worker] o.h.type.descriptor.sql.BasicExtractor   : extracted value ([rate5_1_] : [DOUBLE]) - [0.0]
2023-11-10 21:23:53.392 TRACE 87122 --- [    Test worker] o.h.type.descriptor.sql.BasicExtractor   : extracted value ([tel6_1_] : [VARCHAR]) - [01012345678]
2023-11-10 21:23:53.392 TRACE 87122 --- [    Test worker] org.hibernate.type.CollectionType        : Created collection wrapper: [bdbe.bdbd.model.carwash.Carwash.carwashKeywords#1]
2023-11-10 21:23:53.392 TRACE 87122 --- [    Test worker] org.hibernate.type.CollectionType        : Created collection wrapper: [bdbe.bdbd.model.carwash.Carwash.fileList#1]
Hibernate: 
    select
        location0_.id as id1_5_0_,
        location0_.address as address2_5_0_,
        location0_.latitude as latitude3_5_0_,
        location0_.longitude as longitud4_5_0_ 
    from
        location location0_ 
    where
        location0_.id=?
2023-11-10 21:23:53.392 TRACE 87122 --- [    Test worker] o.h.type.descriptor.sql.BasicBinder      : binding parameter [1] as [BIGINT] - [1]
2023-11-10 21:23:53.403 TRACE 87122 --- [    Test worker] o.h.type.descriptor.sql.BasicExtractor   : extracted value ([address2_5_0_] : [VARCHAR]) - [구름 주소]
2023-11-10 21:23:53.404 TRACE 87122 --- [    Test worker] o.h.type.descriptor.sql.BasicExtractor   : extracted value ([latitude3_5_0_] : [DOUBLE]) - [1.121]
2023-11-10 21:23:53.404 TRACE 87122 --- [    Test worker] o.h.type.descriptor.sql.BasicExtractor   : extracted value ([longitud4_5_0_] : [DOUBLE]) - [2.232]
2023-11-10 21:23:53.404 TRACE 87122 --- [    Test worker] org.hibernate.type.CollectionType        : Created collection wrapper: [bdbe.bdbd.model.carwash.Carwash.carwashKeywords#2]
2023-11-10 21:23:53.404 TRACE 87122 --- [    Test worker] org.hibernate.type.CollectionType        : Created collection wrapper: [bdbe.bdbd.model.carwash.Carwash.fileList#2]
Hibernate: 
    select
        location0_.id as id1_5_0_,
        location0_.address as address2_5_0_,
        location0_.latitude as latitude3_5_0_,
        location0_.longitude as longitud4_5_0_ 
    from
        location location0_ 
    where
        location0_.id=?
2023-11-10 21:23:53.404 TRACE 87122 --- [    Test worker] o.h.type.descriptor.sql.BasicBinder      : binding parameter [1] as [BIGINT] - [2]
2023-11-10 21:23:53.415 TRACE 87122 --- [    Test worker] o.h.type.descriptor.sql.BasicExtractor   : extracted value ([address2_5_0_] : [VARCHAR]) - [구름 주소]
2023-11-10 21:23:53.415 TRACE 87122 --- [    Test worker] o.h.type.descriptor.sql.BasicExtractor   : extracted value ([latitude3_5_0_] : [DOUBLE]) - [1.121]
2023-11-10 21:23:53.415 TRACE 87122 --- [    Test worker] o.h.type.descriptor.sql.BasicExtractor   : extracted value ([longitud4_5_0_] : [DOUBLE]) - [2.232]
2023-11-10 21:23:53.415 TRACE 87122 --- [    Test worker] org.hibernate.type.CollectionType        : Created collection wrapper: [bdbe.bdbd.model.carwash.Carwash.carwashKeywords#3]
2023-11-10 21:23:53.415 TRACE 87122 --- [    Test worker] org.hibernate.type.CollectionType        : Created collection wrapper: [bdbe.bdbd.model.carwash.Carwash.fileList#3]
Hibernate: 
    select
        location0_.id as id1_5_0_,
        location0_.address as address2_5_0_,
        location0_.latitude as latitude3_5_0_,
        location0_.longitude as longitud4_5_0_ 
    from
        location location0_ 
    where
        location0_.id=?
2023-11-10 21:23:53.416 TRACE 87122 --- [    Test worker] o.h.type.descriptor.sql.BasicBinder      : binding parameter [1] as [BIGINT] - [3]
2023-11-10 21:23:53.426 TRACE 87122 --- [    Test worker] o.h.type.descriptor.sql.BasicExtractor   : extracted value ([address2_5_0_] : [VARCHAR]) - [test 주소]
2023-11-10 21:23:53.426 TRACE 87122 --- [    Test worker] o.h.type.descriptor.sql.BasicExtractor   : extracted value ([latitude3_5_0_] : [DOUBLE]) - [35.178287]
2023-11-10 21:23:53.426 TRACE 87122 --- [    Test worker] o.h.type.descriptor.sql.BasicExtractor   : extracted value ([longitud4_5_0_] : [DOUBLE]) - [5.678]
2023-11-10 21:23:53.426 TRACE 87122 --- [    Test worker] org.hibernate.type.CollectionType        : Created collection wrapper: [bdbe.bdbd.model.carwash.Carwash.carwashKeywords#4]
2023-11-10 21:23:53.426 TRACE 87122 --- [    Test worker] org.hibernate.type.CollectionType        : Created collection wrapper: [bdbe.bdbd.model.carwash.Carwash.fileList#4]
Hibernate: 
    select
        location0_.id as id1_5_0_,
        location0_.address as address2_5_0_,
        location0_.latitude as latitude3_5_0_,
        location0_.longitude as longitud4_5_0_ 
    from
        location location0_ 
    where
        location0_.id=?
2023-11-10 21:23:53.427 TRACE 87122 --- [    Test worker] o.h.type.descriptor.sql.BasicBinder      : binding parameter [1] as [BIGINT] - [4]
2023-11-10 21:23:53.438 TRACE 87122 --- [    Test worker] o.h.type.descriptor.sql.BasicExtractor   : extracted value ([address2_5_0_] : [VARCHAR]) - [test 주소]
2023-11-10 21:23:53.438 TRACE 87122 --- [    Test worker] o.h.type.descriptor.sql.BasicExtractor   : extracted value ([latitude3_5_0_] : [DOUBLE]) - [35.178287]
2023-11-10 21:23:53.438 TRACE 87122 --- [    Test worker] o.h.type.descriptor.sql.BasicExtractor   : extracted value ([longitud4_5_0_] : [DOUBLE]) - [5.678]
2023-11-10 21:23:53.438 TRACE 87122 --- [    Test worker] org.hibernate.type.CollectionType        : Created collection wrapper: [bdbe.bdbd.model.carwash.Carwash.carwashKeywords#5]
2023-11-10 21:23:53.438 TRACE 87122 --- [    Test worker] org.hibernate.type.CollectionType        : Created collection wrapper: [bdbe.bdbd.model.carwash.Carwash.fileList#5]
Hibernate: 
    select
        location0_.id as id1_5_0_,
        location0_.address as address2_5_0_,
        location0_.latitude as latitude3_5_0_,
        location0_.longitude as longitud4_5_0_ 
    from
        location location0_ 
    where
        location0_.id=?
2023-11-10 21:23:53.438 TRACE 87122 --- [    Test worker] o.h.type.descriptor.sql.BasicBinder      : binding parameter [1] as [BIGINT] - [5]
2023-11-10 21:23:53.448 TRACE 87122 --- [    Test worker] o.h.type.descriptor.sql.BasicExtractor   : extracted value ([address2_5_0_] : [VARCHAR]) - [test 주소]
2023-11-10 21:23:53.449 TRACE 87122 --- [    Test worker] o.h.type.descriptor.sql.BasicExtractor   : extracted value ([latitude3_5_0_] : [DOUBLE]) - [35.178287]
2023-11-10 21:23:53.449 TRACE 87122 --- [    Test worker] o.h.type.descriptor.sql.BasicExtractor   : extracted value ([longitud4_5_0_] : [DOUBLE]) - [5.678]
2023-11-10 21:23:53.449 TRACE 87122 --- [    Test worker] org.hibernate.type.CollectionType        : Created collection wrapper: [bdbe.bdbd.model.carwash.Carwash.carwashKeywords#6]
2023-11-10 21:23:53.449 TRACE 87122 --- [    Test worker] org.hibernate.type.CollectionType        : Created collection wrapper: [bdbe.bdbd.model.carwash.Carwash.fileList#6]
Hibernate: 
    select
        location0_.id as id1_5_0_,
        location0_.address as address2_5_0_,
        location0_.latitude as latitude3_5_0_,
        location0_.longitude as longitud4_5_0_ 
    from
        location location0_ 
    where
        location0_.id=?
2023-11-10 21:23:53.449 TRACE 87122 --- [    Test worker] o.h.type.descriptor.sql.BasicBinder      : binding parameter [1] as [BIGINT] - [6]
응답 Body : {"success":false,"response":null,"error":{"status":"500","code":"2000","message":{"error":"Unable to find bdbe.bdbd.model.location.Location with id 6; nested exception is javax.persistence.EntityNotFoundException: Unable to find bdbe.bdbd.model.location.Location with id 6"}}}

MockHttpServletRequest:
      HTTP Method = GET
      Request URI = /api/owner/carwashes
       Parameters = {}
          Headers = []
             Body = null
    Session Attrs = {}

Handler:
             Type = bdbe.bdbd.controller.owner.OwnerCarwashController
           Method = bdbe.bdbd.controller.owner.OwnerCarwashController#fetchOwnerReservationOverview(CustomUserDetails)

Async:
    Async started = false
     Async result = null

Resolved Exception:
             Type = org.springframework.orm.jpa.JpaObjectRetrievalFailureException

ModelAndView:
        View name = null
             View = null
            Model = null

FlashMap:
       Attributes = null

MockHttpServletResponse:
           Status = 500
    Error message = null
          Headers = [Vary:"Origin", "Access-Control-Request-Method", "Access-Control-Request-Headers", Content-Type:"application/json;charset=UTF-8", X-Content-Type-Options:"nosniff", X-XSS-Protection:"1; mode=block", Cache-Control:"no-cache, no-store, max-age=0, must-revalidate", Pragma:"no-cache", Expires:"0", X-Frame-Options:"SAMEORIGIN"]
     Content type = application/json;charset=UTF-8
             Body = {"success":false,"response":null,"error":{"status":"500","code":"2000","message":{"error":"Unable to find bdbe.bdbd.model.location.Location with id 6; nested exception is javax.persistence.EntityNotFoundException: Unable to find bdbe.bdbd.model.location.Location with id 6"}}}
    Forwarded URL = null
   Redirected URL = null
          Cookies = []
2023-11-10 21:23:53.486  INFO 87122 --- [    Test worker] o.s.t.c.transaction.TransactionContext   : Rolled back transaction for test: [DefaultTestContext@152705d0 testClass = OwnerRestControllerTest, testInstance = bdbe.bdbd.member.owner.OwnerRestControllerTest@3a34d64a, testMethod = fetchOwnerReservationOverview_test@OwnerRestControllerTest, testException = java.lang.AssertionError: JSON path "$.success" expected:<true> but was:<false>, mergedContextConfiguration = [WebMergedContextConfiguration@1343eae6 testClass = OwnerRestControllerTest, locations = '{}', classes = '{class bdbe.bdbd.BdbdApplication}', contextInitializerClasses = '[]', activeProfiles = '{}', propertySourceLocations = '{}', propertySourceProperties = '{org.springframework.boot.test.context.SpringBootTestContextBootstrapper=true}', contextCustomizers = set[org.springframework.boot.test.autoconfigure.actuate.metrics.MetricsExportContextCustomizerFactory$DisableMetricExportContextCustomizer@4b3c354a, org.springframework.boot.test.autoconfigure.properties.PropertyMappingContextCustomizer@4b3fa0b3, org.springframework.boot.test.autoconfigure.web.servlet.WebDriverContextCustomizerFactory$Customizer@293d0107, [ImportsContextCustomizer@58c7bb01 key = [org.springframework.boot.test.autoconfigure.web.servlet.MockMvcAutoConfiguration, org.springframework.boot.test.autoconfigure.web.servlet.MockMvcWebClientAutoConfiguration, org.springframework.boot.test.autoconfigure.web.servlet.MockMvcWebDriverAutoConfiguration, org.springframework.boot.autoconfigure.security.oauth2.client.servlet.OAuth2ClientAutoConfiguration, org.springframework.boot.autoconfigure.security.oauth2.resource.servlet.OAuth2ResourceServerAutoConfiguration, org.springframework.boot.autoconfigure.security.servlet.SecurityAutoConfiguration, org.springframework.boot.autoconfigure.security.servlet.SecurityFilterAutoConfiguration, org.springframework.boot.autoconfigure.security.servlet.UserDetailsServiceAutoConfiguration, org.springframework.boot.test.autoconfigure.web.servlet.MockMvcSecurityConfiguration, org.springframework.boot.test.autoconfigure.web.reactive.WebTestClientAutoConfiguration]], org.springframework.boot.test.context.filter.ExcludeFilterContextCustomizer@62fad19, org.springframework.boot.test.json.DuplicateJsonObjectContextCustomizerFactory$DuplicateJsonObjectContextCustomizer@4f2613d1, org.springframework.boot.test.mock.mockito.MockitoContextCustomizer@0, org.springframework.boot.test.web.client.TestRestTemplateContextCustomizer@1c55f277, org.springframework.boot.test.context.SpringBootTestArgs@1, org.springframework.boot.test.context.SpringBootTestWebEnvironment@4ea5b703], resourceBasePath = 'src/main/webapp', contextLoader = 'org.springframework.boot.test.context.SpringBootContextLoader', parent = [null]], attributes = map['org.springframework.test.context.web.ServletTestExecutionListener.activateListener' -> true, 'org.springframework.test.context.web.ServletTestExecutionListener.populatedRequestContextHolder' -> true, 'org.springframework.test.context.web.ServletTestExecutionListener.resetRequestContextHolder' -> true, 'org.springframework.test.context.event.ApplicationEventsTestExecutionListener.recordApplicationEvents' -> false]]
2023-11-10 21:23:53.503  INFO 87122 --- [    Test worker] o.s.t.c.transaction.TransactionContext   : Began transaction (1) for test context [DefaultTestContext@152705d0 testClass = OwnerRestControllerTest, testInstance = bdbe.bdbd.member.owner.OwnerRestControllerTest@8d11a2c, testMethod = OwnerHome_test@OwnerRestControllerTest, testException = [null], mergedContextConfiguration = [WebMergedContextConfiguration@1343eae6 testClass = OwnerRestControllerTest, locations = '{}', classes = '{class bdbe.bdbd.BdbdApplication}', contextInitializerClasses = '[]', activeProfiles = '{}', propertySourceLocations = '{}', propertySourceProperties = '{org.springframework.boot.test.context.SpringBootTestContextBootstrapper=true}', contextCustomizers = set[org.springframework.boot.test.autoconfigure.actuate.metrics.MetricsExportContextCustomizerFactory$DisableMetricExportContextCustomizer@4b3c354a, org.springframework.boot.test.autoconfigure.properties.PropertyMappingContextCustomizer@4b3fa0b3, org.springframework.boot.test.autoconfigure.web.servlet.WebDriverContextCustomizerFactory$Customizer@293d0107, [ImportsContextCustomizer@58c7bb01 key = [org.springframework.boot.test.autoconfigure.web.servlet.MockMvcAutoConfiguration, org.springframework.boot.test.autoconfigure.web.servlet.MockMvcWebClientAutoConfiguration, org.springframework.boot.test.autoconfigure.web.servlet.MockMvcWebDriverAutoConfiguration, org.springframework.boot.autoconfigure.security.oauth2.client.servlet.OAuth2ClientAutoConfiguration, org.springframework.boot.autoconfigure.security.oauth2.resource.servlet.OAuth2ResourceServerAutoConfiguration, org.springframework.boot.autoconfigure.security.servlet.SecurityAutoConfiguration, org.springframework.boot.autoconfigure.security.servlet.SecurityFilterAutoConfiguration, org.springframework.boot.autoconfigure.security.servlet.UserDetailsServiceAutoConfiguration, org.springframework.boot.test.autoconfigure.web.servlet.MockMvcSecurityConfiguration, org.springframework.boot.test.autoconfigure.web.reactive.WebTestClientAutoConfiguration]], org.springframework.boot.test.context.filter.ExcludeFilterContextCustomizer@62fad19, org.springframework.boot.test.json.DuplicateJsonObjectContextCustomizerFactory$DuplicateJsonObjectContextCustomizer@4f2613d1, org.springframework.boot.test.mock.mockito.MockitoContextCustomizer@0, org.springframework.boot.test.web.client.TestRestTemplateContextCustomizer@1c55f277, org.springframework.boot.test.context.SpringBootTestArgs@1, org.springframework.boot.test.context.SpringBootTestWebEnvironment@4ea5b703], resourceBasePath = 'src/main/webapp', contextLoader = 'org.springframework.boot.test.context.SpringBootContextLoader', parent = [null]], attributes = map['org.springframework.test.context.web.ServletTestExecutionListener.activateListener' -> true, 'org.springframework.test.context.web.ServletTestExecutionListener.populatedRequestContextHolder' -> true, 'org.springframework.test.context.web.ServletTestExecutionListener.resetRequestContextHolder' -> true, 'org.springframework.test.context.event.ApplicationEventsTestExecutionListener.recordApplicationEvents' -> false]]; transaction manager [org.springframework.orm.jpa.JpaTransactionManager@17fac5b2]; rollback [true]
Hibernate: 
    select
        member0_.id as id1_6_,
        member0_.email as email2_6_,
        member0_.password as password3_6_,
        member0_.role as role4_6_,
        member0_.tel as tel5_6_,
        member0_.username as username6_6_ 
    from
        member member0_ 
    where
        member0_.email=?
2023-11-10 21:23:53.504 TRACE 87122 --- [    Test worker] o.h.type.descriptor.sql.BasicBinder      : binding parameter [1] as [VARCHAR] - [owner@nate.com]
2023-11-10 21:23:53.515 TRACE 87122 --- [    Test worker] o.h.type.descriptor.sql.BasicExtractor   : extracted value ([id1_6_] : [BIGINT]) - [2]
2023-11-10 21:23:53.516 TRACE 87122 --- [    Test worker] o.h.type.descriptor.sql.BasicExtractor   : extracted value ([email2_6_] : [VARCHAR]) - [owner@nate.com]
2023-11-10 21:23:53.516 TRACE 87122 --- [    Test worker] o.h.type.descriptor.sql.BasicExtractor   : extracted value ([password3_6_] : [VARCHAR]) - [{bcrypt}$2a$10$o6TVGm92x.GENlJ4Mig5qucFqAt/UTnT5lm6rzTY5v.gCk8uSf7h2]
2023-11-10 21:23:53.516 TRACE 87122 --- [    Test worker] o.h.type.descriptor.sql.BasicExtractor   : extracted value ([role4_6_] : [VARCHAR]) - [ROLE_OWNER]
2023-11-10 21:23:53.516 TRACE 87122 --- [    Test worker] o.h.type.descriptor.sql.BasicExtractor   : extracted value ([tel5_6_] : [VARCHAR]) - [010-9876-5432]
2023-11-10 21:23:53.516 TRACE 87122 --- [    Test worker] o.h.type.descriptor.sql.BasicExtractor   : extracted value ([username6_6_] : [VARCHAR]) - [imnewowner]
Hibernate: 
    insert 
    into
        member
        (email, password, role, tel, username) 
    values
        (?, ?, ?, ?, ?)
2023-11-10 21:23:53.614 TRACE 87122 --- [    Test worker] o.h.type.descriptor.sql.BasicBinder      : binding parameter [1] as [VARCHAR] - [aaamockowner@naver.com]
2023-11-10 21:23:53.614 TRACE 87122 --- [    Test worker] o.h.type.descriptor.sql.BasicBinder      : binding parameter [2] as [VARCHAR] - [{bcrypt}$2a$10$ILmegyBrAA7ZZmHDWK1.8eFWFJWbpFCEXJpVm9FKLOzmjm3KzHENS]
2023-11-10 21:23:53.614 TRACE 87122 --- [    Test worker] o.h.type.descriptor.sql.BasicBinder      : binding parameter [3] as [VARCHAR] - [ROLE_OWNER]
2023-11-10 21:23:53.614 TRACE 87122 --- [    Test worker] o.h.type.descriptor.sql.BasicBinder      : binding parameter [4] as [VARCHAR] - [010-1234-5678]
2023-11-10 21:23:53.614 TRACE 87122 --- [    Test worker] o.h.type.descriptor.sql.BasicBinder      : binding parameter [5] as [VARCHAR] - [aaamockowner]
Hibernate: 
    insert 
    into
        member
        (email, password, role, tel, username) 
    values
        (?, ?, ?, ?, ?)
2023-11-10 21:23:53.723 TRACE 87122 --- [    Test worker] o.h.type.descriptor.sql.BasicBinder      : binding parameter [1] as [VARCHAR] - [aaauserRoleUser@naver.com]
2023-11-10 21:23:53.723 TRACE 87122 --- [    Test worker] o.h.type.descriptor.sql.BasicBinder      : binding parameter [2] as [VARCHAR] - [{bcrypt}$2a$10$lBB.PRXaiBvtquE4WfPsx.Mxm3F7tJ2aqSbiryYD7Q3iCQ09q4HNy]
2023-11-10 21:23:53.723 TRACE 87122 --- [    Test worker] o.h.type.descriptor.sql.BasicBinder      : binding parameter [3] as [VARCHAR] - [ROLE_USER]
2023-11-10 21:23:53.723 TRACE 87122 --- [    Test worker] o.h.type.descriptor.sql.BasicBinder      : binding parameter [4] as [VARCHAR] - [010-1234-5678]
2023-11-10 21:23:53.723 TRACE 87122 --- [    Test worker] o.h.type.descriptor.sql.BasicBinder      : binding parameter [5] as [VARCHAR] - [aaauserRoleUser]
Hibernate: 
    select
        carwash0_.id as col_0_0_ 
    from
        carwash carwash0_ 
    where
        carwash0_.m_id=?
2023-11-10 21:23:53.736 TRACE 87122 --- [    Test worker] o.h.type.descriptor.sql.BasicBinder      : binding parameter [1] as [BIGINT] - [2]
2023-11-10 21:23:53.747 TRACE 87122 --- [    Test worker] o.h.type.descriptor.sql.BasicExtractor   : extracted value ([col_0_0_] : [BIGINT]) - [1]
2023-11-10 21:23:53.747 TRACE 87122 --- [    Test worker] o.h.type.descriptor.sql.BasicExtractor   : extracted value ([col_0_0_] : [BIGINT]) - [2]
2023-11-10 21:23:53.747 TRACE 87122 --- [    Test worker] o.h.type.descriptor.sql.BasicExtractor   : extracted value ([col_0_0_] : [BIGINT]) - [3]
2023-11-10 21:23:53.747 TRACE 87122 --- [    Test worker] o.h.type.descriptor.sql.BasicExtractor   : extracted value ([col_0_0_] : [BIGINT]) - [4]
2023-11-10 21:23:53.747 TRACE 87122 --- [    Test worker] o.h.type.descriptor.sql.BasicExtractor   : extracted value ([col_0_0_] : [BIGINT]) - [5]
2023-11-10 21:23:53.747 TRACE 87122 --- [    Test worker] o.h.type.descriptor.sql.BasicExtractor   : extracted value ([col_0_0_] : [BIGINT]) - [6]
2023-11-10 21:23:53.747 TRACE 87122 --- [    Test worker] o.h.type.descriptor.sql.BasicExtractor   : extracted value ([col_0_0_] : [BIGINT]) - [7]
2023-11-10 21:23:53.747 TRACE 87122 --- [    Test worker] o.h.type.descriptor.sql.BasicExtractor   : extracted value ([col_0_0_] : [BIGINT]) - [11]
2023-11-10 21:23:53.747 TRACE 87122 --- [    Test worker] o.h.type.descriptor.sql.BasicExtractor   : extracted value ([col_0_0_] : [BIGINT]) - [12]
2023-11-10 21:23:53.747 TRACE 87122 --- [    Test worker] o.h.type.descriptor.sql.BasicExtractor   : extracted value ([col_0_0_] : [BIGINT]) - [14]
2023-11-10 21:23:53.747 TRACE 87122 --- [    Test worker] o.h.type.descriptor.sql.BasicExtractor   : extracted value ([col_0_0_] : [BIGINT]) - [15]
2023-11-10 21:23:53.747 TRACE 87122 --- [    Test worker] o.h.type.descriptor.sql.BasicExtractor   : extracted value ([col_0_0_] : [BIGINT]) - [16]
2023-11-10 21:23:53.747 TRACE 87122 --- [    Test worker] o.h.type.descriptor.sql.BasicExtractor   : extracted value ([col_0_0_] : [BIGINT]) - [17]
2023-11-10 21:23:53.747 TRACE 87122 --- [    Test worker] o.h.type.descriptor.sql.BasicExtractor   : extracted value ([col_0_0_] : [BIGINT]) - [18]
2023-11-10 21:23:53.747 TRACE 87122 --- [    Test worker] o.h.type.descriptor.sql.BasicExtractor   : extracted value ([col_0_0_] : [BIGINT]) - [19]
2023-11-10 21:23:53.747 TRACE 87122 --- [    Test worker] o.h.type.descriptor.sql.BasicExtractor   : extracted value ([col_0_0_] : [BIGINT]) - [20]
2023-11-10 21:23:53.747 TRACE 87122 --- [    Test worker] o.h.type.descriptor.sql.BasicExtractor   : extracted value ([col_0_0_] : [BIGINT]) - [21]
2023-11-10 21:23:53.747 TRACE 87122 --- [    Test worker] o.h.type.descriptor.sql.BasicExtractor   : extracted value ([col_0_0_] : [BIGINT]) - [22]
2023-11-10 21:23:53.747 TRACE 87122 --- [    Test worker] o.h.type.descriptor.sql.BasicExtractor   : extracted value ([col_0_0_] : [BIGINT]) - [23]
2023-11-10 21:23:53.747 TRACE 87122 --- [    Test worker] o.h.type.descriptor.sql.BasicExtractor   : extracted value ([col_0_0_] : [BIGINT]) - [24]
2023-11-10 21:23:53.747 TRACE 87122 --- [    Test worker] o.h.type.descriptor.sql.BasicExtractor   : extracted value ([col_0_0_] : [BIGINT]) - [25]
2023-11-10 21:23:53.747 TRACE 87122 --- [    Test worker] o.h.type.descriptor.sql.BasicExtractor   : extracted value ([col_0_0_] : [BIGINT]) - [26]
2023-11-10 21:23:53.747 TRACE 87122 --- [    Test worker] o.h.type.descriptor.sql.BasicExtractor   : extracted value ([col_0_0_] : [BIGINT]) - [27]
2023-11-10 21:23:53.747 TRACE 87122 --- [    Test worker] o.h.type.descriptor.sql.BasicExtractor   : extracted value ([col_0_0_] : [BIGINT]) - [28]
2023-11-10 21:23:53.748 TRACE 87122 --- [    Test worker] o.h.type.descriptor.sql.BasicExtractor   : extracted value ([col_0_0_] : [BIGINT]) - [29]
2023-11-10 21:23:53.748 TRACE 87122 --- [    Test worker] o.h.type.descriptor.sql.BasicExtractor   : extracted value ([col_0_0_] : [BIGINT]) - [30]
2023-11-10 21:23:53.748 TRACE 87122 --- [    Test worker] o.h.type.descriptor.sql.BasicExtractor   : extracted value ([col_0_0_] : [BIGINT]) - [31]
2023-11-10 21:23:53.748 TRACE 87122 --- [    Test worker] o.h.type.descriptor.sql.BasicExtractor   : extracted value ([col_0_0_] : [BIGINT]) - [32]
2023-11-10 21:23:53.748 TRACE 87122 --- [    Test worker] o.h.type.descriptor.sql.BasicExtractor   : extracted value ([col_0_0_] : [BIGINT]) - [33]
2023-11-10 21:23:53.748 TRACE 87122 --- [    Test worker] o.h.type.descriptor.sql.BasicExtractor   : extracted value ([col_0_0_] : [BIGINT]) - [34]
2023-11-10 21:23:53.748 TRACE 87122 --- [    Test worker] o.h.type.descriptor.sql.BasicExtractor   : extracted value ([col_0_0_] : [BIGINT]) - [48]
2023-11-10 21:23:53.748 TRACE 87122 --- [    Test worker] o.h.type.descriptor.sql.BasicExtractor   : extracted value ([col_0_0_] : [BIGINT]) - [49]
2023-11-10 21:23:53.748 TRACE 87122 --- [    Test worker] o.h.type.descriptor.sql.BasicExtractor   : extracted value ([col_0_0_] : [BIGINT]) - [50]
2023-11-10 21:23:53.748 TRACE 87122 --- [    Test worker] o.h.type.descriptor.sql.BasicExtractor   : extracted value ([col_0_0_] : [BIGINT]) - [51]
2023-11-10 21:23:53.748 TRACE 87122 --- [    Test worker] o.h.type.descriptor.sql.BasicExtractor   : extracted value ([col_0_0_] : [BIGINT]) - [55]
2023-11-10 21:23:53.748 TRACE 87122 --- [    Test worker] o.h.type.descriptor.sql.BasicExtractor   : extracted value ([col_0_0_] : [BIGINT]) - [56]
2023-11-10 21:23:53.748 TRACE 87122 --- [    Test worker] o.h.type.descriptor.sql.BasicExtractor   : extracted value ([col_0_0_] : [BIGINT]) - [57]
2023-11-10 21:23:53.748 TRACE 87122 --- [    Test worker] o.h.type.descriptor.sql.BasicExtractor   : extracted value ([col_0_0_] : [BIGINT]) - [58]
2023-11-10 21:23:53.748 TRACE 87122 --- [    Test worker] o.h.type.descriptor.sql.BasicExtractor   : extracted value ([col_0_0_] : [BIGINT]) - [59]
2023-11-10 21:23:53.748 TRACE 87122 --- [    Test worker] o.h.type.descriptor.sql.BasicExtractor   : extracted value ([col_0_0_] : [BIGINT]) - [60]
2023-11-10 21:23:53.748 TRACE 87122 --- [    Test worker] o.h.type.descriptor.sql.BasicExtractor   : extracted value ([col_0_0_] : [BIGINT]) - [61]
2023-11-10 21:23:53.748 TRACE 87122 --- [    Test worker] o.h.type.descriptor.sql.BasicExtractor   : extracted value ([col_0_0_] : [BIGINT]) - [62]
2023-11-10 21:23:53.748 TRACE 87122 --- [    Test worker] o.h.type.descriptor.sql.BasicExtractor   : extracted value ([col_0_0_] : [BIGINT]) - [63]
2023-11-10 21:23:53.748 TRACE 87122 --- [    Test worker] o.h.type.descriptor.sql.BasicExtractor   : extracted value ([col_0_0_] : [BIGINT]) - [64]
2023-11-10 21:23:53.748 TRACE 87122 --- [    Test worker] o.h.type.descriptor.sql.BasicExtractor   : extracted value ([col_0_0_] : [BIGINT]) - [65]
2023-11-10 21:23:53.748 TRACE 87122 --- [    Test worker] o.h.type.descriptor.sql.BasicExtractor   : extracted value ([col_0_0_] : [BIGINT]) - [66]
2023-11-10 21:23:53.748 TRACE 87122 --- [    Test worker] o.h.type.descriptor.sql.BasicExtractor   : extracted value ([col_0_0_] : [BIGINT]) - [67]
2023-11-10 21:23:53.748 TRACE 87122 --- [    Test worker] o.h.type.descriptor.sql.BasicExtractor   : extracted value ([col_0_0_] : [BIGINT]) - [68]
2023-11-10 21:23:53.748 TRACE 87122 --- [    Test worker] o.h.type.descriptor.sql.BasicExtractor   : extracted value ([col_0_0_] : [BIGINT]) - [69]
2023-11-10 21:23:53.748 TRACE 87122 --- [    Test worker] o.h.type.descriptor.sql.BasicExtractor   : extracted value ([col_0_0_] : [BIGINT]) - [70]
2023-11-10 21:23:53.748 TRACE 87122 --- [    Test worker] o.h.type.descriptor.sql.BasicExtractor   : extracted value ([col_0_0_] : [BIGINT]) - [71]
2023-11-10 21:23:53.748 TRACE 87122 --- [    Test worker] o.h.type.descriptor.sql.BasicExtractor   : extracted value ([col_0_0_] : [BIGINT]) - [72]
2023-11-10 21:23:53.748 TRACE 87122 --- [    Test worker] o.h.type.descriptor.sql.BasicExtractor   : extracted value ([col_0_0_] : [BIGINT]) - [73]
2023-11-10 21:23:53.748 TRACE 87122 --- [    Test worker] o.h.type.descriptor.sql.BasicExtractor   : extracted value ([col_0_0_] : [BIGINT]) - [75]
2023-11-10 21:23:53.748 TRACE 87122 --- [    Test worker] o.h.type.descriptor.sql.BasicExtractor   : extracted value ([col_0_0_] : [BIGINT]) - [76]
2023-11-10 21:23:53.748 TRACE 87122 --- [    Test worker] o.h.type.descriptor.sql.BasicExtractor   : extracted value ([col_0_0_] : [BIGINT]) - [77]
2023-11-10 21:23:53.748 TRACE 87122 --- [    Test worker] o.h.type.descriptor.sql.BasicExtractor   : extracted value ([col_0_0_] : [BIGINT]) - [78]
2023-11-10 21:23:53.748 TRACE 87122 --- [    Test worker] o.h.type.descriptor.sql.BasicExtractor   : extracted value ([col_0_0_] : [BIGINT]) - [79]
2023-11-10 21:23:53.748 TRACE 87122 --- [    Test worker] o.h.type.descriptor.sql.BasicExtractor   : extracted value ([col_0_0_] : [BIGINT]) - [80]
2023-11-10 21:23:53.748 TRACE 87122 --- [    Test worker] o.h.type.descriptor.sql.BasicExtractor   : extracted value ([col_0_0_] : [BIGINT]) - [83]
2023-11-10 21:23:53.748 TRACE 87122 --- [    Test worker] o.h.type.descriptor.sql.BasicExtractor   : extracted value ([col_0_0_] : [BIGINT]) - [90]
2023-11-10 21:23:53.748 TRACE 87122 --- [    Test worker] o.h.type.descriptor.sql.BasicExtractor   : extracted value ([col_0_0_] : [BIGINT]) - [93]
2023-11-10 21:23:53.748 TRACE 87122 --- [    Test worker] o.h.type.descriptor.sql.BasicExtractor   : extracted value ([col_0_0_] : [BIGINT]) - [94]
2023-11-10 21:23:53.748 TRACE 87122 --- [    Test worker] o.h.type.descriptor.sql.BasicExtractor   : extracted value ([col_0_0_] : [BIGINT]) - [95]
2023-11-10 21:23:53.748 TRACE 87122 --- [    Test worker] o.h.type.descriptor.sql.BasicExtractor   : extracted value ([col_0_0_] : [BIGINT]) - [96]
2023-11-10 21:23:53.748 TRACE 87122 --- [    Test worker] o.h.type.descriptor.sql.BasicExtractor   : extracted value ([col_0_0_] : [BIGINT]) - [97]
2023-11-10 21:23:53.748 TRACE 87122 --- [    Test worker] o.h.type.descriptor.sql.BasicExtractor   : extracted value ([col_0_0_] : [BIGINT]) - [98]
2023-11-10 21:23:53.748 TRACE 87122 --- [    Test worker] o.h.type.descriptor.sql.BasicExtractor   : extracted value ([col_0_0_] : [BIGINT]) - [99]
2023-11-10 21:23:53.748 TRACE 87122 --- [    Test worker] o.h.type.descriptor.sql.BasicExtractor   : extracted value ([col_0_0_] : [BIGINT]) - [102]
2023-11-10 21:23:53.748 TRACE 87122 --- [    Test worker] o.h.type.descriptor.sql.BasicExtractor   : extracted value ([col_0_0_] : [BIGINT]) - [104]
2023-11-10 21:23:53.748 TRACE 87122 --- [    Test worker] o.h.type.descriptor.sql.BasicExtractor   : extracted value ([col_0_0_] : [BIGINT]) - [105]
2023-11-10 21:23:53.748 TRACE 87122 --- [    Test worker] o.h.type.descriptor.sql.BasicExtractor   : extracted value ([col_0_0_] : [BIGINT]) - [106]
2023-11-10 21:23:53.748 TRACE 87122 --- [    Test worker] o.h.type.descriptor.sql.BasicExtractor   : extracted value ([col_0_0_] : [BIGINT]) - [108]
2023-11-10 21:23:53.748 TRACE 87122 --- [    Test worker] o.h.type.descriptor.sql.BasicExtractor   : extracted value ([col_0_0_] : [BIGINT]) - [111]
2023-11-10 21:23:53.748 TRACE 87122 --- [    Test worker] o.h.type.descriptor.sql.BasicExtractor   : extracted value ([col_0_0_] : [BIGINT]) - [112]
2023-11-10 21:23:53.748 TRACE 87122 --- [    Test worker] o.h.type.descriptor.sql.BasicExtractor   : extracted value ([col_0_0_] : [BIGINT]) - [113]
2023-11-10 21:23:53.748 TRACE 87122 --- [    Test worker] o.h.type.descriptor.sql.BasicExtractor   : extracted value ([col_0_0_] : [BIGINT]) - [114]
2023-11-10 21:23:53.749 TRACE 87122 --- [    Test worker] o.h.type.descriptor.sql.BasicExtractor   : extracted value ([col_0_0_] : [BIGINT]) - [115]
2023-11-10 21:23:53.749 TRACE 87122 --- [    Test worker] o.h.type.descriptor.sql.BasicExtractor   : extracted value ([col_0_0_] : [BIGINT]) - [116]
2023-11-10 21:23:53.749 TRACE 87122 --- [    Test worker] o.h.type.descriptor.sql.BasicExtractor   : extracted value ([col_0_0_] : [BIGINT]) - [117]
Hibernate: 
    select
        coalesce(sum(reservatio0_.price),
        0) as col_0_0_ 
    from
        reservation reservatio0_ cross 
    join
        bay bay1_ 
    where
        reservatio0_.b_id=bay1_.id 
        and (
            bay1_.w_id in (
                ? , ? , ? , ? , ? , ? , ? , ? , ? , ? , ? , ? , ? , ? , ? , ? , ? , ? , ? , ? , ? , ? , ? , ? , ? , ? , ? , ? , ? , ? , ? , ? , ? , ? , ? , ? , ? , ? , ? , ? , ? , ? , ? , ? , ? , ? , ? , ? , ? , ? , ? , ? , ? , ? , ? , ? , ? , ? , ? , ? , ? , ? , ? , ? , ? , ? , ? , ? , ? , ? , ? , ? , ? , ? , ? , ? , ? , ? , ? , ?
            )
        ) 
        and year(reservatio0_.start_time)=year(?) 
        and month(reservatio0_.start_time)=month(?) 
        and reservatio0_.is_deleted=0
2023-11-10 21:23:53.752 TRACE 87122 --- [    Test worker] o.h.type.descriptor.sql.BasicBinder      : binding parameter [1] as [BIGINT] - [1]
2023-11-10 21:23:53.752 TRACE 87122 --- [    Test worker] o.h.type.descriptor.sql.BasicBinder      : binding parameter [2] as [BIGINT] - [2]
2023-11-10 21:23:53.752 TRACE 87122 --- [    Test worker] o.h.type.descriptor.sql.BasicBinder      : binding parameter [3] as [BIGINT] - [3]
2023-11-10 21:23:53.752 TRACE 87122 --- [    Test worker] o.h.type.descriptor.sql.BasicBinder      : binding parameter [4] as [BIGINT] - [4]
2023-11-10 21:23:53.752 TRACE 87122 --- [    Test worker] o.h.type.descriptor.sql.BasicBinder      : binding parameter [5] as [BIGINT] - [5]
2023-11-10 21:23:53.752 TRACE 87122 --- [    Test worker] o.h.type.descriptor.sql.BasicBinder      : binding parameter [6] as [BIGINT] - [6]
2023-11-10 21:23:53.752 TRACE 87122 --- [    Test worker] o.h.type.descriptor.sql.BasicBinder      : binding parameter [7] as [BIGINT] - [7]
2023-11-10 21:23:53.752 TRACE 87122 --- [    Test worker] o.h.type.descriptor.sql.BasicBinder      : binding parameter [8] as [BIGINT] - [11]
2023-11-10 21:23:53.752 TRACE 87122 --- [    Test worker] o.h.type.descriptor.sql.BasicBinder      : binding parameter [9] as [BIGINT] - [12]
2023-11-10 21:23:53.752 TRACE 87122 --- [    Test worker] o.h.type.descriptor.sql.BasicBinder      : binding parameter [10] as [BIGINT] - [14]
2023-11-10 21:23:53.752 TRACE 87122 --- [    Test worker] o.h.type.descriptor.sql.BasicBinder      : binding parameter [11] as [BIGINT] - [15]
2023-11-10 21:23:53.752 TRACE 87122 --- [    Test worker] o.h.type.descriptor.sql.BasicBinder      : binding parameter [12] as [BIGINT] - [16]
2023-11-10 21:23:53.752 TRACE 87122 --- [    Test worker] o.h.type.descriptor.sql.BasicBinder      : binding parameter [13] as [BIGINT] - [17]
2023-11-10 21:23:53.752 TRACE 87122 --- [    Test worker] o.h.type.descriptor.sql.BasicBinder      : binding parameter [14] as [BIGINT] - [18]
2023-11-10 21:23:53.752 TRACE 87122 --- [    Test worker] o.h.type.descriptor.sql.BasicBinder      : binding parameter [15] as [BIGINT] - [19]
2023-11-10 21:23:53.752 TRACE 87122 --- [    Test worker] o.h.type.descriptor.sql.BasicBinder      : binding parameter [16] as [BIGINT] - [20]
2023-11-10 21:23:53.752 TRACE 87122 --- [    Test worker] o.h.type.descriptor.sql.BasicBinder      : binding parameter [17] as [BIGINT] - [21]
2023-11-10 21:23:53.752 TRACE 87122 --- [    Test worker] o.h.type.descriptor.sql.BasicBinder      : binding parameter [18] as [BIGINT] - [22]
2023-11-10 21:23:53.752 TRACE 87122 --- [    Test worker] o.h.type.descriptor.sql.BasicBinder      : binding parameter [19] as [BIGINT] - [23]
2023-11-10 21:23:53.752 TRACE 87122 --- [    Test worker] o.h.type.descriptor.sql.BasicBinder      : binding parameter [20] as [BIGINT] - [24]
2023-11-10 21:23:53.752 TRACE 87122 --- [    Test worker] o.h.type.descriptor.sql.BasicBinder      : binding parameter [21] as [BIGINT] - [25]
2023-11-10 21:23:53.752 TRACE 87122 --- [    Test worker] o.h.type.descriptor.sql.BasicBinder      : binding parameter [22] as [BIGINT] - [26]
2023-11-10 21:23:53.752 TRACE 87122 --- [    Test worker] o.h.type.descriptor.sql.BasicBinder      : binding parameter [23] as [BIGINT] - [27]
2023-11-10 21:23:53.752 TRACE 87122 --- [    Test worker] o.h.type.descriptor.sql.BasicBinder      : binding parameter [24] as [BIGINT] - [28]
2023-11-10 21:23:53.752 TRACE 87122 --- [    Test worker] o.h.type.descriptor.sql.BasicBinder      : binding parameter [25] as [BIGINT] - [29]
2023-11-10 21:23:53.752 TRACE 87122 --- [    Test worker] o.h.type.descriptor.sql.BasicBinder      : binding parameter [26] as [BIGINT] - [30]
2023-11-10 21:23:53.752 TRACE 87122 --- [    Test worker] o.h.type.descriptor.sql.BasicBinder      : binding parameter [27] as [BIGINT] - [31]
2023-11-10 21:23:53.752 TRACE 87122 --- [    Test worker] o.h.type.descriptor.sql.BasicBinder      : binding parameter [28] as [BIGINT] - [32]
2023-11-10 21:23:53.752 TRACE 87122 --- [    Test worker] o.h.type.descriptor.sql.BasicBinder      : binding parameter [29] as [BIGINT] - [33]
2023-11-10 21:23:53.753 TRACE 87122 --- [    Test worker] o.h.type.descriptor.sql.BasicBinder      : binding parameter [30] as [BIGINT] - [34]
2023-11-10 21:23:53.753 TRACE 87122 --- [    Test worker] o.h.type.descriptor.sql.BasicBinder      : binding parameter [31] as [BIGINT] - [48]
2023-11-10 21:23:53.753 TRACE 87122 --- [    Test worker] o.h.type.descriptor.sql.BasicBinder      : binding parameter [32] as [BIGINT] - [49]
2023-11-10 21:23:53.753 TRACE 87122 --- [    Test worker] o.h.type.descriptor.sql.BasicBinder      : binding parameter [33] as [BIGINT] - [50]
2023-11-10 21:23:53.753 TRACE 87122 --- [    Test worker] o.h.type.descriptor.sql.BasicBinder      : binding parameter [34] as [BIGINT] - [51]
2023-11-10 21:23:53.753 TRACE 87122 --- [    Test worker] o.h.type.descriptor.sql.BasicBinder      : binding parameter [35] as [BIGINT] - [55]
2023-11-10 21:23:53.753 TRACE 87122 --- [    Test worker] o.h.type.descriptor.sql.BasicBinder      : binding parameter [36] as [BIGINT] - [56]
2023-11-10 21:23:53.753 TRACE 87122 --- [    Test worker] o.h.type.descriptor.sql.BasicBinder      : binding parameter [37] as [BIGINT] - [57]
2023-11-10 21:23:53.753 TRACE 87122 --- [    Test worker] o.h.type.descriptor.sql.BasicBinder      : binding parameter [38] as [BIGINT] - [58]
2023-11-10 21:23:53.753 TRACE 87122 --- [    Test worker] o.h.type.descriptor.sql.BasicBinder      : binding parameter [39] as [BIGINT] - [59]
2023-11-10 21:23:53.753 TRACE 87122 --- [    Test worker] o.h.type.descriptor.sql.BasicBinder      : binding parameter [40] as [BIGINT] - [60]
2023-11-10 21:23:53.753 TRACE 87122 --- [    Test worker] o.h.type.descriptor.sql.BasicBinder      : binding parameter [41] as [BIGINT] - [61]
2023-11-10 21:23:53.753 TRACE 87122 --- [    Test worker] o.h.type.descriptor.sql.BasicBinder      : binding parameter [42] as [BIGINT] - [62]
2023-11-10 21:23:53.753 TRACE 87122 --- [    Test worker] o.h.type.descriptor.sql.BasicBinder      : binding parameter [43] as [BIGINT] - [63]
2023-11-10 21:23:53.753 TRACE 87122 --- [    Test worker] o.h.type.descriptor.sql.BasicBinder      : binding parameter [44] as [BIGINT] - [64]
2023-11-10 21:23:53.753 TRACE 87122 --- [    Test worker] o.h.type.descriptor.sql.BasicBinder      : binding parameter [45] as [BIGINT] - [65]
2023-11-10 21:23:53.753 TRACE 87122 --- [    Test worker] o.h.type.descriptor.sql.BasicBinder      : binding parameter [46] as [BIGINT] - [66]
2023-11-10 21:23:53.753 TRACE 87122 --- [    Test worker] o.h.type.descriptor.sql.BasicBinder      : binding parameter [47] as [BIGINT] - [67]
2023-11-10 21:23:53.753 TRACE 87122 --- [    Test worker] o.h.type.descriptor.sql.BasicBinder      : binding parameter [48] as [BIGINT] - [68]
2023-11-10 21:23:53.753 TRACE 87122 --- [    Test worker] o.h.type.descriptor.sql.BasicBinder      : binding parameter [49] as [BIGINT] - [69]
2023-11-10 21:23:53.753 TRACE 87122 --- [    Test worker] o.h.type.descriptor.sql.BasicBinder      : binding parameter [50] as [BIGINT] - [70]
2023-11-10 21:23:53.753 TRACE 87122 --- [    Test worker] o.h.type.descriptor.sql.BasicBinder      : binding parameter [51] as [BIGINT] - [71]
2023-11-10 21:23:53.753 TRACE 87122 --- [    Test worker] o.h.type.descriptor.sql.BasicBinder      : binding parameter [52] as [BIGINT] - [72]
2023-11-10 21:23:53.753 TRACE 87122 --- [    Test worker] o.h.type.descriptor.sql.BasicBinder      : binding parameter [53] as [BIGINT] - [73]
2023-11-10 21:23:53.753 TRACE 87122 --- [    Test worker] o.h.type.descriptor.sql.BasicBinder      : binding parameter [54] as [BIGINT] - [75]
2023-11-10 21:23:53.753 TRACE 87122 --- [    Test worker] o.h.type.descriptor.sql.BasicBinder      : binding parameter [55] as [BIGINT] - [76]
2023-11-10 21:23:53.753 TRACE 87122 --- [    Test worker] o.h.type.descriptor.sql.BasicBinder      : binding parameter [56] as [BIGINT] - [77]
2023-11-10 21:23:53.753 TRACE 87122 --- [    Test worker] o.h.type.descriptor.sql.BasicBinder      : binding parameter [57] as [BIGINT] - [78]
2023-11-10 21:23:53.753 TRACE 87122 --- [    Test worker] o.h.type.descriptor.sql.BasicBinder      : binding parameter [58] as [BIGINT] - [79]
2023-11-10 21:23:53.753 TRACE 87122 --- [    Test worker] o.h.type.descriptor.sql.BasicBinder      : binding parameter [59] as [BIGINT] - [80]
2023-11-10 21:23:53.753 TRACE 87122 --- [    Test worker] o.h.type.descriptor.sql.BasicBinder      : binding parameter [60] as [BIGINT] - [83]
2023-11-10 21:23:53.753 TRACE 87122 --- [    Test worker] o.h.type.descriptor.sql.BasicBinder      : binding parameter [61] as [BIGINT] - [90]
2023-11-10 21:23:53.753 TRACE 87122 --- [    Test worker] o.h.type.descriptor.sql.BasicBinder      : binding parameter [62] as [BIGINT] - [93]
2023-11-10 21:23:53.753 TRACE 87122 --- [    Test worker] o.h.type.descriptor.sql.BasicBinder      : binding parameter [63] as [BIGINT] - [94]
2023-11-10 21:23:53.753 TRACE 87122 --- [    Test worker] o.h.type.descriptor.sql.BasicBinder      : binding parameter [64] as [BIGINT] - [95]
2023-11-10 21:23:53.753 TRACE 87122 --- [    Test worker] o.h.type.descriptor.sql.BasicBinder      : binding parameter [65] as [BIGINT] - [96]
2023-11-10 21:23:53.753 TRACE 87122 --- [    Test worker] o.h.type.descriptor.sql.BasicBinder      : binding parameter [66] as [BIGINT] - [97]
2023-11-10 21:23:53.753 TRACE 87122 --- [    Test worker] o.h.type.descriptor.sql.BasicBinder      : binding parameter [67] as [BIGINT] - [98]
2023-11-10 21:23:53.753 TRACE 87122 --- [    Test worker] o.h.type.descriptor.sql.BasicBinder      : binding parameter [68] as [BIGINT] - [99]
2023-11-10 21:23:53.753 TRACE 87122 --- [    Test worker] o.h.type.descriptor.sql.BasicBinder      : binding parameter [69] as [BIGINT] - [102]
2023-11-10 21:23:53.753 TRACE 87122 --- [    Test worker] o.h.type.descriptor.sql.BasicBinder      : binding parameter [70] as [BIGINT] - [104]
2023-11-10 21:23:53.753 TRACE 87122 --- [    Test worker] o.h.type.descriptor.sql.BasicBinder      : binding parameter [71] as [BIGINT] - [105]
2023-11-10 21:23:53.753 TRACE 87122 --- [    Test worker] o.h.type.descriptor.sql.BasicBinder      : binding parameter [72] as [BIGINT] - [106]
2023-11-10 21:23:53.753 TRACE 87122 --- [    Test worker] o.h.type.descriptor.sql.BasicBinder      : binding parameter [73] as [BIGINT] - [108]
2023-11-10 21:23:53.753 TRACE 87122 --- [    Test worker] o.h.type.descriptor.sql.BasicBinder      : binding parameter [74] as [BIGINT] - [111]
2023-11-10 21:23:53.753 TRACE 87122 --- [    Test worker] o.h.type.descriptor.sql.BasicBinder      : binding parameter [75] as [BIGINT] - [112]
2023-11-10 21:23:53.753 TRACE 87122 --- [    Test worker] o.h.type.descriptor.sql.BasicBinder      : binding parameter [76] as [BIGINT] - [113]
2023-11-10 21:23:53.753 TRACE 87122 --- [    Test worker] o.h.type.descriptor.sql.BasicBinder      : binding parameter [77] as [BIGINT] - [114]
2023-11-10 21:23:53.753 TRACE 87122 --- [    Test worker] o.h.type.descriptor.sql.BasicBinder      : binding parameter [78] as [BIGINT] - [115]
2023-11-10 21:23:53.753 TRACE 87122 --- [    Test worker] o.h.type.descriptor.sql.BasicBinder      : binding parameter [79] as [BIGINT] - [116]
2023-11-10 21:23:53.753 TRACE 87122 --- [    Test worker] o.h.type.descriptor.sql.BasicBinder      : binding parameter [80] as [BIGINT] - [117]
2023-11-10 21:23:53.753 TRACE 87122 --- [    Test worker] o.h.type.descriptor.sql.BasicBinder      : binding parameter [81] as [DATE] - [2023-11-01]
2023-11-10 21:23:53.753 TRACE 87122 --- [    Test worker] o.h.type.descriptor.sql.BasicBinder      : binding parameter [82] as [DATE] - [2023-11-01]
2023-11-10 21:23:53.767 TRACE 87122 --- [    Test worker] o.h.type.descriptor.sql.BasicExtractor   : extracted value ([col_0_0_] : [BIGINT]) - [42000]
Hibernate: 
    select
        coalesce(sum(reservatio0_.price),
        0) as col_0_0_ 
    from
        reservation reservatio0_ cross 
    join
        bay bay1_ 
    where
        reservatio0_.b_id=bay1_.id 
        and (
            bay1_.w_id in (
                ? , ? , ? , ? , ? , ? , ? , ? , ? , ? , ? , ? , ? , ? , ? , ? , ? , ? , ? , ? , ? , ? , ? , ? , ? , ? , ? , ? , ? , ? , ? , ? , ? , ? , ? , ? , ? , ? , ? , ? , ? , ? , ? , ? , ? , ? , ? , ? , ? , ? , ? , ? , ? , ? , ? , ? , ? , ? , ? , ? , ? , ? , ? , ? , ? , ? , ? , ? , ? , ? , ? , ? , ? , ? , ? , ? , ? , ? , ? , ?
            )
        ) 
        and year(reservatio0_.start_time)=year(?) 
        and month(reservatio0_.start_time)=month(?) 
        and reservatio0_.is_deleted=0
2023-11-10 21:23:53.769 TRACE 87122 --- [    Test worker] o.h.type.descriptor.sql.BasicBinder      : binding parameter [1] as [BIGINT] - [1]
2023-11-10 21:23:53.769 TRACE 87122 --- [    Test worker] o.h.type.descriptor.sql.BasicBinder      : binding parameter [2] as [BIGINT] - [2]
2023-11-10 21:23:53.769 TRACE 87122 --- [    Test worker] o.h.type.descriptor.sql.BasicBinder      : binding parameter [3] as [BIGINT] - [3]
2023-11-10 21:23:53.769 TRACE 87122 --- [    Test worker] o.h.type.descriptor.sql.BasicBinder      : binding parameter [4] as [BIGINT] - [4]
2023-11-10 21:23:53.769 TRACE 87122 --- [    Test worker] o.h.type.descriptor.sql.BasicBinder      : binding parameter [5] as [BIGINT] - [5]
2023-11-10 21:23:53.769 TRACE 87122 --- [    Test worker] o.h.type.descriptor.sql.BasicBinder      : binding parameter [6] as [BIGINT] - [6]
2023-11-10 21:23:53.769 TRACE 87122 --- [    Test worker] o.h.type.descriptor.sql.BasicBinder      : binding parameter [7] as [BIGINT] - [7]
2023-11-10 21:23:53.769 TRACE 87122 --- [    Test worker] o.h.type.descriptor.sql.BasicBinder      : binding parameter [8] as [BIGINT] - [11]
2023-11-10 21:23:53.769 TRACE 87122 --- [    Test worker] o.h.type.descriptor.sql.BasicBinder      : binding parameter [9] as [BIGINT] - [12]
2023-11-10 21:23:53.769 TRACE 87122 --- [    Test worker] o.h.type.descriptor.sql.BasicBinder      : binding parameter [10] as [BIGINT] - [14]
2023-11-10 21:23:53.769 TRACE 87122 --- [    Test worker] o.h.type.descriptor.sql.BasicBinder      : binding parameter [11] as [BIGINT] - [15]
2023-11-10 21:23:53.769 TRACE 87122 --- [    Test worker] o.h.type.descriptor.sql.BasicBinder      : binding parameter [12] as [BIGINT] - [16]
2023-11-10 21:23:53.769 TRACE 87122 --- [    Test worker] o.h.type.descriptor.sql.BasicBinder      : binding parameter [13] as [BIGINT] - [17]
2023-11-10 21:23:53.769 TRACE 87122 --- [    Test worker] o.h.type.descriptor.sql.BasicBinder      : binding parameter [14] as [BIGINT] - [18]
2023-11-10 21:23:53.769 TRACE 87122 --- [    Test worker] o.h.type.descriptor.sql.BasicBinder      : binding parameter [15] as [BIGINT] - [19]
2023-11-10 21:23:53.769 TRACE 87122 --- [    Test worker] o.h.type.descriptor.sql.BasicBinder      : binding parameter [16] as [BIGINT] - [20]
2023-11-10 21:23:53.769 TRACE 87122 --- [    Test worker] o.h.type.descriptor.sql.BasicBinder      : binding parameter [17] as [BIGINT] - [21]
2023-11-10 21:23:53.769 TRACE 87122 --- [    Test worker] o.h.type.descriptor.sql.BasicBinder      : binding parameter [18] as [BIGINT] - [22]
2023-11-10 21:23:53.769 TRACE 87122 --- [    Test worker] o.h.type.descriptor.sql.BasicBinder      : binding parameter [19] as [BIGINT] - [23]
2023-11-10 21:23:53.769 TRACE 87122 --- [    Test worker] o.h.type.descriptor.sql.BasicBinder      : binding parameter [20] as [BIGINT] - [24]
2023-11-10 21:23:53.769 TRACE 87122 --- [    Test worker] o.h.type.descriptor.sql.BasicBinder      : binding parameter [21] as [BIGINT] - [25]
2023-11-10 21:23:53.769 TRACE 87122 --- [    Test worker] o.h.type.descriptor.sql.BasicBinder      : binding parameter [22] as [BIGINT] - [26]
2023-11-10 21:23:53.769 TRACE 87122 --- [    Test worker] o.h.type.descriptor.sql.BasicBinder      : binding parameter [23] as [BIGINT] - [27]
2023-11-10 21:23:53.770 TRACE 87122 --- [    Test worker] o.h.type.descriptor.sql.BasicBinder      : binding parameter [24] as [BIGINT] - [28]
2023-11-10 21:23:53.770 TRACE 87122 --- [    Test worker] o.h.type.descriptor.sql.BasicBinder      : binding parameter [25] as [BIGINT] - [29]
2023-11-10 21:23:53.770 TRACE 87122 --- [    Test worker] o.h.type.descriptor.sql.BasicBinder      : binding parameter [26] as [BIGINT] - [30]
2023-11-10 21:23:53.770 TRACE 87122 --- [    Test worker] o.h.type.descriptor.sql.BasicBinder      : binding parameter [27] as [BIGINT] - [31]
2023-11-10 21:23:53.770 TRACE 87122 --- [    Test worker] o.h.type.descriptor.sql.BasicBinder      : binding parameter [28] as [BIGINT] - [32]
2023-11-10 21:23:53.770 TRACE 87122 --- [    Test worker] o.h.type.descriptor.sql.BasicBinder      : binding parameter [29] as [BIGINT] - [33]
2023-11-10 21:23:53.770 TRACE 87122 --- [    Test worker] o.h.type.descriptor.sql.BasicBinder      : binding parameter [30] as [BIGINT] - [34]
2023-11-10 21:23:53.770 TRACE 87122 --- [    Test worker] o.h.type.descriptor.sql.BasicBinder      : binding parameter [31] as [BIGINT] - [48]
2023-11-10 21:23:53.770 TRACE 87122 --- [    Test worker] o.h.type.descriptor.sql.BasicBinder      : binding parameter [32] as [BIGINT] - [49]
2023-11-10 21:23:53.770 TRACE 87122 --- [    Test worker] o.h.type.descriptor.sql.BasicBinder      : binding parameter [33] as [BIGINT] - [50]
2023-11-10 21:23:53.770 TRACE 87122 --- [    Test worker] o.h.type.descriptor.sql.BasicBinder      : binding parameter [34] as [BIGINT] - [51]
2023-11-10 21:23:53.770 TRACE 87122 --- [    Test worker] o.h.type.descriptor.sql.BasicBinder      : binding parameter [35] as [BIGINT] - [55]
2023-11-10 21:23:53.770 TRACE 87122 --- [    Test worker] o.h.type.descriptor.sql.BasicBinder      : binding parameter [36] as [BIGINT] - [56]
2023-11-10 21:23:53.770 TRACE 87122 --- [    Test worker] o.h.type.descriptor.sql.BasicBinder      : binding parameter [37] as [BIGINT] - [57]
2023-11-10 21:23:53.770 TRACE 87122 --- [    Test worker] o.h.type.descriptor.sql.BasicBinder      : binding parameter [38] as [BIGINT] - [58]
2023-11-10 21:23:53.770 TRACE 87122 --- [    Test worker] o.h.type.descriptor.sql.BasicBinder      : binding parameter [39] as [BIGINT] - [59]
2023-11-10 21:23:53.770 TRACE 87122 --- [    Test worker] o.h.type.descriptor.sql.BasicBinder      : binding parameter [40] as [BIGINT] - [60]
2023-11-10 21:23:53.770 TRACE 87122 --- [    Test worker] o.h.type.descriptor.sql.BasicBinder      : binding parameter [41] as [BIGINT] - [61]
2023-11-10 21:23:53.770 TRACE 87122 --- [    Test worker] o.h.type.descriptor.sql.BasicBinder      : binding parameter [42] as [BIGINT] - [62]
2023-11-10 21:23:53.770 TRACE 87122 --- [    Test worker] o.h.type.descriptor.sql.BasicBinder      : binding parameter [43] as [BIGINT] - [63]
2023-11-10 21:23:53.770 TRACE 87122 --- [    Test worker] o.h.type.descriptor.sql.BasicBinder      : binding parameter [44] as [BIGINT] - [64]
2023-11-10 21:23:53.770 TRACE 87122 --- [    Test worker] o.h.type.descriptor.sql.BasicBinder      : binding parameter [45] as [BIGINT] - [65]
2023-11-10 21:23:53.770 TRACE 87122 --- [    Test worker] o.h.type.descriptor.sql.BasicBinder      : binding parameter [46] as [BIGINT] - [66]
2023-11-10 21:23:53.770 TRACE 87122 --- [    Test worker] o.h.type.descriptor.sql.BasicBinder      : binding parameter [47] as [BIGINT] - [67]
2023-11-10 21:23:53.770 TRACE 87122 --- [    Test worker] o.h.type.descriptor.sql.BasicBinder      : binding parameter [48] as [BIGINT] - [68]
2023-11-10 21:23:53.770 TRACE 87122 --- [    Test worker] o.h.type.descriptor.sql.BasicBinder      : binding parameter [49] as [BIGINT] - [69]
2023-11-10 21:23:53.770 TRACE 87122 --- [    Test worker] o.h.type.descriptor.sql.BasicBinder      : binding parameter [50] as [BIGINT] - [70]
2023-11-10 21:23:53.770 TRACE 87122 --- [    Test worker] o.h.type.descriptor.sql.BasicBinder      : binding parameter [51] as [BIGINT] - [71]
2023-11-10 21:23:53.770 TRACE 87122 --- [    Test worker] o.h.type.descriptor.sql.BasicBinder      : binding parameter [52] as [BIGINT] - [72]
2023-11-10 21:23:53.770 TRACE 87122 --- [    Test worker] o.h.type.descriptor.sql.BasicBinder      : binding parameter [53] as [BIGINT] - [73]
2023-11-10 21:23:53.771 TRACE 87122 --- [    Test worker] o.h.type.descriptor.sql.BasicBinder      : binding parameter [54] as [BIGINT] - [75]
2023-11-10 21:23:53.771 TRACE 87122 --- [    Test worker] o.h.type.descriptor.sql.BasicBinder      : binding parameter [55] as [BIGINT] - [76]
2023-11-10 21:23:53.771 TRACE 87122 --- [    Test worker] o.h.type.descriptor.sql.BasicBinder      : binding parameter [56] as [BIGINT] - [77]
2023-11-10 21:23:53.771 TRACE 87122 --- [    Test worker] o.h.type.descriptor.sql.BasicBinder      : binding parameter [57] as [BIGINT] - [78]
2023-11-10 21:23:53.771 TRACE 87122 --- [    Test worker] o.h.type.descriptor.sql.BasicBinder      : binding parameter [58] as [BIGINT] - [79]
2023-11-10 21:23:53.771 TRACE 87122 --- [    Test worker] o.h.type.descriptor.sql.BasicBinder      : binding parameter [59] as [BIGINT] - [80]
2023-11-10 21:23:53.771 TRACE 87122 --- [    Test worker] o.h.type.descriptor.sql.BasicBinder      : binding parameter [60] as [BIGINT] - [83]
2023-11-10 21:23:53.771 TRACE 87122 --- [    Test worker] o.h.type.descriptor.sql.BasicBinder      : binding parameter [61] as [BIGINT] - [90]
2023-11-10 21:23:53.771 TRACE 87122 --- [    Test worker] o.h.type.descriptor.sql.BasicBinder      : binding parameter [62] as [BIGINT] - [93]
2023-11-10 21:23:53.771 TRACE 87122 --- [    Test worker] o.h.type.descriptor.sql.BasicBinder      : binding parameter [63] as [BIGINT] - [94]
2023-11-10 21:23:53.771 TRACE 87122 --- [    Test worker] o.h.type.descriptor.sql.BasicBinder      : binding parameter [64] as [BIGINT] - [95]
2023-11-10 21:23:53.771 TRACE 87122 --- [    Test worker] o.h.type.descriptor.sql.BasicBinder      : binding parameter [65] as [BIGINT] - [96]
2023-11-10 21:23:53.771 TRACE 87122 --- [    Test worker] o.h.type.descriptor.sql.BasicBinder      : binding parameter [66] as [BIGINT] - [97]
2023-11-10 21:23:53.771 TRACE 87122 --- [    Test worker] o.h.type.descriptor.sql.BasicBinder      : binding parameter [67] as [BIGINT] - [98]
2023-11-10 21:23:53.771 TRACE 87122 --- [    Test worker] o.h.type.descriptor.sql.BasicBinder      : binding parameter [68] as [BIGINT] - [99]
2023-11-10 21:23:53.771 TRACE 87122 --- [    Test worker] o.h.type.descriptor.sql.BasicBinder      : binding parameter [69] as [BIGINT] - [102]
2023-11-10 21:23:53.771 TRACE 87122 --- [    Test worker] o.h.type.descriptor.sql.BasicBinder      : binding parameter [70] as [BIGINT] - [104]
2023-11-10 21:23:53.771 TRACE 87122 --- [    Test worker] o.h.type.descriptor.sql.BasicBinder      : binding parameter [71] as [BIGINT] - [105]
2023-11-10 21:23:53.771 TRACE 87122 --- [    Test worker] o.h.type.descriptor.sql.BasicBinder      : binding parameter [72] as [BIGINT] - [106]
2023-11-10 21:23:53.771 TRACE 87122 --- [    Test worker] o.h.type.descriptor.sql.BasicBinder      : binding parameter [73] as [BIGINT] - [108]
2023-11-10 21:23:53.771 TRACE 87122 --- [    Test worker] o.h.type.descriptor.sql.BasicBinder      : binding parameter [74] as [BIGINT] - [111]
2023-11-10 21:23:53.771 TRACE 87122 --- [    Test worker] o.h.type.descriptor.sql.BasicBinder      : binding parameter [75] as [BIGINT] - [112]
2023-11-10 21:23:53.771 TRACE 87122 --- [    Test worker] o.h.type.descriptor.sql.BasicBinder      : binding parameter [76] as [BIGINT] - [113]
2023-11-10 21:23:53.771 TRACE 87122 --- [    Test worker] o.h.type.descriptor.sql.BasicBinder      : binding parameter [77] as [BIGINT] - [114]
2023-11-10 21:23:53.771 TRACE 87122 --- [    Test worker] o.h.type.descriptor.sql.BasicBinder      : binding parameter [78] as [BIGINT] - [115]
2023-11-10 21:23:53.771 TRACE 87122 --- [    Test worker] o.h.type.descriptor.sql.BasicBinder      : binding parameter [79] as [BIGINT] - [116]
2023-11-10 21:23:53.771 TRACE 87122 --- [    Test worker] o.h.type.descriptor.sql.BasicBinder      : binding parameter [80] as [BIGINT] - [117]
2023-11-10 21:23:53.771 TRACE 87122 --- [    Test worker] o.h.type.descriptor.sql.BasicBinder      : binding parameter [81] as [DATE] - [2023-10-01]
2023-11-10 21:23:53.771 TRACE 87122 --- [    Test worker] o.h.type.descriptor.sql.BasicBinder      : binding parameter [82] as [DATE] - [2023-10-01]
2023-11-10 21:23:53.782 TRACE 87122 --- [    Test worker] o.h.type.descriptor.sql.BasicExtractor   : extracted value ([col_0_0_] : [BIGINT]) - [51500]
Hibernate: 
    select
        count(reservatio0_.id) as col_0_0_ 
    from
        reservation reservatio0_ cross 
    join
        bay bay1_ 
    where
        reservatio0_.b_id=bay1_.id 
        and (
            bay1_.w_id in (
                ? , ? , ? , ? , ? , ? , ? , ? , ? , ? , ? , ? , ? , ? , ? , ? , ? , ? , ? , ? , ? , ? , ? , ? , ? , ? , ? , ? , ? , ? , ? , ? , ? , ? , ? , ? , ? , ? , ? , ? , ? , ? , ? , ? , ? , ? , ? , ? , ? , ? , ? , ? , ? , ? , ? , ? , ? , ? , ? , ? , ? , ? , ? , ? , ? , ? , ? , ? , ? , ? , ? , ? , ? , ? , ? , ? , ? , ? , ? , ?
            )
        ) 
        and year(reservatio0_.start_time)=year(?) 
        and month(reservatio0_.start_time)=month(?) 
        and reservatio0_.is_deleted=0
2023-11-10 21:23:53.786 TRACE 87122 --- [    Test worker] o.h.type.descriptor.sql.BasicBinder      : binding parameter [1] as [BIGINT] - [1]
2023-11-10 21:23:53.786 TRACE 87122 --- [    Test worker] o.h.type.descriptor.sql.BasicBinder      : binding parameter [2] as [BIGINT] - [2]
2023-11-10 21:23:53.786 TRACE 87122 --- [    Test worker] o.h.type.descriptor.sql.BasicBinder      : binding parameter [3] as [BIGINT] - [3]
2023-11-10 21:23:53.786 TRACE 87122 --- [    Test worker] o.h.type.descriptor.sql.BasicBinder      : binding parameter [4] as [BIGINT] - [4]
2023-11-10 21:23:53.786 TRACE 87122 --- [    Test worker] o.h.type.descriptor.sql.BasicBinder      : binding parameter [5] as [BIGINT] - [5]
2023-11-10 21:23:53.786 TRACE 87122 --- [    Test worker] o.h.type.descriptor.sql.BasicBinder      : binding parameter [6] as [BIGINT] - [6]
2023-11-10 21:23:53.786 TRACE 87122 --- [    Test worker] o.h.type.descriptor.sql.BasicBinder      : binding parameter [7] as [BIGINT] - [7]
2023-11-10 21:23:53.786 TRACE 87122 --- [    Test worker] o.h.type.descriptor.sql.BasicBinder      : binding parameter [8] as [BIGINT] - [11]
2023-11-10 21:23:53.786 TRACE 87122 --- [    Test worker] o.h.type.descriptor.sql.BasicBinder      : binding parameter [9] as [BIGINT] - [12]
2023-11-10 21:23:53.786 TRACE 87122 --- [    Test worker] o.h.type.descriptor.sql.BasicBinder      : binding parameter [10] as [BIGINT] - [14]
2023-11-10 21:23:53.786 TRACE 87122 --- [    Test worker] o.h.type.descriptor.sql.BasicBinder      : binding parameter [11] as [BIGINT] - [15]
2023-11-10 21:23:53.786 TRACE 87122 --- [    Test worker] o.h.type.descriptor.sql.BasicBinder      : binding parameter [12] as [BIGINT] - [16]
2023-11-10 21:23:53.787 TRACE 87122 --- [    Test worker] o.h.type.descriptor.sql.BasicBinder      : binding parameter [13] as [BIGINT] - [17]
2023-11-10 21:23:53.787 TRACE 87122 --- [    Test worker] o.h.type.descriptor.sql.BasicBinder      : binding parameter [14] as [BIGINT] - [18]
2023-11-10 21:23:53.787 TRACE 87122 --- [    Test worker] o.h.type.descriptor.sql.BasicBinder      : binding parameter [15] as [BIGINT] - [19]
2023-11-10 21:23:53.787 TRACE 87122 --- [    Test worker] o.h.type.descriptor.sql.BasicBinder      : binding parameter [16] as [BIGINT] - [20]
2023-11-10 21:23:53.787 TRACE 87122 --- [    Test worker] o.h.type.descriptor.sql.BasicBinder      : binding parameter [17] as [BIGINT] - [21]
2023-11-10 21:23:53.787 TRACE 87122 --- [    Test worker] o.h.type.descriptor.sql.BasicBinder      : binding parameter [18] as [BIGINT] - [22]
2023-11-10 21:23:53.787 TRACE 87122 --- [    Test worker] o.h.type.descriptor.sql.BasicBinder      : binding parameter [19] as [BIGINT] - [23]
2023-11-10 21:23:53.787 TRACE 87122 --- [    Test worker] o.h.type.descriptor.sql.BasicBinder      : binding parameter [20] as [BIGINT] - [24]
2023-11-10 21:23:53.787 TRACE 87122 --- [    Test worker] o.h.type.descriptor.sql.BasicBinder      : binding parameter [21] as [BIGINT] - [25]
2023-11-10 21:23:53.787 TRACE 87122 --- [    Test worker] o.h.type.descriptor.sql.BasicBinder      : binding parameter [22] as [BIGINT] - [26]
2023-11-10 21:23:53.787 TRACE 87122 --- [    Test worker] o.h.type.descriptor.sql.BasicBinder      : binding parameter [23] as [BIGINT] - [27]
2023-11-10 21:23:53.787 TRACE 87122 --- [    Test worker] o.h.type.descriptor.sql.BasicBinder      : binding parameter [24] as [BIGINT] - [28]
2023-11-10 21:23:53.787 TRACE 87122 --- [    Test worker] o.h.type.descriptor.sql.BasicBinder      : binding parameter [25] as [BIGINT] - [29]
2023-11-10 21:23:53.787 TRACE 87122 --- [    Test worker] o.h.type.descriptor.sql.BasicBinder      : binding parameter [26] as [BIGINT] - [30]
2023-11-10 21:23:53.787 TRACE 87122 --- [    Test worker] o.h.type.descriptor.sql.BasicBinder      : binding parameter [27] as [BIGINT] - [31]
2023-11-10 21:23:53.787 TRACE 87122 --- [    Test worker] o.h.type.descriptor.sql.BasicBinder      : binding parameter [28] as [BIGINT] - [32]
2023-11-10 21:23:53.787 TRACE 87122 --- [    Test worker] o.h.type.descriptor.sql.BasicBinder      : binding parameter [29] as [BIGINT] - [33]
2023-11-10 21:23:53.787 TRACE 87122 --- [    Test worker] o.h.type.descriptor.sql.BasicBinder      : binding parameter [30] as [BIGINT] - [34]
2023-11-10 21:23:53.787 TRACE 87122 --- [    Test worker] o.h.type.descriptor.sql.BasicBinder      : binding parameter [31] as [BIGINT] - [48]
2023-11-10 21:23:53.787 TRACE 87122 --- [    Test worker] o.h.type.descriptor.sql.BasicBinder      : binding parameter [32] as [BIGINT] - [49]
2023-11-10 21:23:53.787 TRACE 87122 --- [    Test worker] o.h.type.descriptor.sql.BasicBinder      : binding parameter [33] as [BIGINT] - [50]
2023-11-10 21:23:53.787 TRACE 87122 --- [    Test worker] o.h.type.descriptor.sql.BasicBinder      : binding parameter [34] as [BIGINT] - [51]
2023-11-10 21:23:53.787 TRACE 87122 --- [    Test worker] o.h.type.descriptor.sql.BasicBinder      : binding parameter [35] as [BIGINT] - [55]
2023-11-10 21:23:53.787 TRACE 87122 --- [    Test worker] o.h.type.descriptor.sql.BasicBinder      : binding parameter [36] as [BIGINT] - [56]
2023-11-10 21:23:53.787 TRACE 87122 --- [    Test worker] o.h.type.descriptor.sql.BasicBinder      : binding parameter [37] as [BIGINT] - [57]
2023-11-10 21:23:53.787 TRACE 87122 --- [    Test worker] o.h.type.descriptor.sql.BasicBinder      : binding parameter [38] as [BIGINT] - [58]
2023-11-10 21:23:53.787 TRACE 87122 --- [    Test worker] o.h.type.descriptor.sql.BasicBinder      : binding parameter [39] as [BIGINT] - [59]
2023-11-10 21:23:53.787 TRACE 87122 --- [    Test worker] o.h.type.descriptor.sql.BasicBinder      : binding parameter [40] as [BIGINT] - [60]
2023-11-10 21:23:53.787 TRACE 87122 --- [    Test worker] o.h.type.descriptor.sql.BasicBinder      : binding parameter [41] as [BIGINT] - [61]
2023-11-10 21:23:53.787 TRACE 87122 --- [    Test worker] o.h.type.descriptor.sql.BasicBinder      : binding parameter [42] as [BIGINT] - [62]
2023-11-10 21:23:53.787 TRACE 87122 --- [    Test worker] o.h.type.descriptor.sql.BasicBinder      : binding parameter [43] as [BIGINT] - [63]
2023-11-10 21:23:53.787 TRACE 87122 --- [    Test worker] o.h.type.descriptor.sql.BasicBinder      : binding parameter [44] as [BIGINT] - [64]
2023-11-10 21:23:53.787 TRACE 87122 --- [    Test worker] o.h.type.descriptor.sql.BasicBinder      : binding parameter [45] as [BIGINT] - [65]
2023-11-10 21:23:53.787 TRACE 87122 --- [    Test worker] o.h.type.descriptor.sql.BasicBinder      : binding parameter [46] as [BIGINT] - [66]
2023-11-10 21:23:53.787 TRACE 87122 --- [    Test worker] o.h.type.descriptor.sql.BasicBinder      : binding parameter [47] as [BIGINT] - [67]
2023-11-10 21:23:53.787 TRACE 87122 --- [    Test worker] o.h.type.descriptor.sql.BasicBinder      : binding parameter [48] as [BIGINT] - [68]
2023-11-10 21:23:53.787 TRACE 87122 --- [    Test worker] o.h.type.descriptor.sql.BasicBinder      : binding parameter [49] as [BIGINT] - [69]
2023-11-10 21:23:53.787 TRACE 87122 --- [    Test worker] o.h.type.descriptor.sql.BasicBinder      : binding parameter [50] as [BIGINT] - [70]
2023-11-10 21:23:53.787 TRACE 87122 --- [    Test worker] o.h.type.descriptor.sql.BasicBinder      : binding parameter [51] as [BIGINT] - [71]
2023-11-10 21:23:53.787 TRACE 87122 --- [    Test worker] o.h.type.descriptor.sql.BasicBinder      : binding parameter [52] as [BIGINT] - [72]
2023-11-10 21:23:53.787 TRACE 87122 --- [    Test worker] o.h.type.descriptor.sql.BasicBinder      : binding parameter [53] as [BIGINT] - [73]
2023-11-10 21:23:53.787 TRACE 87122 --- [    Test worker] o.h.type.descriptor.sql.BasicBinder      : binding parameter [54] as [BIGINT] - [75]
2023-11-10 21:23:53.787 TRACE 87122 --- [    Test worker] o.h.type.descriptor.sql.BasicBinder      : binding parameter [55] as [BIGINT] - [76]
2023-11-10 21:23:53.787 TRACE 87122 --- [    Test worker] o.h.type.descriptor.sql.BasicBinder      : binding parameter [56] as [BIGINT] - [77]
2023-11-10 21:23:53.787 TRACE 87122 --- [    Test worker] o.h.type.descriptor.sql.BasicBinder      : binding parameter [57] as [BIGINT] - [78]
2023-11-10 21:23:53.787 TRACE 87122 --- [    Test worker] o.h.type.descriptor.sql.BasicBinder      : binding parameter [58] as [BIGINT] - [79]
2023-11-10 21:23:53.787 TRACE 87122 --- [    Test worker] o.h.type.descriptor.sql.BasicBinder      : binding parameter [59] as [BIGINT] - [80]
2023-11-10 21:23:53.787 TRACE 87122 --- [    Test worker] o.h.type.descriptor.sql.BasicBinder      : binding parameter [60] as [BIGINT] - [83]
2023-11-10 21:23:53.787 TRACE 87122 --- [    Test worker] o.h.type.descriptor.sql.BasicBinder      : binding parameter [61] as [BIGINT] - [90]
2023-11-10 21:23:53.787 TRACE 87122 --- [    Test worker] o.h.type.descriptor.sql.BasicBinder      : binding parameter [62] as [BIGINT] - [93]
2023-11-10 21:23:53.787 TRACE 87122 --- [    Test worker] o.h.type.descriptor.sql.BasicBinder      : binding parameter [63] as [BIGINT] - [94]
2023-11-10 21:23:53.787 TRACE 87122 --- [    Test worker] o.h.type.descriptor.sql.BasicBinder      : binding parameter [64] as [BIGINT] - [95]
2023-11-10 21:23:53.787 TRACE 87122 --- [    Test worker] o.h.type.descriptor.sql.BasicBinder      : binding parameter [65] as [BIGINT] - [96]
2023-11-10 21:23:53.787 TRACE 87122 --- [    Test worker] o.h.type.descriptor.sql.BasicBinder      : binding parameter [66] as [BIGINT] - [97]
2023-11-10 21:23:53.788 TRACE 87122 --- [    Test worker] o.h.type.descriptor.sql.BasicBinder      : binding parameter [67] as [BIGINT] - [98]
2023-11-10 21:23:53.788 TRACE 87122 --- [    Test worker] o.h.type.descriptor.sql.BasicBinder      : binding parameter [68] as [BIGINT] - [99]
2023-11-10 21:23:53.788 TRACE 87122 --- [    Test worker] o.h.type.descriptor.sql.BasicBinder      : binding parameter [69] as [BIGINT] - [102]
2023-11-10 21:23:53.788 TRACE 87122 --- [    Test worker] o.h.type.descriptor.sql.BasicBinder      : binding parameter [70] as [BIGINT] - [104]
2023-11-10 21:23:53.788 TRACE 87122 --- [    Test worker] o.h.type.descriptor.sql.BasicBinder      : binding parameter [71] as [BIGINT] - [105]
2023-11-10 21:23:53.788 TRACE 87122 --- [    Test worker] o.h.type.descriptor.sql.BasicBinder      : binding parameter [72] as [BIGINT] - [106]
2023-11-10 21:23:53.788 TRACE 87122 --- [    Test worker] o.h.type.descriptor.sql.BasicBinder      : binding parameter [73] as [BIGINT] - [108]
2023-11-10 21:23:53.788 TRACE 87122 --- [    Test worker] o.h.type.descriptor.sql.BasicBinder      : binding parameter [74] as [BIGINT] - [111]
2023-11-10 21:23:53.788 TRACE 87122 --- [    Test worker] o.h.type.descriptor.sql.BasicBinder      : binding parameter [75] as [BIGINT] - [112]
2023-11-10 21:23:53.788 TRACE 87122 --- [    Test worker] o.h.type.descriptor.sql.BasicBinder      : binding parameter [76] as [BIGINT] - [113]
2023-11-10 21:23:53.788 TRACE 87122 --- [    Test worker] o.h.type.descriptor.sql.BasicBinder      : binding parameter [77] as [BIGINT] - [114]
2023-11-10 21:23:53.788 TRACE 87122 --- [    Test worker] o.h.type.descriptor.sql.BasicBinder      : binding parameter [78] as [BIGINT] - [115]
2023-11-10 21:23:53.788 TRACE 87122 --- [    Test worker] o.h.type.descriptor.sql.BasicBinder      : binding parameter [79] as [BIGINT] - [116]
2023-11-10 21:23:53.788 TRACE 87122 --- [    Test worker] o.h.type.descriptor.sql.BasicBinder      : binding parameter [80] as [BIGINT] - [117]
2023-11-10 21:23:53.788 TRACE 87122 --- [    Test worker] o.h.type.descriptor.sql.BasicBinder      : binding parameter [81] as [DATE] - [2023-11-01]
2023-11-10 21:23:53.788 TRACE 87122 --- [    Test worker] o.h.type.descriptor.sql.BasicBinder      : binding parameter [82] as [DATE] - [2023-11-01]
2023-11-10 21:23:53.799 TRACE 87122 --- [    Test worker] o.h.type.descriptor.sql.BasicExtractor   : extracted value ([col_0_0_] : [BIGINT]) - [8]
Hibernate: 
    select
        count(reservatio0_.id) as col_0_0_ 
    from
        reservation reservatio0_ cross 
    join
        bay bay1_ 
    where
        reservatio0_.b_id=bay1_.id 
        and (
            bay1_.w_id in (
                ? , ? , ? , ? , ? , ? , ? , ? , ? , ? , ? , ? , ? , ? , ? , ? , ? , ? , ? , ? , ? , ? , ? , ? , ? , ? , ? , ? , ? , ? , ? , ? , ? , ? , ? , ? , ? , ? , ? , ? , ? , ? , ? , ? , ? , ? , ? , ? , ? , ? , ? , ? , ? , ? , ? , ? , ? , ? , ? , ? , ? , ? , ? , ? , ? , ? , ? , ? , ? , ? , ? , ? , ? , ? , ? , ? , ? , ? , ? , ?
            )
        ) 
        and year(reservatio0_.start_time)=year(?) 
        and month(reservatio0_.start_time)=month(?) 
        and reservatio0_.is_deleted=0
2023-11-10 21:23:53.800 TRACE 87122 --- [    Test worker] o.h.type.descriptor.sql.BasicBinder      : binding parameter [1] as [BIGINT] - [1]
2023-11-10 21:23:53.800 TRACE 87122 --- [    Test worker] o.h.type.descriptor.sql.BasicBinder      : binding parameter [2] as [BIGINT] - [2]
2023-11-10 21:23:53.800 TRACE 87122 --- [    Test worker] o.h.type.descriptor.sql.BasicBinder      : binding parameter [3] as [BIGINT] - [3]
2023-11-10 21:23:53.800 TRACE 87122 --- [    Test worker] o.h.type.descriptor.sql.BasicBinder      : binding parameter [4] as [BIGINT] - [4]
2023-11-10 21:23:53.800 TRACE 87122 --- [    Test worker] o.h.type.descriptor.sql.BasicBinder      : binding parameter [5] as [BIGINT] - [5]
2023-11-10 21:23:53.800 TRACE 87122 --- [    Test worker] o.h.type.descriptor.sql.BasicBinder      : binding parameter [6] as [BIGINT] - [6]
2023-11-10 21:23:53.800 TRACE 87122 --- [    Test worker] o.h.type.descriptor.sql.BasicBinder      : binding parameter [7] as [BIGINT] - [7]
2023-11-10 21:23:53.800 TRACE 87122 --- [    Test worker] o.h.type.descriptor.sql.BasicBinder      : binding parameter [8] as [BIGINT] - [11]
2023-11-10 21:23:53.800 TRACE 87122 --- [    Test worker] o.h.type.descriptor.sql.BasicBinder      : binding parameter [9] as [BIGINT] - [12]
2023-11-10 21:23:53.800 TRACE 87122 --- [    Test worker] o.h.type.descriptor.sql.BasicBinder      : binding parameter [10] as [BIGINT] - [14]
2023-11-10 21:23:53.800 TRACE 87122 --- [    Test worker] o.h.type.descriptor.sql.BasicBinder      : binding parameter [11] as [BIGINT] - [15]
2023-11-10 21:23:53.800 TRACE 87122 --- [    Test worker] o.h.type.descriptor.sql.BasicBinder      : binding parameter [12] as [BIGINT] - [16]
2023-11-10 21:23:53.800 TRACE 87122 --- [    Test worker] o.h.type.descriptor.sql.BasicBinder      : binding parameter [13] as [BIGINT] - [17]
2023-11-10 21:23:53.800 TRACE 87122 --- [    Test worker] o.h.type.descriptor.sql.BasicBinder      : binding parameter [14] as [BIGINT] - [18]
2023-11-10 21:23:53.800 TRACE 87122 --- [    Test worker] o.h.type.descriptor.sql.BasicBinder      : binding parameter [15] as [BIGINT] - [19]
2023-11-10 21:23:53.800 TRACE 87122 --- [    Test worker] o.h.type.descriptor.sql.BasicBinder      : binding parameter [16] as [BIGINT] - [20]
2023-11-10 21:23:53.800 TRACE 87122 --- [    Test worker] o.h.type.descriptor.sql.BasicBinder      : binding parameter [17] as [BIGINT] - [21]
2023-11-10 21:23:53.800 TRACE 87122 --- [    Test worker] o.h.type.descriptor.sql.BasicBinder      : binding parameter [18] as [BIGINT] - [22]
2023-11-10 21:23:53.800 TRACE 87122 --- [    Test worker] o.h.type.descriptor.sql.BasicBinder      : binding parameter [19] as [BIGINT] - [23]
2023-11-10 21:23:53.800 TRACE 87122 --- [    Test worker] o.h.type.descriptor.sql.BasicBinder      : binding parameter [20] as [BIGINT] - [24]
2023-11-10 21:23:53.800 TRACE 87122 --- [    Test worker] o.h.type.descriptor.sql.BasicBinder      : binding parameter [21] as [BIGINT] - [25]
2023-11-10 21:23:53.800 TRACE 87122 --- [    Test worker] o.h.type.descriptor.sql.BasicBinder      : binding parameter [22] as [BIGINT] - [26]
2023-11-10 21:23:53.800 TRACE 87122 --- [    Test worker] o.h.type.descriptor.sql.BasicBinder      : binding parameter [23] as [BIGINT] - [27]
2023-11-10 21:23:53.800 TRACE 87122 --- [    Test worker] o.h.type.descriptor.sql.BasicBinder      : binding parameter [24] as [BIGINT] - [28]
2023-11-10 21:23:53.800 TRACE 87122 --- [    Test worker] o.h.type.descriptor.sql.BasicBinder      : binding parameter [25] as [BIGINT] - [29]
2023-11-10 21:23:53.800 TRACE 87122 --- [    Test worker] o.h.type.descriptor.sql.BasicBinder      : binding parameter [26] as [BIGINT] - [30]
2023-11-10 21:23:53.800 TRACE 87122 --- [    Test worker] o.h.type.descriptor.sql.BasicBinder      : binding parameter [27] as [BIGINT] - [31]
2023-11-10 21:23:53.800 TRACE 87122 --- [    Test worker] o.h.type.descriptor.sql.BasicBinder      : binding parameter [28] as [BIGINT] - [32]
2023-11-10 21:23:53.800 TRACE 87122 --- [    Test worker] o.h.type.descriptor.sql.BasicBinder      : binding parameter [29] as [BIGINT] - [33]
2023-11-10 21:23:53.800 TRACE 87122 --- [    Test worker] o.h.type.descriptor.sql.BasicBinder      : binding parameter [30] as [BIGINT] - [34]
2023-11-10 21:23:53.800 TRACE 87122 --- [    Test worker] o.h.type.descriptor.sql.BasicBinder      : binding parameter [31] as [BIGINT] - [48]
2023-11-10 21:23:53.800 TRACE 87122 --- [    Test worker] o.h.type.descriptor.sql.BasicBinder      : binding parameter [32] as [BIGINT] - [49]
2023-11-10 21:23:53.800 TRACE 87122 --- [    Test worker] o.h.type.descriptor.sql.BasicBinder      : binding parameter [33] as [BIGINT] - [50]
2023-11-10 21:23:53.800 TRACE 87122 --- [    Test worker] o.h.type.descriptor.sql.BasicBinder      : binding parameter [34] as [BIGINT] - [51]
2023-11-10 21:23:53.800 TRACE 87122 --- [    Test worker] o.h.type.descriptor.sql.BasicBinder      : binding parameter [35] as [BIGINT] - [55]
2023-11-10 21:23:53.800 TRACE 87122 --- [    Test worker] o.h.type.descriptor.sql.BasicBinder      : binding parameter [36] as [BIGINT] - [56]
2023-11-10 21:23:53.800 TRACE 87122 --- [    Test worker] o.h.type.descriptor.sql.BasicBinder      : binding parameter [37] as [BIGINT] - [57]
2023-11-10 21:23:53.800 TRACE 87122 --- [    Test worker] o.h.type.descriptor.sql.BasicBinder      : binding parameter [38] as [BIGINT] - [58]
2023-11-10 21:23:53.800 TRACE 87122 --- [    Test worker] o.h.type.descriptor.sql.BasicBinder      : binding parameter [39] as [BIGINT] - [59]
2023-11-10 21:23:53.800 TRACE 87122 --- [    Test worker] o.h.type.descriptor.sql.BasicBinder      : binding parameter [40] as [BIGINT] - [60]
2023-11-10 21:23:53.800 TRACE 87122 --- [    Test worker] o.h.type.descriptor.sql.BasicBinder      : binding parameter [41] as [BIGINT] - [61]
2023-11-10 21:23:53.800 TRACE 87122 --- [    Test worker] o.h.type.descriptor.sql.BasicBinder      : binding parameter [42] as [BIGINT] - [62]
2023-11-10 21:23:53.800 TRACE 87122 --- [    Test worker] o.h.type.descriptor.sql.BasicBinder      : binding parameter [43] as [BIGINT] - [63]
2023-11-10 21:23:53.800 TRACE 87122 --- [    Test worker] o.h.type.descriptor.sql.BasicBinder      : binding parameter [44] as [BIGINT] - [64]
2023-11-10 21:23:53.800 TRACE 87122 --- [    Test worker] o.h.type.descriptor.sql.BasicBinder      : binding parameter [45] as [BIGINT] - [65]
2023-11-10 21:23:53.800 TRACE 87122 --- [    Test worker] o.h.type.descriptor.sql.BasicBinder      : binding parameter [46] as [BIGINT] - [66]
2023-11-10 21:23:53.800 TRACE 87122 --- [    Test worker] o.h.type.descriptor.sql.BasicBinder      : binding parameter [47] as [BIGINT] - [67]
2023-11-10 21:23:53.800 TRACE 87122 --- [    Test worker] o.h.type.descriptor.sql.BasicBinder      : binding parameter [48] as [BIGINT] - [68]
2023-11-10 21:23:53.800 TRACE 87122 --- [    Test worker] o.h.type.descriptor.sql.BasicBinder      : binding parameter [49] as [BIGINT] - [69]
2023-11-10 21:23:53.800 TRACE 87122 --- [    Test worker] o.h.type.descriptor.sql.BasicBinder      : binding parameter [50] as [BIGINT] - [70]
2023-11-10 21:23:53.800 TRACE 87122 --- [    Test worker] o.h.type.descriptor.sql.BasicBinder      : binding parameter [51] as [BIGINT] - [71]
2023-11-10 21:23:53.800 TRACE 87122 --- [    Test worker] o.h.type.descriptor.sql.BasicBinder      : binding parameter [52] as [BIGINT] - [72]
2023-11-10 21:23:53.800 TRACE 87122 --- [    Test worker] o.h.type.descriptor.sql.BasicBinder      : binding parameter [53] as [BIGINT] - [73]
2023-11-10 21:23:53.800 TRACE 87122 --- [    Test worker] o.h.type.descriptor.sql.BasicBinder      : binding parameter [54] as [BIGINT] - [75]
2023-11-10 21:23:53.800 TRACE 87122 --- [    Test worker] o.h.type.descriptor.sql.BasicBinder      : binding parameter [55] as [BIGINT] - [76]
2023-11-10 21:23:53.800 TRACE 87122 --- [    Test worker] o.h.type.descriptor.sql.BasicBinder      : binding parameter [56] as [BIGINT] - [77]
2023-11-10 21:23:53.800 TRACE 87122 --- [    Test worker] o.h.type.descriptor.sql.BasicBinder      : binding parameter [57] as [BIGINT] - [78]
2023-11-10 21:23:53.800 TRACE 87122 --- [    Test worker] o.h.type.descriptor.sql.BasicBinder      : binding parameter [58] as [BIGINT] - [79]
2023-11-10 21:23:53.800 TRACE 87122 --- [    Test worker] o.h.type.descriptor.sql.BasicBinder      : binding parameter [59] as [BIGINT] - [80]
2023-11-10 21:23:53.800 TRACE 87122 --- [    Test worker] o.h.type.descriptor.sql.BasicBinder      : binding parameter [60] as [BIGINT] - [83]
2023-11-10 21:23:53.800 TRACE 87122 --- [    Test worker] o.h.type.descriptor.sql.BasicBinder      : binding parameter [61] as [BIGINT] - [90]
2023-11-10 21:23:53.800 TRACE 87122 --- [    Test worker] o.h.type.descriptor.sql.BasicBinder      : binding parameter [62] as [BIGINT] - [93]
2023-11-10 21:23:53.800 TRACE 87122 --- [    Test worker] o.h.type.descriptor.sql.BasicBinder      : binding parameter [63] as [BIGINT] - [94]
2023-11-10 21:23:53.800 TRACE 87122 --- [    Test worker] o.h.type.descriptor.sql.BasicBinder      : binding parameter [64] as [BIGINT] - [95]
2023-11-10 21:23:53.800 TRACE 87122 --- [    Test worker] o.h.type.descriptor.sql.BasicBinder      : binding parameter [65] as [BIGINT] - [96]
2023-11-10 21:23:53.800 TRACE 87122 --- [    Test worker] o.h.type.descriptor.sql.BasicBinder      : binding parameter [66] as [BIGINT] - [97]
2023-11-10 21:23:53.800 TRACE 87122 --- [    Test worker] o.h.type.descriptor.sql.BasicBinder      : binding parameter [67] as [BIGINT] - [98]
2023-11-10 21:23:53.800 TRACE 87122 --- [    Test worker] o.h.type.descriptor.sql.BasicBinder      : binding parameter [68] as [BIGINT] - [99]
2023-11-10 21:23:53.800 TRACE 87122 --- [    Test worker] o.h.type.descriptor.sql.BasicBinder      : binding parameter [69] as [BIGINT] - [102]
2023-11-10 21:23:53.800 TRACE 87122 --- [    Test worker] o.h.type.descriptor.sql.BasicBinder      : binding parameter [70] as [BIGINT] - [104]
2023-11-10 21:23:53.801 TRACE 87122 --- [    Test worker] o.h.type.descriptor.sql.BasicBinder      : binding parameter [71] as [BIGINT] - [105]
2023-11-10 21:23:53.801 TRACE 87122 --- [    Test worker] o.h.type.descriptor.sql.BasicBinder      : binding parameter [72] as [BIGINT] - [106]
2023-11-10 21:23:53.801 TRACE 87122 --- [    Test worker] o.h.type.descriptor.sql.BasicBinder      : binding parameter [73] as [BIGINT] - [108]
2023-11-10 21:23:53.801 TRACE 87122 --- [    Test worker] o.h.type.descriptor.sql.BasicBinder      : binding parameter [74] as [BIGINT] - [111]
2023-11-10 21:23:53.801 TRACE 87122 --- [    Test worker] o.h.type.descriptor.sql.BasicBinder      : binding parameter [75] as [BIGINT] - [112]
2023-11-10 21:23:53.801 TRACE 87122 --- [    Test worker] o.h.type.descriptor.sql.BasicBinder      : binding parameter [76] as [BIGINT] - [113]
2023-11-10 21:23:53.801 TRACE 87122 --- [    Test worker] o.h.type.descriptor.sql.BasicBinder      : binding parameter [77] as [BIGINT] - [114]
2023-11-10 21:23:53.801 TRACE 87122 --- [    Test worker] o.h.type.descriptor.sql.BasicBinder      : binding parameter [78] as [BIGINT] - [115]
2023-11-10 21:23:53.801 TRACE 87122 --- [    Test worker] o.h.type.descriptor.sql.BasicBinder      : binding parameter [79] as [BIGINT] - [116]
2023-11-10 21:23:53.801 TRACE 87122 --- [    Test worker] o.h.type.descriptor.sql.BasicBinder      : binding parameter [80] as [BIGINT] - [117]
2023-11-10 21:23:53.801 TRACE 87122 --- [    Test worker] o.h.type.descriptor.sql.BasicBinder      : binding parameter [81] as [DATE] - [2023-10-01]
2023-11-10 21:23:53.801 TRACE 87122 --- [    Test worker] o.h.type.descriptor.sql.BasicBinder      : binding parameter [82] as [DATE] - [2023-10-01]
2023-11-10 21:23:53.812 TRACE 87122 --- [    Test worker] o.h.type.descriptor.sql.BasicExtractor   : extracted value ([col_0_0_] : [BIGINT]) - [7]
Hibernate: 
    select
        carwash0_.id as id1_1_0_,
        carwash0_.des as des2_1_0_,
        carwash0_.l_id as l_id7_1_0_,
        carwash0_.m_id as m_id8_1_0_,
        carwash0_.name as name3_1_0_,
        carwash0_.price as price4_1_0_,
        carwash0_.rate as rate5_1_0_,
        carwash0_.tel as tel6_1_0_,
        location1_.id as id1_5_1_,
        location1_.address as address2_5_1_,
        location1_.latitude as latitude3_5_1_,
        location1_.longitude as longitud4_5_1_ 
    from
        carwash carwash0_ 
    inner join
        location location1_ 
            on carwash0_.l_id=location1_.id 
    where
        carwash0_.id=?
2023-11-10 21:23:53.812 TRACE 87122 --- [    Test worker] o.h.type.descriptor.sql.BasicBinder      : binding parameter [1] as [BIGINT] - [1]
2023-11-10 21:23:53.822 TRACE 87122 --- [    Test worker] o.h.type.descriptor.sql.BasicExtractor   : extracted value ([id1_5_1_] : [BIGINT]) - [1]
2023-11-10 21:23:53.822 TRACE 87122 --- [    Test worker] o.h.type.descriptor.sql.BasicExtractor   : extracted value ([des2_1_0_] : [VARCHAR]) - [안녕하세요]
2023-11-10 21:23:53.822 TRACE 87122 --- [    Test worker] o.h.type.descriptor.sql.BasicExtractor   : extracted value ([l_id7_1_0_] : [BIGINT]) - [1]
2023-11-10 21:23:53.822 TRACE 87122 --- [    Test worker] o.h.type.descriptor.sql.BasicExtractor   : extracted value ([m_id8_1_0_] : [BIGINT]) - [2]
2023-11-10 21:23:53.822 TRACE 87122 --- [    Test worker] o.h.type.descriptor.sql.BasicExtractor   : extracted value ([name3_1_0_] : [VARCHAR]) - [구름r 세차장]
2023-11-10 21:23:53.822 TRACE 87122 --- [    Test worker] o.h.type.descriptor.sql.BasicExtractor   : extracted value ([price4_1_0_] : [INTEGER]) - [3000]
2023-11-10 21:23:53.822 TRACE 87122 --- [    Test worker] o.h.type.descriptor.sql.BasicExtractor   : extracted value ([rate5_1_0_] : [DOUBLE]) - [3.9966666666666715]
2023-11-10 21:23:53.822 TRACE 87122 --- [    Test worker] o.h.type.descriptor.sql.BasicExtractor   : extracted value ([tel6_1_0_] : [VARCHAR]) - [01022223333]
2023-11-10 21:23:53.822 TRACE 87122 --- [    Test worker] o.h.type.descriptor.sql.BasicExtractor   : extracted value ([address2_5_1_] : [VARCHAR]) - [구름 주소]
2023-11-10 21:23:53.822 TRACE 87122 --- [    Test worker] o.h.type.descriptor.sql.BasicExtractor   : extracted value ([latitude3_5_1_] : [DOUBLE]) - [1.121]
2023-11-10 21:23:53.822 TRACE 87122 --- [    Test worker] o.h.type.descriptor.sql.BasicExtractor   : extracted value ([longitud4_5_1_] : [DOUBLE]) - [2.232]
2023-11-10 21:23:53.822 TRACE 87122 --- [    Test worker] org.hibernate.type.CollectionType        : Created collection wrapper: [bdbe.bdbd.model.carwash.Carwash.carwashKeywords#1]
2023-11-10 21:23:53.822 TRACE 87122 --- [    Test worker] org.hibernate.type.CollectionType        : Created collection wrapper: [bdbe.bdbd.model.carwash.Carwash.fileList#1]
Hibernate: 
    select
        coalesce(sum(reservatio0_.price),
        0) as col_0_0_ 
    from
        reservation reservatio0_ cross 
    join
        bay bay1_ 
    where
        reservatio0_.b_id=bay1_.id 
        and bay1_.w_id=? 
        and year(reservatio0_.start_time)=year(?) 
        and month(reservatio0_.start_time)=month(?) 
        and reservatio0_.is_deleted=0
2023-11-10 21:23:53.823 TRACE 87122 --- [    Test worker] o.h.type.descriptor.sql.BasicBinder      : binding parameter [1] as [BIGINT] - [1]
2023-11-10 21:23:53.823 TRACE 87122 --- [    Test worker] o.h.type.descriptor.sql.BasicBinder      : binding parameter [2] as [DATE] - [2023-11-01]
2023-11-10 21:23:53.823 TRACE 87122 --- [    Test worker] o.h.type.descriptor.sql.BasicBinder      : binding parameter [3] as [DATE] - [2023-11-01]
2023-11-10 21:23:53.834 TRACE 87122 --- [    Test worker] o.h.type.descriptor.sql.BasicExtractor   : extracted value ([col_0_0_] : [BIGINT]) - [42000]
Hibernate: 
    select
        count(reservatio0_.id) as col_0_0_ 
    from
        reservation reservatio0_ cross 
    join
        bay bay1_ 
    where
        reservatio0_.b_id=bay1_.id 
        and bay1_.w_id=? 
        and year(reservatio0_.start_time)=year(?) 
        and month(reservatio0_.start_time)=month(?) 
        and reservatio0_.is_deleted=0
2023-11-10 21:23:53.834 TRACE 87122 --- [    Test worker] o.h.type.descriptor.sql.BasicBinder      : binding parameter [1] as [BIGINT] - [1]
2023-11-10 21:23:53.834 TRACE 87122 --- [    Test worker] o.h.type.descriptor.sql.BasicBinder      : binding parameter [2] as [DATE] - [2023-11-01]
2023-11-10 21:23:53.834 TRACE 87122 --- [    Test worker] o.h.type.descriptor.sql.BasicBinder      : binding parameter [3] as [DATE] - [2023-11-01]
2023-11-10 21:23:53.849 TRACE 87122 --- [    Test worker] o.h.type.descriptor.sql.BasicExtractor   : extracted value ([col_0_0_] : [BIGINT]) - [8]
Hibernate: 
    select
        file0_.id as id1_3_,
        file0_.c_id as c_id6_3_,
        file0_.is_deleted as is_delet2_3_,
        file0_.name as name3_3_,
        file0_.uploaded_at as uploaded4_3_,
        file0_.url as url5_3_ 
    from
        file file0_ 
    left outer join
        carwash carwash1_ 
            on file0_.c_id=carwash1_.id 
    where
        carwash1_.id=? 
        and file0_.is_deleted=0
2023-11-10 21:23:53.850 TRACE 87122 --- [    Test worker] o.h.type.descriptor.sql.BasicBinder      : binding parameter [1] as [BIGINT] - [1]
2023-11-10 21:23:53.861 TRACE 87122 --- [    Test worker] o.h.type.descriptor.sql.BasicExtractor   : extracted value ([id1_3_] : [BIGINT]) - [146]
2023-11-10 21:23:53.861 TRACE 87122 --- [    Test worker] o.h.type.descriptor.sql.BasicExtractor   : extracted value ([c_id6_3_] : [BIGINT]) - [1]
2023-11-10 21:23:53.861 TRACE 87122 --- [    Test worker] o.h.type.descriptor.sql.BasicExtractor   : extracted value ([is_delet2_3_] : [BOOLEAN]) - [false]
2023-11-10 21:23:53.861 TRACE 87122 --- [    Test worker] o.h.type.descriptor.sql.BasicExtractor   : extracted value ([name3_3_] : [VARCHAR]) - [0bd7a015-82d3-4d08-b856-b86956d80caa.jpg]
2023-11-10 21:23:53.861 TRACE 87122 --- [    Test worker] o.h.type.descriptor.sql.BasicExtractor   : extracted value ([uploaded4_3_] : [TIMESTAMP]) - [2023-11-10T17:28:33.256576]
2023-11-10 21:23:53.861 TRACE 87122 --- [    Test worker] o.h.type.descriptor.sql.BasicExtractor   : extracted value ([url5_3_] : [VARCHAR]) - [https://bdbdfiles.s3.ap-northeast-2.amazonaws.com/uploads/0bd7a015-82d3-4d08-b856-b86956d80caa.jpg]
Hibernate: 
    select
        carwash0_.id as id1_1_0_,
        carwash0_.des as des2_1_0_,
        carwash0_.l_id as l_id7_1_0_,
        carwash0_.m_id as m_id8_1_0_,
        carwash0_.name as name3_1_0_,
        carwash0_.price as price4_1_0_,
        carwash0_.rate as rate5_1_0_,
        carwash0_.tel as tel6_1_0_,
        location1_.id as id1_5_1_,
        location1_.address as address2_5_1_,
        location1_.latitude as latitude3_5_1_,
        location1_.longitude as longitud4_5_1_ 
    from
        carwash carwash0_ 
    inner join
        location location1_ 
            on carwash0_.l_id=location1_.id 
    where
        carwash0_.id=?
2023-11-10 21:23:53.863 TRACE 87122 --- [    Test worker] o.h.type.descriptor.sql.BasicBinder      : binding parameter [1] as [BIGINT] - [2]
2023-11-10 21:23:53.873 TRACE 87122 --- [    Test worker] o.h.type.descriptor.sql.BasicExtractor   : extracted value ([id1_5_1_] : [BIGINT]) - [2]
2023-11-10 21:23:53.874 TRACE 87122 --- [    Test worker] o.h.type.descriptor.sql.BasicExtractor   : extracted value ([des2_1_0_] : [VARCHAR]) - [안녕하세요]
2023-11-10 21:23:53.874 TRACE 87122 --- [    Test worker] o.h.type.descriptor.sql.BasicExtractor   : extracted value ([l_id7_1_0_] : [BIGINT]) - [2]
2023-11-10 21:23:53.874 TRACE 87122 --- [    Test worker] o.h.type.descriptor.sql.BasicExtractor   : extracted value ([m_id8_1_0_] : [BIGINT]) - [2]
2023-11-10 21:23:53.874 TRACE 87122 --- [    Test worker] o.h.type.descriptor.sql.BasicExtractor   : extracted value ([name3_1_0_] : [VARCHAR]) - [구름r 세차장]
2023-11-10 21:23:53.874 TRACE 87122 --- [    Test worker] o.h.type.descriptor.sql.BasicExtractor   : extracted value ([price4_1_0_] : [INTEGER]) - [3000]
2023-11-10 21:23:53.874 TRACE 87122 --- [    Test worker] o.h.type.descriptor.sql.BasicExtractor   : extracted value ([rate5_1_0_] : [DOUBLE]) - [4.0]
2023-11-10 21:23:53.874 TRACE 87122 --- [    Test worker] o.h.type.descriptor.sql.BasicExtractor   : extracted value ([tel6_1_0_] : [VARCHAR]) - [01022223333]
2023-11-10 21:23:53.874 TRACE 87122 --- [    Test worker] o.h.type.descriptor.sql.BasicExtractor   : extracted value ([address2_5_1_] : [VARCHAR]) - [구름 주소]
2023-11-10 21:23:53.874 TRACE 87122 --- [    Test worker] o.h.type.descriptor.sql.BasicExtractor   : extracted value ([latitude3_5_1_] : [DOUBLE]) - [1.121]
2023-11-10 21:23:53.874 TRACE 87122 --- [    Test worker] o.h.type.descriptor.sql.BasicExtractor   : extracted value ([longitud4_5_1_] : [DOUBLE]) - [2.232]
2023-11-10 21:23:53.874 TRACE 87122 --- [    Test worker] org.hibernate.type.CollectionType        : Created collection wrapper: [bdbe.bdbd.model.carwash.Carwash.carwashKeywords#2]
2023-11-10 21:23:53.874 TRACE 87122 --- [    Test worker] org.hibernate.type.CollectionType        : Created collection wrapper: [bdbe.bdbd.model.carwash.Carwash.fileList#2]
Hibernate: 
    select
        coalesce(sum(reservatio0_.price),
        0) as col_0_0_ 
    from
        reservation reservatio0_ cross 
    join
        bay bay1_ 
    where
        reservatio0_.b_id=bay1_.id 
        and bay1_.w_id=? 
        and year(reservatio0_.start_time)=year(?) 
        and month(reservatio0_.start_time)=month(?) 
        and reservatio0_.is_deleted=0
2023-11-10 21:23:53.875 TRACE 87122 --- [    Test worker] o.h.type.descriptor.sql.BasicBinder      : binding parameter [1] as [BIGINT] - [2]
2023-11-10 21:23:53.875 TRACE 87122 --- [    Test worker] o.h.type.descriptor.sql.BasicBinder      : binding parameter [2] as [DATE] - [2023-11-01]
2023-11-10 21:23:53.875 TRACE 87122 --- [    Test worker] o.h.type.descriptor.sql.BasicBinder      : binding parameter [3] as [DATE] - [2023-11-01]
2023-11-10 21:23:53.885 TRACE 87122 --- [    Test worker] o.h.type.descriptor.sql.BasicExtractor   : extracted value ([col_0_0_] : [BIGINT]) - [0]
Hibernate: 
    select
        count(reservatio0_.id) as col_0_0_ 
    from
        reservation reservatio0_ cross 
    join
        bay bay1_ 
    where
        reservatio0_.b_id=bay1_.id 
        and bay1_.w_id=? 
        and year(reservatio0_.start_time)=year(?) 
        and month(reservatio0_.start_time)=month(?) 
        and reservatio0_.is_deleted=0
2023-11-10 21:23:53.886 TRACE 87122 --- [    Test worker] o.h.type.descriptor.sql.BasicBinder      : binding parameter [1] as [BIGINT] - [2]
2023-11-10 21:23:53.886 TRACE 87122 --- [    Test worker] o.h.type.descriptor.sql.BasicBinder      : binding parameter [2] as [DATE] - [2023-11-01]
2023-11-10 21:23:53.886 TRACE 87122 --- [    Test worker] o.h.type.descriptor.sql.BasicBinder      : binding parameter [3] as [DATE] - [2023-11-01]
2023-11-10 21:23:53.898 TRACE 87122 --- [    Test worker] o.h.type.descriptor.sql.BasicExtractor   : extracted value ([col_0_0_] : [BIGINT]) - [0]
Hibernate: 
    select
        file0_.id as id1_3_,
        file0_.c_id as c_id6_3_,
        file0_.is_deleted as is_delet2_3_,
        file0_.name as name3_3_,
        file0_.uploaded_at as uploaded4_3_,
        file0_.url as url5_3_ 
    from
        file file0_ 
    left outer join
        carwash carwash1_ 
            on file0_.c_id=carwash1_.id 
    where
        carwash1_.id=? 
        and file0_.is_deleted=0
2023-11-10 21:23:53.899 TRACE 87122 --- [    Test worker] o.h.type.descriptor.sql.BasicBinder      : binding parameter [1] as [BIGINT] - [2]
2023-11-10 21:23:53.910 TRACE 87122 --- [    Test worker] o.h.type.descriptor.sql.BasicExtractor   : extracted value ([id1_3_] : [BIGINT]) - [135]
2023-11-10 21:23:53.910 TRACE 87122 --- [    Test worker] o.h.type.descriptor.sql.BasicExtractor   : extracted value ([c_id6_3_] : [BIGINT]) - [2]
2023-11-10 21:23:53.910 TRACE 87122 --- [    Test worker] o.h.type.descriptor.sql.BasicExtractor   : extracted value ([is_delet2_3_] : [BOOLEAN]) - [false]
2023-11-10 21:23:53.910 TRACE 87122 --- [    Test worker] o.h.type.descriptor.sql.BasicExtractor   : extracted value ([name3_3_] : [VARCHAR]) - [f386f485-9042-47be-bdf3-5d9a7e5d642e.jpg]
2023-11-10 21:23:53.910 TRACE 87122 --- [    Test worker] o.h.type.descriptor.sql.BasicExtractor   : extracted value ([uploaded4_3_] : [TIMESTAMP]) - [2023-11-10T15:33:14.266577]
2023-11-10 21:23:53.910 TRACE 87122 --- [    Test worker] o.h.type.descriptor.sql.BasicExtractor   : extracted value ([url5_3_] : [VARCHAR]) - [https://bdbdfiles.s3.ap-northeast-2.amazonaws.com/uploads/f386f485-9042-47be-bdf3-5d9a7e5d642e.jpg]
Hibernate: 
    select
        carwash0_.id as id1_1_0_,
        carwash0_.des as des2_1_0_,
        carwash0_.l_id as l_id7_1_0_,
        carwash0_.m_id as m_id8_1_0_,
        carwash0_.name as name3_1_0_,
        carwash0_.price as price4_1_0_,
        carwash0_.rate as rate5_1_0_,
        carwash0_.tel as tel6_1_0_,
        location1_.id as id1_5_1_,
        location1_.address as address2_5_1_,
        location1_.latitude as latitude3_5_1_,
        location1_.longitude as longitud4_5_1_ 
    from
        carwash carwash0_ 
    inner join
        location location1_ 
            on carwash0_.l_id=location1_.id 
    where
        carwash0_.id=?
2023-11-10 21:23:53.911 TRACE 87122 --- [    Test worker] o.h.type.descriptor.sql.BasicBinder      : binding parameter [1] as [BIGINT] - [3]
2023-11-10 21:23:53.922 TRACE 87122 --- [    Test worker] o.h.type.descriptor.sql.BasicExtractor   : extracted value ([id1_5_1_] : [BIGINT]) - [3]
2023-11-10 21:23:53.922 TRACE 87122 --- [    Test worker] o.h.type.descriptor.sql.BasicExtractor   : extracted value ([des2_1_0_] : [VARCHAR]) - [세차의 세계]
2023-11-10 21:23:53.922 TRACE 87122 --- [    Test worker] o.h.type.descriptor.sql.BasicExtractor   : extracted value ([l_id7_1_0_] : [BIGINT]) - [3]
2023-11-10 21:23:53.923 TRACE 87122 --- [    Test worker] o.h.type.descriptor.sql.BasicExtractor   : extracted value ([m_id8_1_0_] : [BIGINT]) - [2]
2023-11-10 21:23:53.923 TRACE 87122 --- [    Test worker] o.h.type.descriptor.sql.BasicExtractor   : extracted value ([name3_1_0_] : [VARCHAR]) - [세차 월드]
2023-11-10 21:23:53.923 TRACE 87122 --- [    Test worker] o.h.type.descriptor.sql.BasicExtractor   : extracted value ([price4_1_0_] : [INTEGER]) - [8500]
2023-11-10 21:23:53.923 TRACE 87122 --- [    Test worker] o.h.type.descriptor.sql.BasicExtractor   : extracted value ([rate5_1_0_] : [DOUBLE]) - [4.2]
2023-11-10 21:23:53.923 TRACE 87122 --- [    Test worker] o.h.type.descriptor.sql.BasicExtractor   : extracted value ([tel6_1_0_] : [VARCHAR]) - [062-1234-5680]
2023-11-10 21:23:53.923 TRACE 87122 --- [    Test worker] o.h.type.descriptor.sql.BasicExtractor   : extracted value ([address2_5_1_] : [VARCHAR]) - [test 주소]
2023-11-10 21:23:53.923 TRACE 87122 --- [    Test worker] o.h.type.descriptor.sql.BasicExtractor   : extracted value ([latitude3_5_1_] : [DOUBLE]) - [35.178287]
2023-11-10 21:23:53.923 TRACE 87122 --- [    Test worker] o.h.type.descriptor.sql.BasicExtractor   : extracted value ([longitud4_5_1_] : [DOUBLE]) - [5.678]
2023-11-10 21:23:53.923 TRACE 87122 --- [    Test worker] org.hibernate.type.CollectionType        : Created collection wrapper: [bdbe.bdbd.model.carwash.Carwash.carwashKeywords#3]
2023-11-10 21:23:53.923 TRACE 87122 --- [    Test worker] org.hibernate.type.CollectionType        : Created collection wrapper: [bdbe.bdbd.model.carwash.Carwash.fileList#3]
Hibernate: 
    select
        coalesce(sum(reservatio0_.price),
        0) as col_0_0_ 
    from
        reservation reservatio0_ cross 
    join
        bay bay1_ 
    where
        reservatio0_.b_id=bay1_.id 
        and bay1_.w_id=? 
        and year(reservatio0_.start_time)=year(?) 
        and month(reservatio0_.start_time)=month(?) 
        and reservatio0_.is_deleted=0
2023-11-10 21:23:53.924 TRACE 87122 --- [    Test worker] o.h.type.descriptor.sql.BasicBinder      : binding parameter [1] as [BIGINT] - [3]
2023-11-10 21:23:53.924 TRACE 87122 --- [    Test worker] o.h.type.descriptor.sql.BasicBinder      : binding parameter [2] as [DATE] - [2023-11-01]
2023-11-10 21:23:53.924 TRACE 87122 --- [    Test worker] o.h.type.descriptor.sql.BasicBinder      : binding parameter [3] as [DATE] - [2023-11-01]
2023-11-10 21:23:53.935 TRACE 87122 --- [    Test worker] o.h.type.descriptor.sql.BasicExtractor   : extracted value ([col_0_0_] : [BIGINT]) - [0]
Hibernate: 
    select
        count(reservatio0_.id) as col_0_0_ 
    from
        reservation reservatio0_ cross 
    join
        bay bay1_ 
    where
        reservatio0_.b_id=bay1_.id 
        and bay1_.w_id=? 
        and year(reservatio0_.start_time)=year(?) 
        and month(reservatio0_.start_time)=month(?) 
        and reservatio0_.is_deleted=0
2023-11-10 21:23:53.936 TRACE 87122 --- [    Test worker] o.h.type.descriptor.sql.BasicBinder      : binding parameter [1] as [BIGINT] - [3]
2023-11-10 21:23:53.936 TRACE 87122 --- [    Test worker] o.h.type.descriptor.sql.BasicBinder      : binding parameter [2] as [DATE] - [2023-11-01]
2023-11-10 21:23:53.936 TRACE 87122 --- [    Test worker] o.h.type.descriptor.sql.BasicBinder      : binding parameter [3] as [DATE] - [2023-11-01]
2023-11-10 21:23:53.946 TRACE 87122 --- [    Test worker] o.h.type.descriptor.sql.BasicExtractor   : extracted value ([col_0_0_] : [BIGINT]) - [0]
Hibernate: 
    select
        file0_.id as id1_3_,
        file0_.c_id as c_id6_3_,
        file0_.is_deleted as is_delet2_3_,
        file0_.name as name3_3_,
        file0_.uploaded_at as uploaded4_3_,
        file0_.url as url5_3_ 
    from
        file file0_ 
    left outer join
        carwash carwash1_ 
            on file0_.c_id=carwash1_.id 
    where
        carwash1_.id=? 
        and file0_.is_deleted=0
2023-11-10 21:23:53.947 TRACE 87122 --- [    Test worker] o.h.type.descriptor.sql.BasicBinder      : binding parameter [1] as [BIGINT] - [3]
Hibernate: 
    select
        carwash0_.id as id1_1_0_,
        carwash0_.des as des2_1_0_,
        carwash0_.l_id as l_id7_1_0_,
        carwash0_.m_id as m_id8_1_0_,
        carwash0_.name as name3_1_0_,
        carwash0_.price as price4_1_0_,
        carwash0_.rate as rate5_1_0_,
        carwash0_.tel as tel6_1_0_,
        location1_.id as id1_5_1_,
        location1_.address as address2_5_1_,
        location1_.latitude as latitude3_5_1_,
        location1_.longitude as longitud4_5_1_ 
    from
        carwash carwash0_ 
    inner join
        location location1_ 
            on carwash0_.l_id=location1_.id 
    where
        carwash0_.id=?
2023-11-10 21:23:53.958 TRACE 87122 --- [    Test worker] o.h.type.descriptor.sql.BasicBinder      : binding parameter [1] as [BIGINT] - [4]
2023-11-10 21:23:53.969 TRACE 87122 --- [    Test worker] o.h.type.descriptor.sql.BasicExtractor   : extracted value ([id1_5_1_] : [BIGINT]) - [4]
2023-11-10 21:23:53.969 TRACE 87122 --- [    Test worker] o.h.type.descriptor.sql.BasicExtractor   : extracted value ([des2_1_0_] : [VARCHAR]) - [친환경적 세차장]
2023-11-10 21:23:53.969 TRACE 87122 --- [    Test worker] o.h.type.descriptor.sql.BasicExtractor   : extracted value ([l_id7_1_0_] : [BIGINT]) - [4]
2023-11-10 21:23:53.969 TRACE 87122 --- [    Test worker] o.h.type.descriptor.sql.BasicExtractor   : extracted value ([m_id8_1_0_] : [BIGINT]) - [2]
2023-11-10 21:23:53.969 TRACE 87122 --- [    Test worker] o.h.type.descriptor.sql.BasicExtractor   : extracted value ([name3_1_0_] : [VARCHAR]) - [에코 세차]
2023-11-10 21:23:53.969 TRACE 87122 --- [    Test worker] o.h.type.descriptor.sql.BasicExtractor   : extracted value ([price4_1_0_] : [INTEGER]) - [9500]
2023-11-10 21:23:53.969 TRACE 87122 --- [    Test worker] o.h.type.descriptor.sql.BasicExtractor   : extracted value ([rate5_1_0_] : [DOUBLE]) - [3.9]
2023-11-10 21:23:53.969 TRACE 87122 --- [    Test worker] o.h.type.descriptor.sql.BasicExtractor   : extracted value ([tel6_1_0_] : [VARCHAR]) - [062-1234-5681]
2023-11-10 21:23:53.969 TRACE 87122 --- [    Test worker] o.h.type.descriptor.sql.BasicExtractor   : extracted value ([address2_5_1_] : [VARCHAR]) - [test 주소]
2023-11-10 21:23:53.969 TRACE 87122 --- [    Test worker] o.h.type.descriptor.sql.BasicExtractor   : extracted value ([latitude3_5_1_] : [DOUBLE]) - [35.178287]
2023-11-10 21:23:53.969 TRACE 87122 --- [    Test worker] o.h.type.descriptor.sql.BasicExtractor   : extracted value ([longitud4_5_1_] : [DOUBLE]) - [5.678]
2023-11-10 21:23:53.969 TRACE 87122 --- [    Test worker] org.hibernate.type.CollectionType        : Created collection wrapper: [bdbe.bdbd.model.carwash.Carwash.carwashKeywords#4]
2023-11-10 21:23:53.969 TRACE 87122 --- [    Test worker] org.hibernate.type.CollectionType        : Created collection wrapper: [bdbe.bdbd.model.carwash.Carwash.fileList#4]
Hibernate: 
    select
        coalesce(sum(reservatio0_.price),
        0) as col_0_0_ 
    from
        reservation reservatio0_ cross 
    join
        bay bay1_ 
    where
        reservatio0_.b_id=bay1_.id 
        and bay1_.w_id=? 
        and year(reservatio0_.start_time)=year(?) 
        and month(reservatio0_.start_time)=month(?) 
        and reservatio0_.is_deleted=0
2023-11-10 21:23:53.970 TRACE 87122 --- [    Test worker] o.h.type.descriptor.sql.BasicBinder      : binding parameter [1] as [BIGINT] - [4]
2023-11-10 21:23:53.970 TRACE 87122 --- [    Test worker] o.h.type.descriptor.sql.BasicBinder      : binding parameter [2] as [DATE] - [2023-11-01]
2023-11-10 21:23:53.970 TRACE 87122 --- [    Test worker] o.h.type.descriptor.sql.BasicBinder      : binding parameter [3] as [DATE] - [2023-11-01]
2023-11-10 21:23:53.980 TRACE 87122 --- [    Test worker] o.h.type.descriptor.sql.BasicExtractor   : extracted value ([col_0_0_] : [BIGINT]) - [0]
Hibernate: 
    select
        count(reservatio0_.id) as col_0_0_ 
    from
        reservation reservatio0_ cross 
    join
        bay bay1_ 
    where
        reservatio0_.b_id=bay1_.id 
        and bay1_.w_id=? 
        and year(reservatio0_.start_time)=year(?) 
        and month(reservatio0_.start_time)=month(?) 
        and reservatio0_.is_deleted=0
2023-11-10 21:23:53.981 TRACE 87122 --- [    Test worker] o.h.type.descriptor.sql.BasicBinder      : binding parameter [1] as [BIGINT] - [4]
2023-11-10 21:23:53.981 TRACE 87122 --- [    Test worker] o.h.type.descriptor.sql.BasicBinder      : binding parameter [2] as [DATE] - [2023-11-01]
2023-11-10 21:23:53.981 TRACE 87122 --- [    Test worker] o.h.type.descriptor.sql.BasicBinder      : binding parameter [3] as [DATE] - [2023-11-01]
2023-11-10 21:23:53.993 TRACE 87122 --- [    Test worker] o.h.type.descriptor.sql.BasicExtractor   : extracted value ([col_0_0_] : [BIGINT]) - [0]
Hibernate: 
    select
        file0_.id as id1_3_,
        file0_.c_id as c_id6_3_,
        file0_.is_deleted as is_delet2_3_,
        file0_.name as name3_3_,
        file0_.uploaded_at as uploaded4_3_,
        file0_.url as url5_3_ 
    from
        file file0_ 
    left outer join
        carwash carwash1_ 
            on file0_.c_id=carwash1_.id 
    where
        carwash1_.id=? 
        and file0_.is_deleted=0
2023-11-10 21:23:53.994 TRACE 87122 --- [    Test worker] o.h.type.descriptor.sql.BasicBinder      : binding parameter [1] as [BIGINT] - [4]
Hibernate: 
    select
        carwash0_.id as id1_1_0_,
        carwash0_.des as des2_1_0_,
        carwash0_.l_id as l_id7_1_0_,
        carwash0_.m_id as m_id8_1_0_,
        carwash0_.name as name3_1_0_,
        carwash0_.price as price4_1_0_,
        carwash0_.rate as rate5_1_0_,
        carwash0_.tel as tel6_1_0_,
        location1_.id as id1_5_1_,
        location1_.address as address2_5_1_,
        location1_.latitude as latitude3_5_1_,
        location1_.longitude as longitud4_5_1_ 
    from
        carwash carwash0_ 
    inner join
        location location1_ 
            on carwash0_.l_id=location1_.id 
    where
        carwash0_.id=?
2023-11-10 21:23:54.007 TRACE 87122 --- [    Test worker] o.h.type.descriptor.sql.BasicBinder      : binding parameter [1] as [BIGINT] - [5]
2023-11-10 21:23:54.017 TRACE 87122 --- [    Test worker] o.h.type.descriptor.sql.BasicExtractor   : extracted value ([id1_5_1_] : [BIGINT]) - [5]
2023-11-10 21:23:54.017 TRACE 87122 --- [    Test worker] o.h.type.descriptor.sql.BasicExtractor   : extracted value ([des2_1_0_] : [VARCHAR]) - [서울 제일의 세차장]
2023-11-10 21:23:54.017 TRACE 87122 --- [    Test worker] o.h.type.descriptor.sql.BasicExtractor   : extracted value ([l_id7_1_0_] : [BIGINT]) - [5]
2023-11-10 21:23:54.017 TRACE 87122 --- [    Test worker] o.h.type.descriptor.sql.BasicExtractor   : extracted value ([m_id8_1_0_] : [BIGINT]) - [2]
2023-11-10 21:23:54.017 TRACE 87122 --- [    Test worker] o.h.type.descriptor.sql.BasicExtractor   : extracted value ([name3_1_0_] : [VARCHAR]) - [컴인워시 강남본점]
2023-11-10 21:23:54.018 TRACE 87122 --- [    Test worker] o.h.type.descriptor.sql.BasicExtractor   : extracted value ([price4_1_0_] : [INTEGER]) - [12000]
2023-11-10 21:23:54.018 TRACE 87122 --- [    Test worker] o.h.type.descriptor.sql.BasicExtractor   : extracted value ([rate5_1_0_] : [DOUBLE]) - [4.8]
2023-11-10 21:23:54.018 TRACE 87122 --- [    Test worker] o.h.type.descriptor.sql.BasicExtractor   : extracted value ([tel6_1_0_] : [VARCHAR]) - [02-1234-5678]
2023-11-10 21:23:54.018 TRACE 87122 --- [    Test worker] o.h.type.descriptor.sql.BasicExtractor   : extracted value ([address2_5_1_] : [VARCHAR]) - [test 주소]
2023-11-10 21:23:54.018 TRACE 87122 --- [    Test worker] o.h.type.descriptor.sql.BasicExtractor   : extracted value ([latitude3_5_1_] : [DOUBLE]) - [35.178287]
2023-11-10 21:23:54.018 TRACE 87122 --- [    Test worker] o.h.type.descriptor.sql.BasicExtractor   : extracted value ([longitud4_5_1_] : [DOUBLE]) - [5.678]
2023-11-10 21:23:54.018 TRACE 87122 --- [    Test worker] org.hibernate.type.CollectionType        : Created collection wrapper: [bdbe.bdbd.model.carwash.Carwash.carwashKeywords#5]
2023-11-10 21:23:54.018 TRACE 87122 --- [    Test worker] org.hibernate.type.CollectionType        : Created collection wrapper: [bdbe.bdbd.model.carwash.Carwash.fileList#5]
Hibernate: 
    select
        coalesce(sum(reservatio0_.price),
        0) as col_0_0_ 
    from
        reservation reservatio0_ cross 
    join
        bay bay1_ 
    where
        reservatio0_.b_id=bay1_.id 
        and bay1_.w_id=? 
        and year(reservatio0_.start_time)=year(?) 
        and month(reservatio0_.start_time)=month(?) 
        and reservatio0_.is_deleted=0
2023-11-10 21:23:54.019 TRACE 87122 --- [    Test worker] o.h.type.descriptor.sql.BasicBinder      : binding parameter [1] as [BIGINT] - [5]
2023-11-10 21:23:54.019 TRACE 87122 --- [    Test worker] o.h.type.descriptor.sql.BasicBinder      : binding parameter [2] as [DATE] - [2023-11-01]
2023-11-10 21:23:54.019 TRACE 87122 --- [    Test worker] o.h.type.descriptor.sql.BasicBinder      : binding parameter [3] as [DATE] - [2023-11-01]
2023-11-10 21:23:54.031 TRACE 87122 --- [    Test worker] o.h.type.descriptor.sql.BasicExtractor   : extracted value ([col_0_0_] : [BIGINT]) - [0]
Hibernate: 
    select
        count(reservatio0_.id) as col_0_0_ 
    from
        reservation reservatio0_ cross 
    join
        bay bay1_ 
    where
        reservatio0_.b_id=bay1_.id 
        and bay1_.w_id=? 
        and year(reservatio0_.start_time)=year(?) 
        and month(reservatio0_.start_time)=month(?) 
        and reservatio0_.is_deleted=0
2023-11-10 21:23:54.031 TRACE 87122 --- [    Test worker] o.h.type.descriptor.sql.BasicBinder      : binding parameter [1] as [BIGINT] - [5]
2023-11-10 21:23:54.031 TRACE 87122 --- [    Test worker] o.h.type.descriptor.sql.BasicBinder      : binding parameter [2] as [DATE] - [2023-11-01]
2023-11-10 21:23:54.032 TRACE 87122 --- [    Test worker] o.h.type.descriptor.sql.BasicBinder      : binding parameter [3] as [DATE] - [2023-11-01]
2023-11-10 21:23:54.042 TRACE 87122 --- [    Test worker] o.h.type.descriptor.sql.BasicExtractor   : extracted value ([col_0_0_] : [BIGINT]) - [0]
Hibernate: 
    select
        file0_.id as id1_3_,
        file0_.c_id as c_id6_3_,
        file0_.is_deleted as is_delet2_3_,
        file0_.name as name3_3_,
        file0_.uploaded_at as uploaded4_3_,
        file0_.url as url5_3_ 
    from
        file file0_ 
    left outer join
        carwash carwash1_ 
            on file0_.c_id=carwash1_.id 
    where
        carwash1_.id=? 
        and file0_.is_deleted=0
2023-11-10 21:23:54.043 TRACE 87122 --- [    Test worker] o.h.type.descriptor.sql.BasicBinder      : binding parameter [1] as [BIGINT] - [5]
Hibernate: 
    select
        carwash0_.id as id1_1_0_,
        carwash0_.des as des2_1_0_,
        carwash0_.l_id as l_id7_1_0_,
        carwash0_.m_id as m_id8_1_0_,
        carwash0_.name as name3_1_0_,
        carwash0_.price as price4_1_0_,
        carwash0_.rate as rate5_1_0_,
        carwash0_.tel as tel6_1_0_,
        location1_.id as id1_5_1_,
        location1_.address as address2_5_1_,
        location1_.latitude as latitude3_5_1_,
        location1_.longitude as longitud4_5_1_ 
    from
        carwash carwash0_ 
    inner join
        location location1_ 
            on carwash0_.l_id=location1_.id 
    where
        carwash0_.id=?
2023-11-10 21:23:54.055 TRACE 87122 --- [    Test worker] o.h.type.descriptor.sql.BasicBinder      : binding parameter [1] as [BIGINT] - [6]
응답 Body : {"success":false,"response":null,"error":{"status":"404","code":"1301","message":{"CarwashId":"Carwash not found6"}}}

MockHttpServletRequest:
      HTTP Method = GET
      Request URI = /api/owner/home
       Parameters = {}
          Headers = []
             Body = null
    Session Attrs = {}

Handler:
             Type = bdbe.bdbd.controller.owner.OwnerCarwashController
           Method = bdbe.bdbd.controller.owner.OwnerCarwashController#fetchOwnerHomepage(CustomUserDetails)

Async:
    Async started = false
     Async result = null

Resolved Exception:
             Type = bdbe.bdbd._core.exception.NotFoundError

ModelAndView:
        View name = null
             View = null
            Model = null

FlashMap:
       Attributes = null

MockHttpServletResponse:
           Status = 404
    Error message = null
          Headers = [Vary:"Origin", "Access-Control-Request-Method", "Access-Control-Request-Headers", Content-Type:"application/json;charset=UTF-8", X-Content-Type-Options:"nosniff", X-XSS-Protection:"1; mode=block", Cache-Control:"no-cache, no-store, max-age=0, must-revalidate", Pragma:"no-cache", Expires:"0", X-Frame-Options:"SAMEORIGIN"]
     Content type = application/json;charset=UTF-8
             Body = {"success":false,"response":null,"error":{"status":"404","code":"1301","message":{"CarwashId":"Carwash not found6"}}}
    Forwarded URL = null
   Redirected URL = null
          Cookies = []
2023-11-10 21:23:54.093  INFO 87122 --- [    Test worker] o.s.t.c.transaction.TransactionContext   : Rolled back transaction for test: [DefaultTestContext@152705d0 testClass = OwnerRestControllerTest, testInstance = bdbe.bdbd.member.owner.OwnerRestControllerTest@8d11a2c, testMethod = OwnerHome_test@OwnerRestControllerTest, testException = java.lang.AssertionError: JSON path "$.success" expected:<true> but was:<false>, mergedContextConfiguration = [WebMergedContextConfiguration@1343eae6 testClass = OwnerRestControllerTest, locations = '{}', classes = '{class bdbe.bdbd.BdbdApplication}', contextInitializerClasses = '[]', activeProfiles = '{}', propertySourceLocations = '{}', propertySourceProperties = '{org.springframework.boot.test.context.SpringBootTestContextBootstrapper=true}', contextCustomizers = set[org.springframework.boot.test.autoconfigure.actuate.metrics.MetricsExportContextCustomizerFactory$DisableMetricExportContextCustomizer@4b3c354a, org.springframework.boot.test.autoconfigure.properties.PropertyMappingContextCustomizer@4b3fa0b3, org.springframework.boot.test.autoconfigure.web.servlet.WebDriverContextCustomizerFactory$Customizer@293d0107, [ImportsContextCustomizer@58c7bb01 key = [org.springframework.boot.test.autoconfigure.web.servlet.MockMvcAutoConfiguration, org.springframework.boot.test.autoconfigure.web.servlet.MockMvcWebClientAutoConfiguration, org.springframework.boot.test.autoconfigure.web.servlet.MockMvcWebDriverAutoConfiguration, org.springframework.boot.autoconfigure.security.oauth2.client.servlet.OAuth2ClientAutoConfiguration, org.springframework.boot.autoconfigure.security.oauth2.resource.servlet.OAuth2ResourceServerAutoConfiguration, org.springframework.boot.autoconfigure.security.servlet.SecurityAutoConfiguration, org.springframework.boot.autoconfigure.security.servlet.SecurityFilterAutoConfiguration, org.springframework.boot.autoconfigure.security.servlet.UserDetailsServiceAutoConfiguration, org.springframework.boot.test.autoconfigure.web.servlet.MockMvcSecurityConfiguration, org.springframework.boot.test.autoconfigure.web.reactive.WebTestClientAutoConfiguration]], org.springframework.boot.test.context.filter.ExcludeFilterContextCustomizer@62fad19, org.springframework.boot.test.json.DuplicateJsonObjectContextCustomizerFactory$DuplicateJsonObjectContextCustomizer@4f2613d1, org.springframework.boot.test.mock.mockito.MockitoContextCustomizer@0, org.springframework.boot.test.web.client.TestRestTemplateContextCustomizer@1c55f277, org.springframework.boot.test.context.SpringBootTestArgs@1, org.springframework.boot.test.context.SpringBootTestWebEnvironment@4ea5b703], resourceBasePath = 'src/main/webapp', contextLoader = 'org.springframework.boot.test.context.SpringBootContextLoader', parent = [null]], attributes = map['org.springframework.test.context.web.ServletTestExecutionListener.activateListener' -> true, 'org.springframework.test.context.web.ServletTestExecutionListener.populatedRequestContextHolder' -> true, 'org.springframework.test.context.web.ServletTestExecutionListener.resetRequestContextHolder' -> true, 'org.springframework.test.context.event.ApplicationEventsTestExecutionListener.recordApplicationEvents' -> false]]
2023-11-10 21:23:54.108  INFO 87122 --- [    Test worker] o.s.t.c.transaction.TransactionContext   : Began transaction (1) for test context [DefaultTestContext@152705d0 testClass = OwnerRestControllerTest, testInstance = bdbe.bdbd.member.owner.OwnerRestControllerTest@3e755a96, testMethod = loginAsUserOnOwnerPageTest@OwnerRestControllerTest, testException = [null], mergedContextConfiguration = [WebMergedContextConfiguration@1343eae6 testClass = OwnerRestControllerTest, locations = '{}', classes = '{class bdbe.bdbd.BdbdApplication}', contextInitializerClasses = '[]', activeProfiles = '{}', propertySourceLocations = '{}', propertySourceProperties = '{org.springframework.boot.test.context.SpringBootTestContextBootstrapper=true}', contextCustomizers = set[org.springframework.boot.test.autoconfigure.actuate.metrics.MetricsExportContextCustomizerFactory$DisableMetricExportContextCustomizer@4b3c354a, org.springframework.boot.test.autoconfigure.properties.PropertyMappingContextCustomizer@4b3fa0b3, org.springframework.boot.test.autoconfigure.web.servlet.WebDriverContextCustomizerFactory$Customizer@293d0107, [ImportsContextCustomizer@58c7bb01 key = [org.springframework.boot.test.autoconfigure.web.servlet.MockMvcAutoConfiguration, org.springframework.boot.test.autoconfigure.web.servlet.MockMvcWebClientAutoConfiguration, org.springframework.boot.test.autoconfigure.web.servlet.MockMvcWebDriverAutoConfiguration, org.springframework.boot.autoconfigure.security.oauth2.client.servlet.OAuth2ClientAutoConfiguration, org.springframework.boot.autoconfigure.security.oauth2.resource.servlet.OAuth2ResourceServerAutoConfiguration, org.springframework.boot.autoconfigure.security.servlet.SecurityAutoConfiguration, org.springframework.boot.autoconfigure.security.servlet.SecurityFilterAutoConfiguration, org.springframework.boot.autoconfigure.security.servlet.UserDetailsServiceAutoConfiguration, org.springframework.boot.test.autoconfigure.web.servlet.MockMvcSecurityConfiguration, org.springframework.boot.test.autoconfigure.web.reactive.WebTestClientAutoConfiguration]], org.springframework.boot.test.context.filter.ExcludeFilterContextCustomizer@62fad19, org.springframework.boot.test.json.DuplicateJsonObjectContextCustomizerFactory$DuplicateJsonObjectContextCustomizer@4f2613d1, org.springframework.boot.test.mock.mockito.MockitoContextCustomizer@0, org.springframework.boot.test.web.client.TestRestTemplateContextCustomizer@1c55f277, org.springframework.boot.test.context.SpringBootTestArgs@1, org.springframework.boot.test.context.SpringBootTestWebEnvironment@4ea5b703], resourceBasePath = 'src/main/webapp', contextLoader = 'org.springframework.boot.test.context.SpringBootContextLoader', parent = [null]], attributes = map['org.springframework.test.context.web.ServletTestExecutionListener.activateListener' -> true, 'org.springframework.test.context.web.ServletTestExecutionListener.populatedRequestContextHolder' -> true, 'org.springframework.test.context.web.ServletTestExecutionListener.resetRequestContextHolder' -> true, 'org.springframework.test.context.event.ApplicationEventsTestExecutionListener.recordApplicationEvents' -> false]]; transaction manager [org.springframework.orm.jpa.JpaTransactionManager@17fac5b2]; rollback [true]
Hibernate: 
    insert 
    into
        member
        (email, password, role, tel, username) 
    values
        (?, ?, ?, ?, ?)
2023-11-10 21:23:54.191 TRACE 87122 --- [    Test worker] o.h.type.descriptor.sql.BasicBinder      : binding parameter [1] as [VARCHAR] - [aaamockowner@naver.com]
2023-11-10 21:23:54.191 TRACE 87122 --- [    Test worker] o.h.type.descriptor.sql.BasicBinder      : binding parameter [2] as [VARCHAR] - [{bcrypt}$2a$10$9uxEtsgsDO1kkezmgh4v5uFf0qkhwxTDVkYz4GHoXZGbiy7kKww8e]
2023-11-10 21:23:54.191 TRACE 87122 --- [    Test worker] o.h.type.descriptor.sql.BasicBinder      : binding parameter [3] as [VARCHAR] - [ROLE_OWNER]
2023-11-10 21:23:54.191 TRACE 87122 --- [    Test worker] o.h.type.descriptor.sql.BasicBinder      : binding parameter [4] as [VARCHAR] - [010-1234-5678]
2023-11-10 21:23:54.191 TRACE 87122 --- [    Test worker] o.h.type.descriptor.sql.BasicBinder      : binding parameter [5] as [VARCHAR] - [aaamockowner]
Hibernate: 
    insert 
    into
        member
        (email, password, role, tel, username) 
    values
        (?, ?, ?, ?, ?)
2023-11-10 21:23:54.282 TRACE 87122 --- [    Test worker] o.h.type.descriptor.sql.BasicBinder      : binding parameter [1] as [VARCHAR] - [aaauserRoleUser@naver.com]
2023-11-10 21:23:54.282 TRACE 87122 --- [    Test worker] o.h.type.descriptor.sql.BasicBinder      : binding parameter [2] as [VARCHAR] - [{bcrypt}$2a$10$3CyBV2Z9BBRTjFTMR8O3su0w91UJMK/5s1AGxWOv5FnOJt8.L75Gu]
2023-11-10 21:23:54.282 TRACE 87122 --- [    Test worker] o.h.type.descriptor.sql.BasicBinder      : binding parameter [3] as [VARCHAR] - [ROLE_USER]
2023-11-10 21:23:54.282 TRACE 87122 --- [    Test worker] o.h.type.descriptor.sql.BasicBinder      : binding parameter [4] as [VARCHAR] - [010-1234-5678]
2023-11-10 21:23:54.282 TRACE 87122 --- [    Test worker] o.h.type.descriptor.sql.BasicBinder      : binding parameter [5] as [VARCHAR] - [aaauserRoleUser]

MockHttpServletRequest:
      HTTP Method = POST
      Request URI = /api/owner/login
       Parameters = {}
          Headers = [Content-Type:"application/json;charset=UTF-8", Content-Length:"60"]
             Body = {"email":"aaauserRoleUser@naver.com","password":"aaaa1111!"}
    Session Attrs = {}

Handler:
             Type = null

Async:
    Async started = false
     Async result = null

Resolved Exception:
             Type = null

ModelAndView:
        View name = null
             View = null
            Model = null

FlashMap:
       Attributes = null

MockHttpServletResponse:
           Status = 401
    Error message = null
          Headers = [Vary:"Origin", "Access-Control-Request-Method", "Access-Control-Request-Headers", Content-Type:"application/json; charset=utf-8", X-Content-Type-Options:"nosniff", X-XSS-Protection:"1; mode=block", Cache-Control:"no-cache, no-store, max-age=0, must-revalidate", Pragma:"no-cache", Expires:"0", X-Frame-Options:"SAMEORIGIN"]
     Content type = application/json; charset=utf-8
             Body = {"success":false,"response":null,"error":{"status":"401","code":"1201","message":{"auth":"Not authenticated"}}}

    Forwarded URL = null
   Redirected URL = null
          Cookies = []
2023-11-10 21:23:54.345  INFO 87122 --- [    Test worker] o.s.t.c.transaction.TransactionContext   : Rolled back transaction for test: [DefaultTestContext@152705d0 testClass = OwnerRestControllerTest, testInstance = bdbe.bdbd.member.owner.OwnerRestControllerTest@3e755a96, testMethod = loginAsUserOnOwnerPageTest@OwnerRestControllerTest, testException = java.lang.AssertionError: JSON path "$.error.message" expected:<can't access this page> but was:<null>, mergedContextConfiguration = [WebMergedContextConfiguration@1343eae6 testClass = OwnerRestControllerTest, locations = '{}', classes = '{class bdbe.bdbd.BdbdApplication}', contextInitializerClasses = '[]', activeProfiles = '{}', propertySourceLocations = '{}', propertySourceProperties = '{org.springframework.boot.test.context.SpringBootTestContextBootstrapper=true}', contextCustomizers = set[org.springframework.boot.test.autoconfigure.actuate.metrics.MetricsExportContextCustomizerFactory$DisableMetricExportContextCustomizer@4b3c354a, org.springframework.boot.test.autoconfigure.properties.PropertyMappingContextCustomizer@4b3fa0b3, org.springframework.boot.test.autoconfigure.web.servlet.WebDriverContextCustomizerFactory$Customizer@293d0107, [ImportsContextCustomizer@58c7bb01 key = [org.springframework.boot.test.autoconfigure.web.servlet.MockMvcAutoConfiguration, org.springframework.boot.test.autoconfigure.web.servlet.MockMvcWebClientAutoConfiguration, org.springframework.boot.test.autoconfigure.web.servlet.MockMvcWebDriverAutoConfiguration, org.springframework.boot.autoconfigure.security.oauth2.client.servlet.OAuth2ClientAutoConfiguration, org.springframework.boot.autoconfigure.security.oauth2.resource.servlet.OAuth2ResourceServerAutoConfiguration, org.springframework.boot.autoconfigure.security.servlet.SecurityAutoConfiguration, org.springframework.boot.autoconfigure.security.servlet.SecurityFilterAutoConfiguration, org.springframework.boot.autoconfigure.security.servlet.UserDetailsServiceAutoConfiguration, org.springframework.boot.test.autoconfigure.web.servlet.MockMvcSecurityConfiguration, org.springframework.boot.test.autoconfigure.web.reactive.WebTestClientAutoConfiguration]], org.springframework.boot.test.context.filter.ExcludeFilterContextCustomizer@62fad19, org.springframework.boot.test.json.DuplicateJsonObjectContextCustomizerFactory$DuplicateJsonObjectContextCustomizer@4f2613d1, org.springframework.boot.test.mock.mockito.MockitoContextCustomizer@0, org.springframework.boot.test.web.client.TestRestTemplateContextCustomizer@1c55f277, org.springframework.boot.test.context.SpringBootTestArgs@1, org.springframework.boot.test.context.SpringBootTestWebEnvironment@4ea5b703], resourceBasePath = 'src/main/webapp', contextLoader = 'org.springframework.boot.test.context.SpringBootContextLoader', parent = [null]], attributes = map['org.springframework.test.context.web.ServletTestExecutionListener.activateListener' -> true, 'org.springframework.test.context.web.ServletTestExecutionListener.populatedRequestContextHolder' -> true, 'org.springframework.test.context.web.ServletTestExecutionListener.resetRequestContextHolder' -> true, 'org.springframework.test.context.event.ApplicationEventsTestExecutionListener.recordApplicationEvents' -> false]]
]]></system-out>
  <system-err><![CDATA[]]></system-err>
</testsuite>
